<?xml version="1.0" encoding="UTF-8"?>
<testsuites name="TestSuiteDemo" time="3794" tests="7" failures="6" errors="0">
   <testsuite name="TestSuiteDemo" tests="7" failures="6" errors="0" time="3794" timestamp="2018-06-06 19:22:58" hostname="shalinin - NIBC2129.nousinfo.com" id="Test Suites/TestSuiteDemo">
      <properties>
         <property name="deviceName" value=""/>
         <property name="devicePlatform" value=""/>
         <property name="logFolder" value="C:\\Users\\shalinin\\Katalon Studio\\HME_UAT_TestScripts\\Reports\\TestSuiteDemo\\20180606_192256"/>
         <property name="logFiles" value="C:\\Users\\shalinin\\Katalon Studio\\HME_UAT_TestScripts\\Reports\\TestSuiteDemo\\20180606_192256\\execution0.log"/>
         <property name="attachments" value="C:\\Users\\shalinin\\Katalon Studio\\HME_UAT_TestScripts\\Reports\\TestSuiteDemo\\20180606_192256\\1528293782135.png, C:\\Users\\shalinin\\Katalon Studio\\HME_UAT_TestScripts\\Reports\\TestSuiteDemo\\20180606_192256\\1528294025085.png, C:\\Users\\shalinin\\Katalon Studio\\HME_UAT_TestScripts\\Reports\\TestSuiteDemo\\20180606_192256\\1528294132333.png, C:\\Users\\shalinin\\Katalon Studio\\HME_UAT_TestScripts\\Reports\\TestSuiteDemo\\20180606_192256\\1528294400705.png, C:\\Users\\shalinin\\Katalon Studio\\HME_UAT_TestScripts\\Reports\\TestSuiteDemo\\20180606_192256\\1528294500601.png, C:\\Users\\shalinin\\Katalon Studio\\HME_UAT_TestScripts\\Reports\\TestSuiteDemo\\20180606_192256\\1528294521133.png, C:\\Users\\shalinin\\Katalon Studio\\HME_UAT_TestScripts\\Reports\\TestSuiteDemo\\20180606_192256\\1528294670285.png, C:\\Users\\shalinin\\Katalon Studio\\HME_UAT_TestScripts\\Reports\\TestSuiteDemo\\20180606_192256\\1528294888155.png, C:\\Users\\shalinin\\Katalon Studio\\HME_UAT_TestScripts\\Reports\\TestSuiteDemo\\20180606_192256\\1528294918826.png, C:\\Users\\shalinin\\Katalon Studio\\HME_UAT_TestScripts\\Reports\\TestSuiteDemo\\20180606_192256\\1528295025186.png, C:\\Users\\shalinin\\Katalon Studio\\HME_UAT_TestScripts\\Reports\\TestSuiteDemo\\20180606_192256\\1528295050502.png, C:\\Users\\shalinin\\Katalon Studio\\HME_UAT_TestScripts\\Reports\\TestSuiteDemo\\20180606_192256\\1528295401628.png, C:\\Users\\shalinin\\Katalon Studio\\HME_UAT_TestScripts\\Reports\\TestSuiteDemo\\20180606_192256\\1528295501152.png, C:\\Users\\shalinin\\Katalon Studio\\HME_UAT_TestScripts\\Reports\\TestSuiteDemo\\20180606_192256\\1528295572946.png, C:\\Users\\shalinin\\Katalon Studio\\HME_UAT_TestScripts\\Reports\\TestSuiteDemo\\20180606_192256\\1528295583340.png, C:\\Users\\shalinin\\Katalon Studio\\HME_UAT_TestScripts\\Reports\\TestSuiteDemo\\20180606_192256\\1528295619017.png, C:\\Users\\shalinin\\Katalon Studio\\HME_UAT_TestScripts\\Reports\\TestSuiteDemo\\20180606_192256\\1528295654718.png, C:\\Users\\shalinin\\Katalon Studio\\HME_UAT_TestScripts\\Reports\\TestSuiteDemo\\20180606_192256\\1528295912777.png, C:\\Users\\shalinin\\Katalon Studio\\HME_UAT_TestScripts\\Reports\\TestSuiteDemo\\20180606_192256\\1528296757526.png, C:\\Users\\shalinin\\Katalon Studio\\HME_UAT_TestScripts\\Reports\\TestSuiteDemo\\20180606_192256\\1528296857785.png"/>
         <property name="hostName" value="shalinin - NIBC2129.nousinfo.com"/>
         <property name="os" value="Windows 7 64bit"/>
         <property name="katalonVersion" value="5.3.1.1"/>
         <property name="browser" value="Chrome 66.0.3359.181"/>
         <property name="hostAddress" value="10.10.50.72"/>
         <property name="sessionId" value="f1785fd63b45b1032c323cef224e3888"/>
         <property name="seleniumVersion" value="3.7.1"/>
         <property name="proxyInformation" value="ProxyInformation{proxyOption=NO_PROXY, proxyServerType=HTTP, password=, proxyServerAddress=, proxyServerPort=0}"/>
         <property name="platform" value="Windows 7"/>
      </properties>
      <testcase name="Test Cases/TimeZoneTC/HME-Browser-Timezone-01" classname="Test Cases/TimeZoneTC/HME-Browser-Timezone-01" status="PASSED">
         <system-out><![CDATA[2018-06-06 19:22:58 - [TEST_CASE][PASSED] - Test Cases/TimeZoneTC/HME-Browser-Timezone-01: Browser is closed

2018-06-06 19:22:58 - [TEST_STEP][PASSED] - Start listener action : sampleBeforeTestCase: uiaction.CommonUIActions.deleteAllCookies is PASSED

2018-06-06 19:22:58 - [TEST_STEP][PASSED] - openBrowser: Browser is opened with url: ''

2018-06-06 19:23:01 - [MESSAGE][PASSED] - Browser is opened with url: ''

2018-06-06 19:23:01 - [TEST_STEP][PASSED] - maximizeWindow: Current window maximized

2018-06-06 19:23:02 - [MESSAGE][PASSED] - Current window maximized

2018-06-06 19:23:02 - [TEST_STEP][PASSED] - uiaction.CommonUIActions.deleteAllCookies: uiaction.CommonUIActions.deleteAllCookies is PASSED

2018-06-06 19:23:03 - [MESSAGE][PASSED] - Delete all cookies successfully

2018-06-06 19:23:03 - [MESSAGE][PASSED] - uiaction.CommonUIActions.deleteAllCookies is PASSED

2018-06-06 19:23:03 - [TEST_STEP][PASSED] - Statement - TCflag = true: null

2018-06-06 19:23:03 - [TEST_STEP][PASSED] - Statement - Try: uiaction.CommonUIActions.click is PASSED

2018-06-06 19:23:03 - [TEST_STEP][PASSED] - navigateToUrl: Navigate to 'https://uat.hmedtcloud.com' successfully

2018-06-06 19:23:15 - [MESSAGE][PASSED] - Navigate to 'https://uat.hmedtcloud.com' successfully

2018-06-06 19:23:15 - [TEST_STEP][PASSED] - projectSpecific.Reusability.login: projectSpecific.Reusability.login is PASSED

2018-06-06 19:23:16 - [MESSAGE][PASSED] - projectSpecific.Reusability.getTestData is PASSED

2018-06-06 19:23:16 - [MESSAGE][PASSED] - projectSpecific.Reusability.getTestData is PASSED

2018-06-06 19:23:16 - [MESSAGE][PASSED] - Text 'swtest01@hme.com' is set on object 'Object Repository/LoginPage/Username'

2018-06-06 19:23:16 - [MESSAGE][PASSED] - Text 'SWTest01' is set on object 'Object Repository/LoginPage/Password'

2018-06-06 19:23:30 - [MESSAGE][PASSED] - Object: 'Object Repository/LoginPage/Login' is clicked on

2018-06-06 19:23:30 - [MESSAGE][PASSED] - projectSpecific.Reusability.login is PASSED

2018-06-06 19:23:30 - [TEST_STEP][PASSED] - delay: Delayed 10 second(s)

2018-06-06 19:23:40 - [MESSAGE][PASSED] - Delayed 10 second(s)

2018-06-06 19:23:40 - [TEST_STEP][PASSED] - Statement - welcomeMsg = CustomKeywords.uiaction.CommonUIActions.getText(com.kms.katalon.core.testobject.ObjectRepository.findTestObject(HomePage/welcomeMessage)): uiaction.CommonUIActions.getText is PASSED

2018-06-06 19:23:40 - [MESSAGE][PASSED] - uiaction.CommonUIActions.getText is PASSED

2018-06-06 19:23:40 - [TEST_STEP][PASSED] - Statement - expactedWelcomeMsg = CustomKeywords.projectSpecific.Reusability.getTestData("HomePage", "welcomeMsg"): projectSpecific.Reusability.getTestData is PASSED

2018-06-06 19:23:40 - [MESSAGE][PASSED] - projectSpecific.Reusability.getTestData is PASSED

2018-06-06 19:23:40 - [TEST_STEP][PASSED] - Statement - If (welcomeMsg.contains(expactedWelcomeMsg)): null

2018-06-06 19:23:40 - [TEST_STEP][PASSED] - Statement - out.println("Welcome message is verified"): null

2018-06-06 19:23:40 - [TEST_STEP][PASSED] - uiaction.CommonUIActions.click: uiaction.CommonUIActions.click is PASSED

2018-06-06 19:23:43 - [MESSAGE][PASSED] - uiaction.CommonUIActions.click is PASSED

2018-06-06 19:23:43 - [TEST_STEP][PASSED] - Statement - storenumber = CustomKeywords.uiaction.CommonUIActions.getText(com.kms.katalon.core.testobject.ObjectRepository.findTestObject(StorePage/storepage_storenumber)): uiaction.CommonUIActions.getText is PASSED

2018-06-06 19:23:43 - [MESSAGE][PASSED] - uiaction.CommonUIActions.getText is PASSED

2018-06-06 19:23:43 - [TEST_STEP][PASSED] - Statement - out.println(" the store number is--" + storenumber.trim()): null

2018-06-06 19:23:43 - [TEST_STEP][PASSED] - uiaction.CommonUIActions.click: uiaction.CommonUIActions.click is PASSED

2018-06-06 19:23:48 - [MESSAGE][PASSED] - uiaction.CommonUIActions.click is PASSED

2018-06-06 19:23:48 - [TEST_STEP][PASSED] - delay: Delayed 15 second(s)

2018-06-06 19:24:03 - [MESSAGE][PASSED] - Delayed 15 second(s)

2018-06-06 19:24:03 - [TEST_STEP][PASSED] - delay: Delayed 10 second(s)

2018-06-06 19:24:13 - [MESSAGE][PASSED] - Delayed 10 second(s)

2018-06-06 19:24:13 - [TEST_STEP][PASSED] - Statement - driver = com.kms.katalon.core.webui.driver.DriverFactory.getWebDriver(): null

2018-06-06 19:24:13 - [TEST_STEP][PASSED] - Statement - driver.findElement(org.openqa.selenium.By.xpath("//span[contains(text(),'" + storenumber.trim() + "')]")).click(): null

2018-06-06 19:24:13 - [TEST_STEP][PASSED] - click: Object: 'Object Repository/ReportsPage/timeSelection' is clicked on

2018-06-06 19:24:13 - [MESSAGE][PASSED] - Object: 'Object Repository/ReportsPage/timeSelection' is clicked on

2018-06-06 19:24:13 - [TEST_STEP][PASSED] - click: Object: 'Object Repository/ReportsPage/dayTimeOption' is clicked on

2018-06-06 19:24:13 - [MESSAGE][PASSED] - Object: 'Object Repository/ReportsPage/dayTimeOption' is clicked on

2018-06-06 19:24:13 - [TEST_STEP][PASSED] - click: Object: 'Object Repository/ReportsPage/summaryReportHeading' is clicked on

2018-06-06 19:24:13 - [MESSAGE][PASSED] - Object: 'Object Repository/ReportsPage/summaryReportHeading' is clicked on

2018-06-06 19:24:13 - [TEST_STEP][PASSED] - verifyElementText: Actual text and expected text of test object 'Object Repository/ReportsPage/dayTimeOption' are matched.

2018-06-06 19:24:13 - [MESSAGE][PASSED] - projectSpecific.Reusability.getTestData is PASSED

2018-06-06 19:24:13 - [MESSAGE][PASSED] - Actual text and expected text of test object 'Object Repository/ReportsPage/dayTimeOption' are matched.

2018-06-06 19:24:13 - [TEST_STEP][PASSED] - verifyElementText: Actual text and expected text of test object 'Object Repository/ReportsPage/criteriaTimeMeasureForDay' are matched.

2018-06-06 19:24:13 - [MESSAGE][PASSED] - projectSpecific.Reusability.getTestData is PASSED

2018-06-06 19:24:13 - [MESSAGE][PASSED] - Actual text and expected text of test object 'Object Repository/ReportsPage/criteriaTimeMeasureForDay' are matched.

2018-06-06 19:24:13 - [TEST_STEP][PASSED] - delay: Delayed 5 second(s)

2018-06-06 19:24:18 - [MESSAGE][PASSED] - Delayed 5 second(s)

2018-06-06 19:24:18 - [TEST_STEP][PASSED] - click: Object: 'Object Repository/ReportsPage/fromDateSelector' is clicked on

2018-06-06 19:24:18 - [MESSAGE][PASSED] - Object: 'Object Repository/ReportsPage/fromDateSelector' is clicked on

2018-06-06 19:24:18 - [TEST_STEP][PASSED] - delay: Delayed 5 second(s)

2018-06-06 19:24:23 - [MESSAGE][PASSED] - Delayed 5 second(s)

2018-06-06 19:24:23 - [TEST_STEP][PASSED] - Statement - monthText = com.kms.katalon.core.webui.keyword.WebUiBuiltInKeywords.getText(com.kms.katalon.core.testobject.ObjectRepository.findTestObject(ReportsPage/monthText)): Text of object 'Object Repository/ReportsPage/monthText' is: 'June 2018'

2018-06-06 19:24:23 - [MESSAGE][PASSED] - Text of object 'Object Repository/ReportsPage/monthText' is: 'June 2018'

2018-06-06 19:24:23 - [TEST_STEP][PASSED] - Statement - monthTextArray = monthText.split(" "): null

2018-06-06 19:24:23 - [TEST_STEP][PASSED] - Statement - month = monthTextArray[0]: null

2018-06-06 19:24:23 - [TEST_STEP][PASSED] - Statement - monthTextValue = CustomKeywords.projectSpecific.Reusability.getTestData("ReportsPage", "Month"): projectSpecific.Reusability.getTestData is PASSED

2018-06-06 19:24:23 - [MESSAGE][PASSED] - projectSpecific.Reusability.getTestData is PASSED

2018-06-06 19:24:23 - [TEST_STEP][PASSED] - Statement - If (!(monthTextValue.equals(month))): null

2018-06-06 19:24:23 - [TEST_STEP][PASSED] - Statement - While (!(monthTextValue.equals(month))): null

2018-06-06 19:24:23 - [TEST_STEP][PASSED] - click: Object: 'Object Repository/ReportsPage/previousDateSelector' is clicked on

2018-06-06 19:24:23 - [MESSAGE][PASSED] - Object: 'Object Repository/ReportsPage/previousDateSelector' is clicked on

2018-06-06 19:24:23 - [TEST_STEP][PASSED] - Statement - monthText = com.kms.katalon.core.webui.keyword.WebUiBuiltInKeywords.getText(com.kms.katalon.core.testobject.ObjectRepository.findTestObject(ReportsPage/monthText)): Text of object 'Object Repository/ReportsPage/monthText' is: 'May 2018'

2018-06-06 19:24:23 - [MESSAGE][PASSED] - Text of object 'Object Repository/ReportsPage/monthText' is: 'May 2018'

2018-06-06 19:24:23 - [TEST_STEP][PASSED] - Statement - monthTextArray = monthText.split(" "): null

2018-06-06 19:24:23 - [TEST_STEP][PASSED] - Statement - month = monthTextArray[0]: null

2018-06-06 19:24:23 - [TEST_STEP][PASSED] - click: Object: 'Object Repository/ReportsPage/previousDateSelector' is clicked on

2018-06-06 19:24:23 - [MESSAGE][PASSED] - Object: 'Object Repository/ReportsPage/previousDateSelector' is clicked on

2018-06-06 19:24:23 - [TEST_STEP][PASSED] - Statement - monthText = com.kms.katalon.core.webui.keyword.WebUiBuiltInKeywords.getText(com.kms.katalon.core.testobject.ObjectRepository.findTestObject(ReportsPage/monthText)): Text of object 'Object Repository/ReportsPage/monthText' is: 'April 2018'

2018-06-06 19:24:23 - [MESSAGE][PASSED] - Text of object 'Object Repository/ReportsPage/monthText' is: 'April 2018'

2018-06-06 19:24:23 - [TEST_STEP][PASSED] - Statement - monthTextArray = monthText.split(" "): null

2018-06-06 19:24:23 - [TEST_STEP][PASSED] - Statement - month = monthTextArray[0]: null

2018-06-06 19:24:23 - [TEST_STEP][PASSED] - click: Object: 'Object Repository/ReportsPage/previousDateSelector' is clicked on

2018-06-06 19:24:23 - [MESSAGE][PASSED] - Object: 'Object Repository/ReportsPage/previousDateSelector' is clicked on

2018-06-06 19:24:23 - [TEST_STEP][PASSED] - Statement - monthText = com.kms.katalon.core.webui.keyword.WebUiBuiltInKeywords.getText(com.kms.katalon.core.testobject.ObjectRepository.findTestObject(ReportsPage/monthText)): Text of object 'Object Repository/ReportsPage/monthText' is: 'March 2018'

2018-06-06 19:24:23 - [MESSAGE][PASSED] - Text of object 'Object Repository/ReportsPage/monthText' is: 'March 2018'

2018-06-06 19:24:23 - [TEST_STEP][PASSED] - Statement - monthTextArray = monthText.split(" "): null

2018-06-06 19:24:23 - [TEST_STEP][PASSED] - Statement - month = monthTextArray[0]: null

2018-06-06 19:24:23 - [TEST_STEP][PASSED] - Statement - data = CustomKeywords.projectSpecific.Reusability.getTestData("ReportsPage", "StartDate_March"): projectSpecific.Reusability.getTestData is PASSED

2018-06-06 19:24:24 - [MESSAGE][PASSED] - projectSpecific.Reusability.getTestData is PASSED

2018-06-06 19:24:24 - [TEST_STEP][PASSED] - Statement - startDate = "(//td[text()='" + data + "'])[1]": null

2018-06-06 19:24:24 - [TEST_STEP][PASSED] - Statement - println(startDate): null

2018-06-06 19:24:24 - [TEST_STEP][PASSED] - Statement - startdateEle = driver.findElement(org.openqa.selenium.By.xpath(startDate)): null

2018-06-06 19:24:24 - [TEST_STEP][PASSED] - Statement - startdateEle.click(): null

2018-06-06 19:24:24 - [TEST_STEP][PASSED] - delay: Delayed 5 second(s)

2018-06-06 19:24:29 - [MESSAGE][PASSED] - Delayed 5 second(s)

2018-06-06 19:24:29 - [TEST_STEP][PASSED] - click: Object: 'Object Repository/ReportsPage/toDateSelector' is clicked on

2018-06-06 19:24:29 - [MESSAGE][PASSED] - Object: 'Object Repository/ReportsPage/toDateSelector' is clicked on

2018-06-06 19:24:29 - [TEST_STEP][PASSED] - Statement - monthText = com.kms.katalon.core.webui.keyword.WebUiBuiltInKeywords.getText(com.kms.katalon.core.testobject.ObjectRepository.findTestObject(ReportsPage/monthText2)): Text of object 'Object Repository/ReportsPage/monthText2' is: 'June 2018'

2018-06-06 19:24:29 - [MESSAGE][PASSED] - Text of object 'Object Repository/ReportsPage/monthText2' is: 'June 2018'

2018-06-06 19:24:29 - [TEST_STEP][PASSED] - Statement - monthTextArray = monthText.split(" "): null

2018-06-06 19:24:29 - [TEST_STEP][PASSED] - Statement - month = monthTextArray[0]: null

2018-06-06 19:24:29 - [TEST_STEP][PASSED] - Statement - monthTextValue1 = CustomKeywords.projectSpecific.Reusability.getTestData("ReportsPage", "Month"): projectSpecific.Reusability.getTestData is PASSED

2018-06-06 19:24:29 - [MESSAGE][PASSED] - projectSpecific.Reusability.getTestData is PASSED

2018-06-06 19:24:29 - [TEST_STEP][PASSED] - Statement - If (!(monthTextValue1.equals(month))): null

2018-06-06 19:24:29 - [TEST_STEP][PASSED] - Statement - While (!(monthTextValue1.equals(month))): null

2018-06-06 19:24:29 - [TEST_STEP][PASSED] - click: Object: 'Object Repository/ReportsPage/previousDateSelector2' is clicked on

2018-06-06 19:24:29 - [MESSAGE][PASSED] - Object: 'Object Repository/ReportsPage/previousDateSelector2' is clicked on

2018-06-06 19:24:29 - [TEST_STEP][PASSED] - Statement - monthText = com.kms.katalon.core.webui.keyword.WebUiBuiltInKeywords.getText(com.kms.katalon.core.testobject.ObjectRepository.findTestObject(ReportsPage/monthText2)): Text of object 'Object Repository/ReportsPage/monthText2' is: 'May 2018'

2018-06-06 19:24:29 - [MESSAGE][PASSED] - Text of object 'Object Repository/ReportsPage/monthText2' is: 'May 2018'

2018-06-06 19:24:29 - [TEST_STEP][PASSED] - Statement - monthTextArray = monthText.split(" "): null

2018-06-06 19:24:29 - [TEST_STEP][PASSED] - Statement - month = monthTextArray[0]: null

2018-06-06 19:24:29 - [TEST_STEP][PASSED] - click: Object: 'Object Repository/ReportsPage/previousDateSelector2' is clicked on

2018-06-06 19:24:29 - [MESSAGE][PASSED] - Object: 'Object Repository/ReportsPage/previousDateSelector2' is clicked on

2018-06-06 19:24:29 - [TEST_STEP][PASSED] - Statement - monthText = com.kms.katalon.core.webui.keyword.WebUiBuiltInKeywords.getText(com.kms.katalon.core.testobject.ObjectRepository.findTestObject(ReportsPage/monthText2)): Text of object 'Object Repository/ReportsPage/monthText2' is: 'April 2018'

2018-06-06 19:24:29 - [MESSAGE][PASSED] - Text of object 'Object Repository/ReportsPage/monthText2' is: 'April 2018'

2018-06-06 19:24:29 - [TEST_STEP][PASSED] - Statement - monthTextArray = monthText.split(" "): null

2018-06-06 19:24:29 - [TEST_STEP][PASSED] - Statement - month = monthTextArray[0]: null

2018-06-06 19:24:29 - [TEST_STEP][PASSED] - click: Object: 'Object Repository/ReportsPage/previousDateSelector2' is clicked on

2018-06-06 19:24:29 - [MESSAGE][PASSED] - Object: 'Object Repository/ReportsPage/previousDateSelector2' is clicked on

2018-06-06 19:24:29 - [TEST_STEP][PASSED] - Statement - monthText = com.kms.katalon.core.webui.keyword.WebUiBuiltInKeywords.getText(com.kms.katalon.core.testobject.ObjectRepository.findTestObject(ReportsPage/monthText2)): Text of object 'Object Repository/ReportsPage/monthText2' is: 'March 2018'

2018-06-06 19:24:29 - [MESSAGE][PASSED] - Text of object 'Object Repository/ReportsPage/monthText2' is: 'March 2018'

2018-06-06 19:24:29 - [TEST_STEP][PASSED] - Statement - monthTextArray = monthText.split(" "): null

2018-06-06 19:24:29 - [TEST_STEP][PASSED] - Statement - month = monthTextArray[0]: null

2018-06-06 19:24:29 - [TEST_STEP][PASSED] - Statement - endDate = CustomKeywords.projectSpecific.Reusability.getTestData("ReportsPage", "EndDate_March"): projectSpecific.Reusability.getTestData is PASSED

2018-06-06 19:24:29 - [MESSAGE][PASSED] - projectSpecific.Reusability.getTestData is PASSED

2018-06-06 19:24:29 - [TEST_STEP][PASSED] - Statement - toDate = "(//td[text()='" + endDate + "'])[2]": null

2018-06-06 19:24:29 - [TEST_STEP][PASSED] - Statement - println(toDate): null

2018-06-06 19:24:29 - [TEST_STEP][PASSED] - Statement - toDateEle = driver.findElement(org.openqa.selenium.By.xpath(toDate)): null

2018-06-06 19:24:29 - [TEST_STEP][PASSED] - Statement - toDateEle.click(): null

2018-06-06 19:24:29 - [TEST_STEP][PASSED] - delay: Delayed 5 second(s)

2018-06-06 19:24:34 - [MESSAGE][PASSED] - Delayed 5 second(s)

2018-06-06 19:24:34 - [TEST_STEP][PASSED] - Statement - dateAttr = com.kms.katalon.core.webui.keyword.WebUiBuiltInKeywords.getAttribute(com.kms.katalon.core.testobject.ObjectRepository.findTestObject(ReportsPage/selectedDate1), "value"): Attribute 'value' of object 'Object Repository/ReportsPage/selectedDate1' is: '03/09/2018'

2018-06-06 19:24:34 - [MESSAGE][PASSED] - Attribute 'value' of object 'Object Repository/ReportsPage/selectedDate1' is: '03/09/2018'

2018-06-06 19:24:34 - [TEST_STEP][PASSED] - Statement - fromDateValue = CustomKeywords.projectSpecific.Reusability.getTestData("ReportsPage", "fromDate_March"): projectSpecific.Reusability.getTestData is PASSED

2018-06-06 19:24:34 - [MESSAGE][PASSED] - projectSpecific.Reusability.getTestData is PASSED

2018-06-06 19:24:34 - [TEST_STEP][PASSED] - Statement - If (!(dateAttr.equals(fromDateValue))): null

2018-06-06 19:24:34 - [TEST_STEP][PASSED] - Statement - dateAttr = com.kms.katalon.core.webui.keyword.WebUiBuiltInKeywords.getAttribute(com.kms.katalon.core.testobject.ObjectRepository.findTestObject(ReportsPage/selectedDate2), "value"): Attribute 'value' of object 'Object Repository/ReportsPage/selectedDate2' is: '03/10/2018'

2018-06-06 19:24:34 - [MESSAGE][PASSED] - Attribute 'value' of object 'Object Repository/ReportsPage/selectedDate2' is: '03/10/2018'

2018-06-06 19:24:34 - [TEST_STEP][PASSED] - Statement - toDateValue = CustomKeywords.projectSpecific.Reusability.getTestData("ReportsPage", "toDate_March"): projectSpecific.Reusability.getTestData is PASSED

2018-06-06 19:24:34 - [MESSAGE][PASSED] - projectSpecific.Reusability.getTestData is PASSED

2018-06-06 19:24:34 - [TEST_STEP][PASSED] - Statement - If (!(dateAttr.equals(toDateValue))): null

2018-06-06 19:24:34 - [TEST_STEP][PASSED] - click: Object: 'Object Repository/ReportsPage/generateReport' is clicked on

2018-06-06 19:24:34 - [MESSAGE][PASSED] - Object: 'Object Repository/ReportsPage/generateReport' is clicked on

2018-06-06 19:24:34 - [TEST_STEP][PASSED] - delay: Delayed 15 second(s)

2018-06-06 19:24:49 - [MESSAGE][PASSED] - Delayed 15 second(s)

2018-06-06 19:24:49 - [TEST_STEP][PASSED] - Statement - printTime = CustomKeywords.uiaction.CommonUIActions.getText(com.kms.katalon.core.testobject.ObjectRepository.findTestObject(SummarizedReportPage/printTime)): uiaction.CommonUIActions.getText is PASSED

2018-06-06 19:24:49 - [MESSAGE][PASSED] - uiaction.CommonUIActions.getText is PASSED

2018-06-06 19:24:49 - [TEST_STEP][PASSED] - Statement - cal = java.util.Calendar.getInstance(): null

2018-06-06 19:24:49 - [TEST_STEP][PASSED] - Statement - sdf = new java.text.SimpleDateFormat(hh:mm a): null

2018-06-06 19:24:49 - [TEST_STEP][PASSED] - Statement - currentSystemTime = sdf.format(cal.getTime()): null

2018-06-06 19:24:49 - [TEST_STEP][PASSED] - Statement - out.println(currentSystemTime): null

2018-06-06 19:24:49 - [TEST_STEP][PASSED] - Statement - If (currentSystemTime.contains(printTime)): null

2018-06-06 19:24:49 - [TEST_STEP][PASSED] - Statement - out.println("Print Time is displayed the current local time "): null

2018-06-06 19:24:49 - [TEST_STEP][PASSED] - delay: Delayed 5 second(s)

2018-06-06 19:24:54 - [MESSAGE][PASSED] - Delayed 5 second(s)

2018-06-06 19:24:54 - [TEST_STEP][PASSED] - uiaction.CommonUIActions.click: uiaction.CommonUIActions.click is PASSED

2018-06-06 19:25:00 - [MESSAGE][PASSED] - uiaction.CommonUIActions.click is PASSED

2018-06-06 19:25:00 - [TEST_STEP][PASSED] - Statement - assert TCflag == true: null

2018-06-06 19:25:00 - [TEST_STEP][PASSED] - Start listener action : sampleAfterTestCase: Browser is closed

2018-06-06 19:25:00 - [TEST_STEP][PASSED] - Statement - println(testCaseContext.getTestCaseId()): null

2018-06-06 19:25:00 - [TEST_STEP][PASSED] - Statement - println(testCaseContext.getTestCaseStatus()): null

2018-06-06 19:25:00 - [TEST_STEP][PASSED] - closeBrowser: Browser is closed

2018-06-06 19:25:00 - [MESSAGE][PASSED] - Browser is closed]]></system-out>
         <system-err><![CDATA[]]></system-err>
      </testcase>
      <testcase name="Test Cases/TimeZoneTC/HME-Browser-Timezone-02" classname="Test Cases/TimeZoneTC/HME-Browser-Timezone-02" status="PASSED">
         <system-out><![CDATA[2018-06-06 19:25:00 - [TEST_CASE][PASSED] - Test Cases/TimeZoneTC/HME-Browser-Timezone-02: Browser is closed

2018-06-06 19:25:00 - [TEST_STEP][PASSED] - Start listener action : sampleBeforeTestCase: uiaction.CommonUIActions.deleteAllCookies is PASSED

2018-06-06 19:25:00 - [TEST_STEP][PASSED] - openBrowser: Browser is opened with url: ''

2018-06-06 19:25:03 - [MESSAGE][PASSED] - Browser is opened with url: ''

2018-06-06 19:25:03 - [TEST_STEP][PASSED] - maximizeWindow: Current window maximized

2018-06-06 19:25:04 - [MESSAGE][PASSED] - Current window maximized

2018-06-06 19:25:04 - [TEST_STEP][PASSED] - uiaction.CommonUIActions.deleteAllCookies: uiaction.CommonUIActions.deleteAllCookies is PASSED

2018-06-06 19:25:04 - [MESSAGE][PASSED] - Delete all cookies successfully

2018-06-06 19:25:04 - [MESSAGE][PASSED] - uiaction.CommonUIActions.deleteAllCookies is PASSED

2018-06-06 19:25:04 - [TEST_STEP][PASSED] - Statement - TCflag = true: null

2018-06-06 19:25:04 - [TEST_STEP][PASSED] - Statement - Try: uiaction.CommonUIActions.click is PASSED

2018-06-06 19:25:04 - [TEST_STEP][PASSED] - navigateToUrl: Navigate to 'https://uat.hmedtcloud.com' successfully

2018-06-06 19:25:25 - [MESSAGE][PASSED] - Navigate to 'https://uat.hmedtcloud.com' successfully

2018-06-06 19:25:25 - [TEST_STEP][PASSED] - projectSpecific.Reusability.login: projectSpecific.Reusability.login is PASSED

2018-06-06 19:25:25 - [MESSAGE][PASSED] - projectSpecific.Reusability.getTestData is PASSED

2018-06-06 19:25:26 - [MESSAGE][PASSED] - projectSpecific.Reusability.getTestData is PASSED

2018-06-06 19:25:33 - [MESSAGE][PASSED] - Text 'swtest01@hme.com' is set on object 'Object Repository/LoginPage/Username'

2018-06-06 19:25:33 - [MESSAGE][PASSED] - Text 'SWTest01' is set on object 'Object Repository/LoginPage/Password'

2018-06-06 19:25:38 - [MESSAGE][PASSED] - Object: 'Object Repository/LoginPage/Login' is clicked on

2018-06-06 19:25:38 - [MESSAGE][PASSED] - projectSpecific.Reusability.login is PASSED

2018-06-06 19:25:38 - [TEST_STEP][PASSED] - delay: Delayed 10 second(s)

2018-06-06 19:25:48 - [MESSAGE][PASSED] - Delayed 10 second(s)

2018-06-06 19:25:48 - [TEST_STEP][PASSED] - Statement - welcomeMsg = CustomKeywords.uiaction.CommonUIActions.getText(com.kms.katalon.core.testobject.ObjectRepository.findTestObject(HomePage/welcomeMessage)): uiaction.CommonUIActions.getText is PASSED

2018-06-06 19:25:48 - [MESSAGE][PASSED] - uiaction.CommonUIActions.getText is PASSED

2018-06-06 19:25:48 - [TEST_STEP][PASSED] - Statement - expactedWelcomeMsg = CustomKeywords.projectSpecific.Reusability.getTestData("HomePage", "welcomeMsg"): projectSpecific.Reusability.getTestData is PASSED

2018-06-06 19:25:48 - [MESSAGE][PASSED] - projectSpecific.Reusability.getTestData is PASSED

2018-06-06 19:25:48 - [TEST_STEP][PASSED] - Statement - If (welcomeMsg.contains(expactedWelcomeMsg)): null

2018-06-06 19:25:48 - [TEST_STEP][PASSED] - Statement - out.println("Welcome message is verified"): null

2018-06-06 19:25:48 - [TEST_STEP][PASSED] - uiaction.CommonUIActions.click: uiaction.CommonUIActions.click is PASSED

2018-06-06 19:25:50 - [MESSAGE][PASSED] - uiaction.CommonUIActions.click is PASSED

2018-06-06 19:25:50 - [TEST_STEP][PASSED] - Statement - storenumber = CustomKeywords.uiaction.CommonUIActions.getText(com.kms.katalon.core.testobject.ObjectRepository.findTestObject(StorePage/storepage_storenumber)): uiaction.CommonUIActions.getText is PASSED

2018-06-06 19:25:50 - [MESSAGE][PASSED] - uiaction.CommonUIActions.getText is PASSED

2018-06-06 19:25:50 - [TEST_STEP][PASSED] - Statement - out.println(" the store number is--" + storenumber.trim()): null

2018-06-06 19:25:50 - [TEST_STEP][PASSED] - uiaction.CommonUIActions.click: uiaction.CommonUIActions.click is PASSED

2018-06-06 19:25:53 - [MESSAGE][PASSED] - uiaction.CommonUIActions.click is PASSED

2018-06-06 19:25:53 - [TEST_STEP][PASSED] - delay: Delayed 15 second(s)

2018-06-06 19:26:08 - [MESSAGE][PASSED] - Delayed 15 second(s)

2018-06-06 19:26:08 - [TEST_STEP][PASSED] - Statement - driver = com.kms.katalon.core.webui.driver.DriverFactory.getWebDriver(): null

2018-06-06 19:26:08 - [TEST_STEP][PASSED] - Statement - driver.findElement(org.openqa.selenium.By.xpath("//span[contains(text(),'" + storenumber.trim() + "')]")).click(): null

2018-06-06 19:26:08 - [TEST_STEP][PASSED] - click: Object: 'Object Repository/ReportsPage/timeSelection' is clicked on

2018-06-06 19:26:09 - [MESSAGE][PASSED] - Object: 'Object Repository/ReportsPage/timeSelection' is clicked on

2018-06-06 19:26:09 - [TEST_STEP][PASSED] - click: Object: 'Object Repository/ReportsPage/daypartTimeOption' is clicked on

2018-06-06 19:26:09 - [MESSAGE][PASSED] - Object: 'Object Repository/ReportsPage/daypartTimeOption' is clicked on

2018-06-06 19:26:09 - [TEST_STEP][PASSED] - click: Object: 'Object Repository/ReportsPage/summaryReportHeading' is clicked on

2018-06-06 19:26:09 - [MESSAGE][PASSED] - Object: 'Object Repository/ReportsPage/summaryReportHeading' is clicked on

2018-06-06 19:26:09 - [TEST_STEP][PASSED] - verifyElementText: Actual text and expected text of test object 'Object Repository/ReportsPage/daypartTimeOption' are matched.

2018-06-06 19:26:09 - [MESSAGE][PASSED] - projectSpecific.Reusability.getTestData is PASSED

2018-06-06 19:26:09 - [MESSAGE][PASSED] - Actual text and expected text of test object 'Object Repository/ReportsPage/daypartTimeOption' are matched.

2018-06-06 19:26:09 - [TEST_STEP][PASSED] - verifyElementText: Actual text and expected text of test object 'Object Repository/ReportsPage/criteriaTimeMeasureFordaypart' are matched.

2018-06-06 19:26:09 - [MESSAGE][PASSED] - projectSpecific.Reusability.getTestData is PASSED

2018-06-06 19:26:09 - [MESSAGE][PASSED] - Actual text and expected text of test object 'Object Repository/ReportsPage/criteriaTimeMeasureFordaypart' are matched.

2018-06-06 19:26:09 - [TEST_STEP][PASSED] - delay: Delayed 5 second(s)

2018-06-06 19:26:14 - [MESSAGE][PASSED] - Delayed 5 second(s)

2018-06-06 19:26:14 - [TEST_STEP][PASSED] - click: Object: 'Object Repository/ReportsPage/fromDateSelector' is clicked on

2018-06-06 19:26:14 - [MESSAGE][PASSED] - Object: 'Object Repository/ReportsPage/fromDateSelector' is clicked on

2018-06-06 19:26:14 - [TEST_STEP][PASSED] - delay: Delayed 5 second(s)

2018-06-06 19:26:19 - [MESSAGE][PASSED] - Delayed 5 second(s)

2018-06-06 19:26:19 - [TEST_STEP][PASSED] - Statement - monthText = com.kms.katalon.core.webui.keyword.WebUiBuiltInKeywords.getText(com.kms.katalon.core.testobject.ObjectRepository.findTestObject(ReportsPage/monthText)): Text of object 'Object Repository/ReportsPage/monthText' is: 'June 2018'

2018-06-06 19:26:19 - [MESSAGE][PASSED] - Text of object 'Object Repository/ReportsPage/monthText' is: 'June 2018'

2018-06-06 19:26:19 - [TEST_STEP][PASSED] - Statement - monthTextArray = monthText.split(" "): null

2018-06-06 19:26:19 - [TEST_STEP][PASSED] - Statement - month = monthTextArray[0]: null

2018-06-06 19:26:19 - [TEST_STEP][PASSED] - Statement - monthTextValue = CustomKeywords.projectSpecific.Reusability.getTestData("ReportsPage", "Month"): projectSpecific.Reusability.getTestData is PASSED

2018-06-06 19:26:19 - [MESSAGE][PASSED] - projectSpecific.Reusability.getTestData is PASSED

2018-06-06 19:26:19 - [TEST_STEP][PASSED] - Statement - If (!(monthTextValue.equals(month))): null

2018-06-06 19:26:19 - [TEST_STEP][PASSED] - Statement - While (!(monthTextValue.equals(month))): null

2018-06-06 19:26:19 - [TEST_STEP][PASSED] - click: Object: 'Object Repository/ReportsPage/previousDateSelector' is clicked on

2018-06-06 19:26:19 - [MESSAGE][PASSED] - Object: 'Object Repository/ReportsPage/previousDateSelector' is clicked on

2018-06-06 19:26:19 - [TEST_STEP][PASSED] - Statement - monthText = com.kms.katalon.core.webui.keyword.WebUiBuiltInKeywords.getText(com.kms.katalon.core.testobject.ObjectRepository.findTestObject(ReportsPage/monthText)): Text of object 'Object Repository/ReportsPage/monthText' is: 'May 2018'

2018-06-06 19:26:19 - [MESSAGE][PASSED] - Text of object 'Object Repository/ReportsPage/monthText' is: 'May 2018'

2018-06-06 19:26:19 - [TEST_STEP][PASSED] - Statement - monthTextArray = monthText.split(" "): null

2018-06-06 19:26:19 - [TEST_STEP][PASSED] - Statement - month = monthTextArray[0]: null

2018-06-06 19:26:19 - [TEST_STEP][PASSED] - click: Object: 'Object Repository/ReportsPage/previousDateSelector' is clicked on

2018-06-06 19:26:19 - [MESSAGE][PASSED] - Object: 'Object Repository/ReportsPage/previousDateSelector' is clicked on

2018-06-06 19:26:19 - [TEST_STEP][PASSED] - Statement - monthText = com.kms.katalon.core.webui.keyword.WebUiBuiltInKeywords.getText(com.kms.katalon.core.testobject.ObjectRepository.findTestObject(ReportsPage/monthText)): Text of object 'Object Repository/ReportsPage/monthText' is: 'April 2018'

2018-06-06 19:26:19 - [MESSAGE][PASSED] - Text of object 'Object Repository/ReportsPage/monthText' is: 'April 2018'

2018-06-06 19:26:19 - [TEST_STEP][PASSED] - Statement - monthTextArray = monthText.split(" "): null

2018-06-06 19:26:19 - [TEST_STEP][PASSED] - Statement - month = monthTextArray[0]: null

2018-06-06 19:26:19 - [TEST_STEP][PASSED] - click: Object: 'Object Repository/ReportsPage/previousDateSelector' is clicked on

2018-06-06 19:26:19 - [MESSAGE][PASSED] - Object: 'Object Repository/ReportsPage/previousDateSelector' is clicked on

2018-06-06 19:26:19 - [TEST_STEP][PASSED] - Statement - monthText = com.kms.katalon.core.webui.keyword.WebUiBuiltInKeywords.getText(com.kms.katalon.core.testobject.ObjectRepository.findTestObject(ReportsPage/monthText)): Text of object 'Object Repository/ReportsPage/monthText' is: 'March 2018'

2018-06-06 19:26:19 - [MESSAGE][PASSED] - Text of object 'Object Repository/ReportsPage/monthText' is: 'March 2018'

2018-06-06 19:26:19 - [TEST_STEP][PASSED] - Statement - monthTextArray = monthText.split(" "): null

2018-06-06 19:26:19 - [TEST_STEP][PASSED] - Statement - month = monthTextArray[0]: null

2018-06-06 19:26:19 - [TEST_STEP][PASSED] - Statement - data = CustomKeywords.projectSpecific.Reusability.getTestData("ReportsPage", "StartDate_March1"): projectSpecific.Reusability.getTestData is PASSED

2018-06-06 19:26:19 - [MESSAGE][PASSED] - projectSpecific.Reusability.getTestData is PASSED

2018-06-06 19:26:19 - [TEST_STEP][PASSED] - Statement - startDate = "(//td[text()='" + data + "'])[1]": null

2018-06-06 19:26:19 - [TEST_STEP][PASSED] - Statement - println(startDate): null

2018-06-06 19:26:19 - [TEST_STEP][PASSED] - Statement - startdateEle = driver.findElement(org.openqa.selenium.By.xpath(startDate)): null

2018-06-06 19:26:19 - [TEST_STEP][PASSED] - Statement - startdateEle.click(): null

2018-06-06 19:26:19 - [TEST_STEP][PASSED] - delay: Delayed 5 second(s)

2018-06-06 19:26:24 - [MESSAGE][PASSED] - Delayed 5 second(s)

2018-06-06 19:26:24 - [TEST_STEP][PASSED] - click: Object: 'Object Repository/ReportsPage/toDateSelector' is clicked on

2018-06-06 19:26:24 - [MESSAGE][PASSED] - Object: 'Object Repository/ReportsPage/toDateSelector' is clicked on

2018-06-06 19:26:24 - [TEST_STEP][PASSED] - Statement - monthText = com.kms.katalon.core.webui.keyword.WebUiBuiltInKeywords.getText(com.kms.katalon.core.testobject.ObjectRepository.findTestObject(ReportsPage/monthText2)): Text of object 'Object Repository/ReportsPage/monthText2' is: 'June 2018'

2018-06-06 19:26:24 - [MESSAGE][PASSED] - Text of object 'Object Repository/ReportsPage/monthText2' is: 'June 2018'

2018-06-06 19:26:24 - [TEST_STEP][PASSED] - Statement - monthTextArray = monthText.split(" "): null

2018-06-06 19:26:24 - [TEST_STEP][PASSED] - Statement - month = monthTextArray[0]: null

2018-06-06 19:26:24 - [TEST_STEP][PASSED] - Statement - monthTextValue1 = CustomKeywords.projectSpecific.Reusability.getTestData("ReportsPage", "Month"): projectSpecific.Reusability.getTestData is PASSED

2018-06-06 19:26:24 - [MESSAGE][PASSED] - projectSpecific.Reusability.getTestData is PASSED

2018-06-06 19:26:24 - [TEST_STEP][PASSED] - Statement - If (!(monthTextValue1.equals(month))): null

2018-06-06 19:26:24 - [TEST_STEP][PASSED] - Statement - While (!(monthTextValue1.equals(month))): null

2018-06-06 19:26:24 - [TEST_STEP][PASSED] - click: Object: 'Object Repository/ReportsPage/previousDateSelector2' is clicked on

2018-06-06 19:26:24 - [MESSAGE][PASSED] - Object: 'Object Repository/ReportsPage/previousDateSelector2' is clicked on

2018-06-06 19:26:24 - [TEST_STEP][PASSED] - Statement - monthText = com.kms.katalon.core.webui.keyword.WebUiBuiltInKeywords.getText(com.kms.katalon.core.testobject.ObjectRepository.findTestObject(ReportsPage/monthText2)): Text of object 'Object Repository/ReportsPage/monthText2' is: 'May 2018'

2018-06-06 19:26:24 - [MESSAGE][PASSED] - Text of object 'Object Repository/ReportsPage/monthText2' is: 'May 2018'

2018-06-06 19:26:24 - [TEST_STEP][PASSED] - Statement - monthTextArray = monthText.split(" "): null

2018-06-06 19:26:24 - [TEST_STEP][PASSED] - Statement - month = monthTextArray[0]: null

2018-06-06 19:26:24 - [TEST_STEP][PASSED] - click: Object: 'Object Repository/ReportsPage/previousDateSelector2' is clicked on

2018-06-06 19:26:25 - [MESSAGE][PASSED] - Object: 'Object Repository/ReportsPage/previousDateSelector2' is clicked on

2018-06-06 19:26:25 - [TEST_STEP][PASSED] - Statement - monthText = com.kms.katalon.core.webui.keyword.WebUiBuiltInKeywords.getText(com.kms.katalon.core.testobject.ObjectRepository.findTestObject(ReportsPage/monthText2)): Text of object 'Object Repository/ReportsPage/monthText2' is: 'April 2018'

2018-06-06 19:26:25 - [MESSAGE][PASSED] - Text of object 'Object Repository/ReportsPage/monthText2' is: 'April 2018'

2018-06-06 19:26:25 - [TEST_STEP][PASSED] - Statement - monthTextArray = monthText.split(" "): null

2018-06-06 19:26:25 - [TEST_STEP][PASSED] - Statement - month = monthTextArray[0]: null

2018-06-06 19:26:25 - [TEST_STEP][PASSED] - click: Object: 'Object Repository/ReportsPage/previousDateSelector2' is clicked on

2018-06-06 19:26:25 - [MESSAGE][PASSED] - Object: 'Object Repository/ReportsPage/previousDateSelector2' is clicked on

2018-06-06 19:26:25 - [TEST_STEP][PASSED] - Statement - monthText = com.kms.katalon.core.webui.keyword.WebUiBuiltInKeywords.getText(com.kms.katalon.core.testobject.ObjectRepository.findTestObject(ReportsPage/monthText2)): Text of object 'Object Repository/ReportsPage/monthText2' is: 'March 2018'

2018-06-06 19:26:25 - [MESSAGE][PASSED] - Text of object 'Object Repository/ReportsPage/monthText2' is: 'March 2018'

2018-06-06 19:26:25 - [TEST_STEP][PASSED] - Statement - monthTextArray = monthText.split(" "): null

2018-06-06 19:26:25 - [TEST_STEP][PASSED] - Statement - month = monthTextArray[0]: null

2018-06-06 19:26:25 - [TEST_STEP][PASSED] - Statement - endDate = CustomKeywords.projectSpecific.Reusability.getTestData("ReportsPage", "EndDate_March1"): projectSpecific.Reusability.getTestData is PASSED

2018-06-06 19:26:25 - [MESSAGE][PASSED] - projectSpecific.Reusability.getTestData is PASSED

2018-06-06 19:26:25 - [TEST_STEP][PASSED] - Statement - toDate = "(//td[text()='" + endDate + "'])[2]": null

2018-06-06 19:26:25 - [TEST_STEP][PASSED] - Statement - println(toDate): null

2018-06-06 19:26:25 - [TEST_STEP][PASSED] - Statement - toDateEle = driver.findElement(org.openqa.selenium.By.xpath(toDate)): null

2018-06-06 19:26:25 - [TEST_STEP][PASSED] - Statement - toDateEle.click(): null

2018-06-06 19:26:25 - [TEST_STEP][PASSED] - delay: Delayed 5 second(s)

2018-06-06 19:26:30 - [MESSAGE][PASSED] - Delayed 5 second(s)

2018-06-06 19:26:30 - [TEST_STEP][PASSED] - Statement - dateAttr = com.kms.katalon.core.webui.keyword.WebUiBuiltInKeywords.getAttribute(com.kms.katalon.core.testobject.ObjectRepository.findTestObject(ReportsPage/selectedDate1), "value"): Attribute 'value' of object 'Object Repository/ReportsPage/selectedDate1' is: '03/12/2018'

2018-06-06 19:26:30 - [MESSAGE][PASSED] - Attribute 'value' of object 'Object Repository/ReportsPage/selectedDate1' is: '03/12/2018'

2018-06-06 19:26:30 - [TEST_STEP][PASSED] - Statement - fromDateValue = CustomKeywords.projectSpecific.Reusability.getTestData("ReportsPage", "fromDate_March1"): projectSpecific.Reusability.getTestData is PASSED

2018-06-06 19:26:30 - [MESSAGE][PASSED] - projectSpecific.Reusability.getTestData is PASSED

2018-06-06 19:26:30 - [TEST_STEP][PASSED] - Statement - If (!(dateAttr.equals(fromDateValue))): null

2018-06-06 19:26:30 - [TEST_STEP][PASSED] - Statement - dateAttr = com.kms.katalon.core.webui.keyword.WebUiBuiltInKeywords.getAttribute(com.kms.katalon.core.testobject.ObjectRepository.findTestObject(ReportsPage/selectedDate2), "value"): Attribute 'value' of object 'Object Repository/ReportsPage/selectedDate2' is: '03/13/2018'

2018-06-06 19:26:30 - [MESSAGE][PASSED] - Attribute 'value' of object 'Object Repository/ReportsPage/selectedDate2' is: '03/13/2018'

2018-06-06 19:26:30 - [TEST_STEP][PASSED] - Statement - toDateValue = CustomKeywords.projectSpecific.Reusability.getTestData("ReportsPage", "toDate_March1"): projectSpecific.Reusability.getTestData is PASSED

2018-06-06 19:26:30 - [MESSAGE][PASSED] - projectSpecific.Reusability.getTestData is PASSED

2018-06-06 19:26:30 - [TEST_STEP][PASSED] - Statement - If (!(dateAttr.equals(toDateValue))): null

2018-06-06 19:26:30 - [TEST_STEP][PASSED] - click: Object: 'Object Repository/ReportsPage/generateReport' is clicked on

2018-06-06 19:26:30 - [MESSAGE][PASSED] - Object: 'Object Repository/ReportsPage/generateReport' is clicked on

2018-06-06 19:26:30 - [TEST_STEP][PASSED] - delay: Delayed 15 second(s)

2018-06-06 19:26:45 - [MESSAGE][PASSED] - Delayed 15 second(s)

2018-06-06 19:26:45 - [TEST_STEP][PASSED] - Statement - printTime = CustomKeywords.uiaction.CommonUIActions.getText(com.kms.katalon.core.testobject.ObjectRepository.findTestObject(SummarizedReportPage/printTime)): uiaction.CommonUIActions.getText is PASSED

2018-06-06 19:26:45 - [MESSAGE][PASSED] - uiaction.CommonUIActions.getText is PASSED

2018-06-06 19:26:45 - [TEST_STEP][PASSED] - Statement - cal = java.util.Calendar.getInstance(): null

2018-06-06 19:26:45 - [TEST_STEP][PASSED] - Statement - sdf = new java.text.SimpleDateFormat(hh:mm a): null

2018-06-06 19:26:45 - [TEST_STEP][PASSED] - Statement - currentSystemTime = sdf.format(cal.getTime()): null

2018-06-06 19:26:45 - [TEST_STEP][PASSED] - Statement - out.println(currentSystemTime): null

2018-06-06 19:26:45 - [TEST_STEP][PASSED] - Statement - If (currentSystemTime.contains(printTime)): null

2018-06-06 19:26:45 - [TEST_STEP][PASSED] - Statement - out.println("Print Time is displayed the current local time "): null

2018-06-06 19:26:45 - [TEST_STEP][PASSED] - delay: Delayed 5 second(s)

2018-06-06 19:26:50 - [MESSAGE][PASSED] - Delayed 5 second(s)

2018-06-06 19:26:50 - [TEST_STEP][PASSED] - uiaction.CommonUIActions.click: uiaction.CommonUIActions.click is PASSED

2018-06-06 19:26:52 - [MESSAGE][PASSED] - uiaction.CommonUIActions.click is PASSED

2018-06-06 19:26:52 - [TEST_STEP][PASSED] - Statement - assert TCflag == true: null

2018-06-06 19:26:52 - [TEST_STEP][PASSED] - Start listener action : sampleAfterTestCase: Browser is closed

2018-06-06 19:26:52 - [TEST_STEP][PASSED] - Statement - println(testCaseContext.getTestCaseId()): null

2018-06-06 19:26:52 - [TEST_STEP][PASSED] - Statement - println(testCaseContext.getTestCaseStatus()): null

2018-06-06 19:26:52 - [TEST_STEP][PASSED] - closeBrowser: Browser is closed

2018-06-06 19:26:53 - [MESSAGE][PASSED] - Browser is closed]]></system-out>
         <system-err><![CDATA[]]></system-err>
      </testcase>
      <testcase name="Test Cases/TimeZoneTC/HME-Browser-Timezone-03" classname="Test Cases/TimeZoneTC/HME-Browser-Timezone-03" status="PASSED">
         <system-out><![CDATA[2018-06-06 19:26:53 - [TEST_CASE][PASSED] - Test Cases/TimeZoneTC/HME-Browser-Timezone-03: Browser is closed

2018-06-06 19:26:53 - [TEST_STEP][PASSED] - Start listener action : sampleBeforeTestCase: uiaction.CommonUIActions.deleteAllCookies is PASSED

2018-06-06 19:26:53 - [TEST_STEP][PASSED] - openBrowser: Browser is opened with url: ''

2018-06-06 19:26:55 - [MESSAGE][PASSED] - Browser is opened with url: ''

2018-06-06 19:26:55 - [TEST_STEP][PASSED] - maximizeWindow: Current window maximized

2018-06-06 19:26:56 - [MESSAGE][PASSED] - Current window maximized

2018-06-06 19:26:56 - [TEST_STEP][PASSED] - uiaction.CommonUIActions.deleteAllCookies: uiaction.CommonUIActions.deleteAllCookies is PASSED

2018-06-06 19:26:56 - [MESSAGE][PASSED] - Delete all cookies successfully

2018-06-06 19:26:56 - [MESSAGE][PASSED] - uiaction.CommonUIActions.deleteAllCookies is PASSED

2018-06-06 19:26:56 - [TEST_STEP][PASSED] - Statement - TCflag = true: null

2018-06-06 19:26:56 - [TEST_STEP][PASSED] - Statement - Try: uiaction.CommonUIActions.click is PASSED

2018-06-06 19:26:56 - [TEST_STEP][PASSED] - navigateToUrl: Navigate to 'https://uat.hmedtcloud.com' successfully

2018-06-06 19:26:59 - [MESSAGE][PASSED] - Navigate to 'https://uat.hmedtcloud.com' successfully

2018-06-06 19:26:59 - [TEST_STEP][PASSED] - projectSpecific.Reusability.login: projectSpecific.Reusability.login is PASSED

2018-06-06 19:26:59 - [MESSAGE][PASSED] - projectSpecific.Reusability.getTestData is PASSED

2018-06-06 19:26:59 - [MESSAGE][PASSED] - projectSpecific.Reusability.getTestData is PASSED

2018-06-06 19:26:59 - [MESSAGE][PASSED] - Text 'swtest01@hme.com' is set on object 'Object Repository/LoginPage/Username'

2018-06-06 19:27:00 - [MESSAGE][PASSED] - Text 'SWTest01' is set on object 'Object Repository/LoginPage/Password'

2018-06-06 19:27:06 - [MESSAGE][PASSED] - Object: 'Object Repository/LoginPage/Login' is clicked on

2018-06-06 19:27:06 - [MESSAGE][PASSED] - projectSpecific.Reusability.login is PASSED

2018-06-06 19:27:06 - [TEST_STEP][PASSED] - delay: Delayed 10 second(s)

2018-06-06 19:27:16 - [MESSAGE][PASSED] - Delayed 10 second(s)

2018-06-06 19:27:16 - [TEST_STEP][PASSED] - Statement - welcomeMsg = CustomKeywords.uiaction.CommonUIActions.getText(com.kms.katalon.core.testobject.ObjectRepository.findTestObject(HomePage/welcomeMessage)): uiaction.CommonUIActions.getText is PASSED

2018-06-06 19:27:17 - [MESSAGE][PASSED] - uiaction.CommonUIActions.getText is PASSED

2018-06-06 19:27:17 - [TEST_STEP][PASSED] - Statement - expactedWelcomeMsg = CustomKeywords.projectSpecific.Reusability.getTestData("HomePage", "welcomeMsg"): projectSpecific.Reusability.getTestData is PASSED

2018-06-06 19:27:17 - [MESSAGE][PASSED] - projectSpecific.Reusability.getTestData is PASSED

2018-06-06 19:27:17 - [TEST_STEP][PASSED] - Statement - If (welcomeMsg.contains(expactedWelcomeMsg)): null

2018-06-06 19:27:17 - [TEST_STEP][PASSED] - Statement - out.println("Welcome message is verified"): null

2018-06-06 19:27:17 - [TEST_STEP][PASSED] - uiaction.CommonUIActions.click: uiaction.CommonUIActions.click is PASSED

2018-06-06 19:27:18 - [MESSAGE][PASSED] - uiaction.CommonUIActions.click is PASSED

2018-06-06 19:27:18 - [TEST_STEP][PASSED] - Statement - storenumber = CustomKeywords.uiaction.CommonUIActions.getText(com.kms.katalon.core.testobject.ObjectRepository.findTestObject(StorePage/storepage_storenumber)): uiaction.CommonUIActions.getText is PASSED

2018-06-06 19:27:18 - [MESSAGE][PASSED] - uiaction.CommonUIActions.getText is PASSED

2018-06-06 19:27:18 - [TEST_STEP][PASSED] - Statement - out.println(" the store number is--" + storenumber.trim()): null

2018-06-06 19:27:18 - [TEST_STEP][PASSED] - uiaction.CommonUIActions.click: uiaction.CommonUIActions.click is PASSED

2018-06-06 19:27:22 - [MESSAGE][PASSED] - uiaction.CommonUIActions.click is PASSED

2018-06-06 19:27:22 - [TEST_STEP][PASSED] - delay: Delayed 15 second(s)

2018-06-06 19:27:37 - [MESSAGE][PASSED] - Delayed 15 second(s)

2018-06-06 19:27:37 - [TEST_STEP][PASSED] - Statement - driver = com.kms.katalon.core.webui.driver.DriverFactory.getWebDriver(): null

2018-06-06 19:27:37 - [TEST_STEP][PASSED] - Statement - driver.findElement(org.openqa.selenium.By.xpath("//span[contains(text(),'" + storenumber.trim() + "')]")).click(): null

2018-06-06 19:27:37 - [TEST_STEP][PASSED] - click: Object: 'Object Repository/ReportsPage/timeSelection' is clicked on

2018-06-06 19:27:38 - [MESSAGE][PASSED] - Object: 'Object Repository/ReportsPage/timeSelection' is clicked on

2018-06-06 19:27:38 - [TEST_STEP][PASSED] - click: Object: 'Object Repository/ReportsPage/weekTimeOption' is clicked on

2018-06-06 19:27:38 - [MESSAGE][PASSED] - Object: 'Object Repository/ReportsPage/weekTimeOption' is clicked on

2018-06-06 19:27:38 - [TEST_STEP][PASSED] - click: Object: 'Object Repository/ReportsPage/summaryReportHeading' is clicked on

2018-06-06 19:27:38 - [MESSAGE][PASSED] - Object: 'Object Repository/ReportsPage/summaryReportHeading' is clicked on

2018-06-06 19:27:38 - [TEST_STEP][PASSED] - verifyElementText: Actual text and expected text of test object 'Object Repository/ReportsPage/weekTimeOption' are matched.

2018-06-06 19:27:38 - [MESSAGE][PASSED] - projectSpecific.Reusability.getTestData is PASSED

2018-06-06 19:27:38 - [MESSAGE][PASSED] - Actual text and expected text of test object 'Object Repository/ReportsPage/weekTimeOption' are matched.

2018-06-06 19:27:38 - [TEST_STEP][PASSED] - verifyElementText: Actual text and expected text of test object 'Object Repository/ReportsPage/criteriaTimeMeasure' are matched.

2018-06-06 19:27:38 - [MESSAGE][PASSED] - projectSpecific.Reusability.getTestData is PASSED

2018-06-06 19:27:38 - [MESSAGE][PASSED] - Actual text and expected text of test object 'Object Repository/ReportsPage/criteriaTimeMeasure' are matched.

2018-06-06 19:27:38 - [TEST_STEP][PASSED] - delay: Delayed 5 second(s)

2018-06-06 19:27:43 - [MESSAGE][PASSED] - Delayed 5 second(s)

2018-06-06 19:27:43 - [TEST_STEP][PASSED] - click: Object: 'Object Repository/ReportsPage/fromDateSelector' is clicked on

2018-06-06 19:27:43 - [MESSAGE][PASSED] - Object: 'Object Repository/ReportsPage/fromDateSelector' is clicked on

2018-06-06 19:27:43 - [TEST_STEP][PASSED] - delay: Delayed 5 second(s)

2018-06-06 19:27:48 - [MESSAGE][PASSED] - Delayed 5 second(s)

2018-06-06 19:27:48 - [TEST_STEP][PASSED] - Statement - monthText = com.kms.katalon.core.webui.keyword.WebUiBuiltInKeywords.getText(com.kms.katalon.core.testobject.ObjectRepository.findTestObject(ReportsPage/monthText)): Text of object 'Object Repository/ReportsPage/monthText' is: 'June 2018'

2018-06-06 19:27:48 - [MESSAGE][PASSED] - Text of object 'Object Repository/ReportsPage/monthText' is: 'June 2018'

2018-06-06 19:27:48 - [TEST_STEP][PASSED] - Statement - monthTextArray = monthText.split(" "): null

2018-06-06 19:27:48 - [TEST_STEP][PASSED] - Statement - month = monthTextArray[0]: null

2018-06-06 19:27:48 - [TEST_STEP][PASSED] - Statement - monthTextValue = CustomKeywords.projectSpecific.Reusability.getTestData("ReportsPage", "Month"): projectSpecific.Reusability.getTestData is PASSED

2018-06-06 19:27:48 - [MESSAGE][PASSED] - projectSpecific.Reusability.getTestData is PASSED

2018-06-06 19:27:48 - [TEST_STEP][PASSED] - Statement - If (!(monthTextValue.equals(month))): null

2018-06-06 19:27:48 - [TEST_STEP][PASSED] - Statement - While (!(monthTextValue.equals(month))): null

2018-06-06 19:27:48 - [TEST_STEP][PASSED] - click: Object: 'Object Repository/ReportsPage/previousDateSelector' is clicked on

2018-06-06 19:27:48 - [MESSAGE][PASSED] - Object: 'Object Repository/ReportsPage/previousDateSelector' is clicked on

2018-06-06 19:27:48 - [TEST_STEP][PASSED] - Statement - monthText = com.kms.katalon.core.webui.keyword.WebUiBuiltInKeywords.getText(com.kms.katalon.core.testobject.ObjectRepository.findTestObject(ReportsPage/monthText)): Text of object 'Object Repository/ReportsPage/monthText' is: 'May 2018'

2018-06-06 19:27:48 - [MESSAGE][PASSED] - Text of object 'Object Repository/ReportsPage/monthText' is: 'May 2018'

2018-06-06 19:27:48 - [TEST_STEP][PASSED] - Statement - monthTextArray = monthText.split(" "): null

2018-06-06 19:27:48 - [TEST_STEP][PASSED] - Statement - month = monthTextArray[0]: null

2018-06-06 19:27:48 - [TEST_STEP][PASSED] - click: Object: 'Object Repository/ReportsPage/previousDateSelector' is clicked on

2018-06-06 19:27:48 - [MESSAGE][PASSED] - Object: 'Object Repository/ReportsPage/previousDateSelector' is clicked on

2018-06-06 19:27:48 - [TEST_STEP][PASSED] - Statement - monthText = com.kms.katalon.core.webui.keyword.WebUiBuiltInKeywords.getText(com.kms.katalon.core.testobject.ObjectRepository.findTestObject(ReportsPage/monthText)): Text of object 'Object Repository/ReportsPage/monthText' is: 'April 2018'

2018-06-06 19:27:48 - [MESSAGE][PASSED] - Text of object 'Object Repository/ReportsPage/monthText' is: 'April 2018'

2018-06-06 19:27:48 - [TEST_STEP][PASSED] - Statement - monthTextArray = monthText.split(" "): null

2018-06-06 19:27:48 - [TEST_STEP][PASSED] - Statement - month = monthTextArray[0]: null

2018-06-06 19:27:48 - [TEST_STEP][PASSED] - click: Object: 'Object Repository/ReportsPage/previousDateSelector' is clicked on

2018-06-06 19:27:48 - [MESSAGE][PASSED] - Object: 'Object Repository/ReportsPage/previousDateSelector' is clicked on

2018-06-06 19:27:48 - [TEST_STEP][PASSED] - Statement - monthText = com.kms.katalon.core.webui.keyword.WebUiBuiltInKeywords.getText(com.kms.katalon.core.testobject.ObjectRepository.findTestObject(ReportsPage/monthText)): Text of object 'Object Repository/ReportsPage/monthText' is: 'March 2018'

2018-06-06 19:27:48 - [MESSAGE][PASSED] - Text of object 'Object Repository/ReportsPage/monthText' is: 'March 2018'

2018-06-06 19:27:48 - [TEST_STEP][PASSED] - Statement - monthTextArray = monthText.split(" "): null

2018-06-06 19:27:48 - [TEST_STEP][PASSED] - Statement - month = monthTextArray[0]: null

2018-06-06 19:27:48 - [TEST_STEP][PASSED] - Statement - data = CustomKeywords.projectSpecific.Reusability.getTestData("ReportsPage", "StartDate_March2"): projectSpecific.Reusability.getTestData is PASSED

2018-06-06 19:27:48 - [MESSAGE][PASSED] - projectSpecific.Reusability.getTestData is PASSED

2018-06-06 19:27:48 - [TEST_STEP][PASSED] - Statement - startDate = "(//td[text()='" + data + "'])[1]": null

2018-06-06 19:27:48 - [TEST_STEP][PASSED] - Statement - println(startDate): null

2018-06-06 19:27:48 - [TEST_STEP][PASSED] - Statement - startdateEle = driver.findElement(org.openqa.selenium.By.xpath(startDate)): null

2018-06-06 19:27:48 - [TEST_STEP][PASSED] - Statement - startdateEle.click(): null

2018-06-06 19:27:48 - [TEST_STEP][PASSED] - delay: Delayed 5 second(s)

2018-06-06 19:27:53 - [MESSAGE][PASSED] - Delayed 5 second(s)

2018-06-06 19:27:53 - [TEST_STEP][PASSED] - click: Object: 'Object Repository/ReportsPage/toDateSelector' is clicked on

2018-06-06 19:27:53 - [MESSAGE][PASSED] - Object: 'Object Repository/ReportsPage/toDateSelector' is clicked on

2018-06-06 19:27:53 - [TEST_STEP][PASSED] - Statement - monthText = com.kms.katalon.core.webui.keyword.WebUiBuiltInKeywords.getText(com.kms.katalon.core.testobject.ObjectRepository.findTestObject(ReportsPage/monthText2)): Text of object 'Object Repository/ReportsPage/monthText2' is: 'June 2018'

2018-06-06 19:27:53 - [MESSAGE][PASSED] - Text of object 'Object Repository/ReportsPage/monthText2' is: 'June 2018'

2018-06-06 19:27:53 - [TEST_STEP][PASSED] - Statement - monthTextArray = monthText.split(" "): null

2018-06-06 19:27:53 - [TEST_STEP][PASSED] - Statement - month = monthTextArray[0]: null

2018-06-06 19:27:53 - [TEST_STEP][PASSED] - Statement - monthTextValue1 = CustomKeywords.projectSpecific.Reusability.getTestData("ReportsPage", "Month"): projectSpecific.Reusability.getTestData is PASSED

2018-06-06 19:27:53 - [MESSAGE][PASSED] - projectSpecific.Reusability.getTestData is PASSED

2018-06-06 19:27:53 - [TEST_STEP][PASSED] - Statement - If (!(monthTextValue1.equals(month))): null

2018-06-06 19:27:53 - [TEST_STEP][PASSED] - Statement - While (!(monthTextValue1.equals(month))): null

2018-06-06 19:27:53 - [TEST_STEP][PASSED] - click: Object: 'Object Repository/ReportsPage/previousDateSelector2' is clicked on

2018-06-06 19:27:53 - [MESSAGE][PASSED] - Object: 'Object Repository/ReportsPage/previousDateSelector2' is clicked on

2018-06-06 19:27:53 - [TEST_STEP][PASSED] - Statement - monthText = com.kms.katalon.core.webui.keyword.WebUiBuiltInKeywords.getText(com.kms.katalon.core.testobject.ObjectRepository.findTestObject(ReportsPage/monthText2)): Text of object 'Object Repository/ReportsPage/monthText2' is: 'May 2018'

2018-06-06 19:27:53 - [MESSAGE][PASSED] - Text of object 'Object Repository/ReportsPage/monthText2' is: 'May 2018'

2018-06-06 19:27:53 - [TEST_STEP][PASSED] - Statement - monthTextArray = monthText.split(" "): null

2018-06-06 19:27:53 - [TEST_STEP][PASSED] - Statement - month = monthTextArray[0]: null

2018-06-06 19:27:53 - [TEST_STEP][PASSED] - click: Object: 'Object Repository/ReportsPage/previousDateSelector2' is clicked on

2018-06-06 19:27:53 - [MESSAGE][PASSED] - Object: 'Object Repository/ReportsPage/previousDateSelector2' is clicked on

2018-06-06 19:27:53 - [TEST_STEP][PASSED] - Statement - monthText = com.kms.katalon.core.webui.keyword.WebUiBuiltInKeywords.getText(com.kms.katalon.core.testobject.ObjectRepository.findTestObject(ReportsPage/monthText2)): Text of object 'Object Repository/ReportsPage/monthText2' is: 'April 2018'

2018-06-06 19:27:54 - [MESSAGE][PASSED] - Text of object 'Object Repository/ReportsPage/monthText2' is: 'April 2018'

2018-06-06 19:27:54 - [TEST_STEP][PASSED] - Statement - monthTextArray = monthText.split(" "): null

2018-06-06 19:27:54 - [TEST_STEP][PASSED] - Statement - month = monthTextArray[0]: null

2018-06-06 19:27:54 - [TEST_STEP][PASSED] - click: Object: 'Object Repository/ReportsPage/previousDateSelector2' is clicked on

2018-06-06 19:27:54 - [MESSAGE][PASSED] - Object: 'Object Repository/ReportsPage/previousDateSelector2' is clicked on

2018-06-06 19:27:54 - [TEST_STEP][PASSED] - Statement - monthText = com.kms.katalon.core.webui.keyword.WebUiBuiltInKeywords.getText(com.kms.katalon.core.testobject.ObjectRepository.findTestObject(ReportsPage/monthText2)): Text of object 'Object Repository/ReportsPage/monthText2' is: 'March 2018'

2018-06-06 19:27:54 - [MESSAGE][PASSED] - Text of object 'Object Repository/ReportsPage/monthText2' is: 'March 2018'

2018-06-06 19:27:54 - [TEST_STEP][PASSED] - Statement - monthTextArray = monthText.split(" "): null

2018-06-06 19:27:54 - [TEST_STEP][PASSED] - Statement - month = monthTextArray[0]: null

2018-06-06 19:27:54 - [TEST_STEP][PASSED] - Statement - endDate = CustomKeywords.projectSpecific.Reusability.getTestData("ReportsPage", "EndDate_March2"): projectSpecific.Reusability.getTestData is PASSED

2018-06-06 19:27:54 - [MESSAGE][PASSED] - projectSpecific.Reusability.getTestData is PASSED

2018-06-06 19:27:54 - [TEST_STEP][PASSED] - Statement - toDate = "(//td[text()='" + endDate + "'])[2]": null

2018-06-06 19:27:54 - [TEST_STEP][PASSED] - Statement - println(toDate): null

2018-06-06 19:27:54 - [TEST_STEP][PASSED] - Statement - toDateEle = driver.findElement(org.openqa.selenium.By.xpath(toDate)): null

2018-06-06 19:27:54 - [TEST_STEP][PASSED] - Statement - toDateEle.click(): null

2018-06-06 19:27:54 - [TEST_STEP][PASSED] - delay: Delayed 5 second(s)

2018-06-06 19:27:59 - [MESSAGE][PASSED] - Delayed 5 second(s)

2018-06-06 19:27:59 - [TEST_STEP][PASSED] - Statement - dateAttr = com.kms.katalon.core.webui.keyword.WebUiBuiltInKeywords.getAttribute(com.kms.katalon.core.testobject.ObjectRepository.findTestObject(ReportsPage/selectedDate1), "value"): Attribute 'value' of object 'Object Repository/ReportsPage/selectedDate1' is: '03/13/2018'

2018-06-06 19:27:59 - [MESSAGE][PASSED] - Attribute 'value' of object 'Object Repository/ReportsPage/selectedDate1' is: '03/13/2018'

2018-06-06 19:27:59 - [TEST_STEP][PASSED] - Statement - fromDateValue = CustomKeywords.projectSpecific.Reusability.getTestData("ReportsPage", "fromDate_March2"): projectSpecific.Reusability.getTestData is PASSED

2018-06-06 19:27:59 - [MESSAGE][PASSED] - projectSpecific.Reusability.getTestData is PASSED

2018-06-06 19:27:59 - [TEST_STEP][PASSED] - Statement - If (!(dateAttr.equals(fromDateValue))): null

2018-06-06 19:27:59 - [TEST_STEP][PASSED] - Statement - dateAttr = com.kms.katalon.core.webui.keyword.WebUiBuiltInKeywords.getAttribute(com.kms.katalon.core.testobject.ObjectRepository.findTestObject(ReportsPage/selectedDate2), "value"): Attribute 'value' of object 'Object Repository/ReportsPage/selectedDate2' is: '03/16/2018'

2018-06-06 19:27:59 - [MESSAGE][PASSED] - Attribute 'value' of object 'Object Repository/ReportsPage/selectedDate2' is: '03/16/2018'

2018-06-06 19:27:59 - [TEST_STEP][PASSED] - Statement - toDateValue = CustomKeywords.projectSpecific.Reusability.getTestData("ReportsPage", "toDate_March2"): projectSpecific.Reusability.getTestData is PASSED

2018-06-06 19:27:59 - [MESSAGE][PASSED] - projectSpecific.Reusability.getTestData is PASSED

2018-06-06 19:27:59 - [TEST_STEP][PASSED] - Statement - If (!(dateAttr.equals(toDateValue))): null

2018-06-06 19:27:59 - [TEST_STEP][PASSED] - click: Object: 'Object Repository/ReportsPage/generateReport' is clicked on

2018-06-06 19:27:59 - [MESSAGE][PASSED] - Object: 'Object Repository/ReportsPage/generateReport' is clicked on

2018-06-06 19:27:59 - [TEST_STEP][PASSED] - delay: Delayed 15 second(s)

2018-06-06 19:28:14 - [MESSAGE][PASSED] - Delayed 15 second(s)

2018-06-06 19:28:14 - [TEST_STEP][PASSED] - Statement - printTime = CustomKeywords.uiaction.CommonUIActions.getText(com.kms.katalon.core.testobject.ObjectRepository.findTestObject(SummarizedReportPage/printTime)): uiaction.CommonUIActions.getText is PASSED

2018-06-06 19:28:14 - [MESSAGE][PASSED] - uiaction.CommonUIActions.getText is PASSED

2018-06-06 19:28:14 - [TEST_STEP][PASSED] - Statement - cal = java.util.Calendar.getInstance(): null

2018-06-06 19:28:14 - [TEST_STEP][PASSED] - Statement - sdf = new java.text.SimpleDateFormat(hh:mm a): null

2018-06-06 19:28:14 - [TEST_STEP][PASSED] - Statement - currentSystemTime = sdf.format(cal.getTime()): null

2018-06-06 19:28:14 - [TEST_STEP][PASSED] - Statement - out.println(currentSystemTime): null

2018-06-06 19:28:14 - [TEST_STEP][PASSED] - Statement - If (currentSystemTime.contains(printTime)): null

2018-06-06 19:28:14 - [TEST_STEP][PASSED] - Statement - out.println("Print Time is displayed the current local time "): null

2018-06-06 19:28:14 - [TEST_STEP][PASSED] - delay: Delayed 5 second(s)

2018-06-06 19:28:19 - [MESSAGE][PASSED] - Delayed 5 second(s)

2018-06-06 19:28:19 - [TEST_STEP][PASSED] - uiaction.CommonUIActions.click: uiaction.CommonUIActions.click is PASSED

2018-06-06 19:28:24 - [MESSAGE][PASSED] - uiaction.CommonUIActions.click is PASSED

2018-06-06 19:28:24 - [TEST_STEP][PASSED] - Statement - assert TCflag == true: null

2018-06-06 19:28:24 - [TEST_STEP][PASSED] - Start listener action : sampleAfterTestCase: Browser is closed

2018-06-06 19:28:24 - [TEST_STEP][PASSED] - Statement - println(testCaseContext.getTestCaseId()): null

2018-06-06 19:28:24 - [TEST_STEP][PASSED] - Statement - println(testCaseContext.getTestCaseStatus()): null

2018-06-06 19:28:24 - [TEST_STEP][PASSED] - closeBrowser: Browser is closed

2018-06-06 19:28:25 - [MESSAGE][PASSED] - Browser is closed]]></system-out>
         <system-err><![CDATA[]]></system-err>
      </testcase>
      <testcase name="Test Cases/TimeZoneTC/HME-Account_Setting-Timezone-04" classname="Test Cases/TimeZoneTC/HME-Account_Setting-Timezone-04" status="PASSED">
         <system-out><![CDATA[2018-06-06 19:28:25 - [TEST_CASE][PASSED] - Test Cases/TimeZoneTC/HME-Account_Setting-Timezone-04: Browser is closed

2018-06-06 19:28:25 - [TEST_STEP][PASSED] - Start listener action : sampleBeforeTestCase: uiaction.CommonUIActions.deleteAllCookies is PASSED

2018-06-06 19:28:25 - [TEST_STEP][PASSED] - openBrowser: Browser is opened with url: ''

2018-06-06 19:28:27 - [MESSAGE][PASSED] - Browser is opened with url: ''

2018-06-06 19:28:27 - [TEST_STEP][PASSED] - maximizeWindow: Current window maximized

2018-06-06 19:28:28 - [MESSAGE][PASSED] - Current window maximized

2018-06-06 19:28:28 - [TEST_STEP][PASSED] - uiaction.CommonUIActions.deleteAllCookies: uiaction.CommonUIActions.deleteAllCookies is PASSED

2018-06-06 19:28:28 - [MESSAGE][PASSED] - Delete all cookies successfully

2018-06-06 19:28:28 - [MESSAGE][PASSED] - uiaction.CommonUIActions.deleteAllCookies is PASSED

2018-06-06 19:28:28 - [TEST_STEP][PASSED] - Statement - TCflag = true: null

2018-06-06 19:28:28 - [TEST_STEP][PASSED] - Statement - Try: uiaction.CommonUIActions.click is PASSED

2018-06-06 19:28:28 - [TEST_STEP][PASSED] - navigateToUrl: Navigate to 'https://uat.hmedtcloud.com' successfully

2018-06-06 19:28:50 - [MESSAGE][PASSED] - Navigate to 'https://uat.hmedtcloud.com' successfully

2018-06-06 19:28:50 - [TEST_STEP][PASSED] - delay: Delayed 15 second(s)

2018-06-06 19:29:05 - [MESSAGE][PASSED] - Delayed 15 second(s)

2018-06-06 19:29:05 - [TEST_STEP][PASSED] - projectSpecific.Reusability.login: projectSpecific.Reusability.login is PASSED

2018-06-06 19:29:05 - [MESSAGE][PASSED] - projectSpecific.Reusability.getTestData is PASSED

2018-06-06 19:29:05 - [MESSAGE][PASSED] - projectSpecific.Reusability.getTestData is PASSED

2018-06-06 19:29:22 - [MESSAGE][PASSED] - Text 'swtest01@hme.com' is set on object 'Object Repository/LoginPage/Username'

2018-06-06 19:29:22 - [MESSAGE][PASSED] - Text 'SWTest01' is set on object 'Object Repository/LoginPage/Password'

2018-06-06 19:29:29 - [MESSAGE][PASSED] - Object: 'Object Repository/LoginPage/Login' is clicked on

2018-06-06 19:29:29 - [MESSAGE][PASSED] - projectSpecific.Reusability.login is PASSED

2018-06-06 19:29:29 - [TEST_STEP][PASSED] - delay: Delayed 10 second(s)

2018-06-06 19:29:39 - [MESSAGE][PASSED] - Delayed 10 second(s)

2018-06-06 19:29:39 - [TEST_STEP][PASSED] - Statement - welcomeMsg = CustomKeywords.uiaction.CommonUIActions.getText(com.kms.katalon.core.testobject.ObjectRepository.findTestObject(HomePage/welcomeMessage)): uiaction.CommonUIActions.getText is PASSED

2018-06-06 19:29:39 - [MESSAGE][PASSED] - uiaction.CommonUIActions.getText is PASSED

2018-06-06 19:29:39 - [TEST_STEP][PASSED] - Statement - expactedWelcomeMsg = CustomKeywords.projectSpecific.Reusability.getTestData("HomePage", "welcomeMsg"): projectSpecific.Reusability.getTestData is PASSED

2018-06-06 19:29:39 - [MESSAGE][PASSED] - projectSpecific.Reusability.getTestData is PASSED

2018-06-06 19:29:39 - [TEST_STEP][PASSED] - Statement - If (welcomeMsg.contains(expactedWelcomeMsg)): null

2018-06-06 19:29:39 - [TEST_STEP][PASSED] - Statement - out.println("Welcome message is verified"): null

2018-06-06 19:29:39 - [TEST_STEP][PASSED] - uiaction.CommonUIActions.click: uiaction.CommonUIActions.click is PASSED

2018-06-06 19:29:40 - [MESSAGE][PASSED] - uiaction.CommonUIActions.click is PASSED

2018-06-06 19:29:40 - [TEST_STEP][PASSED] - Statement - storenumber = CustomKeywords.uiaction.CommonUIActions.getText(com.kms.katalon.core.testobject.ObjectRepository.findTestObject(StorePage/storepage_storenumber)): uiaction.CommonUIActions.getText is PASSED

2018-06-06 19:29:40 - [MESSAGE][PASSED] - uiaction.CommonUIActions.getText is PASSED

2018-06-06 19:29:40 - [TEST_STEP][PASSED] - Statement - out.println(" the store number is--" + storenumber.trim()): null

2018-06-06 19:29:40 - [TEST_STEP][PASSED] - uiaction.CommonUIActions.click: uiaction.CommonUIActions.click is PASSED

2018-06-06 19:29:45 - [MESSAGE][PASSED] - uiaction.CommonUIActions.click is PASSED

2018-06-06 19:29:45 - [TEST_STEP][PASSED] - delay: Delayed 15 second(s)

2018-06-06 19:30:00 - [MESSAGE][PASSED] - Delayed 15 second(s)

2018-06-06 19:30:00 - [TEST_STEP][PASSED] - Statement - driver = com.kms.katalon.core.webui.driver.DriverFactory.getWebDriver(): null

2018-06-06 19:30:00 - [TEST_STEP][PASSED] - Statement - driver.findElement(org.openqa.selenium.By.xpath("//span[contains(text(),'" + storenumber.trim() + "')]")).click(): null

2018-06-06 19:30:00 - [TEST_STEP][PASSED] - click: Object: 'Object Repository/ReportsPage/timeSelection' is clicked on

2018-06-06 19:30:00 - [MESSAGE][PASSED] - Object: 'Object Repository/ReportsPage/timeSelection' is clicked on

2018-06-06 19:30:00 - [TEST_STEP][PASSED] - click: Object: 'Object Repository/ReportsPage/dayTimeOption' is clicked on

2018-06-06 19:30:00 - [MESSAGE][PASSED] - Object: 'Object Repository/ReportsPage/dayTimeOption' is clicked on

2018-06-06 19:30:00 - [TEST_STEP][PASSED] - click: Object: 'Object Repository/ReportsPage/summaryReportHeading' is clicked on

2018-06-06 19:30:00 - [MESSAGE][PASSED] - Object: 'Object Repository/ReportsPage/summaryReportHeading' is clicked on

2018-06-06 19:30:00 - [TEST_STEP][PASSED] - verifyElementText: Actual text and expected text of test object 'Object Repository/ReportsPage/dayTimeOption' are matched.

2018-06-06 19:30:00 - [MESSAGE][PASSED] - projectSpecific.Reusability.getTestData is PASSED

2018-06-06 19:30:00 - [MESSAGE][PASSED] - Actual text and expected text of test object 'Object Repository/ReportsPage/dayTimeOption' are matched.

2018-06-06 19:30:00 - [TEST_STEP][PASSED] - verifyElementText: Actual text and expected text of test object 'Object Repository/ReportsPage/criteriaTimeMeasureForDay' are matched.

2018-06-06 19:30:00 - [MESSAGE][PASSED] - projectSpecific.Reusability.getTestData is PASSED

2018-06-06 19:30:00 - [MESSAGE][PASSED] - Actual text and expected text of test object 'Object Repository/ReportsPage/criteriaTimeMeasureForDay' are matched.

2018-06-06 19:30:00 - [TEST_STEP][PASSED] - delay: Delayed 5 second(s)

2018-06-06 19:30:05 - [MESSAGE][PASSED] - Delayed 5 second(s)

2018-06-06 19:30:05 - [TEST_STEP][PASSED] - click: Object: 'Object Repository/ReportsPage/fromDateSelector' is clicked on

2018-06-06 19:30:05 - [MESSAGE][PASSED] - Object: 'Object Repository/ReportsPage/fromDateSelector' is clicked on

2018-06-06 19:30:05 - [TEST_STEP][PASSED] - delay: Delayed 5 second(s)

2018-06-06 19:30:10 - [MESSAGE][PASSED] - Delayed 5 second(s)

2018-06-06 19:30:10 - [TEST_STEP][PASSED] - Statement - monthText = com.kms.katalon.core.webui.keyword.WebUiBuiltInKeywords.getText(com.kms.katalon.core.testobject.ObjectRepository.findTestObject(ReportsPage/monthText)): Text of object 'Object Repository/ReportsPage/monthText' is: 'June 2018'

2018-06-06 19:30:10 - [MESSAGE][PASSED] - Text of object 'Object Repository/ReportsPage/monthText' is: 'June 2018'

2018-06-06 19:30:10 - [TEST_STEP][PASSED] - Statement - monthTextArray = monthText.split(" "): null

2018-06-06 19:30:10 - [TEST_STEP][PASSED] - Statement - month = monthTextArray[0]: null

2018-06-06 19:30:10 - [TEST_STEP][PASSED] - Statement - monthTextValue = CustomKeywords.projectSpecific.Reusability.getTestData("ReportsPage", "Month"): projectSpecific.Reusability.getTestData is PASSED

2018-06-06 19:30:10 - [MESSAGE][PASSED] - projectSpecific.Reusability.getTestData is PASSED

2018-06-06 19:30:10 - [TEST_STEP][PASSED] - Statement - If (!(monthTextValue.equals(month))): null

2018-06-06 19:30:10 - [TEST_STEP][PASSED] - Statement - While (!(monthTextValue.equals(month))): null

2018-06-06 19:30:10 - [TEST_STEP][PASSED] - click: Object: 'Object Repository/ReportsPage/previousDateSelector' is clicked on

2018-06-06 19:30:10 - [MESSAGE][PASSED] - Object: 'Object Repository/ReportsPage/previousDateSelector' is clicked on

2018-06-06 19:30:10 - [TEST_STEP][PASSED] - Statement - monthText = com.kms.katalon.core.webui.keyword.WebUiBuiltInKeywords.getText(com.kms.katalon.core.testobject.ObjectRepository.findTestObject(ReportsPage/monthText)): Text of object 'Object Repository/ReportsPage/monthText' is: 'May 2018'

2018-06-06 19:30:10 - [MESSAGE][PASSED] - Text of object 'Object Repository/ReportsPage/monthText' is: 'May 2018'

2018-06-06 19:30:10 - [TEST_STEP][PASSED] - Statement - monthTextArray = monthText.split(" "): null

2018-06-06 19:30:10 - [TEST_STEP][PASSED] - Statement - month = monthTextArray[0]: null

2018-06-06 19:30:10 - [TEST_STEP][PASSED] - click: Object: 'Object Repository/ReportsPage/previousDateSelector' is clicked on

2018-06-06 19:30:10 - [MESSAGE][PASSED] - Object: 'Object Repository/ReportsPage/previousDateSelector' is clicked on

2018-06-06 19:30:10 - [TEST_STEP][PASSED] - Statement - monthText = com.kms.katalon.core.webui.keyword.WebUiBuiltInKeywords.getText(com.kms.katalon.core.testobject.ObjectRepository.findTestObject(ReportsPage/monthText)): Text of object 'Object Repository/ReportsPage/monthText' is: 'April 2018'

2018-06-06 19:30:10 - [MESSAGE][PASSED] - Text of object 'Object Repository/ReportsPage/monthText' is: 'April 2018'

2018-06-06 19:30:10 - [TEST_STEP][PASSED] - Statement - monthTextArray = monthText.split(" "): null

2018-06-06 19:30:10 - [TEST_STEP][PASSED] - Statement - month = monthTextArray[0]: null

2018-06-06 19:30:10 - [TEST_STEP][PASSED] - click: Object: 'Object Repository/ReportsPage/previousDateSelector' is clicked on

2018-06-06 19:30:10 - [MESSAGE][PASSED] - Object: 'Object Repository/ReportsPage/previousDateSelector' is clicked on

2018-06-06 19:30:10 - [TEST_STEP][PASSED] - Statement - monthText = com.kms.katalon.core.webui.keyword.WebUiBuiltInKeywords.getText(com.kms.katalon.core.testobject.ObjectRepository.findTestObject(ReportsPage/monthText)): Text of object 'Object Repository/ReportsPage/monthText' is: 'March 2018'

2018-06-06 19:30:10 - [MESSAGE][PASSED] - Text of object 'Object Repository/ReportsPage/monthText' is: 'March 2018'

2018-06-06 19:30:10 - [TEST_STEP][PASSED] - Statement - monthTextArray = monthText.split(" "): null

2018-06-06 19:30:10 - [TEST_STEP][PASSED] - Statement - month = monthTextArray[0]: null

2018-06-06 19:30:10 - [TEST_STEP][PASSED] - Statement - data = CustomKeywords.projectSpecific.Reusability.getTestData("ReportsPage", "EndDate"): projectSpecific.Reusability.getTestData is PASSED

2018-06-06 19:30:10 - [MESSAGE][PASSED] - projectSpecific.Reusability.getTestData is PASSED

2018-06-06 19:30:10 - [TEST_STEP][PASSED] - Statement - startDate = "(//td[text()='" + data + "'])[1]": null

2018-06-06 19:30:10 - [TEST_STEP][PASSED] - Statement - println(startDate): null

2018-06-06 19:30:10 - [TEST_STEP][PASSED] - Statement - startdateEle = driver.findElement(org.openqa.selenium.By.xpath(startDate)): null

2018-06-06 19:30:10 - [TEST_STEP][PASSED] - Statement - startdateEle.click(): null

2018-06-06 19:30:10 - [TEST_STEP][PASSED] - delay: Delayed 5 second(s)

2018-06-06 19:30:15 - [MESSAGE][PASSED] - Delayed 5 second(s)

2018-06-06 19:30:15 - [TEST_STEP][PASSED] - click: Object: 'Object Repository/ReportsPage/toDateSelector' is clicked on

2018-06-06 19:30:16 - [MESSAGE][PASSED] - Object: 'Object Repository/ReportsPage/toDateSelector' is clicked on

2018-06-06 19:30:16 - [TEST_STEP][PASSED] - Statement - monthText = com.kms.katalon.core.webui.keyword.WebUiBuiltInKeywords.getText(com.kms.katalon.core.testobject.ObjectRepository.findTestObject(ReportsPage/monthText2)): Text of object 'Object Repository/ReportsPage/monthText2' is: 'June 2018'

2018-06-06 19:30:16 - [MESSAGE][PASSED] - Text of object 'Object Repository/ReportsPage/monthText2' is: 'June 2018'

2018-06-06 19:30:16 - [TEST_STEP][PASSED] - Statement - monthTextArray = monthText.split(" "): null

2018-06-06 19:30:16 - [TEST_STEP][PASSED] - Statement - month = monthTextArray[0]: null

2018-06-06 19:30:16 - [TEST_STEP][PASSED] - Statement - monthTextValue1 = CustomKeywords.projectSpecific.Reusability.getTestData("ReportsPage", "Month"): projectSpecific.Reusability.getTestData is PASSED

2018-06-06 19:30:16 - [MESSAGE][PASSED] - projectSpecific.Reusability.getTestData is PASSED

2018-06-06 19:30:16 - [TEST_STEP][PASSED] - Statement - If (!(monthTextValue1.equals(month))): null

2018-06-06 19:30:16 - [TEST_STEP][PASSED] - Statement - While (!(monthTextValue1.equals(month))): null

2018-06-06 19:30:16 - [TEST_STEP][PASSED] - click: Object: 'Object Repository/ReportsPage/previousDateSelector2' is clicked on

2018-06-06 19:30:16 - [MESSAGE][PASSED] - Object: 'Object Repository/ReportsPage/previousDateSelector2' is clicked on

2018-06-06 19:30:16 - [TEST_STEP][PASSED] - Statement - monthText = com.kms.katalon.core.webui.keyword.WebUiBuiltInKeywords.getText(com.kms.katalon.core.testobject.ObjectRepository.findTestObject(ReportsPage/monthText2)): Text of object 'Object Repository/ReportsPage/monthText2' is: 'May 2018'

2018-06-06 19:30:16 - [MESSAGE][PASSED] - Text of object 'Object Repository/ReportsPage/monthText2' is: 'May 2018'

2018-06-06 19:30:16 - [TEST_STEP][PASSED] - Statement - monthTextArray = monthText.split(" "): null

2018-06-06 19:30:16 - [TEST_STEP][PASSED] - Statement - month = monthTextArray[0]: null

2018-06-06 19:30:16 - [TEST_STEP][PASSED] - click: Object: 'Object Repository/ReportsPage/previousDateSelector2' is clicked on

2018-06-06 19:30:16 - [MESSAGE][PASSED] - Object: 'Object Repository/ReportsPage/previousDateSelector2' is clicked on

2018-06-06 19:30:16 - [TEST_STEP][PASSED] - Statement - monthText = com.kms.katalon.core.webui.keyword.WebUiBuiltInKeywords.getText(com.kms.katalon.core.testobject.ObjectRepository.findTestObject(ReportsPage/monthText2)): Text of object 'Object Repository/ReportsPage/monthText2' is: 'April 2018'

2018-06-06 19:30:16 - [MESSAGE][PASSED] - Text of object 'Object Repository/ReportsPage/monthText2' is: 'April 2018'

2018-06-06 19:30:16 - [TEST_STEP][PASSED] - Statement - monthTextArray = monthText.split(" "): null

2018-06-06 19:30:16 - [TEST_STEP][PASSED] - Statement - month = monthTextArray[0]: null

2018-06-06 19:30:16 - [TEST_STEP][PASSED] - click: Object: 'Object Repository/ReportsPage/previousDateSelector2' is clicked on

2018-06-06 19:30:16 - [MESSAGE][PASSED] - Object: 'Object Repository/ReportsPage/previousDateSelector2' is clicked on

2018-06-06 19:30:16 - [TEST_STEP][PASSED] - Statement - monthText = com.kms.katalon.core.webui.keyword.WebUiBuiltInKeywords.getText(com.kms.katalon.core.testobject.ObjectRepository.findTestObject(ReportsPage/monthText2)): Text of object 'Object Repository/ReportsPage/monthText2' is: 'March 2018'

2018-06-06 19:30:16 - [MESSAGE][PASSED] - Text of object 'Object Repository/ReportsPage/monthText2' is: 'March 2018'

2018-06-06 19:30:16 - [TEST_STEP][PASSED] - Statement - monthTextArray = monthText.split(" "): null

2018-06-06 19:30:16 - [TEST_STEP][PASSED] - Statement - month = monthTextArray[0]: null

2018-06-06 19:30:16 - [TEST_STEP][PASSED] - Statement - endDate = CustomKeywords.projectSpecific.Reusability.getTestData("ReportsPage", "EndDate"): projectSpecific.Reusability.getTestData is PASSED

2018-06-06 19:30:16 - [MESSAGE][PASSED] - projectSpecific.Reusability.getTestData is PASSED

2018-06-06 19:30:16 - [TEST_STEP][PASSED] - Statement - toDate = "(//td[text()='" + endDate + "'])[2]": null

2018-06-06 19:30:16 - [TEST_STEP][PASSED] - Statement - println(toDate): null

2018-06-06 19:30:16 - [TEST_STEP][PASSED] - Statement - toDateEle = driver.findElement(org.openqa.selenium.By.xpath(toDate)): null

2018-06-06 19:30:16 - [TEST_STEP][PASSED] - Statement - toDateEle.click(): null

2018-06-06 19:30:16 - [TEST_STEP][PASSED] - delay: Delayed 5 second(s)

2018-06-06 19:30:21 - [MESSAGE][PASSED] - Delayed 5 second(s)

2018-06-06 19:30:21 - [TEST_STEP][PASSED] - Statement - dateAttr = com.kms.katalon.core.webui.keyword.WebUiBuiltInKeywords.getAttribute(com.kms.katalon.core.testobject.ObjectRepository.findTestObject(ReportsPage/selectedDate1), "value"): Attribute 'value' of object 'Object Repository/ReportsPage/selectedDate1' is: '03/14/2018'

2018-06-06 19:30:21 - [MESSAGE][PASSED] - Attribute 'value' of object 'Object Repository/ReportsPage/selectedDate1' is: '03/14/2018'

2018-06-06 19:30:21 - [TEST_STEP][PASSED] - Statement - fromDateValue = CustomKeywords.projectSpecific.Reusability.getTestData("ReportsPage", "toDate"): projectSpecific.Reusability.getTestData is PASSED

2018-06-06 19:30:21 - [MESSAGE][PASSED] - projectSpecific.Reusability.getTestData is PASSED

2018-06-06 19:30:21 - [TEST_STEP][PASSED] - Statement - If (!(dateAttr.equals(fromDateValue))): null

2018-06-06 19:30:21 - [TEST_STEP][PASSED] - Statement - dateAttr = com.kms.katalon.core.webui.keyword.WebUiBuiltInKeywords.getAttribute(com.kms.katalon.core.testobject.ObjectRepository.findTestObject(ReportsPage/selectedDate2), "value"): Attribute 'value' of object 'Object Repository/ReportsPage/selectedDate2' is: '03/14/2018'

2018-06-06 19:30:21 - [MESSAGE][PASSED] - Attribute 'value' of object 'Object Repository/ReportsPage/selectedDate2' is: '03/14/2018'

2018-06-06 19:30:21 - [TEST_STEP][PASSED] - Statement - toDateValue = CustomKeywords.projectSpecific.Reusability.getTestData("ReportsPage", "toDate"): projectSpecific.Reusability.getTestData is PASSED

2018-06-06 19:30:21 - [MESSAGE][PASSED] - projectSpecific.Reusability.getTestData is PASSED

2018-06-06 19:30:21 - [TEST_STEP][PASSED] - Statement - If (!(dateAttr.equals(toDateValue))): null

2018-06-06 19:30:21 - [TEST_STEP][PASSED] - click: Object: 'Object Repository/ReportsPage/generateReport' is clicked on

2018-06-06 19:30:21 - [MESSAGE][PASSED] - Object: 'Object Repository/ReportsPage/generateReport' is clicked on

2018-06-06 19:30:21 - [TEST_STEP][PASSED] - delay: Delayed 15 second(s)

2018-06-06 19:30:36 - [MESSAGE][PASSED] - Delayed 15 second(s)

2018-06-06 19:30:36 - [TEST_STEP][PASSED] - Statement - printTime = CustomKeywords.uiaction.CommonUIActions.getText(com.kms.katalon.core.testobject.ObjectRepository.findTestObject(SummarizedReportPage/printTime)): uiaction.CommonUIActions.getText is PASSED

2018-06-06 19:30:36 - [MESSAGE][PASSED] - uiaction.CommonUIActions.getText is PASSED

2018-06-06 19:30:36 - [TEST_STEP][PASSED] - Statement - cal = java.util.Calendar.getInstance(): null

2018-06-06 19:30:36 - [TEST_STEP][PASSED] - Statement - sdf = new java.text.SimpleDateFormat(hh:mm a): null

2018-06-06 19:30:36 - [TEST_STEP][PASSED] - Statement - currentSystemTime = sdf.format(cal.getTime()): null

2018-06-06 19:30:36 - [TEST_STEP][PASSED] - Statement - out.println(currentSystemTime): null

2018-06-06 19:30:36 - [TEST_STEP][PASSED] - Statement - If (currentSystemTime.contains(printTime)): null

2018-06-06 19:30:36 - [TEST_STEP][PASSED] - Statement - out.println("Print Time is displayed the current local time "): null

2018-06-06 19:30:36 - [TEST_STEP][PASSED] - uiaction.CommonUIActions.click: uiaction.CommonUIActions.click is PASSED

2018-06-06 19:30:47 - [MESSAGE][PASSED] - uiaction.CommonUIActions.click is PASSED

2018-06-06 19:30:47 - [TEST_STEP][PASSED] - Statement - assert TCflag == true: null

2018-06-06 19:30:47 - [TEST_STEP][PASSED] - Start listener action : sampleAfterTestCase: Browser is closed

2018-06-06 19:30:47 - [TEST_STEP][PASSED] - Statement - println(testCaseContext.getTestCaseId()): null

2018-06-06 19:30:47 - [TEST_STEP][PASSED] - Statement - println(testCaseContext.getTestCaseStatus()): null

2018-06-06 19:30:47 - [TEST_STEP][PASSED] - closeBrowser: Browser is closed

2018-06-06 19:30:48 - [MESSAGE][PASSED] - Browser is closed]]></system-out>
         <system-err><![CDATA[]]></system-err>
      </testcase>
      <testcase name="Test Cases/TimeZoneTC/HME-Account_Setting-Timezone-05" classname="Test Cases/TimeZoneTC/HME-Account_Setting-Timezone-05" status="FAILED">
         <failure type="FAILED" message="org.codehaus.groovy.runtime.powerassert.PowerAssertionError: assert TCflag==true
       |     |
       false false"/>
         <system-out><![CDATA[2018-06-06 19:30:48 - [TEST_CASE][FAILED] - Test Cases/TimeZoneTC/HME-Account_Setting-Timezone-05: Test Cases/TimeZoneTC/HME-Account_Setting-Timezone-05 FAILED because (of) org.codehaus.groovy.runtime.powerassert.PowerAssertionError: assert TCflag==true
       |     |
       false false

2018-06-06 19:30:48 - [TEST_STEP][PASSED] - Start listener action : sampleBeforeTestCase: uiaction.CommonUIActions.deleteAllCookies is PASSED

2018-06-06 19:30:48 - [TEST_STEP][PASSED] - openBrowser: Browser is opened with url: ''

2018-06-06 19:30:50 - [MESSAGE][PASSED] - Browser is opened with url: ''

2018-06-06 19:30:50 - [TEST_STEP][PASSED] - maximizeWindow: Current window maximized

2018-06-06 19:30:51 - [MESSAGE][PASSED] - Current window maximized

2018-06-06 19:30:51 - [TEST_STEP][PASSED] - uiaction.CommonUIActions.deleteAllCookies: uiaction.CommonUIActions.deleteAllCookies is PASSED

2018-06-06 19:30:51 - [MESSAGE][PASSED] - Delete all cookies successfully

2018-06-06 19:30:51 - [MESSAGE][PASSED] - uiaction.CommonUIActions.deleteAllCookies is PASSED

2018-06-06 19:30:51 - [TEST_STEP][PASSED] - Statement - TCflag = true: null

2018-06-06 19:30:51 - [TEST_STEP][PASSED] - Statement - Try: uiaction.CommonUIActions.click is PASSED

2018-06-06 19:30:51 - [TEST_STEP][PASSED] - navigateToUrl: Navigate to 'https://uat.hmedtcloud.com' successfully

2018-06-06 19:31:13 - [MESSAGE][PASSED] - Navigate to 'https://uat.hmedtcloud.com' successfully

2018-06-06 19:31:13 - [TEST_STEP][PASSED] - delay: Delayed 15 second(s)

2018-06-06 19:31:28 - [MESSAGE][PASSED] - Delayed 15 second(s)

2018-06-06 19:31:28 - [TEST_STEP][PASSED] - projectSpecific.Reusability.login: projectSpecific.Reusability.login is PASSED

2018-06-06 19:31:28 - [MESSAGE][PASSED] - projectSpecific.Reusability.getTestData is PASSED

2018-06-06 19:31:28 - [MESSAGE][PASSED] - projectSpecific.Reusability.getTestData is PASSED

2018-06-06 19:31:45 - [MESSAGE][PASSED] - Text 'swtest01@hme.com' is set on object 'Object Repository/LoginPage/Username'

2018-06-06 19:31:45 - [MESSAGE][PASSED] - Text 'SWTest01' is set on object 'Object Repository/LoginPage/Password'

2018-06-06 19:31:49 - [MESSAGE][PASSED] - Object: 'Object Repository/LoginPage/Login' is clicked on

2018-06-06 19:31:49 - [MESSAGE][PASSED] - projectSpecific.Reusability.login is PASSED

2018-06-06 19:31:49 - [TEST_STEP][PASSED] - delay: Delayed 10 second(s)

2018-06-06 19:31:59 - [MESSAGE][PASSED] - Delayed 10 second(s)

2018-06-06 19:31:59 - [TEST_STEP][PASSED] - Statement - welcomeMsg = CustomKeywords.uiaction.CommonUIActions.getText(com.kms.katalon.core.testobject.ObjectRepository.findTestObject(HomePage/welcomeMessage)): uiaction.CommonUIActions.getText is PASSED

2018-06-06 19:31:59 - [MESSAGE][PASSED] - uiaction.CommonUIActions.getText is PASSED

2018-06-06 19:31:59 - [TEST_STEP][PASSED] - Statement - expactedWelcomeMsg = CustomKeywords.projectSpecific.Reusability.getTestData("HomePage", "welcomeMsg"): projectSpecific.Reusability.getTestData is PASSED

2018-06-06 19:31:59 - [MESSAGE][PASSED] - projectSpecific.Reusability.getTestData is PASSED

2018-06-06 19:31:59 - [TEST_STEP][PASSED] - Statement - If (welcomeMsg.contains(expactedWelcomeMsg)): null

2018-06-06 19:31:59 - [TEST_STEP][PASSED] - Statement - out.println("Welcome message is verified"): null

2018-06-06 19:31:59 - [TEST_STEP][PASSED] - uiaction.CommonUIActions.click: uiaction.CommonUIActions.click is PASSED

2018-06-06 19:32:01 - [MESSAGE][PASSED] - uiaction.CommonUIActions.click is PASSED

2018-06-06 19:32:01 - [TEST_STEP][PASSED] - Statement - storenumber = CustomKeywords.uiaction.CommonUIActions.getText(com.kms.katalon.core.testobject.ObjectRepository.findTestObject(StorePage/storepage_storenumber)): uiaction.CommonUIActions.getText is PASSED

2018-06-06 19:32:01 - [MESSAGE][PASSED] - uiaction.CommonUIActions.getText is PASSED

2018-06-06 19:32:01 - [TEST_STEP][PASSED] - Statement - out.println(" the store number is--" + storenumber.trim()): null

2018-06-06 19:32:01 - [TEST_STEP][PASSED] - uiaction.CommonUIActions.click: uiaction.CommonUIActions.click is PASSED

2018-06-06 19:32:05 - [MESSAGE][PASSED] - uiaction.CommonUIActions.click is PASSED

2018-06-06 19:32:05 - [TEST_STEP][PASSED] - delay: Delayed 15 second(s)

2018-06-06 19:32:20 - [MESSAGE][PASSED] - Delayed 15 second(s)

2018-06-06 19:32:20 - [TEST_STEP][PASSED] - Statement - driver = com.kms.katalon.core.webui.driver.DriverFactory.getWebDriver(): null

2018-06-06 19:32:20 - [TEST_STEP][PASSED] - Statement - driver.findElement(org.openqa.selenium.By.xpath("//span[contains(text(),'" + storenumber.trim() + "')]")).click(): null

2018-06-06 19:32:20 - [TEST_STEP][PASSED] - delay: Delayed 5 second(s)

2018-06-06 19:32:25 - [MESSAGE][PASSED] - Delayed 5 second(s)

2018-06-06 19:32:25 - [TEST_STEP][PASSED] - click: Object: 'Object Repository/ReportsPage/timeSelection' is clicked on

2018-06-06 19:32:25 - [MESSAGE][PASSED] - Object: 'Object Repository/ReportsPage/timeSelection' is clicked on

2018-06-06 19:32:25 - [TEST_STEP][PASSED] - click: Object: 'Object Repository/ReportsPage/daypartTimeOption' is clicked on

2018-06-06 19:32:25 - [MESSAGE][PASSED] - Object: 'Object Repository/ReportsPage/daypartTimeOption' is clicked on

2018-06-06 19:32:25 - [TEST_STEP][PASSED] - click: Object: 'Object Repository/ReportsPage/summaryReportHeading' is clicked on

2018-06-06 19:32:25 - [MESSAGE][PASSED] - Object: 'Object Repository/ReportsPage/summaryReportHeading' is clicked on

2018-06-06 19:32:25 - [TEST_STEP][PASSED] - verifyElementText: Actual text and expected text of test object 'Object Repository/ReportsPage/daypartTimeOption' are matched.

2018-06-06 19:32:25 - [MESSAGE][PASSED] - projectSpecific.Reusability.getTestData is PASSED

2018-06-06 19:32:25 - [MESSAGE][PASSED] - Actual text and expected text of test object 'Object Repository/ReportsPage/daypartTimeOption' are matched.

2018-06-06 19:32:25 - [TEST_STEP][PASSED] - verifyElementText: Actual text and expected text of test object 'Object Repository/ReportsPage/criteriaTimeMeasureFordaypart' are matched.

2018-06-06 19:32:26 - [MESSAGE][PASSED] - projectSpecific.Reusability.getTestData is PASSED

2018-06-06 19:32:26 - [MESSAGE][PASSED] - Actual text and expected text of test object 'Object Repository/ReportsPage/criteriaTimeMeasureFordaypart' are matched.

2018-06-06 19:32:26 - [TEST_STEP][PASSED] - delay: Delayed 5 second(s)

2018-06-06 19:32:31 - [MESSAGE][PASSED] - Delayed 5 second(s)

2018-06-06 19:32:31 - [TEST_STEP][PASSED] - click: Object: 'Object Repository/ReportsPage/fromDateSelector' is clicked on

2018-06-06 19:32:31 - [MESSAGE][PASSED] - Object: 'Object Repository/ReportsPage/fromDateSelector' is clicked on

2018-06-06 19:32:31 - [TEST_STEP][PASSED] - delay: Delayed 5 second(s)

2018-06-06 19:32:36 - [MESSAGE][PASSED] - Delayed 5 second(s)

2018-06-06 19:32:36 - [TEST_STEP][PASSED] - Statement - monthText = com.kms.katalon.core.webui.keyword.WebUiBuiltInKeywords.getText(com.kms.katalon.core.testobject.ObjectRepository.findTestObject(ReportsPage/monthText)): Text of object 'Object Repository/ReportsPage/monthText' is: 'June 2018'

2018-06-06 19:32:36 - [MESSAGE][PASSED] - Text of object 'Object Repository/ReportsPage/monthText' is: 'June 2018'

2018-06-06 19:32:36 - [TEST_STEP][PASSED] - Statement - monthTextArray = monthText.split(" "): null

2018-06-06 19:32:36 - [TEST_STEP][PASSED] - Statement - month = monthTextArray[0]: null

2018-06-06 19:32:36 - [TEST_STEP][PASSED] - Statement - monthTextValue = CustomKeywords.projectSpecific.Reusability.getTestData("ReportsPage", "Month"): projectSpecific.Reusability.getTestData is PASSED

2018-06-06 19:32:36 - [MESSAGE][PASSED] - projectSpecific.Reusability.getTestData is PASSED

2018-06-06 19:32:36 - [TEST_STEP][PASSED] - Statement - If (!(monthTextValue.equals(month))): null

2018-06-06 19:32:36 - [TEST_STEP][PASSED] - Statement - While (!(monthTextValue.equals(month))): null

2018-06-06 19:32:36 - [TEST_STEP][PASSED] - click: Object: 'Object Repository/ReportsPage/previousDateSelector' is clicked on

2018-06-06 19:32:36 - [MESSAGE][PASSED] - Object: 'Object Repository/ReportsPage/previousDateSelector' is clicked on

2018-06-06 19:32:36 - [TEST_STEP][PASSED] - Statement - monthText = com.kms.katalon.core.webui.keyword.WebUiBuiltInKeywords.getText(com.kms.katalon.core.testobject.ObjectRepository.findTestObject(ReportsPage/monthText)): Text of object 'Object Repository/ReportsPage/monthText' is: 'May 2018'

2018-06-06 19:32:36 - [MESSAGE][PASSED] - Text of object 'Object Repository/ReportsPage/monthText' is: 'May 2018'

2018-06-06 19:32:36 - [TEST_STEP][PASSED] - Statement - monthTextArray = monthText.split(" "): null

2018-06-06 19:32:36 - [TEST_STEP][PASSED] - Statement - month = monthTextArray[0]: null

2018-06-06 19:32:36 - [TEST_STEP][PASSED] - click: Object: 'Object Repository/ReportsPage/previousDateSelector' is clicked on

2018-06-06 19:32:36 - [MESSAGE][PASSED] - Object: 'Object Repository/ReportsPage/previousDateSelector' is clicked on

2018-06-06 19:32:36 - [TEST_STEP][PASSED] - Statement - monthText = com.kms.katalon.core.webui.keyword.WebUiBuiltInKeywords.getText(com.kms.katalon.core.testobject.ObjectRepository.findTestObject(ReportsPage/monthText)): Text of object 'Object Repository/ReportsPage/monthText' is: 'April 2018'

2018-06-06 19:32:36 - [MESSAGE][PASSED] - Text of object 'Object Repository/ReportsPage/monthText' is: 'April 2018'

2018-06-06 19:32:36 - [TEST_STEP][PASSED] - Statement - monthTextArray = monthText.split(" "): null

2018-06-06 19:32:36 - [TEST_STEP][PASSED] - Statement - month = monthTextArray[0]: null

2018-06-06 19:32:36 - [TEST_STEP][PASSED] - click: Object: 'Object Repository/ReportsPage/previousDateSelector' is clicked on

2018-06-06 19:32:36 - [MESSAGE][PASSED] - Object: 'Object Repository/ReportsPage/previousDateSelector' is clicked on

2018-06-06 19:32:36 - [TEST_STEP][PASSED] - Statement - monthText = com.kms.katalon.core.webui.keyword.WebUiBuiltInKeywords.getText(com.kms.katalon.core.testobject.ObjectRepository.findTestObject(ReportsPage/monthText)): Text of object 'Object Repository/ReportsPage/monthText' is: 'March 2018'

2018-06-06 19:32:36 - [MESSAGE][PASSED] - Text of object 'Object Repository/ReportsPage/monthText' is: 'March 2018'

2018-06-06 19:32:36 - [TEST_STEP][PASSED] - Statement - monthTextArray = monthText.split(" "): null

2018-06-06 19:32:36 - [TEST_STEP][PASSED] - Statement - month = monthTextArray[0]: null

2018-06-06 19:32:36 - [TEST_STEP][PASSED] - Statement - data = CustomKeywords.projectSpecific.Reusability.getTestData("ReportsPage", "StartDate_March3"): projectSpecific.Reusability.getTestData is PASSED

2018-06-06 19:32:36 - [MESSAGE][PASSED] - projectSpecific.Reusability.getTestData is PASSED

2018-06-06 19:32:36 - [TEST_STEP][PASSED] - Statement - startDate = "(//td[text()='" + data + "'])[1]": null

2018-06-06 19:32:36 - [TEST_STEP][PASSED] - Statement - println(startDate): null

2018-06-06 19:32:36 - [TEST_STEP][PASSED] - Statement - startdateEle = driver.findElement(org.openqa.selenium.By.xpath(startDate)): null

2018-06-06 19:32:36 - [TEST_STEP][PASSED] - Statement - startdateEle.click(): null

2018-06-06 19:32:36 - [TEST_STEP][PASSED] - delay: Delayed 5 second(s)

2018-06-06 19:32:41 - [MESSAGE][PASSED] - Delayed 5 second(s)

2018-06-06 19:32:41 - [TEST_STEP][PASSED] - click: Object: 'Object Repository/ReportsPage/toDateSelector' is clicked on

2018-06-06 19:32:41 - [MESSAGE][PASSED] - Object: 'Object Repository/ReportsPage/toDateSelector' is clicked on

2018-06-06 19:32:41 - [TEST_STEP][PASSED] - Statement - monthText = com.kms.katalon.core.webui.keyword.WebUiBuiltInKeywords.getText(com.kms.katalon.core.testobject.ObjectRepository.findTestObject(ReportsPage/monthText2)): Text of object 'Object Repository/ReportsPage/monthText2' is: 'June 2018'

2018-06-06 19:32:41 - [MESSAGE][PASSED] - Text of object 'Object Repository/ReportsPage/monthText2' is: 'June 2018'

2018-06-06 19:32:41 - [TEST_STEP][PASSED] - Statement - monthTextArray = monthText.split(" "): null

2018-06-06 19:32:41 - [TEST_STEP][PASSED] - Statement - month = monthTextArray[0]: null

2018-06-06 19:32:41 - [TEST_STEP][PASSED] - Statement - monthTextValue1 = CustomKeywords.projectSpecific.Reusability.getTestData("ReportsPage", "Month"): projectSpecific.Reusability.getTestData is PASSED

2018-06-06 19:32:41 - [MESSAGE][PASSED] - projectSpecific.Reusability.getTestData is PASSED

2018-06-06 19:32:41 - [TEST_STEP][PASSED] - Statement - If (!(monthTextValue1.equals(month))): null

2018-06-06 19:32:41 - [TEST_STEP][PASSED] - Statement - While (!(monthTextValue1.equals(month))): null

2018-06-06 19:32:41 - [TEST_STEP][PASSED] - click: Object: 'Object Repository/ReportsPage/previousDateSelector2' is clicked on

2018-06-06 19:32:41 - [MESSAGE][PASSED] - Object: 'Object Repository/ReportsPage/previousDateSelector2' is clicked on

2018-06-06 19:32:41 - [TEST_STEP][PASSED] - Statement - monthText = com.kms.katalon.core.webui.keyword.WebUiBuiltInKeywords.getText(com.kms.katalon.core.testobject.ObjectRepository.findTestObject(ReportsPage/monthText2)): Text of object 'Object Repository/ReportsPage/monthText2' is: 'May 2018'

2018-06-06 19:32:41 - [MESSAGE][PASSED] - Text of object 'Object Repository/ReportsPage/monthText2' is: 'May 2018'

2018-06-06 19:32:41 - [TEST_STEP][PASSED] - Statement - monthTextArray = monthText.split(" "): null

2018-06-06 19:32:41 - [TEST_STEP][PASSED] - Statement - month = monthTextArray[0]: null

2018-06-06 19:32:41 - [TEST_STEP][PASSED] - click: Object: 'Object Repository/ReportsPage/previousDateSelector2' is clicked on

2018-06-06 19:32:41 - [MESSAGE][PASSED] - Object: 'Object Repository/ReportsPage/previousDateSelector2' is clicked on

2018-06-06 19:32:41 - [TEST_STEP][PASSED] - Statement - monthText = com.kms.katalon.core.webui.keyword.WebUiBuiltInKeywords.getText(com.kms.katalon.core.testobject.ObjectRepository.findTestObject(ReportsPage/monthText2)): Text of object 'Object Repository/ReportsPage/monthText2' is: 'April 2018'

2018-06-06 19:32:41 - [MESSAGE][PASSED] - Text of object 'Object Repository/ReportsPage/monthText2' is: 'April 2018'

2018-06-06 19:32:41 - [TEST_STEP][PASSED] - Statement - monthTextArray = monthText.split(" "): null

2018-06-06 19:32:41 - [TEST_STEP][PASSED] - Statement - month = monthTextArray[0]: null

2018-06-06 19:32:41 - [TEST_STEP][PASSED] - click: Object: 'Object Repository/ReportsPage/previousDateSelector2' is clicked on

2018-06-06 19:32:41 - [MESSAGE][PASSED] - Object: 'Object Repository/ReportsPage/previousDateSelector2' is clicked on

2018-06-06 19:32:41 - [TEST_STEP][PASSED] - Statement - monthText = com.kms.katalon.core.webui.keyword.WebUiBuiltInKeywords.getText(com.kms.katalon.core.testobject.ObjectRepository.findTestObject(ReportsPage/monthText2)): Text of object 'Object Repository/ReportsPage/monthText2' is: 'March 2018'

2018-06-06 19:32:41 - [MESSAGE][PASSED] - Text of object 'Object Repository/ReportsPage/monthText2' is: 'March 2018'

2018-06-06 19:32:41 - [TEST_STEP][PASSED] - Statement - monthTextArray = monthText.split(" "): null

2018-06-06 19:32:41 - [TEST_STEP][PASSED] - Statement - month = monthTextArray[0]: null

2018-06-06 19:32:41 - [TEST_STEP][PASSED] - Statement - endDate = CustomKeywords.projectSpecific.Reusability.getTestData("ReportsPage", "EndDate_March3"): projectSpecific.Reusability.getTestData is PASSED

2018-06-06 19:32:41 - [MESSAGE][PASSED] - projectSpecific.Reusability.getTestData is PASSED

2018-06-06 19:32:41 - [TEST_STEP][PASSED] - Statement - toDate = "(//td[text()='" + endDate + "'])[2]": null

2018-06-06 19:32:41 - [TEST_STEP][PASSED] - Statement - println(toDate): null

2018-06-06 19:32:41 - [TEST_STEP][PASSED] - Statement - toDateEle = driver.findElement(org.openqa.selenium.By.xpath(toDate)): null

2018-06-06 19:32:41 - [TEST_STEP][PASSED] - Statement - toDateEle.click(): null

2018-06-06 19:32:41 - [TEST_STEP][PASSED] - delay: Delayed 5 second(s)

2018-06-06 19:32:46 - [MESSAGE][PASSED] - Delayed 5 second(s)

2018-06-06 19:32:46 - [TEST_STEP][PASSED] - Statement - dateAttr = com.kms.katalon.core.webui.keyword.WebUiBuiltInKeywords.getAttribute(com.kms.katalon.core.testobject.ObjectRepository.findTestObject(ReportsPage/selectedDate1), "value"): Attribute 'value' of object 'Object Repository/ReportsPage/selectedDate1' is: '03/15/2018'

2018-06-06 19:32:46 - [MESSAGE][PASSED] - Attribute 'value' of object 'Object Repository/ReportsPage/selectedDate1' is: '03/15/2018'

2018-06-06 19:32:46 - [TEST_STEP][PASSED] - Statement - fromDateValue = CustomKeywords.projectSpecific.Reusability.getTestData("ReportsPage", "fromDate_March3"): projectSpecific.Reusability.getTestData is PASSED

2018-06-06 19:32:46 - [MESSAGE][PASSED] - projectSpecific.Reusability.getTestData is PASSED

2018-06-06 19:32:46 - [TEST_STEP][PASSED] - Statement - If (!(dateAttr.equals(fromDateValue))): null

2018-06-06 19:32:46 - [TEST_STEP][PASSED] - Statement - dateAttr = com.kms.katalon.core.webui.keyword.WebUiBuiltInKeywords.getAttribute(com.kms.katalon.core.testobject.ObjectRepository.findTestObject(ReportsPage/selectedDate2), "value"): Attribute 'value' of object 'Object Repository/ReportsPage/selectedDate2' is: '03/17/2018'

2018-06-06 19:32:46 - [MESSAGE][PASSED] - Attribute 'value' of object 'Object Repository/ReportsPage/selectedDate2' is: '03/17/2018'

2018-06-06 19:32:46 - [TEST_STEP][PASSED] - Statement - toDateValue = CustomKeywords.projectSpecific.Reusability.getTestData("ReportsPage", "toDate_March3"): projectSpecific.Reusability.getTestData is PASSED

2018-06-06 19:32:47 - [MESSAGE][PASSED] - projectSpecific.Reusability.getTestData is PASSED

2018-06-06 19:32:47 - [TEST_STEP][PASSED] - Statement - If (!(dateAttr.equals(toDateValue))): null

2018-06-06 19:32:47 - [TEST_STEP][PASSED] - click: Object: 'Object Repository/ReportsPage/generateReport' is clicked on

2018-06-06 19:32:47 - [MESSAGE][PASSED] - Object: 'Object Repository/ReportsPage/generateReport' is clicked on

2018-06-06 19:32:47 - [TEST_STEP][PASSED] - delay: Delayed 15 second(s)

2018-06-06 19:33:02 - [MESSAGE][PASSED] - Delayed 15 second(s)

2018-06-06 19:33:02 - [TEST_STEP][PASSED] - Statement - printTime = CustomKeywords.uiaction.CommonUIActions.getText(com.kms.katalon.core.testobject.ObjectRepository.findTestObject(SummarizedReportPage/printTime)): uiaction.CommonUIActions.getText is PASSED

2018-06-06 19:33:02 - [MESSAGE][PASSED] - uiaction.CommonUIActions.getText is PASSED

2018-06-06 19:33:02 - [TEST_STEP][PASSED] - Statement - cal = java.util.Calendar.getInstance(): null

2018-06-06 19:33:02 - [TEST_STEP][PASSED] - Statement - sdf = new java.text.SimpleDateFormat(hh:mm a): null

2018-06-06 19:33:02 - [TEST_STEP][PASSED] - Statement - currentSystemTime = sdf.format(cal.getTime()): null

2018-06-06 19:33:02 - [TEST_STEP][PASSED] - Statement - out.println(currentSystemTime): null

2018-06-06 19:33:02 - [TEST_STEP][PASSED] - Statement - If (currentSystemTime.contains(printTime)): null

2018-06-06 19:33:02 - [TEST_STEP][PASSED] - Statement - Else: Taking screenshot successfully

2018-06-06 19:33:02 - [TEST_STEP][PASSED] - Statement - If (TCflag): null

2018-06-06 19:33:02 - [TEST_STEP][PASSED] - Statement - out.println("Print Time is not displayed the current local time "): null

2018-06-06 19:33:02 - [TEST_STEP][PASSED] - takeScreenshot: Taking screenshot successfully

2018-06-06 19:33:02 - [MESSAGE][PASSED] - Taking screenshot successfully
[[ATTACHMENT|C:\\Users\\shalinin\\Katalon Studio\\HME_UAT_TestScripts\\Reports\\TestSuiteDemo\\20180606_192256\\1528293782135.png]]

2018-06-06 19:33:02 - [TEST_STEP][PASSED] - delay: Delayed 5 second(s)

2018-06-06 19:33:07 - [MESSAGE][PASSED] - Delayed 5 second(s)

2018-06-06 19:33:07 - [TEST_STEP][PASSED] - uiaction.CommonUIActions.click: uiaction.CommonUIActions.click is PASSED

2018-06-06 19:33:09 - [MESSAGE][PASSED] - uiaction.CommonUIActions.click is PASSED

2018-06-06 19:33:09 - [TEST_STEP][PASSED] - Statement - assert TCflag == true: null

2018-06-06 19:33:09 - [TEST_STEP][PASSED] - Start listener action : sampleAfterTestCase: Browser is closed

2018-06-06 19:33:09 - [TEST_STEP][PASSED] - Statement - println(testCaseContext.getTestCaseId()): null

2018-06-06 19:33:09 - [TEST_STEP][PASSED] - Statement - println(testCaseContext.getTestCaseStatus()): null

2018-06-06 19:33:09 - [TEST_STEP][PASSED] - closeBrowser: Browser is closed

2018-06-06 19:33:09 - [MESSAGE][PASSED] - Browser is closed]]></system-out>
         <system-err><![CDATA[2018-06-06 19:30:48 - [TEST_CASE][FAILED] - Test Cases/TimeZoneTC/HME-Account_Setting-Timezone-05: Test Cases/TimeZoneTC/HME-Account_Setting-Timezone-05 FAILED because (of) org.codehaus.groovy.runtime.powerassert.PowerAssertionError: assert TCflag==true
       |     |
       false false]]></system-err>
      </testcase>
      <testcase name="Test Cases/TimeZoneTC/HME-Account_Setting-Timezone-06" classname="Test Cases/TimeZoneTC/HME-Account_Setting-Timezone-06" status="FAILED">
         <failure type="FAILED" message="org.codehaus.groovy.runtime.powerassert.PowerAssertionError: assert TCflag==true
       |     |
       false false"/>
         <system-out><![CDATA[2018-06-06 19:33:09 - [TEST_CASE][FAILED] - Test Cases/TimeZoneTC/HME-Account_Setting-Timezone-06: Test Cases/TimeZoneTC/HME-Account_Setting-Timezone-06 FAILED because (of) org.codehaus.groovy.runtime.powerassert.PowerAssertionError: assert TCflag==true
       |     |
       false false

2018-06-06 19:33:09 - [TEST_STEP][PASSED] - Start listener action : sampleBeforeTestCase: uiaction.CommonUIActions.deleteAllCookies is PASSED

2018-06-06 19:33:09 - [TEST_STEP][PASSED] - openBrowser: Browser is opened with url: ''

2018-06-06 19:33:11 - [MESSAGE][PASSED] - Browser is opened with url: ''

2018-06-06 19:33:11 - [TEST_STEP][PASSED] - maximizeWindow: Current window maximized

2018-06-06 19:33:13 - [MESSAGE][PASSED] - Current window maximized

2018-06-06 19:33:13 - [TEST_STEP][PASSED] - uiaction.CommonUIActions.deleteAllCookies: uiaction.CommonUIActions.deleteAllCookies is PASSED

2018-06-06 19:33:13 - [MESSAGE][PASSED] - Delete all cookies successfully

2018-06-06 19:33:13 - [MESSAGE][PASSED] - uiaction.CommonUIActions.deleteAllCookies is PASSED

2018-06-06 19:33:13 - [TEST_STEP][PASSED] - Statement - TCflag = true: null

2018-06-06 19:33:13 - [TEST_STEP][PASSED] - Statement - Try: null

2018-06-06 19:33:13 - [TEST_STEP][PASSED] - navigateToUrl: Navigate to 'https://uat.hmedtcloud.com' successfully

2018-06-06 19:33:24 - [MESSAGE][PASSED] - Navigate to 'https://uat.hmedtcloud.com' successfully

2018-06-06 19:33:24 - [TEST_STEP][PASSED] - delay: Delayed 15 second(s)

2018-06-06 19:33:39 - [MESSAGE][PASSED] - Delayed 15 second(s)

2018-06-06 19:33:39 - [TEST_STEP][PASSED] - projectSpecific.Reusability.login: projectSpecific.Reusability.login is PASSED

2018-06-06 19:33:39 - [MESSAGE][PASSED] - projectSpecific.Reusability.getTestData is PASSED

2018-06-06 19:33:39 - [MESSAGE][PASSED] - projectSpecific.Reusability.getTestData is PASSED

2018-06-06 19:33:39 - [MESSAGE][PASSED] - Text 'swtest01@hme.com' is set on object 'Object Repository/LoginPage/Username'

2018-06-06 19:33:39 - [MESSAGE][PASSED] - Text 'SWTest01' is set on object 'Object Repository/LoginPage/Password'

2018-06-06 19:33:49 - [MESSAGE][PASSED] - Object: 'Object Repository/LoginPage/Login' is clicked on

2018-06-06 19:33:49 - [MESSAGE][PASSED] - projectSpecific.Reusability.login is PASSED

2018-06-06 19:33:49 - [TEST_STEP][PASSED] - delay: Delayed 10 second(s)

2018-06-06 19:33:59 - [MESSAGE][PASSED] - Delayed 10 second(s)

2018-06-06 19:33:59 - [TEST_STEP][PASSED] - Statement - welcomeMsg = CustomKeywords.uiaction.CommonUIActions.getText(com.kms.katalon.core.testobject.ObjectRepository.findTestObject(HomePage/welcomeMessage)): uiaction.CommonUIActions.getText is PASSED

2018-06-06 19:33:59 - [MESSAGE][PASSED] - uiaction.CommonUIActions.getText is PASSED

2018-06-06 19:33:59 - [TEST_STEP][PASSED] - Statement - expactedWelcomeMsg = CustomKeywords.projectSpecific.Reusability.getTestData("HomePage", "welcomeMsg"): projectSpecific.Reusability.getTestData is PASSED

2018-06-06 19:33:59 - [MESSAGE][PASSED] - projectSpecific.Reusability.getTestData is PASSED

2018-06-06 19:33:59 - [TEST_STEP][PASSED] - Statement - If (welcomeMsg.contains(expactedWelcomeMsg)): null

2018-06-06 19:33:59 - [TEST_STEP][PASSED] - Statement - out.println("Welcome message is verified"): null

2018-06-06 19:33:59 - [TEST_STEP][PASSED] - uiaction.CommonUIActions.click: uiaction.CommonUIActions.click is PASSED

2018-06-06 19:34:03 - [MESSAGE][PASSED] - uiaction.CommonUIActions.click is PASSED

2018-06-06 19:34:03 - [TEST_STEP][PASSED] - Statement - storenumber = CustomKeywords.uiaction.CommonUIActions.getText(com.kms.katalon.core.testobject.ObjectRepository.findTestObject(StorePage/storepage_storenumber)): uiaction.CommonUIActions.getText is PASSED

2018-06-06 19:34:03 - [MESSAGE][PASSED] - uiaction.CommonUIActions.getText is PASSED

2018-06-06 19:34:03 - [TEST_STEP][PASSED] - Statement - out.println(" the store number is--" + storenumber.trim()): null

2018-06-06 19:34:03 - [TEST_STEP][PASSED] - uiaction.CommonUIActions.click: uiaction.CommonUIActions.click is PASSED

2018-06-06 19:34:07 - [MESSAGE][PASSED] - uiaction.CommonUIActions.click is PASSED

2018-06-06 19:34:07 - [TEST_STEP][PASSED] - delay: Delayed 15 second(s)

2018-06-06 19:34:22 - [MESSAGE][PASSED] - Delayed 15 second(s)

2018-06-06 19:34:22 - [TEST_STEP][PASSED] - Statement - driver = com.kms.katalon.core.webui.driver.DriverFactory.getWebDriver(): null

2018-06-06 19:34:22 - [TEST_STEP][PASSED] - Statement - driver.findElement(org.openqa.selenium.By.xpath("//span[contains(text(),'" + storenumber.trim() + "')]")).click(): null

2018-06-06 19:34:22 - [TEST_STEP][PASSED] - Statement - Catch (Exception e): null

2018-06-06 19:34:22 - [TEST_STEP][PASSED] - Statement - e.printStackTrace(): null

2018-06-06 19:34:22 - [TEST_STEP][PASSED] - Statement - println("Exception of element not found"): null

2018-06-06 19:34:22 - [TEST_STEP][PASSED] - Statement - If (TCflag): null

2018-06-06 19:34:22 - [TEST_STEP][PASSED] - Statement - assert TCflag == true: null

2018-06-06 19:34:22 - [TEST_STEP][PASSED] - Start listener action : sampleAfterTestCase: Browser is closed

2018-06-06 19:34:22 - [TEST_STEP][PASSED] - Statement - println(testCaseContext.getTestCaseId()): null

2018-06-06 19:34:22 - [TEST_STEP][PASSED] - Statement - println(testCaseContext.getTestCaseStatus()): null

2018-06-06 19:34:22 - [TEST_STEP][PASSED] - closeBrowser: Browser is closed

2018-06-06 19:34:23 - [MESSAGE][PASSED] - Browser is closed]]></system-out>
         <system-err><![CDATA[2018-06-06 19:33:09 - [TEST_CASE][FAILED] - Test Cases/TimeZoneTC/HME-Account_Setting-Timezone-06: Test Cases/TimeZoneTC/HME-Account_Setting-Timezone-06 FAILED because (of) org.codehaus.groovy.runtime.powerassert.PowerAssertionError: assert TCflag==true
       |     |
       false false]]></system-err>
      </testcase>
      <testcase name="Test Cases/CreateGroupTC/HME-StoreListPage-01" classname="Test Cases/CreateGroupTC/HME-StoreListPage-01" status="PASSED">
         <system-out><![CDATA[2018-06-06 19:34:23 - [TEST_CASE][PASSED] - Test Cases/CreateGroupTC/HME-StoreListPage-01: Browser is closed

2018-06-06 19:34:23 - [TEST_STEP][PASSED] - Start listener action : sampleBeforeTestCase: uiaction.CommonUIActions.deleteAllCookies is PASSED

2018-06-06 19:34:23 - [TEST_STEP][PASSED] - openBrowser: Browser is opened with url: ''

2018-06-06 19:34:25 - [MESSAGE][PASSED] - Browser is opened with url: ''

2018-06-06 19:34:25 - [TEST_STEP][PASSED] - maximizeWindow: Current window maximized

2018-06-06 19:34:26 - [MESSAGE][PASSED] - Current window maximized

2018-06-06 19:34:26 - [TEST_STEP][PASSED] - uiaction.CommonUIActions.deleteAllCookies: uiaction.CommonUIActions.deleteAllCookies is PASSED

2018-06-06 19:34:27 - [MESSAGE][PASSED] - Delete all cookies successfully

2018-06-06 19:34:27 - [MESSAGE][PASSED] - uiaction.CommonUIActions.deleteAllCookies is PASSED

2018-06-06 19:34:27 - [TEST_STEP][PASSED] - Statement - TCflag = true: null

2018-06-06 19:34:27 - [TEST_STEP][PASSED] - Statement - Try: uiaction.CommonUIActions.click is PASSED

2018-06-06 19:34:27 - [TEST_STEP][PASSED] - navigateToUrl: Navigate to 'https://uat.hmedtcloud.com' successfully

2018-06-06 19:34:48 - [MESSAGE][PASSED] - Navigate to 'https://uat.hmedtcloud.com' successfully

2018-06-06 19:34:48 - [TEST_STEP][PASSED] - delay: Delayed 15 second(s)

2018-06-06 19:35:03 - [MESSAGE][PASSED] - Delayed 15 second(s)

2018-06-06 19:35:03 - [TEST_STEP][PASSED] - Statement - driver = com.kms.katalon.core.webui.driver.DriverFactory.getWebDriver(): null

2018-06-06 19:35:03 - [TEST_STEP][PASSED] - projectSpecific.Reusability.login: projectSpecific.Reusability.login is PASSED

2018-06-06 19:35:03 - [MESSAGE][PASSED] - projectSpecific.Reusability.getTestData is PASSED

2018-06-06 19:35:03 - [MESSAGE][PASSED] - projectSpecific.Reusability.getTestData is PASSED

2018-06-06 19:35:13 - [MESSAGE][PASSED] - Text 'swtest01@hme.com' is set on object 'Object Repository/LoginPage/Username'

2018-06-06 19:35:13 - [MESSAGE][PASSED] - Text 'SWTest01' is set on object 'Object Repository/LoginPage/Password'

2018-06-06 19:35:25 - [MESSAGE][PASSED] - Object: 'Object Repository/LoginPage/Login' is clicked on

2018-06-06 19:35:25 - [MESSAGE][PASSED] - projectSpecific.Reusability.login is PASSED

2018-06-06 19:35:25 - [TEST_STEP][PASSED] - uiaction.CommonUIActions.click: uiaction.CommonUIActions.click is PASSED

2018-06-06 19:35:26 - [MESSAGE][PASSED] - uiaction.CommonUIActions.click is PASSED

2018-06-06 19:35:26 - [TEST_STEP][PASSED] - delay: Delayed 10 second(s)

2018-06-06 19:35:36 - [MESSAGE][PASSED] - Delayed 10 second(s)

2018-06-06 19:35:36 - [TEST_STEP][PASSED] - uiaction.CommonUIActions.click: uiaction.CommonUIActions.click is PASSED

2018-06-06 19:35:40 - [MESSAGE][PASSED] - uiaction.CommonUIActions.click is PASSED

2018-06-06 19:35:40 - [TEST_STEP][PASSED] - verifyElementPresent: Object 'Object Repository/StorePage/StoreListHeading' is present

2018-06-06 19:35:40 - [MESSAGE][PASSED] - Object 'Object Repository/StorePage/StoreListHeading' is present

2018-06-06 19:35:40 - [TEST_STEP][PASSED] - uiaction.CommonUIActions.click: uiaction.CommonUIActions.click is PASSED

2018-06-06 19:35:43 - [MESSAGE][PASSED] - uiaction.CommonUIActions.click is PASSED

2018-06-06 19:35:43 - [TEST_STEP][PASSED] - verifyElementPresent: Object 'Object Repository/StorePage/ManageLeaderGroupsButton' is present

2018-06-06 19:35:43 - [MESSAGE][PASSED] - Object 'Object Repository/StorePage/ManageLeaderGroupsButton' is present

2018-06-06 19:35:43 - [TEST_STEP][PASSED] - verifyElementPresent: Object 'Object Repository/StorePage/ManageReportGroupsButtton' is present

2018-06-06 19:35:43 - [MESSAGE][PASSED] - Object 'Object Repository/StorePage/ManageReportGroupsButtton' is present

2018-06-06 19:35:43 - [TEST_STEP][PASSED] - uiaction.CommonUIActions.click: uiaction.CommonUIActions.click is PASSED

2018-06-06 19:35:48 - [MESSAGE][PASSED] - uiaction.CommonUIActions.click is PASSED

2018-06-06 19:35:48 - [TEST_STEP][PASSED] - Statement - assert TCflag == true: null

2018-06-06 19:35:48 - [TEST_STEP][PASSED] - Start listener action : sampleAfterTestCase: Browser is closed

2018-06-06 19:35:48 - [TEST_STEP][PASSED] - Statement - println(testCaseContext.getTestCaseId()): null

2018-06-06 19:35:48 - [TEST_STEP][PASSED] - Statement - println(testCaseContext.getTestCaseStatus()): null

2018-06-06 19:35:48 - [TEST_STEP][PASSED] - closeBrowser: Browser is closed

2018-06-06 19:35:48 - [MESSAGE][PASSED] - Browser is closed]]></system-out>
         <system-err><![CDATA[]]></system-err>
      </testcase>
      <testcase name="Test Cases/CreateGroupTC/HME-StoreListPage-02" classname="Test Cases/CreateGroupTC/HME-StoreListPage-02" status="FAILED">
         <failure type="FAILED" message="Unable to set text 'shalini.ngm@gmail.com' of object 'Object Repository/LoginPage/Username' (Root cause: com.kms.katalon.core.webui.exception.WebElementNotFoundException: Web element with id: 'Object Repository/LoginPage/Username' located by 'By.xpath: //*[@id=&quot;Content&quot;]/div/div/form/table/tbody/tr[1]/td/input


' not found)"/>
         <system-out><![CDATA[2018-06-06 19:35:48 - [TEST_CASE][FAILED] - Test Cases/CreateGroupTC/HME-StoreListPage-02: Test Cases/CreateGroupTC/HME-StoreListPage-02 FAILED because (of) Unable to set text 'shalini.ngm@gmail.com' of object 'Object Repository/LoginPage/Username' (Root cause: com.kms.katalon.core.webui.exception.WebElementNotFoundException: Web element with id: 'Object Repository/LoginPage/Username' located by 'By.xpath: //*[@id="Content"]/div/div/form/table/tbody/tr[1]/td/input


' not found)

2018-06-06 19:35:48 - [TEST_STEP][PASSED] - Start listener action : sampleBeforeTestCase: uiaction.CommonUIActions.deleteAllCookies is PASSED

2018-06-06 19:35:48 - [TEST_STEP][PASSED] - openBrowser: Browser is opened with url: ''

2018-06-06 19:35:51 - [MESSAGE][PASSED] - Browser is opened with url: ''

2018-06-06 19:35:51 - [TEST_STEP][PASSED] - maximizeWindow: Current window maximized

2018-06-06 19:35:52 - [MESSAGE][PASSED] - Current window maximized

2018-06-06 19:35:52 - [TEST_STEP][PASSED] - uiaction.CommonUIActions.deleteAllCookies: uiaction.CommonUIActions.deleteAllCookies is PASSED

2018-06-06 19:35:52 - [MESSAGE][PASSED] - Delete all cookies successfully

2018-06-06 19:35:52 - [MESSAGE][PASSED] - uiaction.CommonUIActions.deleteAllCookies is PASSED

2018-06-06 19:35:52 - [TEST_STEP][PASSED] - Statement - TCflag = true: null

2018-06-06 19:35:52 - [TEST_STEP][FAILED] - Statement - Try: uiaction.CommonUIActions.click is PASSED

2018-06-06 19:35:52 - [TEST_STEP][PASSED] - navigateToUrl: Navigate to 'https://uat.hmedtcloud.com' successfully

2018-06-06 19:36:13 - [MESSAGE][PASSED] - Navigate to 'https://uat.hmedtcloud.com' successfully

2018-06-06 19:36:13 - [TEST_STEP][PASSED] - delay: Delayed 15 second(s)

2018-06-06 19:36:28 - [MESSAGE][PASSED] - Delayed 15 second(s)

2018-06-06 19:36:28 - [TEST_STEP][FAILED] - projectSpecific.Reusability.login: Unable to set text 'shalini.ngm@gmail.com' of object 'Object Repository/LoginPage/Username' (Root cause: com.kms.katalon.core.webui.exception.WebElementNotFoundException: Web element with id: 'Object Repository/LoginPage/Username' located by 'By.xpath: //*[@id="Content"]/div/div/form/table/tbody/tr[1]/td/input


' not found)

2018-06-06 19:36:29 - [MESSAGE][PASSED] - projectSpecific.Reusability.getTestData is PASSED

2018-06-06 19:36:29 - [MESSAGE][PASSED] - projectSpecific.Reusability.getTestData is PASSED

2018-06-06 19:37:05 - [MESSAGE][FAILED] - Unable to set text 'shalini.ngm@gmail.com' of object 'Object Repository/LoginPage/Username' (Root cause: com.kms.katalon.core.webui.exception.WebElementNotFoundException: Web element with id: 'Object Repository/LoginPage/Username' located by 'By.xpath: //*[@id="Content"]/div/div/form/table/tbody/tr[1]/td/input


' not found)
[[ATTACHMENT|C:\\Users\\shalinin\\Katalon Studio\\HME_UAT_TestScripts\\Reports\\TestSuiteDemo\\20180606_192256\\1528294025085.png]]

2018-06-06 19:37:46 - [MESSAGE][PASSED] - Text 'Hme@1234' is set on object 'Object Repository/LoginPage/Password'

2018-06-06 19:37:46 - [MESSAGE][PASSED] - Object: 'Object Repository/LoginPage/Login' is clicked on

2018-06-06 19:37:46 - [MESSAGE][FAILED] - Unable to set text 'shalini.ngm@gmail.com' of object 'Object Repository/LoginPage/Username' (Root cause: com.kms.katalon.core.webui.exception.WebElementNotFoundException: Web element with id: 'Object Repository/LoginPage/Username' located by 'By.xpath: //*[@id="Content"]/div/div/form/table/tbody/tr[1]/td/input


' not found)

2018-06-06 19:37:46 - [TEST_STEP][PASSED] - delay: Delayed 10 second(s)

2018-06-06 19:37:56 - [MESSAGE][PASSED] - Delayed 10 second(s)

2018-06-06 19:37:56 - [TEST_STEP][PASSED] - uiaction.CommonUIActions.click: uiaction.CommonUIActions.click is PASSED

2018-06-06 19:38:16 - [MESSAGE][PASSED] - uiaction.CommonUIActions.click is PASSED

2018-06-06 19:38:16 - [TEST_STEP][PASSED] - delay: Delayed 10 second(s)

2018-06-06 19:38:26 - [MESSAGE][PASSED] - Delayed 10 second(s)

2018-06-06 19:38:26 - [TEST_STEP][PASSED] - uiaction.CommonUIActions.click: uiaction.CommonUIActions.click is PASSED

2018-06-06 19:38:47 - [MESSAGE][PASSED] - uiaction.CommonUIActions.click is PASSED

2018-06-06 19:38:47 - [TEST_STEP][FAILED] - verifyElementPresent: com.kms.katalon.core.webui.exception.WebElementNotFoundException: Web element with id: 'Object Repository/StorePage/StoreListHeading' located by 'By.xpath: //div[@class='settings_search clear']/h3' not found

2018-06-06 19:38:52 - [MESSAGE][FAILED] - com.kms.katalon.core.webui.exception.WebElementNotFoundException: Web element with id: 'Object Repository/StorePage/StoreListHeading' located by 'By.xpath: //div[@class='settings_search clear']/h3' not found
[[ATTACHMENT|C:\\Users\\shalinin\\Katalon Studio\\HME_UAT_TestScripts\\Reports\\TestSuiteDemo\\20180606_192256\\1528294132333.png]]

2018-06-06 19:38:52 - [TEST_STEP][PASSED] - uiaction.CommonUIActions.click: uiaction.CommonUIActions.click is PASSED

2018-06-06 19:39:12 - [MESSAGE][PASSED] - uiaction.CommonUIActions.click is PASSED

2018-06-06 19:39:12 - [TEST_STEP][PASSED] - verifyElementNotPresent: Web element with id: 'Object Repository/StorePage/ManageLeaderGroupsButton' located by 'By.xpath: //span[text()='Manage Leaderboard Groups']/..' is not present after '5' second(s)

2018-06-06 19:39:12 - [MESSAGE][PASSED] - Web element with id: 'Object Repository/StorePage/ManageLeaderGroupsButton' located by 'By.xpath: //span[text()='Manage Leaderboard Groups']/..' is not present after '5' second(s)

2018-06-06 19:39:12 - [TEST_STEP][PASSED] - verifyElementNotPresent: Web element with id: 'Object Repository/StorePage/ManageReportGroupsButtton' located by 'By.xpath: //span[text()='Manage Report Groups']/..' is not present after '5' second(s)

2018-06-06 19:39:12 - [MESSAGE][PASSED] - Web element with id: 'Object Repository/StorePage/ManageReportGroupsButtton' located by 'By.xpath: //span[text()='Manage Report Groups']/..' is not present after '5' second(s)

2018-06-06 19:39:12 - [TEST_STEP][PASSED] - uiaction.CommonUIActions.click: uiaction.CommonUIActions.click is PASSED

2018-06-06 19:39:33 - [MESSAGE][PASSED] - uiaction.CommonUIActions.click is PASSED

2018-06-06 19:39:33 - [TEST_STEP][PASSED] - Statement - assert TCflag == true: null

2018-06-06 19:39:33 - [TEST_STEP][PASSED] - Start listener action : sampleAfterTestCase: Browser is closed

2018-06-06 19:39:33 - [TEST_STEP][PASSED] - Statement - println(testCaseContext.getTestCaseId()): null

2018-06-06 19:39:33 - [TEST_STEP][PASSED] - Statement - println(testCaseContext.getTestCaseStatus()): null

2018-06-06 19:39:33 - [TEST_STEP][PASSED] - closeBrowser: Browser is closed

2018-06-06 19:39:33 - [MESSAGE][PASSED] - Browser is closed]]></system-out>
         <system-err><![CDATA[2018-06-06 19:35:48 - [TEST_CASE][FAILED] - Test Cases/CreateGroupTC/HME-StoreListPage-02: Test Cases/CreateGroupTC/HME-StoreListPage-02 FAILED because (of) Unable to set text 'shalini.ngm@gmail.com' of object 'Object Repository/LoginPage/Username' (Root cause: com.kms.katalon.core.webui.exception.WebElementNotFoundException: Web element with id: 'Object Repository/LoginPage/Username' located by 'By.xpath: //*[@id="Content"]/div/div/form/table/tbody/tr[1]/td/input


' not found)]]></system-err>
      </testcase>
      <testcase name="Test Cases/CreateGroupTC/HME-ReportingGroupManagement-03" classname="Test Cases/CreateGroupTC/HME-ReportingGroupManagement-03" status="PASSED">
         <system-out><![CDATA[2018-06-06 19:39:33 - [TEST_CASE][PASSED] - Test Cases/CreateGroupTC/HME-ReportingGroupManagement-03: Browser is closed

2018-06-06 19:39:33 - [TEST_STEP][PASSED] - Start listener action : sampleBeforeTestCase: uiaction.CommonUIActions.deleteAllCookies is PASSED

2018-06-06 19:39:33 - [TEST_STEP][PASSED] - openBrowser: Browser is opened with url: ''

2018-06-06 19:39:36 - [MESSAGE][PASSED] - Browser is opened with url: ''

2018-06-06 19:39:36 - [TEST_STEP][PASSED] - maximizeWindow: Current window maximized

2018-06-06 19:39:37 - [MESSAGE][PASSED] - Current window maximized

2018-06-06 19:39:37 - [TEST_STEP][PASSED] - uiaction.CommonUIActions.deleteAllCookies: uiaction.CommonUIActions.deleteAllCookies is PASSED

2018-06-06 19:39:37 - [MESSAGE][PASSED] - Delete all cookies successfully

2018-06-06 19:39:37 - [MESSAGE][PASSED] - uiaction.CommonUIActions.deleteAllCookies is PASSED

2018-06-06 19:39:37 - [TEST_STEP][PASSED] - Statement - TCflag = true: null

2018-06-06 19:39:37 - [TEST_STEP][PASSED] - Statement - Try: uiaction.CommonUIActions.click is PASSED

2018-06-06 19:39:37 - [TEST_STEP][PASSED] - navigateToUrl: Navigate to 'https://uat.hmedtcloud.com' successfully

2018-06-06 19:40:10 - [MESSAGE][PASSED] - Navigate to 'https://uat.hmedtcloud.com' successfully

2018-06-06 19:40:10 - [TEST_STEP][PASSED] - delay: Delayed 15 second(s)

2018-06-06 19:40:25 - [MESSAGE][PASSED] - Delayed 15 second(s)

2018-06-06 19:40:25 - [TEST_STEP][PASSED] - Statement - driver = com.kms.katalon.core.webui.driver.DriverFactory.getWebDriver(): null

2018-06-06 19:40:25 - [TEST_STEP][PASSED] - projectSpecific.Reusability.login: projectSpecific.Reusability.login is PASSED

2018-06-06 19:40:25 - [MESSAGE][PASSED] - projectSpecific.Reusability.getTestData is PASSED

2018-06-06 19:40:25 - [MESSAGE][PASSED] - projectSpecific.Reusability.getTestData is PASSED

2018-06-06 19:40:25 - [MESSAGE][PASSED] - Text 'swtest01@hme.com' is set on object 'Object Repository/LoginPage/Username'

2018-06-06 19:40:25 - [MESSAGE][PASSED] - Text 'SWTest01' is set on object 'Object Repository/LoginPage/Password'

2018-06-06 19:40:49 - [MESSAGE][PASSED] - Object: 'Object Repository/LoginPage/Login' is clicked on

2018-06-06 19:40:49 - [MESSAGE][PASSED] - projectSpecific.Reusability.login is PASSED

2018-06-06 19:40:49 - [TEST_STEP][PASSED] - delay: Delayed 10 second(s)

2018-06-06 19:40:59 - [MESSAGE][PASSED] - Delayed 10 second(s)

2018-06-06 19:40:59 - [TEST_STEP][PASSED] - uiaction.CommonUIActions.click: uiaction.CommonUIActions.click is PASSED

2018-06-06 19:41:00 - [MESSAGE][PASSED] - uiaction.CommonUIActions.click is PASSED

2018-06-06 19:41:00 - [TEST_STEP][PASSED] - delay: Delayed 10 second(s)

2018-06-06 19:41:10 - [MESSAGE][PASSED] - Delayed 10 second(s)

2018-06-06 19:41:10 - [TEST_STEP][PASSED] - uiaction.CommonUIActions.click: uiaction.CommonUIActions.click is PASSED

2018-06-06 19:41:15 - [MESSAGE][PASSED] - uiaction.CommonUIActions.click is PASSED

2018-06-06 19:41:15 - [TEST_STEP][PASSED] - verifyElementPresent: Object 'Object Repository/StorePage/StoreListHeading' is present

2018-06-06 19:41:15 - [MESSAGE][PASSED] - Object 'Object Repository/StorePage/StoreListHeading' is present

2018-06-06 19:41:15 - [TEST_STEP][PASSED] - uiaction.CommonUIActions.click: uiaction.CommonUIActions.click is PASSED

2018-06-06 19:41:18 - [MESSAGE][PASSED] - uiaction.CommonUIActions.click is PASSED

2018-06-06 19:41:18 - [TEST_STEP][PASSED] - verifyElementPresent: Object 'Object Repository/StorePage/ManageLeaderGroupsButton' is present

2018-06-06 19:41:18 - [MESSAGE][PASSED] - Object 'Object Repository/StorePage/ManageLeaderGroupsButton' is present

2018-06-06 19:41:18 - [TEST_STEP][PASSED] - verifyElementPresent: Object 'Object Repository/StorePage/ManageReportGroupsButtton' is present

2018-06-06 19:41:18 - [MESSAGE][PASSED] - Object 'Object Repository/StorePage/ManageReportGroupsButtton' is present

2018-06-06 19:41:18 - [TEST_STEP][PASSED] - uiaction.CommonUIActions.click: uiaction.CommonUIActions.click is PASSED

2018-06-06 19:41:24 - [MESSAGE][PASSED] - uiaction.CommonUIActions.click is PASSED

2018-06-06 19:41:24 - [TEST_STEP][PASSED] - verifyElementPresent: Object 'Object Repository/ReportingGroupManagement/addNewGroup' is present

2018-06-06 19:41:24 - [MESSAGE][PASSED] - Object 'Object Repository/ReportingGroupManagement/addNewGroup' is present

2018-06-06 19:41:24 - [TEST_STEP][PASSED] - uiaction.CommonUIActions.click: uiaction.CommonUIActions.click is PASSED

2018-06-06 19:41:24 - [MESSAGE][PASSED] - uiaction.CommonUIActions.click is PASSED

2018-06-06 19:41:24 - [TEST_STEP][PASSED] - uiaction.CommonUIActions.click: uiaction.CommonUIActions.click is PASSED

2018-06-06 19:41:24 - [MESSAGE][PASSED] - uiaction.CommonUIActions.click is PASSED

2018-06-06 19:41:24 - [TEST_STEP][PASSED] - uiaction.CommonUIActions.enter: uiaction.CommonUIActions.enter is PASSED

2018-06-06 19:41:24 - [MESSAGE][PASSED] - projectSpecific.Reusability.getTestData is PASSED

2018-06-06 19:41:24 - [MESSAGE][PASSED] - uiaction.CommonUIActions.enter is PASSED

2018-06-06 19:41:24 - [TEST_STEP][PASSED] - uiaction.CommonUIActions.click: uiaction.CommonUIActions.click is PASSED

2018-06-06 19:41:24 - [MESSAGE][PASSED] - uiaction.CommonUIActions.click is PASSED

2018-06-06 19:41:24 - [TEST_STEP][PASSED] - uiaction.CommonUIActions.enter: uiaction.CommonUIActions.enter is PASSED

2018-06-06 19:41:24 - [MESSAGE][PASSED] - projectSpecific.Reusability.getTestData is PASSED

2018-06-06 19:41:24 - [MESSAGE][PASSED] - uiaction.CommonUIActions.enter is PASSED

2018-06-06 19:41:24 - [TEST_STEP][PASSED] - uiaction.CommonUIActions.click: uiaction.CommonUIActions.click is PASSED

2018-06-06 19:41:24 - [MESSAGE][PASSED] - uiaction.CommonUIActions.click is PASSED

2018-06-06 19:41:24 - [TEST_STEP][PASSED] - delay: Delayed 10 second(s)

2018-06-06 19:41:34 - [MESSAGE][PASSED] - Delayed 10 second(s)

2018-06-06 19:41:34 - [TEST_STEP][PASSED] - back: Navigate back successfully

2018-06-06 19:41:34 - [MESSAGE][PASSED] - Navigate back successfully

2018-06-06 19:41:34 - [TEST_STEP][PASSED] - delay: Delayed 5 second(s)

2018-06-06 19:41:39 - [MESSAGE][PASSED] - Delayed 5 second(s)

2018-06-06 19:41:39 - [TEST_STEP][PASSED] - back: Navigate back successfully

2018-06-06 19:41:39 - [MESSAGE][PASSED] - Navigate back successfully

2018-06-06 19:41:39 - [TEST_STEP][PASSED] - delay: Delayed 5 second(s)

2018-06-06 19:41:44 - [MESSAGE][PASSED] - Delayed 5 second(s)

2018-06-06 19:41:44 - [TEST_STEP][PASSED] - Statement - index = 0: null

2018-06-06 19:41:44 - [TEST_STEP][PASSED] - Statement - groupName = CustomKeywords.projectSpecific.Reusability.getTestData("ReportingGroupManagementPage", "groupNameTC3"): projectSpecific.Reusability.getTestData is PASSED

2018-06-06 19:41:44 - [MESSAGE][PASSED] - projectSpecific.Reusability.getTestData is PASSED

2018-06-06 19:41:44 - [TEST_STEP][PASSED] - Statement - groupHierarchyList = driver.findElements(org.openqa.selenium.By.xpath(com.kms.katalon.core.testdata.TestDataFactory.findTestData(OR_file).getValue(2, 13))): Reading excel file with source file 'C:\Users\shalinin\Katalon Studio\HME_UAT_TestScripts\Data Files\HME_OR.xlsx' and sheet name 'Sheet1'

2018-06-06 19:41:44 - [TEST_STEP][PASSED] - Statement - For ([i = 0, i < groupHierarchyList.size(), (i++)]): null

2018-06-06 19:41:44 - [TEST_STEP][PASSED] - Statement - If (groupHierarchyList.get(i).getText().equals(groupName)): null

2018-06-06 19:41:44 - [TEST_STEP][PASSED] - Statement - index = 5: null

2018-06-06 19:41:44 - [TEST_STEP][PASSED] - Statement - Break: null

2018-06-06 19:41:44 - [TEST_STEP][PASSED] - delay: Delayed 10 second(s)

2018-06-06 19:41:54 - [MESSAGE][PASSED] - Delayed 10 second(s)

2018-06-06 19:41:54 - [TEST_STEP][PASSED] - Statement - If (index == 5): uiaction.CommonUIActions.click is PASSED

2018-06-06 19:41:54 - [TEST_STEP][PASSED] - Statement - println("Group is available in group hierarchy"): null

2018-06-06 19:41:54 - [TEST_STEP][PASSED] - Statement - xpath = "//span[text()='" + groupName + "']": null

2018-06-06 19:41:54 - [TEST_STEP][PASSED] - Statement - out.println(xpath): null

2018-06-06 19:41:54 - [TEST_STEP][PASSED] - Statement - driver.findElement(org.openqa.selenium.By.xpath(xpath)).click(): null

2018-06-06 19:41:54 - [TEST_STEP][PASSED] - delay: Delayed 10 second(s)

2018-06-06 19:42:05 - [MESSAGE][PASSED] - Delayed 10 second(s)

2018-06-06 19:42:05 - [TEST_STEP][PASSED] - uiaction.CommonUIActions.click: uiaction.CommonUIActions.click is PASSED

2018-06-06 19:42:05 - [MESSAGE][PASSED] - uiaction.CommonUIActions.click is PASSED

2018-06-06 19:42:05 - [TEST_STEP][PASSED] - uiaction.CommonUIActions.click: uiaction.CommonUIActions.click is PASSED

2018-06-06 19:42:05 - [MESSAGE][PASSED] - uiaction.CommonUIActions.click is PASSED

2018-06-06 19:42:05 - [TEST_STEP][PASSED] - uiaction.CommonUIActions.click: uiaction.CommonUIActions.click is PASSED

2018-06-06 19:42:08 - [MESSAGE][PASSED] - uiaction.CommonUIActions.click is PASSED

2018-06-06 19:42:08 - [TEST_STEP][PASSED] - Statement - assert TCflag == true: null

2018-06-06 19:42:08 - [TEST_STEP][PASSED] - Start listener action : sampleAfterTestCase: Browser is closed

2018-06-06 19:42:08 - [TEST_STEP][PASSED] - Statement - println(testCaseContext.getTestCaseId()): null

2018-06-06 19:42:08 - [TEST_STEP][PASSED] - Statement - println(testCaseContext.getTestCaseStatus()): null

2018-06-06 19:42:08 - [TEST_STEP][PASSED] - closeBrowser: Browser is closed

2018-06-06 19:42:09 - [MESSAGE][PASSED] - Browser is closed]]></system-out>
         <system-err><![CDATA[]]></system-err>
      </testcase>
      <testcase name="Test Cases/CreateGroupTC/HME-CreateGroup-04" classname="Test Cases/CreateGroupTC/HME-CreateGroup-04" status="FAILED">
         <failure type="FAILED" message="Unable to set text 'swtest01@hme.com' of object 'Object Repository/LoginPage/Username' (Root cause: com.kms.katalon.core.webui.exception.WebElementNotFoundException: Web element with id: 'Object Repository/LoginPage/Username' located by 'By.xpath: //*[@id=&quot;Content&quot;]/div/div/form/table/tbody/tr[1]/td/input


' not found)"/>
         <system-out><![CDATA[2018-06-06 19:42:09 - [TEST_CASE][FAILED] - Test Cases/CreateGroupTC/HME-CreateGroup-04: Test Cases/CreateGroupTC/HME-CreateGroup-04 FAILED because (of) Unable to set text 'swtest01@hme.com' of object 'Object Repository/LoginPage/Username' (Root cause: com.kms.katalon.core.webui.exception.WebElementNotFoundException: Web element with id: 'Object Repository/LoginPage/Username' located by 'By.xpath: //*[@id="Content"]/div/div/form/table/tbody/tr[1]/td/input


' not found)

2018-06-06 19:42:09 - [TEST_STEP][PASSED] - Start listener action : sampleBeforeTestCase: uiaction.CommonUIActions.deleteAllCookies is PASSED

2018-06-06 19:42:09 - [TEST_STEP][PASSED] - openBrowser: Browser is opened with url: ''

2018-06-06 19:42:11 - [MESSAGE][PASSED] - Browser is opened with url: ''

2018-06-06 19:42:11 - [TEST_STEP][PASSED] - maximizeWindow: Current window maximized

2018-06-06 19:42:12 - [MESSAGE][PASSED] - Current window maximized

2018-06-06 19:42:12 - [TEST_STEP][PASSED] - uiaction.CommonUIActions.deleteAllCookies: uiaction.CommonUIActions.deleteAllCookies is PASSED

2018-06-06 19:42:13 - [MESSAGE][PASSED] - Delete all cookies successfully

2018-06-06 19:42:13 - [MESSAGE][PASSED] - uiaction.CommonUIActions.deleteAllCookies is PASSED

2018-06-06 19:42:13 - [TEST_STEP][PASSED] - Statement - TCflag = true: null

2018-06-06 19:42:13 - [TEST_STEP][FAILED] - Statement - Try: uiaction.CommonUIActions.click is PASSED

2018-06-06 19:42:13 - [TEST_STEP][PASSED] - navigateToUrl: Navigate to 'https://uat.hmedtcloud.com' successfully

2018-06-06 19:42:34 - [MESSAGE][PASSED] - Navigate to 'https://uat.hmedtcloud.com' successfully

2018-06-06 19:42:34 - [TEST_STEP][PASSED] - delay: Delayed 15 second(s)

2018-06-06 19:42:49 - [MESSAGE][PASSED] - Delayed 15 second(s)

2018-06-06 19:42:49 - [TEST_STEP][FAILED] - projectSpecific.Reusability.login: Unable to set text 'swtest01@hme.com' of object 'Object Repository/LoginPage/Username' (Root cause: com.kms.katalon.core.webui.exception.WebElementNotFoundException: Web element with id: 'Object Repository/LoginPage/Username' located by 'By.xpath: //*[@id="Content"]/div/div/form/table/tbody/tr[1]/td/input


' not found)

2018-06-06 19:42:49 - [MESSAGE][PASSED] - projectSpecific.Reusability.getTestData is PASSED

2018-06-06 19:42:49 - [MESSAGE][PASSED] - projectSpecific.Reusability.getTestData is PASSED

2018-06-06 19:43:20 - [MESSAGE][FAILED] - Unable to set text 'swtest01@hme.com' of object 'Object Repository/LoginPage/Username' (Root cause: com.kms.katalon.core.webui.exception.WebElementNotFoundException: Web element with id: 'Object Repository/LoginPage/Username' located by 'By.xpath: //*[@id="Content"]/div/div/form/table/tbody/tr[1]/td/input


' not found)
[[ATTACHMENT|C:\\Users\\shalinin\\Katalon Studio\\HME_UAT_TestScripts\\Reports\\TestSuiteDemo\\20180606_192256\\1528294400705.png]]

2018-06-06 19:43:29 - [MESSAGE][PASSED] - Text 'SWTest01' is set on object 'Object Repository/LoginPage/Password'

2018-06-06 19:43:29 - [MESSAGE][PASSED] - Object: 'Object Repository/LoginPage/Login' is clicked on

2018-06-06 19:43:29 - [MESSAGE][FAILED] - Unable to set text 'swtest01@hme.com' of object 'Object Repository/LoginPage/Username' (Root cause: com.kms.katalon.core.webui.exception.WebElementNotFoundException: Web element with id: 'Object Repository/LoginPage/Username' located by 'By.xpath: //*[@id="Content"]/div/div/form/table/tbody/tr[1]/td/input


' not found)

2018-06-06 19:43:29 - [TEST_STEP][PASSED] - delay: Delayed 10 second(s)

2018-06-06 19:43:39 - [MESSAGE][PASSED] - Delayed 10 second(s)

2018-06-06 19:43:39 - [TEST_STEP][PASSED] - uiaction.CommonUIActions.click: uiaction.CommonUIActions.click is PASSED

2018-06-06 19:43:59 - [MESSAGE][PASSED] - uiaction.CommonUIActions.click is PASSED

2018-06-06 19:43:59 - [TEST_STEP][PASSED] - delay: Delayed 10 second(s)

2018-06-06 19:44:09 - [MESSAGE][PASSED] - Delayed 10 second(s)

2018-06-06 19:44:09 - [TEST_STEP][PASSED] - uiaction.CommonUIActions.click: uiaction.CommonUIActions.click is PASSED

2018-06-06 19:44:30 - [MESSAGE][PASSED] - uiaction.CommonUIActions.click is PASSED

2018-06-06 19:44:30 - [TEST_STEP][PASSED] - uiaction.CommonUIActions.click: uiaction.CommonUIActions.click is PASSED

2018-06-06 19:44:50 - [MESSAGE][PASSED] - uiaction.CommonUIActions.click is PASSED

2018-06-06 19:44:50 - [TEST_STEP][FAILED] - verifyElementPresent: com.kms.katalon.core.webui.exception.WebElementNotFoundException: Web element with id: 'Object Repository/ReportingGroupManagement/reportingGroupDetails' located by 'By.xpath: //div//h1[text()='Reporting Group Details']' not found

2018-06-06 19:45:00 - [MESSAGE][FAILED] - com.kms.katalon.core.webui.exception.WebElementNotFoundException: Web element with id: 'Object Repository/ReportingGroupManagement/reportingGroupDetails' located by 'By.xpath: //div//h1[text()='Reporting Group Details']' not found
[[ATTACHMENT|C:\\Users\\shalinin\\Katalon Studio\\HME_UAT_TestScripts\\Reports\\TestSuiteDemo\\20180606_192256\\1528294500601.png]]

2018-06-06 19:45:00 - [TEST_STEP][PASSED] - Statement - grpName = CustomKeywords.uiaction.CommonUIActions.getText(com.kms.katalon.core.testobject.ObjectRepository.findTestObject(ReportingGroupManagement/groupName)): uiaction.CommonUIActions.getText is PASSED

2018-06-06 19:45:21 - [MESSAGE][PASSED] - uiaction.CommonUIActions.getText is PASSED

2018-06-06 19:45:21 - [TEST_STEP][PASSED] - Statement - println("grpName"): null

2018-06-06 19:45:21 - [TEST_STEP][PASSED] - Statement - If (grpName.contains("*")): null

2018-06-06 19:45:21 - [TEST_STEP][PASSED] - Statement - Else: Taking screenshot successfully

2018-06-06 19:45:21 - [TEST_STEP][PASSED] - Statement - If (TCflag): null

2018-06-06 19:45:21 - [TEST_STEP][PASSED] - Statement - out.println("Group Name text box is not marked with asterisk symbol"): null

2018-06-06 19:45:21 - [TEST_STEP][PASSED] - takeScreenshot: Taking screenshot successfully

2018-06-06 19:45:21 - [MESSAGE][PASSED] - Taking screenshot successfully
[[ATTACHMENT|C:\\Users\\shalinin\\Katalon Studio\\HME_UAT_TestScripts\\Reports\\TestSuiteDemo\\20180606_192256\\1528294521133.png]]

2018-06-06 19:45:21 - [TEST_STEP][PASSED] - uiaction.CommonUIActions.enter: uiaction.CommonUIActions.enter is PASSED

2018-06-06 19:45:21 - [MESSAGE][PASSED] - projectSpecific.Reusability.getTestData is PASSED

2018-06-06 19:45:21 - [MESSAGE][PASSED] - uiaction.CommonUIActions.enter is PASSED

2018-06-06 19:45:21 - [TEST_STEP][PASSED] - uiaction.CommonUIActions.enter: uiaction.CommonUIActions.enter is PASSED

2018-06-06 19:45:21 - [MESSAGE][PASSED] - projectSpecific.Reusability.getTestData is PASSED

2018-06-06 19:45:41 - [MESSAGE][PASSED] - uiaction.CommonUIActions.enter is PASSED

2018-06-06 19:45:41 - [TEST_STEP][PASSED] - uiaction.CommonUIActions.click: uiaction.CommonUIActions.click is PASSED

2018-06-06 19:46:02 - [MESSAGE][PASSED] - uiaction.CommonUIActions.click is PASSED

2018-06-06 19:46:02 - [TEST_STEP][PASSED] - delay: Delayed 10 second(s)

2018-06-06 19:46:12 - [MESSAGE][PASSED] - Delayed 10 second(s)

2018-06-06 19:46:12 - [TEST_STEP][PASSED] - uiaction.CommonUIActions.back: uiaction.CommonUIActions.back is PASSED

2018-06-06 19:46:12 - [MESSAGE][PASSED] - Navigate back successfully

2018-06-06 19:46:12 - [MESSAGE][PASSED] - uiaction.CommonUIActions.back is PASSED

2018-06-06 19:46:12 - [TEST_STEP][PASSED] - delay: Delayed 5 second(s)

2018-06-06 19:46:17 - [MESSAGE][PASSED] - Delayed 5 second(s)

2018-06-06 19:46:17 - [TEST_STEP][PASSED] - uiaction.CommonUIActions.enter: uiaction.CommonUIActions.enter is PASSED

2018-06-06 19:46:17 - [MESSAGE][PASSED] - projectSpecific.Reusability.getTestData is PASSED

2018-06-06 19:46:17 - [MESSAGE][PASSED] - uiaction.CommonUIActions.enter is PASSED

2018-06-06 19:46:17 - [TEST_STEP][PASSED] - uiaction.CommonUIActions.enter: uiaction.CommonUIActions.enter is PASSED

2018-06-06 19:46:17 - [MESSAGE][PASSED] - projectSpecific.Reusability.getTestData is PASSED

2018-06-06 19:46:37 - [MESSAGE][PASSED] - uiaction.CommonUIActions.enter is PASSED

2018-06-06 19:46:37 - [TEST_STEP][PASSED] - uiaction.CommonUIActions.click: uiaction.CommonUIActions.click is PASSED

2018-06-06 19:46:57 - [MESSAGE][PASSED] - uiaction.CommonUIActions.click is PASSED

2018-06-06 19:46:57 - [TEST_STEP][PASSED] - delay: Delayed 10 second(s)

2018-06-06 19:47:07 - [MESSAGE][PASSED] - Delayed 10 second(s)

2018-06-06 19:47:07 - [TEST_STEP][PASSED] - uiaction.CommonUIActions.back: uiaction.CommonUIActions.back is PASSED

2018-06-06 19:47:09 - [MESSAGE][PASSED] - Navigate back successfully

2018-06-06 19:47:09 - [MESSAGE][PASSED] - uiaction.CommonUIActions.back is PASSED

2018-06-06 19:47:09 - [TEST_STEP][PASSED] - delay: Delayed 5 second(s)

2018-06-06 19:47:14 - [MESSAGE][PASSED] - Delayed 5 second(s)

2018-06-06 19:47:14 - [TEST_STEP][PASSED] - uiaction.CommonUIActions.back: uiaction.CommonUIActions.back is PASSED

2018-06-06 19:47:14 - [MESSAGE][PASSED] - Navigate back successfully

2018-06-06 19:47:14 - [MESSAGE][PASSED] - uiaction.CommonUIActions.back is PASSED

2018-06-06 19:47:14 - [TEST_STEP][PASSED] - delay: Delayed 5 second(s)

2018-06-06 19:47:19 - [MESSAGE][PASSED] - Delayed 5 second(s)

2018-06-06 19:47:19 - [TEST_STEP][PASSED] - uiaction.CommonUIActions.click: uiaction.CommonUIActions.click is PASSED

2018-06-06 19:47:40 - [MESSAGE][PASSED] - uiaction.CommonUIActions.click is PASSED

2018-06-06 19:47:40 - [TEST_STEP][PASSED] - Statement - StoreList = CustomKeywords.projectSpecific.Reusability.getTestData("ReportingGroupManagementPage", "dummyGroupName2"): projectSpecific.Reusability.getTestData is PASSED

2018-06-06 19:47:40 - [MESSAGE][PASSED] - projectSpecific.Reusability.getTestData is PASSED

2018-06-06 19:47:40 - [TEST_STEP][PASSED] - Statement - listOfStores = new java.util.ArrayList(java.util.Arrays.asList(StoreList)): null

2018-06-06 19:47:40 - [TEST_STEP][PASSED] - Statement - out.println(listOfStores): null

2018-06-06 19:47:40 - [TEST_STEP][PASSED] - delay: Delayed 10 second(s)

2018-06-06 19:47:50 - [MESSAGE][PASSED] - Delayed 10 second(s)

2018-06-06 19:47:50 - [TEST_STEP][PASSED] - Statement - driver = com.kms.katalon.core.webui.driver.DriverFactory.getWebDriver(): null

2018-06-06 19:47:50 - [TEST_STEP][PASSED] - Statement - availableStoreList = driver.findElements(org.openqa.selenium.By.xpath(com.kms.katalon.core.testdata.TestDataFactory.findTestData(OR_file).getValue(2, 10))): Reading excel file with source file 'C:\Users\shalinin\Katalon Studio\HME_UAT_TestScripts\Data Files\HME_OR.xlsx' and sheet name 'Sheet1'

2018-06-06 19:47:50 - [TEST_STEP][PASSED] - Statement - actualList = new java.util.ArrayList(): null

2018-06-06 19:47:50 - [TEST_STEP][PASSED] - Statement - For ([i = 0, i < availableStoreList.size(), (i++)]): null

2018-06-06 19:47:50 - [TEST_STEP][PASSED] - Statement - out.println(actualList): null

2018-06-06 19:47:50 - [TEST_STEP][PASSED] - Statement - If (actualList.containsAll(listOfStores)): null

2018-06-06 19:47:50 - [TEST_STEP][PASSED] - Statement - Else: Taking screenshot successfully

2018-06-06 19:47:50 - [TEST_STEP][PASSED] - Statement - If (TCflag): null

2018-06-06 19:47:50 - [TEST_STEP][PASSED] - Statement - println("Actual list does not contain the required stores or groups"): null

2018-06-06 19:47:50 - [TEST_STEP][PASSED] - takeScreenshot: Taking screenshot successfully

2018-06-06 19:47:50 - [MESSAGE][PASSED] - Taking screenshot successfully
[[ATTACHMENT|C:\\Users\\shalinin\\Katalon Studio\\HME_UAT_TestScripts\\Reports\\TestSuiteDemo\\20180606_192256\\1528294670285.png]]

2018-06-06 19:47:50 - [TEST_STEP][PASSED] - uiaction.CommonUIActions.click: uiaction.CommonUIActions.click is PASSED

2018-06-06 19:48:10 - [MESSAGE][PASSED] - uiaction.CommonUIActions.click is PASSED

2018-06-06 19:48:10 - [TEST_STEP][PASSED] - uiaction.CommonUIActions.click: uiaction.CommonUIActions.click is PASSED

2018-06-06 19:48:31 - [MESSAGE][PASSED] - uiaction.CommonUIActions.click is PASSED

2018-06-06 19:48:31 - [TEST_STEP][PASSED] - uiaction.CommonUIActions.back: uiaction.CommonUIActions.back is PASSED

2018-06-06 19:48:31 - [MESSAGE][PASSED] - Navigate back successfully

2018-06-06 19:48:31 - [MESSAGE][PASSED] - uiaction.CommonUIActions.back is PASSED

2018-06-06 19:48:31 - [TEST_STEP][PASSED] - delay: Delayed 5 second(s)

2018-06-06 19:48:36 - [MESSAGE][PASSED] - Delayed 5 second(s)

2018-06-06 19:48:36 - [TEST_STEP][PASSED] - uiaction.CommonUIActions.back: uiaction.CommonUIActions.back is PASSED

2018-06-06 19:48:36 - [MESSAGE][PASSED] - Navigate back successfully

2018-06-06 19:48:36 - [MESSAGE][PASSED] - uiaction.CommonUIActions.back is PASSED

2018-06-06 19:48:36 - [TEST_STEP][PASSED] - delay: Delayed 5 second(s)

2018-06-06 19:48:41 - [MESSAGE][PASSED] - Delayed 5 second(s)

2018-06-06 19:48:41 - [TEST_STEP][PASSED] - uiaction.CommonUIActions.click: uiaction.CommonUIActions.click is PASSED

2018-06-06 19:49:01 - [MESSAGE][PASSED] - uiaction.CommonUIActions.click is PASSED

2018-06-06 19:49:01 - [TEST_STEP][PASSED] - uiaction.CommonUIActions.click: uiaction.CommonUIActions.click is PASSED

2018-06-06 19:49:21 - [MESSAGE][PASSED] - uiaction.CommonUIActions.click is PASSED

2018-06-06 19:49:21 - [TEST_STEP][PASSED] - uiaction.CommonUIActions.click: uiaction.CommonUIActions.click is PASSED

2018-06-06 19:49:41 - [MESSAGE][PASSED] - uiaction.CommonUIActions.click is PASSED

2018-06-06 19:49:41 - [TEST_STEP][PASSED] - uiaction.CommonUIActions.back: uiaction.CommonUIActions.back is PASSED

2018-06-06 19:49:41 - [MESSAGE][PASSED] - Navigate back successfully

2018-06-06 19:49:41 - [MESSAGE][PASSED] - uiaction.CommonUIActions.back is PASSED

2018-06-06 19:49:41 - [TEST_STEP][PASSED] - delay: Delayed 5 second(s)

2018-06-06 19:49:46 - [MESSAGE][PASSED] - Delayed 5 second(s)

2018-06-06 19:49:46 - [TEST_STEP][PASSED] - uiaction.CommonUIActions.back: uiaction.CommonUIActions.back is PASSED

2018-06-06 19:49:46 - [MESSAGE][PASSED] - Navigate back successfully

2018-06-06 19:49:46 - [MESSAGE][PASSED] - uiaction.CommonUIActions.back is PASSED

2018-06-06 19:49:46 - [TEST_STEP][PASSED] - delay: Delayed 5 second(s)

2018-06-06 19:49:51 - [MESSAGE][PASSED] - Delayed 5 second(s)

2018-06-06 19:49:51 - [TEST_STEP][PASSED] - uiaction.CommonUIActions.click: uiaction.CommonUIActions.click is PASSED

2018-06-06 19:50:12 - [MESSAGE][PASSED] - uiaction.CommonUIActions.click is PASSED

2018-06-06 19:50:12 - [TEST_STEP][PASSED] - delay: Delayed 5 second(s)

2018-06-06 19:50:17 - [MESSAGE][PASSED] - Delayed 5 second(s)

2018-06-06 19:50:17 - [TEST_STEP][PASSED] - Statement - secondStoreListBox = driver.findElements(org.openqa.selenium.By.xpath(com.kms.katalon.core.testdata.TestDataFactory.findTestData(OR_file).getValue(2, 11))): Reading excel file with source file 'C:\Users\shalinin\Katalon Studio\HME_UAT_TestScripts\Data Files\HME_OR.xlsx' and sheet name 'Sheet1'

2018-06-06 19:50:17 - [TEST_STEP][PASSED] - Statement - list = new java.util.ArrayList(): null

2018-06-06 19:50:17 - [TEST_STEP][PASSED] - Statement - For ([i = 0, i < secondStoreListBox.size(), (i++)]): null

2018-06-06 19:50:17 - [TEST_STEP][PASSED] - Statement - If (list.size() == 0): null

2018-06-06 19:50:17 - [TEST_STEP][PASSED] - Statement - println("No Groups/Stores is displayed in Groups/Stores in Group list box"): null

2018-06-06 19:50:17 - [TEST_STEP][PASSED] - uiaction.CommonUIActions.enter: uiaction.CommonUIActions.enter is PASSED

2018-06-06 19:50:17 - [MESSAGE][PASSED] - projectSpecific.Reusability.getTestData is PASSED

2018-06-06 19:50:37 - [MESSAGE][PASSED] - uiaction.CommonUIActions.enter is PASSED

2018-06-06 19:50:37 - [TEST_STEP][PASSED] - uiaction.CommonUIActions.enter: uiaction.CommonUIActions.enter is PASSED

2018-06-06 19:50:37 - [MESSAGE][PASSED] - projectSpecific.Reusability.getTestData is PASSED

2018-06-06 19:50:57 - [MESSAGE][PASSED] - uiaction.CommonUIActions.enter is PASSED

2018-06-06 19:50:57 - [TEST_STEP][FAILED] - uiaction.CommonUIActions.verifyMatch: Unable to get attribute 'value' of object 'Object Repository/ReportingGroupManagement/groupNameTxt' (Root cause: com.kms.katalon.core.webui.exception.WebElementNotFoundException: Web element with id: 'Object Repository/ReportingGroupManagement/groupNameTxt' located by 'By.xpath: //input[@type='text']' not found)

2018-06-06 19:50:57 - [MESSAGE][PASSED] - projectSpecific.Reusability.getTestData is PASSED

2018-06-06 19:51:28 - [MESSAGE][FAILED] - Unable to get attribute 'value' of object 'Object Repository/ReportingGroupManagement/groupNameTxt' (Root cause: com.kms.katalon.core.webui.exception.WebElementNotFoundException: Web element with id: 'Object Repository/ReportingGroupManagement/groupNameTxt' located by 'By.xpath: //input[@type='text']' not found)
[[ATTACHMENT|C:\\Users\\shalinin\\Katalon Studio\\HME_UAT_TestScripts\\Reports\\TestSuiteDemo\\20180606_192256\\1528294888155.png]]

2018-06-06 19:51:28 - [MESSAGE][FAILED] - Unable to verify match between actual text 'null' and expected text 'AutomationGroup' (Root cause: Actual text 'null' and expected text 'AutomationGroup' are not matched)

2018-06-06 19:51:28 - [MESSAGE][FAILED] - Unable to get attribute 'value' of object 'Object Repository/ReportingGroupManagement/groupNameTxt' (Root cause: com.kms.katalon.core.webui.exception.WebElementNotFoundException: Web element with id: 'Object Repository/ReportingGroupManagement/groupNameTxt' located by 'By.xpath: //input[@type='text']' not found)

2018-06-06 19:51:28 - [TEST_STEP][FAILED] - uiaction.CommonUIActions.verifyMatch: Unable to get attribute 'value' of object 'Object Repository/ReportingGroupManagement/groupDescTxt' (Root cause: com.kms.katalon.core.webui.exception.WebElementNotFoundException: Web element with id: 'Object Repository/ReportingGroupManagement/groupDescTxt' located by 'By.xpath: //div[@class='col-xs-6']/textarea' not found)

2018-06-06 19:51:28 - [MESSAGE][PASSED] - projectSpecific.Reusability.getTestData is PASSED

2018-06-06 19:51:59 - [MESSAGE][FAILED] - Unable to get attribute 'value' of object 'Object Repository/ReportingGroupManagement/groupDescTxt' (Root cause: com.kms.katalon.core.webui.exception.WebElementNotFoundException: Web element with id: 'Object Repository/ReportingGroupManagement/groupDescTxt' located by 'By.xpath: //div[@class='col-xs-6']/textarea' not found)
[[ATTACHMENT|C:\\Users\\shalinin\\Katalon Studio\\HME_UAT_TestScripts\\Reports\\TestSuiteDemo\\20180606_192256\\1528294918826.png]]

2018-06-06 19:51:59 - [MESSAGE][FAILED] - Unable to verify match between actual text 'null' and expected text 'South west branch Group 11' (Root cause: Actual text 'null' and expected text 'South west branch Group 11' are not matched)

2018-06-06 19:51:59 - [MESSAGE][FAILED] - Unable to get attribute 'value' of object 'Object Repository/ReportingGroupManagement/groupDescTxt' (Root cause: com.kms.katalon.core.webui.exception.WebElementNotFoundException: Web element with id: 'Object Repository/ReportingGroupManagement/groupDescTxt' located by 'By.xpath: //div[@class='col-xs-6']/textarea' not found)

2018-06-06 19:51:59 - [TEST_STEP][PASSED] - delay: Delayed 5 second(s)

2018-06-06 19:52:04 - [MESSAGE][PASSED] - Delayed 5 second(s)

2018-06-06 19:52:04 - [TEST_STEP][PASSED] - uiaction.CommonUIActions.click: uiaction.CommonUIActions.click is PASSED

2018-06-06 19:52:24 - [MESSAGE][PASSED] - uiaction.CommonUIActions.click is PASSED

2018-06-06 19:52:24 - [TEST_STEP][PASSED] - Statement - availableStoresCheckBoxList = driver.findElements(org.openqa.selenium.By.xpath(com.kms.katalon.core.testdata.TestDataFactory.findTestData(OR_file).getValue(2, 12))): Reading excel file with source file 'C:\Users\shalinin\Katalon Studio\HME_UAT_TestScripts\Data Files\HME_OR.xlsx' and sheet name 'Sheet1'

2018-06-06 19:52:24 - [TEST_STEP][PASSED] - Statement - index = 1: null

2018-06-06 19:52:24 - [TEST_STEP][PASSED] - Statement - flag = true: null

2018-06-06 19:52:24 - [TEST_STEP][PASSED] - Statement - For ([i = 0, i < availableStoresCheckBoxList.size(), (i++)]): null

2018-06-06 19:52:24 - [TEST_STEP][PASSED] - Statement - If (flag): null

2018-06-06 19:52:24 - [TEST_STEP][PASSED] - Statement - out.println("All Available Store checkboxes are checked"): null

2018-06-06 19:52:24 - [TEST_STEP][PASSED] - delay: Delayed 5 second(s)

2018-06-06 19:52:29 - [MESSAGE][PASSED] - Delayed 5 second(s)

2018-06-06 19:52:29 - [TEST_STEP][PASSED] - Statement - StoresCBList = driver.findElements(org.openqa.selenium.By.xpath(com.kms.katalon.core.testdata.TestDataFactory.findTestData(OR_file).getValue(2, 12))): Reading excel file with source file 'C:\Users\shalinin\Katalon Studio\HME_UAT_TestScripts\Data Files\HME_OR.xlsx' and sheet name 'Sheet1'

2018-06-06 19:52:29 - [TEST_STEP][PASSED] - Statement - For (org.openqa.selenium.WebElement checkbox : StoresCBList): null

2018-06-06 19:52:29 - [TEST_STEP][PASSED] - Statement - StoresCBList1 = driver.findElements(org.openqa.selenium.By.xpath(com.kms.katalon.core.testdata.TestDataFactory.findTestData(OR_file).getValue(2, 12))): Reading excel file with source file 'C:\Users\shalinin\Katalon Studio\HME_UAT_TestScripts\Data Files\HME_OR.xlsx' and sheet name 'Sheet1'

2018-06-06 19:52:29 - [TEST_STEP][PASSED] - Statement - storesLabel = driver.findElements(org.openqa.selenium.By.xpath(com.kms.katalon.core.testdata.TestDataFactory.findTestData(OR_file).getValue(2, 10))): Reading excel file with source file 'C:\Users\shalinin\Katalon Studio\HME_UAT_TestScripts\Data Files\HME_OR.xlsx' and sheet name 'Sheet1'

2018-06-06 19:52:29 - [TEST_STEP][PASSED] - Statement - groupStoresList = new java.util.ArrayList(): null

2018-06-06 19:52:29 - [TEST_STEP][PASSED] - Statement - out.println(StoresCBList1.size()): null

2018-06-06 19:52:29 - [TEST_STEP][PASSED] - Statement - size = StoresCBList1.size(): null

2018-06-06 19:52:29 - [TEST_STEP][PASSED] - Statement - For ([i = 0, i < StoresCBList1.size(), (i++)]): null

2018-06-06 19:52:29 - [TEST_STEP][PASSED] - Statement - out.println(groupStoresList): null

2018-06-06 19:52:29 - [TEST_STEP][PASSED] - uiaction.CommonUIActions.click: uiaction.CommonUIActions.click is PASSED

2018-06-06 19:52:49 - [MESSAGE][PASSED] - uiaction.CommonUIActions.click is PASSED

2018-06-06 19:52:49 - [TEST_STEP][PASSED] - delay: Delayed 5 second(s)

2018-06-06 19:52:54 - [MESSAGE][PASSED] - Delayed 5 second(s)

2018-06-06 19:52:54 - [TEST_STEP][PASSED] - Statement - secondStoreListBox1 = driver.findElements(org.openqa.selenium.By.xpath(com.kms.katalon.core.testdata.TestDataFactory.findTestData(OR_file).getValue(2, 11))): Reading excel file with source file 'C:\Users\shalinin\Katalon Studio\HME_UAT_TestScripts\Data Files\HME_OR.xlsx' and sheet name 'Sheet1'

2018-06-06 19:52:54 - [TEST_STEP][PASSED] - Statement - actualList1 = new java.util.ArrayList(): null

2018-06-06 19:52:54 - [TEST_STEP][PASSED] - Statement - For ([i = 0, i < secondStoreListBox1.size(), (i++)]): null

2018-06-06 19:52:54 - [TEST_STEP][PASSED] - Statement - out.println(actualList1): null

2018-06-06 19:52:54 - [TEST_STEP][PASSED] - delay: Delayed 10 second(s)

2018-06-06 19:53:04 - [MESSAGE][PASSED] - Delayed 10 second(s)

2018-06-06 19:53:04 - [TEST_STEP][PASSED] - Statement - If (actualList1.containsAll(groupStoresList)): null

2018-06-06 19:53:04 - [TEST_STEP][PASSED] - Statement - println("Selected stores are displayed in Group/Stores in Group listbox"): null

2018-06-06 19:53:04 - [TEST_STEP][PASSED] - uiaction.CommonUIActions.click: uiaction.CommonUIActions.click is PASSED

2018-06-06 19:53:25 - [MESSAGE][PASSED] - uiaction.CommonUIActions.click is PASSED

2018-06-06 19:53:25 - [TEST_STEP][PASSED] - delay: Delayed 10 second(s)

2018-06-06 19:53:35 - [MESSAGE][PASSED] - Delayed 10 second(s)

2018-06-06 19:53:35 - [TEST_STEP][FAILED] - verifyElementPresent: com.kms.katalon.core.webui.exception.WebElementNotFoundException: Web element with id: 'Object Repository/ReportingGroupManagement/groupCreatedMsg' located by 'By.xpath: //div[@class='appr']/h4' not found

2018-06-06 19:53:45 - [MESSAGE][FAILED] - com.kms.katalon.core.webui.exception.WebElementNotFoundException: Web element with id: 'Object Repository/ReportingGroupManagement/groupCreatedMsg' located by 'By.xpath: //div[@class='appr']/h4' not found
[[ATTACHMENT|C:\\Users\\shalinin\\Katalon Studio\\HME_UAT_TestScripts\\Reports\\TestSuiteDemo\\20180606_192256\\1528295025186.png]]

2018-06-06 19:53:45 - [TEST_STEP][PASSED] - delay: Delayed 10 second(s)

2018-06-06 19:53:55 - [MESSAGE][PASSED] - Delayed 10 second(s)

2018-06-06 19:53:55 - [TEST_STEP][PASSED] - uiaction.CommonUIActions.back: uiaction.CommonUIActions.back is PASSED

2018-06-06 19:53:55 - [MESSAGE][PASSED] - Navigate back successfully

2018-06-06 19:53:55 - [MESSAGE][PASSED] - uiaction.CommonUIActions.back is PASSED

2018-06-06 19:53:55 - [TEST_STEP][PASSED] - delay: Delayed 5 second(s)

2018-06-06 19:54:00 - [MESSAGE][PASSED] - Delayed 5 second(s)

2018-06-06 19:54:00 - [TEST_STEP][PASSED] - uiaction.CommonUIActions.back: uiaction.CommonUIActions.back is PASSED

2018-06-06 19:54:00 - [MESSAGE][PASSED] - Navigate back successfully

2018-06-06 19:54:00 - [MESSAGE][PASSED] - uiaction.CommonUIActions.back is PASSED

2018-06-06 19:54:00 - [TEST_STEP][PASSED] - delay: Delayed 5 second(s)

2018-06-06 19:54:05 - [MESSAGE][PASSED] - Delayed 5 second(s)

2018-06-06 19:54:05 - [TEST_STEP][PASSED] - Statement - groupHierarchyList = driver.findElements(org.openqa.selenium.By.xpath(com.kms.katalon.core.testdata.TestDataFactory.findTestData(OR_file).getValue(2, 13))): Reading excel file with source file 'C:\Users\shalinin\Katalon Studio\HME_UAT_TestScripts\Data Files\HME_OR.xlsx' and sheet name 'Sheet1'

2018-06-06 19:54:05 - [TEST_STEP][PASSED] - Statement - actualgroupList = new java.util.ArrayList(): null

2018-06-06 19:54:05 - [TEST_STEP][PASSED] - Statement - For ([i = 0, i < groupHierarchyList.size(), (i++)]): null

2018-06-06 19:54:05 - [TEST_STEP][PASSED] - Statement - out.println(actualgroupList): null

2018-06-06 19:54:05 - [TEST_STEP][PASSED] - delay: Delayed 5 second(s)

2018-06-06 19:54:10 - [MESSAGE][PASSED] - Delayed 5 second(s)

2018-06-06 19:54:10 - [TEST_STEP][PASSED] - Statement - groupName = CustomKeywords.projectSpecific.Reusability.getTestData("ReportingGroupManagementPage", "GroupName"): projectSpecific.Reusability.getTestData is PASSED

2018-06-06 19:54:10 - [MESSAGE][PASSED] - projectSpecific.Reusability.getTestData is PASSED

2018-06-06 19:54:10 - [TEST_STEP][PASSED] - Statement - If (actualgroupList.contains(groupName)): null

2018-06-06 19:54:10 - [TEST_STEP][PASSED] - Statement - Else: Taking screenshot successfully

2018-06-06 19:54:10 - [TEST_STEP][PASSED] - Statement - If (TCflag): null

2018-06-06 19:54:10 - [TEST_STEP][PASSED] - Statement - println("Required group is not available in tree structure"): null

2018-06-06 19:54:10 - [TEST_STEP][PASSED] - takeScreenshot: Taking screenshot successfully

2018-06-06 19:54:10 - [MESSAGE][PASSED] - Taking screenshot successfully
[[ATTACHMENT|C:\\Users\\shalinin\\Katalon Studio\\HME_UAT_TestScripts\\Reports\\TestSuiteDemo\\20180606_192256\\1528295050502.png]]

2018-06-06 19:54:10 - [TEST_STEP][PASSED] - uiaction.CommonUIActions.click: uiaction.CommonUIActions.click is PASSED

2018-06-06 19:54:31 - [MESSAGE][PASSED] - uiaction.CommonUIActions.click is PASSED

2018-06-06 19:54:31 - [TEST_STEP][PASSED] - Statement - subGroupList = new java.util.ArrayList(): null

2018-06-06 19:54:31 - [TEST_STEP][PASSED] - Statement - For ([i = 1, i <= size, (i++)]): null

2018-06-06 19:54:31 - [TEST_STEP][PASSED] - Statement - println(subGroupList): null

2018-06-06 19:54:31 - [TEST_STEP][PASSED] - Statement - If (subGroupList.containsAll(groupStoresList)): null

2018-06-06 19:54:31 - [TEST_STEP][PASSED] - Statement - println("Parent group have all the associated stores and groups"): null

2018-06-06 19:54:31 - [TEST_STEP][PASSED] - uiaction.CommonUIActions.click: uiaction.CommonUIActions.click is PASSED

2018-06-06 19:54:51 - [MESSAGE][PASSED] - uiaction.CommonUIActions.click is PASSED

2018-06-06 19:54:51 - [TEST_STEP][PASSED] - uiaction.CommonUIActions.click: uiaction.CommonUIActions.click is PASSED

2018-06-06 19:55:11 - [MESSAGE][PASSED] - uiaction.CommonUIActions.click is PASSED

2018-06-06 19:55:11 - [TEST_STEP][PASSED] - Statement - storesList = driver.findElements(org.openqa.selenium.By.xpath(com.kms.katalon.core.testdata.TestDataFactory.findTestData(OR_file).getValue(2, 16))): Reading excel file with source file 'C:\Users\shalinin\Katalon Studio\HME_UAT_TestScripts\Data Files\HME_OR.xlsx' and sheet name 'Sheet1'

2018-06-06 19:55:11 - [TEST_STEP][PASSED] - Statement - For ([i = 1, i <= storesList.size(), (i++)]): null

2018-06-06 19:55:11 - [TEST_STEP][PASSED] - uiaction.CommonUIActions.click: uiaction.CommonUIActions.click is PASSED

2018-06-06 19:55:31 - [MESSAGE][PASSED] - uiaction.CommonUIActions.click is PASSED

2018-06-06 19:55:31 - [TEST_STEP][PASSED] - uiaction.CommonUIActions.click: uiaction.CommonUIActions.click is PASSED

2018-06-06 19:55:52 - [MESSAGE][PASSED] - uiaction.CommonUIActions.click is PASSED

2018-06-06 19:55:52 - [TEST_STEP][PASSED] - delay: Delayed 10 second(s)

2018-06-06 19:56:02 - [MESSAGE][PASSED] - Delayed 10 second(s)

2018-06-06 19:56:02 - [TEST_STEP][PASSED] - uiaction.CommonUIActions.click: uiaction.CommonUIActions.click is PASSED

2018-06-06 19:56:22 - [MESSAGE][PASSED] - uiaction.CommonUIActions.click is PASSED

2018-06-06 19:56:22 - [TEST_STEP][PASSED] - uiaction.CommonUIActions.click: uiaction.CommonUIActions.click is PASSED

2018-06-06 19:56:42 - [MESSAGE][PASSED] - uiaction.CommonUIActions.click is PASSED

2018-06-06 19:56:42 - [TEST_STEP][PASSED] - uiaction.CommonUIActions.click: uiaction.CommonUIActions.click is PASSED

2018-06-06 19:57:02 - [MESSAGE][PASSED] - uiaction.CommonUIActions.click is PASSED

2018-06-06 19:57:02 - [TEST_STEP][PASSED] - delay: Delayed 10 second(s)

2018-06-06 19:57:12 - [MESSAGE][PASSED] - Delayed 10 second(s)

2018-06-06 19:57:12 - [TEST_STEP][PASSED] - uiaction.CommonUIActions.back: uiaction.CommonUIActions.back is PASSED

2018-06-06 19:57:12 - [MESSAGE][PASSED] - Navigate back successfully

2018-06-06 19:57:12 - [MESSAGE][PASSED] - uiaction.CommonUIActions.back is PASSED

2018-06-06 19:57:12 - [TEST_STEP][PASSED] - delay: Delayed 5 second(s)

2018-06-06 19:57:17 - [MESSAGE][PASSED] - Delayed 5 second(s)

2018-06-06 19:57:17 - [TEST_STEP][PASSED] - uiaction.CommonUIActions.back: uiaction.CommonUIActions.back is PASSED

2018-06-06 19:57:17 - [MESSAGE][PASSED] - Navigate back successfully

2018-06-06 19:57:17 - [MESSAGE][PASSED] - uiaction.CommonUIActions.back is PASSED

2018-06-06 19:57:17 - [TEST_STEP][PASSED] - delay: Delayed 5 second(s)

2018-06-06 19:57:22 - [MESSAGE][PASSED] - Delayed 5 second(s)

2018-06-06 19:57:22 - [TEST_STEP][PASSED] - uiaction.CommonUIActions.click: uiaction.CommonUIActions.click is PASSED

2018-06-06 19:57:43 - [MESSAGE][PASSED] - uiaction.CommonUIActions.click is PASSED

2018-06-06 19:57:43 - [TEST_STEP][PASSED] - uiaction.CommonUIActions.click: uiaction.CommonUIActions.click is PASSED

2018-06-06 19:58:03 - [MESSAGE][PASSED] - uiaction.CommonUIActions.click is PASSED

2018-06-06 19:58:03 - [TEST_STEP][PASSED] - uiaction.CommonUIActions.click: uiaction.CommonUIActions.click is PASSED

2018-06-06 19:58:23 - [MESSAGE][PASSED] - uiaction.CommonUIActions.click is PASSED

2018-06-06 19:58:23 - [TEST_STEP][PASSED] - uiaction.CommonUIActions.click: uiaction.CommonUIActions.click is PASSED

2018-06-06 19:58:44 - [MESSAGE][PASSED] - uiaction.CommonUIActions.click is PASSED

2018-06-06 19:58:44 - [TEST_STEP][PASSED] - Statement - assert TCflag == true: null

2018-06-06 19:58:44 - [TEST_STEP][PASSED] - Start listener action : sampleAfterTestCase: Browser is closed

2018-06-06 19:58:44 - [TEST_STEP][PASSED] - Statement - println(testCaseContext.getTestCaseId()): null

2018-06-06 19:58:44 - [TEST_STEP][PASSED] - Statement - println(testCaseContext.getTestCaseStatus()): null

2018-06-06 19:58:44 - [TEST_STEP][PASSED] - closeBrowser: Browser is closed

2018-06-06 19:58:45 - [MESSAGE][PASSED] - Browser is closed]]></system-out>
         <system-err><![CDATA[2018-06-06 19:42:09 - [TEST_CASE][FAILED] - Test Cases/CreateGroupTC/HME-CreateGroup-04: Test Cases/CreateGroupTC/HME-CreateGroup-04 FAILED because (of) Unable to set text 'swtest01@hme.com' of object 'Object Repository/LoginPage/Username' (Root cause: com.kms.katalon.core.webui.exception.WebElementNotFoundException: Web element with id: 'Object Repository/LoginPage/Username' located by 'By.xpath: //*[@id="Content"]/div/div/form/table/tbody/tr[1]/td/input


' not found)]]></system-err>
      </testcase>
      <testcase name="Test Cases/CreateGroupTC/HME-EditGroup-05" classname="Test Cases/CreateGroupTC/HME-EditGroup-05" status="FAILED">
         <failure type="FAILED" message="Unable to set text 'swtest01@hme.com' of object 'Object Repository/LoginPage/Username' (Root cause: com.kms.katalon.core.webui.exception.WebElementNotFoundException: Web element with id: 'Object Repository/LoginPage/Username' located by 'By.xpath: //*[@id=&quot;Content&quot;]/div/div/form/table/tbody/tr[1]/td/input


' not found)"/>
         <system-out><![CDATA[2018-06-06 19:58:45 - [TEST_CASE][FAILED] - Test Cases/CreateGroupTC/HME-EditGroup-05: Test Cases/CreateGroupTC/HME-EditGroup-05 FAILED because (of) Unable to set text 'swtest01@hme.com' of object 'Object Repository/LoginPage/Username' (Root cause: com.kms.katalon.core.webui.exception.WebElementNotFoundException: Web element with id: 'Object Repository/LoginPage/Username' located by 'By.xpath: //*[@id="Content"]/div/div/form/table/tbody/tr[1]/td/input


' not found)

2018-06-06 19:58:45 - [TEST_STEP][PASSED] - Start listener action : sampleBeforeTestCase: uiaction.CommonUIActions.deleteAllCookies is PASSED

2018-06-06 19:58:45 - [TEST_STEP][PASSED] - openBrowser: Browser is opened with url: ''

2018-06-06 19:58:52 - [MESSAGE][PASSED] - Browser is opened with url: ''

2018-06-06 19:58:52 - [TEST_STEP][PASSED] - maximizeWindow: Current window maximized

2018-06-06 19:58:53 - [MESSAGE][PASSED] - Current window maximized

2018-06-06 19:58:53 - [TEST_STEP][PASSED] - uiaction.CommonUIActions.deleteAllCookies: uiaction.CommonUIActions.deleteAllCookies is PASSED

2018-06-06 19:58:53 - [MESSAGE][PASSED] - Delete all cookies successfully

2018-06-06 19:58:53 - [MESSAGE][PASSED] - uiaction.CommonUIActions.deleteAllCookies is PASSED

2018-06-06 19:58:54 - [TEST_STEP][PASSED] - Statement - TCflag = true: null

2018-06-06 19:58:54 - [TEST_STEP][FAILED] - Statement - Try: uiaction.CommonUIActions.click is PASSED

2018-06-06 19:58:54 - [TEST_STEP][PASSED] - navigateToUrl: Navigate to 'https://uat.hmedtcloud.com' successfully

2018-06-06 19:59:15 - [MESSAGE][PASSED] - Navigate to 'https://uat.hmedtcloud.com' successfully

2018-06-06 19:59:15 - [TEST_STEP][PASSED] - delay: Delayed 15 second(s)

2018-06-06 19:59:30 - [MESSAGE][PASSED] - Delayed 15 second(s)

2018-06-06 19:59:30 - [TEST_STEP][FAILED] - projectSpecific.Reusability.login: Unable to set text 'swtest01@hme.com' of object 'Object Repository/LoginPage/Username' (Root cause: com.kms.katalon.core.webui.exception.WebElementNotFoundException: Web element with id: 'Object Repository/LoginPage/Username' located by 'By.xpath: //*[@id="Content"]/div/div/form/table/tbody/tr[1]/td/input


' not found)

2018-06-06 19:59:30 - [MESSAGE][PASSED] - projectSpecific.Reusability.getTestData is PASSED

2018-06-06 19:59:30 - [MESSAGE][PASSED] - projectSpecific.Reusability.getTestData is PASSED

2018-06-06 20:00:01 - [MESSAGE][FAILED] - Unable to set text 'swtest01@hme.com' of object 'Object Repository/LoginPage/Username' (Root cause: com.kms.katalon.core.webui.exception.WebElementNotFoundException: Web element with id: 'Object Repository/LoginPage/Username' located by 'By.xpath: //*[@id="Content"]/div/div/form/table/tbody/tr[1]/td/input


' not found)
[[ATTACHMENT|C:\\Users\\shalinin\\Katalon Studio\\HME_UAT_TestScripts\\Reports\\TestSuiteDemo\\20180606_192256\\1528295401628.png]]

2018-06-06 20:00:09 - [MESSAGE][PASSED] - Text 'SWTest01' is set on object 'Object Repository/LoginPage/Password'

2018-06-06 20:00:10 - [MESSAGE][PASSED] - Object: 'Object Repository/LoginPage/Login' is clicked on

2018-06-06 20:00:10 - [MESSAGE][FAILED] - Unable to set text 'swtest01@hme.com' of object 'Object Repository/LoginPage/Username' (Root cause: com.kms.katalon.core.webui.exception.WebElementNotFoundException: Web element with id: 'Object Repository/LoginPage/Username' located by 'By.xpath: //*[@id="Content"]/div/div/form/table/tbody/tr[1]/td/input


' not found)

2018-06-06 20:00:10 - [TEST_STEP][PASSED] - delay: Delayed 10 second(s)

2018-06-06 20:00:20 - [MESSAGE][PASSED] - Delayed 10 second(s)

2018-06-06 20:00:20 - [TEST_STEP][PASSED] - uiaction.CommonUIActions.click: uiaction.CommonUIActions.click is PASSED

2018-06-06 20:00:40 - [MESSAGE][PASSED] - uiaction.CommonUIActions.click is PASSED

2018-06-06 20:00:40 - [TEST_STEP][PASSED] - delay: Delayed 10 second(s)

2018-06-06 20:00:50 - [MESSAGE][PASSED] - Delayed 10 second(s)

2018-06-06 20:00:50 - [TEST_STEP][PASSED] - uiaction.CommonUIActions.click: uiaction.CommonUIActions.click is PASSED

2018-06-06 20:01:10 - [MESSAGE][PASSED] - uiaction.CommonUIActions.click is PASSED

2018-06-06 20:01:10 - [TEST_STEP][PASSED] - uiaction.CommonUIActions.click: uiaction.CommonUIActions.click is PASSED

2018-06-06 20:01:31 - [MESSAGE][PASSED] - uiaction.CommonUIActions.click is PASSED

2018-06-06 20:01:31 - [TEST_STEP][FAILED] - verifyElementPresent: com.kms.katalon.core.webui.exception.WebElementNotFoundException: Web element with id: 'Object Repository/ReportingGroupManagement/reportingGroupDetails' located by 'By.xpath: //div//h1[text()='Reporting Group Details']' not found

2018-06-06 20:01:41 - [MESSAGE][FAILED] - com.kms.katalon.core.webui.exception.WebElementNotFoundException: Web element with id: 'Object Repository/ReportingGroupManagement/reportingGroupDetails' located by 'By.xpath: //div//h1[text()='Reporting Group Details']' not found
[[ATTACHMENT|C:\\Users\\shalinin\\Katalon Studio\\HME_UAT_TestScripts\\Reports\\TestSuiteDemo\\20180606_192256\\1528295501152.png]]

2018-06-06 20:01:41 - [TEST_STEP][PASSED] - uiaction.CommonUIActions.enter: uiaction.CommonUIActions.enter is PASSED

2018-06-06 20:01:41 - [MESSAGE][PASSED] - projectSpecific.Reusability.getTestData is PASSED

2018-06-06 20:01:41 - [MESSAGE][PASSED] - uiaction.CommonUIActions.enter is PASSED

2018-06-06 20:01:41 - [TEST_STEP][PASSED] - uiaction.CommonUIActions.enter: uiaction.CommonUIActions.enter is PASSED

2018-06-06 20:01:41 - [MESSAGE][PASSED] - projectSpecific.Reusability.getTestData is PASSED

2018-06-06 20:02:01 - [MESSAGE][PASSED] - uiaction.CommonUIActions.enter is PASSED

2018-06-06 20:02:01 - [TEST_STEP][PASSED] - uiaction.CommonUIActions.click: uiaction.CommonUIActions.click is PASSED

2018-06-06 20:02:22 - [MESSAGE][PASSED] - uiaction.CommonUIActions.click is PASSED

2018-06-06 20:02:22 - [TEST_STEP][PASSED] - delay: Delayed 10 second(s)

2018-06-06 20:02:32 - [MESSAGE][PASSED] - Delayed 10 second(s)

2018-06-06 20:02:32 - [TEST_STEP][PASSED] - uiaction.CommonUIActions.back: uiaction.CommonUIActions.back is PASSED

2018-06-06 20:02:32 - [MESSAGE][PASSED] - Navigate back successfully

2018-06-06 20:02:32 - [MESSAGE][PASSED] - uiaction.CommonUIActions.back is PASSED

2018-06-06 20:02:32 - [TEST_STEP][PASSED] - delay: Delayed 5 second(s)

2018-06-06 20:02:37 - [MESSAGE][PASSED] - Delayed 5 second(s)

2018-06-06 20:02:37 - [TEST_STEP][PASSED] - uiaction.CommonUIActions.back: uiaction.CommonUIActions.back is PASSED

2018-06-06 20:02:37 - [MESSAGE][PASSED] - Navigate back successfully

2018-06-06 20:02:37 - [MESSAGE][PASSED] - uiaction.CommonUIActions.back is PASSED

2018-06-06 20:02:37 - [TEST_STEP][PASSED] - delay: Delayed 5 second(s)

2018-06-06 20:02:42 - [MESSAGE][PASSED] - Delayed 5 second(s)

2018-06-06 20:02:42 - [TEST_STEP][PASSED] - Statement - driver = com.kms.katalon.core.webui.driver.DriverFactory.getWebDriver(): null

2018-06-06 20:02:42 - [TEST_STEP][PASSED] - Statement - groupHierarchyList = driver.findElements(org.openqa.selenium.By.xpath(com.kms.katalon.core.testdata.TestDataFactory.findTestData(OR_file).getValue(2, 13))): Reading excel file with source file 'C:\Users\shalinin\Katalon Studio\HME_UAT_TestScripts\Data Files\HME_OR.xlsx' and sheet name 'Sheet1'

2018-06-06 20:02:42 - [TEST_STEP][PASSED] - Statement - actualgroupList = new java.util.ArrayList(): null

2018-06-06 20:02:42 - [TEST_STEP][PASSED] - Statement - For ([i = 0, i < groupHierarchyList.size(), (i++)]): null

2018-06-06 20:02:42 - [TEST_STEP][PASSED] - Statement - out.println(actualgroupList): null

2018-06-06 20:02:42 - [TEST_STEP][PASSED] - delay: Delayed 10 second(s)

2018-06-06 20:02:52 - [MESSAGE][PASSED] - Delayed 10 second(s)

2018-06-06 20:02:52 - [TEST_STEP][PASSED] - Statement - groupName = CustomKeywords.projectSpecific.Reusability.getTestData("ReportingGroupManagementPage", "GroupName"): projectSpecific.Reusability.getTestData is PASSED

2018-06-06 20:02:52 - [MESSAGE][PASSED] - projectSpecific.Reusability.getTestData is PASSED

2018-06-06 20:02:52 - [TEST_STEP][PASSED] - Statement - If (actualgroupList.contains(groupName)): null

2018-06-06 20:02:52 - [TEST_STEP][PASSED] - Statement - Else: Taking screenshot successfully

2018-06-06 20:02:52 - [TEST_STEP][PASSED] - Statement - If (TCflag): null

2018-06-06 20:02:52 - [TEST_STEP][PASSED] - Statement - println("Required group is not available in group hierarchy"): null

2018-06-06 20:02:52 - [TEST_STEP][PASSED] - takeScreenshot: Taking screenshot successfully

2018-06-06 20:02:53 - [MESSAGE][PASSED] - Taking screenshot successfully
[[ATTACHMENT|C:\\Users\\shalinin\\Katalon Studio\\HME_UAT_TestScripts\\Reports\\TestSuiteDemo\\20180606_192256\\1528295572946.png]]

2018-06-06 20:02:53 - [TEST_STEP][FAILED] - verifyElementPresent: com.kms.katalon.core.webui.exception.WebElementNotFoundException: Web element with id: 'Object Repository/ReportingGroupManagement/reportingGroupDetails' located by 'By.xpath: //div//h1[text()='Reporting Group Details']' not found

2018-06-06 20:03:03 - [MESSAGE][FAILED] - com.kms.katalon.core.webui.exception.WebElementNotFoundException: Web element with id: 'Object Repository/ReportingGroupManagement/reportingGroupDetails' located by 'By.xpath: //div//h1[text()='Reporting Group Details']' not found
[[ATTACHMENT|C:\\Users\\shalinin\\Katalon Studio\\HME_UAT_TestScripts\\Reports\\TestSuiteDemo\\20180606_192256\\1528295583340.png]]

2018-06-06 20:03:03 - [TEST_STEP][PASSED] - delay: Delayed 5 second(s)

2018-06-06 20:03:08 - [MESSAGE][PASSED] - Delayed 5 second(s)

2018-06-06 20:03:08 - [TEST_STEP][FAILED] - uiaction.CommonUIActions.verifyMatch: Unable to get attribute 'value' of object 'Object Repository/ReportingGroupManagement/groupNameTxt' (Root cause: com.kms.katalon.core.webui.exception.WebElementNotFoundException: Web element with id: 'Object Repository/ReportingGroupManagement/groupNameTxt' located by 'By.xpath: //input[@type='text']' not found)

2018-06-06 20:03:08 - [MESSAGE][PASSED] - projectSpecific.Reusability.getTestData is PASSED

2018-06-06 20:03:39 - [MESSAGE][FAILED] - Unable to get attribute 'value' of object 'Object Repository/ReportingGroupManagement/groupNameTxt' (Root cause: com.kms.katalon.core.webui.exception.WebElementNotFoundException: Web element with id: 'Object Repository/ReportingGroupManagement/groupNameTxt' located by 'By.xpath: //input[@type='text']' not found)
[[ATTACHMENT|C:\\Users\\shalinin\\Katalon Studio\\HME_UAT_TestScripts\\Reports\\TestSuiteDemo\\20180606_192256\\1528295619017.png]]

2018-06-06 20:03:39 - [MESSAGE][FAILED] - Unable to verify match between actual text 'null' and expected text 'AutomationGroup' (Root cause: Actual text 'null' and expected text 'AutomationGroup' are not matched)

2018-06-06 20:03:39 - [MESSAGE][FAILED] - Unable to get attribute 'value' of object 'Object Repository/ReportingGroupManagement/groupNameTxt' (Root cause: com.kms.katalon.core.webui.exception.WebElementNotFoundException: Web element with id: 'Object Repository/ReportingGroupManagement/groupNameTxt' located by 'By.xpath: //input[@type='text']' not found)

2018-06-06 20:03:39 - [TEST_STEP][PASSED] - delay: Delayed 5 second(s)

2018-06-06 20:03:44 - [MESSAGE][PASSED] - Delayed 5 second(s)

2018-06-06 20:03:44 - [TEST_STEP][FAILED] - uiaction.CommonUIActions.verifyMatch: Unable to get attribute 'value' of object 'Object Repository/ReportingGroupManagement/groupDescTxt' (Root cause: com.kms.katalon.core.webui.exception.WebElementNotFoundException: Web element with id: 'Object Repository/ReportingGroupManagement/groupDescTxt' located by 'By.xpath: //div[@class='col-xs-6']/textarea' not found)

2018-06-06 20:03:44 - [MESSAGE][PASSED] - projectSpecific.Reusability.getTestData is PASSED

2018-06-06 20:04:14 - [MESSAGE][FAILED] - Unable to get attribute 'value' of object 'Object Repository/ReportingGroupManagement/groupDescTxt' (Root cause: com.kms.katalon.core.webui.exception.WebElementNotFoundException: Web element with id: 'Object Repository/ReportingGroupManagement/groupDescTxt' located by 'By.xpath: //div[@class='col-xs-6']/textarea' not found)
[[ATTACHMENT|C:\\Users\\shalinin\\Katalon Studio\\HME_UAT_TestScripts\\Reports\\TestSuiteDemo\\20180606_192256\\1528295654718.png]]

2018-06-06 20:04:14 - [MESSAGE][FAILED] - Unable to verify match between actual text 'null' and expected text 'South west branch Group 11' (Root cause: Actual text 'null' and expected text 'South west branch Group 11' are not matched)

2018-06-06 20:04:14 - [MESSAGE][FAILED] - Unable to get attribute 'value' of object 'Object Repository/ReportingGroupManagement/groupDescTxt' (Root cause: com.kms.katalon.core.webui.exception.WebElementNotFoundException: Web element with id: 'Object Repository/ReportingGroupManagement/groupDescTxt' located by 'By.xpath: //div[@class='col-xs-6']/textarea' not found)

2018-06-06 20:04:14 - [TEST_STEP][PASSED] - uiaction.CommonUIActions.click: uiaction.CommonUIActions.click is PASSED

2018-06-06 20:04:35 - [MESSAGE][PASSED] - uiaction.CommonUIActions.click is PASSED

2018-06-06 20:04:35 - [TEST_STEP][PASSED] - delay: Delayed 5 second(s)

2018-06-06 20:04:40 - [MESSAGE][PASSED] - Delayed 5 second(s)

2018-06-06 20:04:40 - [TEST_STEP][PASSED] - uiaction.CommonUIActions.click: uiaction.CommonUIActions.click is PASSED

2018-06-06 20:05:00 - [MESSAGE][PASSED] - uiaction.CommonUIActions.click is PASSED

2018-06-06 20:05:00 - [TEST_STEP][PASSED] - uiaction.CommonUIActions.enter: uiaction.CommonUIActions.enter is PASSED

2018-06-06 20:05:00 - [MESSAGE][PASSED] - projectSpecific.Reusability.getTestData is PASSED

2018-06-06 20:05:20 - [MESSAGE][PASSED] - uiaction.CommonUIActions.enter is PASSED

2018-06-06 20:05:20 - [TEST_STEP][PASSED] - uiaction.CommonUIActions.enter: uiaction.CommonUIActions.enter is PASSED

2018-06-06 20:05:20 - [MESSAGE][PASSED] - projectSpecific.Reusability.getTestData is PASSED

2018-06-06 20:05:41 - [MESSAGE][PASSED] - uiaction.CommonUIActions.enter is PASSED

2018-06-06 20:05:41 - [TEST_STEP][PASSED] - uiaction.CommonUIActions.click: uiaction.CommonUIActions.click is PASSED

2018-06-06 20:06:01 - [MESSAGE][PASSED] - uiaction.CommonUIActions.click is PASSED

2018-06-06 20:06:01 - [TEST_STEP][PASSED] - delay: Delayed 10 second(s)

2018-06-06 20:06:11 - [MESSAGE][PASSED] - Delayed 10 second(s)

2018-06-06 20:06:11 - [TEST_STEP][PASSED] - uiaction.CommonUIActions.back: uiaction.CommonUIActions.back is PASSED

2018-06-06 20:06:11 - [MESSAGE][PASSED] - Navigate back successfully

2018-06-06 20:06:11 - [MESSAGE][PASSED] - uiaction.CommonUIActions.back is PASSED

2018-06-06 20:06:11 - [TEST_STEP][PASSED] - delay: Delayed 5 second(s)

2018-06-06 20:06:16 - [MESSAGE][PASSED] - Delayed 5 second(s)

2018-06-06 20:06:16 - [TEST_STEP][PASSED] - uiaction.CommonUIActions.back: uiaction.CommonUIActions.back is PASSED

2018-06-06 20:06:16 - [MESSAGE][PASSED] - Navigate back successfully

2018-06-06 20:06:16 - [MESSAGE][PASSED] - uiaction.CommonUIActions.back is PASSED

2018-06-06 20:06:16 - [TEST_STEP][PASSED] - delay: Delayed 5 second(s)

2018-06-06 20:06:21 - [MESSAGE][PASSED] - Delayed 5 second(s)

2018-06-06 20:06:21 - [TEST_STEP][PASSED] - uiaction.CommonUIActions.click: uiaction.CommonUIActions.click is PASSED

2018-06-06 20:06:41 - [MESSAGE][PASSED] - uiaction.CommonUIActions.click is PASSED

2018-06-06 20:06:41 - [TEST_STEP][PASSED] - uiaction.CommonUIActions.enter: uiaction.CommonUIActions.enter is PASSED

2018-06-06 20:06:41 - [MESSAGE][PASSED] - projectSpecific.Reusability.getTestData is PASSED

2018-06-06 20:07:01 - [MESSAGE][PASSED] - uiaction.CommonUIActions.enter is PASSED

2018-06-06 20:07:01 - [TEST_STEP][PASSED] - uiaction.CommonUIActions.enter: uiaction.CommonUIActions.enter is PASSED

2018-06-06 20:07:01 - [MESSAGE][PASSED] - projectSpecific.Reusability.getTestData is PASSED

2018-06-06 20:07:22 - [MESSAGE][PASSED] - uiaction.CommonUIActions.enter is PASSED

2018-06-06 20:07:22 - [TEST_STEP][PASSED] - uiaction.CommonUIActions.click: uiaction.CommonUIActions.click is PASSED

2018-06-06 20:07:42 - [MESSAGE][PASSED] - uiaction.CommonUIActions.click is PASSED

2018-06-06 20:07:42 - [TEST_STEP][PASSED] - delay: Delayed 10 second(s)

2018-06-06 20:07:52 - [MESSAGE][PASSED] - Delayed 10 second(s)

2018-06-06 20:07:52 - [TEST_STEP][PASSED] - uiaction.CommonUIActions.back: uiaction.CommonUIActions.back is PASSED

2018-06-06 20:07:52 - [MESSAGE][PASSED] - Navigate back successfully

2018-06-06 20:07:52 - [MESSAGE][PASSED] - uiaction.CommonUIActions.back is PASSED

2018-06-06 20:07:52 - [TEST_STEP][PASSED] - delay: Delayed 5 second(s)

2018-06-06 20:07:57 - [MESSAGE][PASSED] - Delayed 5 second(s)

2018-06-06 20:07:57 - [TEST_STEP][PASSED] - uiaction.CommonUIActions.back: uiaction.CommonUIActions.back is PASSED

2018-06-06 20:07:57 - [MESSAGE][PASSED] - Navigate back successfully

2018-06-06 20:07:57 - [MESSAGE][PASSED] - uiaction.CommonUIActions.back is PASSED

2018-06-06 20:07:57 - [TEST_STEP][PASSED] - delay: Delayed 5 second(s)

2018-06-06 20:08:02 - [MESSAGE][PASSED] - Delayed 5 second(s)

2018-06-06 20:08:02 - [TEST_STEP][PASSED] - uiaction.CommonUIActions.click: uiaction.CommonUIActions.click is PASSED

2018-06-06 20:08:22 - [MESSAGE][PASSED] - uiaction.CommonUIActions.click is PASSED

2018-06-06 20:08:22 - [TEST_STEP][PASSED] - Statement - StoreList = CustomKeywords.projectSpecific.Reusability.getTestData("ReportingGroupManagementPage", "dummyGroupName2"): projectSpecific.Reusability.getTestData is PASSED

2018-06-06 20:08:22 - [MESSAGE][PASSED] - projectSpecific.Reusability.getTestData is PASSED

2018-06-06 20:08:22 - [TEST_STEP][PASSED] - Statement - listOfStores = new java.util.ArrayList(java.util.Arrays.asList(StoreList)): null

2018-06-06 20:08:22 - [TEST_STEP][PASSED] - Statement - out.println(listOfStores): null

2018-06-06 20:08:22 - [TEST_STEP][PASSED] - delay: Delayed 10 second(s)

2018-06-06 20:08:32 - [MESSAGE][PASSED] - Delayed 10 second(s)

2018-06-06 20:08:32 - [TEST_STEP][PASSED] - Statement - availableStoreList = driver.findElements(org.openqa.selenium.By.xpath(com.kms.katalon.core.testdata.TestDataFactory.findTestData(OR_file).getValue(2, 10))): Reading excel file with source file 'C:\Users\shalinin\Katalon Studio\HME_UAT_TestScripts\Data Files\HME_OR.xlsx' and sheet name 'Sheet1'

2018-06-06 20:08:32 - [TEST_STEP][PASSED] - Statement - actualList = new java.util.ArrayList(): null

2018-06-06 20:08:32 - [TEST_STEP][PASSED] - Statement - For ([i = 0, i < availableStoreList.size(), (i++)]): null

2018-06-06 20:08:32 - [TEST_STEP][PASSED] - Statement - out.println(actualList): null

2018-06-06 20:08:32 - [TEST_STEP][PASSED] - Statement - If (actualList.containsAll(listOfStores)): null

2018-06-06 20:08:32 - [TEST_STEP][PASSED] - Statement - Else: Taking screenshot successfully

2018-06-06 20:08:32 - [TEST_STEP][PASSED] - Statement - If (TCflag): null

2018-06-06 20:08:32 - [TEST_STEP][PASSED] - Statement - println("Actual list does not contain the required stores or groups"): null

2018-06-06 20:08:32 - [TEST_STEP][PASSED] - takeScreenshot: Taking screenshot successfully

2018-06-06 20:08:33 - [MESSAGE][PASSED] - Taking screenshot successfully
[[ATTACHMENT|C:\\Users\\shalinin\\Katalon Studio\\HME_UAT_TestScripts\\Reports\\TestSuiteDemo\\20180606_192256\\1528295912777.png]]

2018-06-06 20:08:33 - [TEST_STEP][PASSED] - uiaction.CommonUIActions.click: uiaction.CommonUIActions.click is PASSED

2018-06-06 20:08:53 - [MESSAGE][PASSED] - uiaction.CommonUIActions.click is PASSED

2018-06-06 20:08:53 - [TEST_STEP][PASSED] - uiaction.CommonUIActions.click: uiaction.CommonUIActions.click is PASSED

2018-06-06 20:09:13 - [MESSAGE][PASSED] - uiaction.CommonUIActions.click is PASSED

2018-06-06 20:09:13 - [TEST_STEP][PASSED] - uiaction.CommonUIActions.back: uiaction.CommonUIActions.back is PASSED

2018-06-06 20:09:13 - [MESSAGE][PASSED] - Navigate back successfully

2018-06-06 20:09:13 - [MESSAGE][PASSED] - uiaction.CommonUIActions.back is PASSED

2018-06-06 20:09:13 - [TEST_STEP][PASSED] - delay: Delayed 5 second(s)

2018-06-06 20:09:18 - [MESSAGE][PASSED] - Delayed 5 second(s)

2018-06-06 20:09:18 - [TEST_STEP][PASSED] - uiaction.CommonUIActions.back: uiaction.CommonUIActions.back is PASSED

2018-06-06 20:09:18 - [MESSAGE][PASSED] - Navigate back successfully

2018-06-06 20:09:18 - [MESSAGE][PASSED] - uiaction.CommonUIActions.back is PASSED

2018-06-06 20:09:18 - [TEST_STEP][PASSED] - delay: Delayed 5 second(s)

2018-06-06 20:09:23 - [MESSAGE][PASSED] - Delayed 5 second(s)

2018-06-06 20:09:23 - [TEST_STEP][PASSED] - uiaction.CommonUIActions.click: uiaction.CommonUIActions.click is PASSED

2018-06-06 20:09:43 - [MESSAGE][PASSED] - uiaction.CommonUIActions.click is PASSED

2018-06-06 20:09:43 - [TEST_STEP][PASSED] - uiaction.CommonUIActions.click: uiaction.CommonUIActions.click is PASSED

2018-06-06 20:10:04 - [MESSAGE][PASSED] - uiaction.CommonUIActions.click is PASSED

2018-06-06 20:10:04 - [TEST_STEP][PASSED] - uiaction.CommonUIActions.click: uiaction.CommonUIActions.click is PASSED

2018-06-06 20:10:24 - [MESSAGE][PASSED] - uiaction.CommonUIActions.click is PASSED

2018-06-06 20:10:24 - [TEST_STEP][PASSED] - uiaction.CommonUIActions.back: uiaction.CommonUIActions.back is PASSED

2018-06-06 20:10:24 - [MESSAGE][PASSED] - Navigate back successfully

2018-06-06 20:10:24 - [MESSAGE][PASSED] - uiaction.CommonUIActions.back is PASSED

2018-06-06 20:10:24 - [TEST_STEP][PASSED] - delay: Delayed 5 second(s)

2018-06-06 20:10:29 - [MESSAGE][PASSED] - Delayed 5 second(s)

2018-06-06 20:10:29 - [TEST_STEP][PASSED] - uiaction.CommonUIActions.back: uiaction.CommonUIActions.back is PASSED

2018-06-06 20:10:29 - [MESSAGE][PASSED] - Navigate back successfully

2018-06-06 20:10:29 - [MESSAGE][PASSED] - uiaction.CommonUIActions.back is PASSED

2018-06-06 20:10:29 - [TEST_STEP][PASSED] - delay: Delayed 5 second(s)

2018-06-06 20:10:34 - [MESSAGE][PASSED] - Delayed 5 second(s)

2018-06-06 20:10:34 - [TEST_STEP][PASSED] - uiaction.CommonUIActions.click: uiaction.CommonUIActions.click is PASSED

2018-06-06 20:10:54 - [MESSAGE][PASSED] - uiaction.CommonUIActions.click is PASSED

2018-06-06 20:10:54 - [TEST_STEP][PASSED] - delay: Delayed 10 second(s)

2018-06-06 20:11:04 - [MESSAGE][PASSED] - Delayed 10 second(s)

2018-06-06 20:11:04 - [TEST_STEP][PASSED] - Statement - StoresCBList = driver.findElements(org.openqa.selenium.By.xpath(com.kms.katalon.core.testdata.TestDataFactory.findTestData(OR_file).getValue(2, 12))): Reading excel file with source file 'C:\Users\shalinin\Katalon Studio\HME_UAT_TestScripts\Data Files\HME_OR.xlsx' and sheet name 'Sheet1'

2018-06-06 20:11:04 - [TEST_STEP][PASSED] - Statement - storesLabel = driver.findElements(org.openqa.selenium.By.xpath(com.kms.katalon.core.testdata.TestDataFactory.findTestData(OR_file).getValue(2, 10))): Reading excel file with source file 'C:\Users\shalinin\Katalon Studio\HME_UAT_TestScripts\Data Files\HME_OR.xlsx' and sheet name 'Sheet1'

2018-06-06 20:11:04 - [TEST_STEP][PASSED] - Statement - groupStoresList = new java.util.ArrayList(): null

2018-06-06 20:11:04 - [TEST_STEP][PASSED] - Statement - groupStoresList1 = new java.util.ArrayList(): null

2018-06-06 20:11:04 - [TEST_STEP][PASSED] - Statement - out.println(StoresCBList.size()): null

2018-06-06 20:11:04 - [TEST_STEP][PASSED] - delay: Delayed 10 second(s)

2018-06-06 20:11:14 - [MESSAGE][PASSED] - Delayed 10 second(s)

2018-06-06 20:11:14 - [TEST_STEP][PASSED] - Statement - For ([i = 0, i < StoresCBList.size(), (i++)]): null

2018-06-06 20:11:14 - [TEST_STEP][PASSED] - Statement - out.println(groupStoresList): null

2018-06-06 20:11:14 - [TEST_STEP][PASSED] - Statement - size = groupStoresList.size(): null

2018-06-06 20:11:14 - [TEST_STEP][PASSED] - Statement - For ([i = 0, i < StoresCBList.size() - 10, (i++)]): null

2018-06-06 20:11:14 - [TEST_STEP][PASSED] - delay: Delayed 10 second(s)

2018-06-06 20:11:24 - [MESSAGE][PASSED] - Delayed 10 second(s)

2018-06-06 20:11:24 - [TEST_STEP][PASSED] - uiaction.CommonUIActions.click: uiaction.CommonUIActions.click is PASSED

2018-06-06 20:11:45 - [MESSAGE][PASSED] - uiaction.CommonUIActions.click is PASSED

2018-06-06 20:11:45 - [TEST_STEP][PASSED] - delay: Delayed 5 second(s)

2018-06-06 20:11:50 - [MESSAGE][PASSED] - Delayed 5 second(s)

2018-06-06 20:11:50 - [TEST_STEP][PASSED] - Statement - secondStoreListBox = driver.findElements(org.openqa.selenium.By.xpath(com.kms.katalon.core.testdata.TestDataFactory.findTestData(OR_file).getValue(2, 11))): Reading excel file with source file 'C:\Users\shalinin\Katalon Studio\HME_UAT_TestScripts\Data Files\HME_OR.xlsx' and sheet name 'Sheet1'

2018-06-06 20:11:50 - [TEST_STEP][PASSED] - Statement - actualList1 = new java.util.ArrayList(): null

2018-06-06 20:11:50 - [TEST_STEP][PASSED] - Statement - For ([i = 0, i < secondStoreListBox.size(), (i++)]): null

2018-06-06 20:11:50 - [TEST_STEP][PASSED] - Statement - out.println(actualList1): null

2018-06-06 20:11:50 - [TEST_STEP][PASSED] - delay: Delayed 10 second(s)

2018-06-06 20:12:00 - [MESSAGE][PASSED] - Delayed 10 second(s)

2018-06-06 20:12:00 - [TEST_STEP][PASSED] - Statement - If (actualList1.containsAll(groupStoresList)): null

2018-06-06 20:12:00 - [TEST_STEP][PASSED] - Statement - println("Moved stores are displayed in Group/Stores in Group listbox"): null

2018-06-06 20:12:00 - [TEST_STEP][PASSED] - uiaction.CommonUIActions.click: uiaction.CommonUIActions.click is PASSED

2018-06-06 20:12:20 - [MESSAGE][PASSED] - uiaction.CommonUIActions.click is PASSED

2018-06-06 20:12:20 - [TEST_STEP][PASSED] - delay: Delayed 10 second(s)

2018-06-06 20:12:30 - [MESSAGE][PASSED] - Delayed 10 second(s)

2018-06-06 20:12:30 - [TEST_STEP][PASSED] - uiaction.CommonUIActions.back: uiaction.CommonUIActions.back is PASSED

2018-06-06 20:12:30 - [MESSAGE][PASSED] - Navigate back successfully

2018-06-06 20:12:30 - [MESSAGE][PASSED] - uiaction.CommonUIActions.back is PASSED

2018-06-06 20:12:30 - [TEST_STEP][PASSED] - delay: Delayed 5 second(s)

2018-06-06 20:12:35 - [MESSAGE][PASSED] - Delayed 5 second(s)

2018-06-06 20:12:35 - [TEST_STEP][PASSED] - uiaction.CommonUIActions.back: uiaction.CommonUIActions.back is PASSED

2018-06-06 20:12:35 - [MESSAGE][PASSED] - Navigate back successfully

2018-06-06 20:12:35 - [MESSAGE][PASSED] - uiaction.CommonUIActions.back is PASSED

2018-06-06 20:12:35 - [TEST_STEP][PASSED] - delay: Delayed 5 second(s)

2018-06-06 20:12:40 - [MESSAGE][PASSED] - Delayed 5 second(s)

2018-06-06 20:12:40 - [TEST_STEP][PASSED] - uiaction.CommonUIActions.click: uiaction.CommonUIActions.click is PASSED

2018-06-06 20:13:00 - [MESSAGE][PASSED] - uiaction.CommonUIActions.click is PASSED

2018-06-06 20:13:00 - [TEST_STEP][PASSED] - Statement - subGroupList = new java.util.ArrayList(): null

2018-06-06 20:13:00 - [TEST_STEP][PASSED] - Statement - For ([i = 1, i <= size, (i++)]): null

2018-06-06 20:13:00 - [TEST_STEP][PASSED] - Statement - println(subGroupList): null

2018-06-06 20:13:00 - [TEST_STEP][PASSED] - Statement - println(groupStoresList1): null

2018-06-06 20:13:00 - [TEST_STEP][PASSED] - Statement - If (subGroupList.containsAll(groupStoresList1)): null

2018-06-06 20:13:00 - [TEST_STEP][PASSED] - Statement - println("Parent group have all the associated stores and groups"): null

2018-06-06 20:13:00 - [TEST_STEP][PASSED] - uiaction.CommonUIActions.click: uiaction.CommonUIActions.click is PASSED

2018-06-06 20:13:21 - [MESSAGE][PASSED] - uiaction.CommonUIActions.click is PASSED

2018-06-06 20:13:21 - [TEST_STEP][PASSED] - Statement - storesList = driver.findElements(org.openqa.selenium.By.xpath(com.kms.katalon.core.testdata.TestDataFactory.findTestData(OR_file).getValue(2, 16))): Reading excel file with source file 'C:\Users\shalinin\Katalon Studio\HME_UAT_TestScripts\Data Files\HME_OR.xlsx' and sheet name 'Sheet1'

2018-06-06 20:13:21 - [TEST_STEP][PASSED] - Statement - For ([i = 1, i < storesList.size(), (i++)]): null

2018-06-06 20:13:21 - [TEST_STEP][PASSED] - uiaction.CommonUIActions.click: uiaction.CommonUIActions.click is PASSED

2018-06-06 20:13:41 - [MESSAGE][PASSED] - uiaction.CommonUIActions.click is PASSED

2018-06-06 20:13:41 - [TEST_STEP][PASSED] - uiaction.CommonUIActions.click: uiaction.CommonUIActions.click is PASSED

2018-06-06 20:14:01 - [MESSAGE][PASSED] - uiaction.CommonUIActions.click is PASSED

2018-06-06 20:14:01 - [TEST_STEP][PASSED] - uiaction.CommonUIActions.click: uiaction.CommonUIActions.click is PASSED

2018-06-06 20:14:21 - [MESSAGE][PASSED] - uiaction.CommonUIActions.click is PASSED

2018-06-06 20:14:21 - [TEST_STEP][PASSED] - delay: Delayed 10 second(s)

2018-06-06 20:14:31 - [MESSAGE][PASSED] - Delayed 10 second(s)

2018-06-06 20:14:31 - [TEST_STEP][PASSED] - uiaction.CommonUIActions.click: uiaction.CommonUIActions.click is PASSED

2018-06-06 20:14:52 - [MESSAGE][PASSED] - uiaction.CommonUIActions.click is PASSED

2018-06-06 20:14:52 - [TEST_STEP][PASSED] - uiaction.CommonUIActions.click: uiaction.CommonUIActions.click is PASSED

2018-06-06 20:15:12 - [MESSAGE][PASSED] - uiaction.CommonUIActions.click is PASSED

2018-06-06 20:15:12 - [TEST_STEP][PASSED] - uiaction.CommonUIActions.click: uiaction.CommonUIActions.click is PASSED

2018-06-06 20:15:32 - [MESSAGE][PASSED] - uiaction.CommonUIActions.click is PASSED

2018-06-06 20:15:32 - [TEST_STEP][PASSED] - delay: Delayed 10 second(s)

2018-06-06 20:15:42 - [MESSAGE][PASSED] - Delayed 10 second(s)

2018-06-06 20:15:42 - [TEST_STEP][PASSED] - uiaction.CommonUIActions.back: uiaction.CommonUIActions.back is PASSED

2018-06-06 20:15:42 - [MESSAGE][PASSED] - Navigate back successfully

2018-06-06 20:15:42 - [MESSAGE][PASSED] - uiaction.CommonUIActions.back is PASSED

2018-06-06 20:15:42 - [TEST_STEP][PASSED] - delay: Delayed 5 second(s)

2018-06-06 20:15:47 - [MESSAGE][PASSED] - Delayed 5 second(s)

2018-06-06 20:15:47 - [TEST_STEP][PASSED] - uiaction.CommonUIActions.back: uiaction.CommonUIActions.back is PASSED

2018-06-06 20:15:47 - [MESSAGE][PASSED] - Navigate back successfully

2018-06-06 20:15:47 - [MESSAGE][PASSED] - uiaction.CommonUIActions.back is PASSED

2018-06-06 20:15:47 - [TEST_STEP][PASSED] - uiaction.CommonUIActions.click: uiaction.CommonUIActions.click is PASSED

2018-06-06 20:16:08 - [MESSAGE][PASSED] - uiaction.CommonUIActions.click is PASSED

2018-06-06 20:16:08 - [TEST_STEP][PASSED] - uiaction.CommonUIActions.click: uiaction.CommonUIActions.click is PASSED

2018-06-06 20:16:28 - [MESSAGE][PASSED] - uiaction.CommonUIActions.click is PASSED

2018-06-06 20:16:28 - [TEST_STEP][PASSED] - uiaction.CommonUIActions.click: uiaction.CommonUIActions.click is PASSED

2018-06-06 20:16:48 - [MESSAGE][PASSED] - uiaction.CommonUIActions.click is PASSED

2018-06-06 20:16:48 - [TEST_STEP][PASSED] - uiaction.CommonUIActions.click: uiaction.CommonUIActions.click is PASSED

2018-06-06 20:17:08 - [MESSAGE][PASSED] - uiaction.CommonUIActions.click is PASSED

2018-06-06 20:17:08 - [TEST_STEP][PASSED] - Statement - assert TCflag == true: null

2018-06-06 20:17:08 - [TEST_STEP][PASSED] - Start listener action : sampleAfterTestCase: Browser is closed

2018-06-06 20:17:08 - [TEST_STEP][PASSED] - Statement - println(testCaseContext.getTestCaseId()): null

2018-06-06 20:17:08 - [TEST_STEP][PASSED] - Statement - println(testCaseContext.getTestCaseStatus()): null

2018-06-06 20:17:08 - [TEST_STEP][PASSED] - closeBrowser: Browser is closed

2018-06-06 20:17:09 - [MESSAGE][PASSED] - Browser is closed]]></system-out>
         <system-err><![CDATA[2018-06-06 19:58:45 - [TEST_CASE][FAILED] - Test Cases/CreateGroupTC/HME-EditGroup-05: Test Cases/CreateGroupTC/HME-EditGroup-05 FAILED because (of) Unable to set text 'swtest01@hme.com' of object 'Object Repository/LoginPage/Username' (Root cause: com.kms.katalon.core.webui.exception.WebElementNotFoundException: Web element with id: 'Object Repository/LoginPage/Username' located by 'By.xpath: //*[@id="Content"]/div/div/form/table/tbody/tr[1]/td/input


' not found)]]></system-err>
      </testcase>
      <testcase name="Test Cases/CreateGroupTC/HME-CreateGroup-06" classname="Test Cases/CreateGroupTC/HME-CreateGroup-06" status="PASSED">
         <system-out><![CDATA[2018-06-06 20:17:09 - [TEST_CASE][PASSED] - Test Cases/CreateGroupTC/HME-CreateGroup-06: Browser is closed

2018-06-06 20:17:09 - [TEST_STEP][PASSED] - Start listener action : sampleBeforeTestCase: uiaction.CommonUIActions.deleteAllCookies is PASSED

2018-06-06 20:17:09 - [TEST_STEP][PASSED] - openBrowser: Browser is opened with url: ''

2018-06-06 20:17:15 - [MESSAGE][PASSED] - Browser is opened with url: ''

2018-06-06 20:17:15 - [TEST_STEP][PASSED] - maximizeWindow: Current window maximized

2018-06-06 20:17:16 - [MESSAGE][PASSED] - Current window maximized

2018-06-06 20:17:16 - [TEST_STEP][PASSED] - uiaction.CommonUIActions.deleteAllCookies: uiaction.CommonUIActions.deleteAllCookies is PASSED

2018-06-06 20:17:16 - [MESSAGE][PASSED] - Delete all cookies successfully

2018-06-06 20:17:16 - [MESSAGE][PASSED] - uiaction.CommonUIActions.deleteAllCookies is PASSED

2018-06-06 20:17:17 - [TEST_STEP][PASSED] - Statement - TCflag = true: null

2018-06-06 20:17:17 - [TEST_STEP][PASSED] - Statement - Try: uiaction.CommonUIActions.click is PASSED

2018-06-06 20:17:17 - [TEST_STEP][PASSED] - navigateToUrl: Navigate to 'https://uat.hmedtcloud.com' successfully

2018-06-06 20:17:20 - [MESSAGE][PASSED] - Navigate to 'https://uat.hmedtcloud.com' successfully

2018-06-06 20:17:20 - [TEST_STEP][PASSED] - delay: Delayed 15 second(s)

2018-06-06 20:17:35 - [MESSAGE][PASSED] - Delayed 15 second(s)

2018-06-06 20:17:35 - [TEST_STEP][PASSED] - projectSpecific.Reusability.login: projectSpecific.Reusability.login is PASSED

2018-06-06 20:17:35 - [MESSAGE][PASSED] - projectSpecific.Reusability.getTestData is PASSED

2018-06-06 20:17:35 - [MESSAGE][PASSED] - projectSpecific.Reusability.getTestData is PASSED

2018-06-06 20:17:36 - [MESSAGE][PASSED] - Text 'swtest01@hme.com' is set on object 'Object Repository/LoginPage/Username'

2018-06-06 20:17:36 - [MESSAGE][PASSED] - Text 'SWTest01' is set on object 'Object Repository/LoginPage/Password'

2018-06-06 20:17:40 - [MESSAGE][PASSED] - Object: 'Object Repository/LoginPage/Login' is clicked on

2018-06-06 20:17:40 - [MESSAGE][PASSED] - projectSpecific.Reusability.login is PASSED

2018-06-06 20:17:40 - [TEST_STEP][PASSED] - delay: Delayed 10 second(s)

2018-06-06 20:17:50 - [MESSAGE][PASSED] - Delayed 10 second(s)

2018-06-06 20:17:50 - [TEST_STEP][PASSED] - uiaction.CommonUIActions.click: uiaction.CommonUIActions.click is PASSED

2018-06-06 20:17:51 - [MESSAGE][PASSED] - uiaction.CommonUIActions.click is PASSED

2018-06-06 20:17:51 - [TEST_STEP][PASSED] - delay: Delayed 10 second(s)

2018-06-06 20:18:01 - [MESSAGE][PASSED] - Delayed 10 second(s)

2018-06-06 20:18:01 - [TEST_STEP][PASSED] - uiaction.CommonUIActions.click: uiaction.CommonUIActions.click is PASSED

2018-06-06 20:18:22 - [MESSAGE][PASSED] - uiaction.CommonUIActions.click is PASSED

2018-06-06 20:18:22 - [TEST_STEP][PASSED] - uiaction.CommonUIActions.click: uiaction.CommonUIActions.click is PASSED

2018-06-06 20:18:22 - [MESSAGE][PASSED] - uiaction.CommonUIActions.click is PASSED

2018-06-06 20:18:22 - [TEST_STEP][PASSED] - verifyElementPresent: Object 'Object Repository/ReportingGroupManagement/reportingGroupDetails' is present

2018-06-06 20:18:22 - [MESSAGE][PASSED] - Object 'Object Repository/ReportingGroupManagement/reportingGroupDetails' is present

2018-06-06 20:18:22 - [TEST_STEP][PASSED] - uiaction.CommonUIActions.enter: uiaction.CommonUIActions.enter is PASSED

2018-06-06 20:18:22 - [MESSAGE][PASSED] - projectSpecific.Reusability.getTestData is PASSED

2018-06-06 20:18:23 - [MESSAGE][PASSED] - uiaction.CommonUIActions.enter is PASSED

2018-06-06 20:18:23 - [TEST_STEP][PASSED] - uiaction.CommonUIActions.enter: uiaction.CommonUIActions.enter is PASSED

2018-06-06 20:18:23 - [MESSAGE][PASSED] - projectSpecific.Reusability.getTestData is PASSED

2018-06-06 20:18:23 - [MESSAGE][PASSED] - uiaction.CommonUIActions.enter is PASSED

2018-06-06 20:18:23 - [TEST_STEP][PASSED] - uiaction.CommonUIActions.click: uiaction.CommonUIActions.click is PASSED

2018-06-06 20:18:23 - [MESSAGE][PASSED] - uiaction.CommonUIActions.click is PASSED

2018-06-06 20:18:23 - [TEST_STEP][PASSED] - delay: Delayed 10 second(s)

2018-06-06 20:18:33 - [MESSAGE][PASSED] - Delayed 10 second(s)

2018-06-06 20:18:33 - [TEST_STEP][PASSED] - uiaction.CommonUIActions.back: uiaction.CommonUIActions.back is PASSED

2018-06-06 20:18:33 - [MESSAGE][PASSED] - Navigate back successfully

2018-06-06 20:18:33 - [MESSAGE][PASSED] - uiaction.CommonUIActions.back is PASSED

2018-06-06 20:18:33 - [TEST_STEP][PASSED] - delay: Delayed 5 second(s)

2018-06-06 20:18:38 - [MESSAGE][PASSED] - Delayed 5 second(s)

2018-06-06 20:18:38 - [TEST_STEP][PASSED] - uiaction.CommonUIActions.enter: uiaction.CommonUIActions.enter is PASSED

2018-06-06 20:18:38 - [MESSAGE][PASSED] - projectSpecific.Reusability.getTestData is PASSED

2018-06-06 20:18:38 - [MESSAGE][PASSED] - uiaction.CommonUIActions.enter is PASSED

2018-06-06 20:18:38 - [TEST_STEP][PASSED] - uiaction.CommonUIActions.enter: uiaction.CommonUIActions.enter is PASSED

2018-06-06 20:18:38 - [MESSAGE][PASSED] - projectSpecific.Reusability.getTestData is PASSED

2018-06-06 20:18:38 - [MESSAGE][PASSED] - uiaction.CommonUIActions.enter is PASSED

2018-06-06 20:18:38 - [TEST_STEP][PASSED] - uiaction.CommonUIActions.click: uiaction.CommonUIActions.click is PASSED

2018-06-06 20:18:38 - [MESSAGE][PASSED] - uiaction.CommonUIActions.click is PASSED

2018-06-06 20:18:38 - [TEST_STEP][PASSED] - delay: Delayed 5 second(s)

2018-06-06 20:18:43 - [MESSAGE][PASSED] - Delayed 5 second(s)

2018-06-06 20:18:43 - [TEST_STEP][PASSED] - uiaction.CommonUIActions.back: uiaction.CommonUIActions.back is PASSED

2018-06-06 20:18:43 - [MESSAGE][PASSED] - Navigate back successfully

2018-06-06 20:18:43 - [MESSAGE][PASSED] - uiaction.CommonUIActions.back is PASSED

2018-06-06 20:18:43 - [TEST_STEP][PASSED] - delay: Delayed 5 second(s)

2018-06-06 20:18:48 - [MESSAGE][PASSED] - Delayed 5 second(s)

2018-06-06 20:18:48 - [TEST_STEP][PASSED] - uiaction.CommonUIActions.back: uiaction.CommonUIActions.back is PASSED

2018-06-06 20:18:48 - [MESSAGE][PASSED] - Navigate back successfully

2018-06-06 20:18:48 - [MESSAGE][PASSED] - uiaction.CommonUIActions.back is PASSED

2018-06-06 20:18:48 - [TEST_STEP][PASSED] - delay: Delayed 5 second(s)

2018-06-06 20:18:53 - [MESSAGE][PASSED] - Delayed 5 second(s)

2018-06-06 20:18:53 - [TEST_STEP][PASSED] - uiaction.CommonUIActions.click: uiaction.CommonUIActions.click is PASSED

2018-06-06 20:18:53 - [MESSAGE][PASSED] - uiaction.CommonUIActions.click is PASSED

2018-06-06 20:18:53 - [TEST_STEP][PASSED] - Statement - StoreList = CustomKeywords.projectSpecific.Reusability.getTestData("ReportingGroupManagementPage", "dummyGroupName2"): projectSpecific.Reusability.getTestData is PASSED

2018-06-06 20:18:53 - [MESSAGE][PASSED] - projectSpecific.Reusability.getTestData is PASSED

2018-06-06 20:18:53 - [TEST_STEP][PASSED] - Statement - listOfStores = new java.util.ArrayList(java.util.Arrays.asList(StoreList)): null

2018-06-06 20:18:54 - [TEST_STEP][PASSED] - Statement - out.println(listOfStores): null

2018-06-06 20:18:54 - [TEST_STEP][PASSED] - delay: Delayed 10 second(s)

2018-06-06 20:19:04 - [MESSAGE][PASSED] - Delayed 10 second(s)

2018-06-06 20:19:04 - [TEST_STEP][PASSED] - Statement - driver = com.kms.katalon.core.webui.driver.DriverFactory.getWebDriver(): null

2018-06-06 20:19:04 - [TEST_STEP][PASSED] - Statement - availableStoreList = driver.findElements(org.openqa.selenium.By.xpath(com.kms.katalon.core.testdata.TestDataFactory.findTestData(OR_file).getValue(2, 10))): Reading excel file with source file 'C:\Users\shalinin\Katalon Studio\HME_UAT_TestScripts\Data Files\HME_OR.xlsx' and sheet name 'Sheet1'

2018-06-06 20:19:04 - [TEST_STEP][PASSED] - Statement - actualList = new java.util.ArrayList(): null

2018-06-06 20:19:04 - [TEST_STEP][PASSED] - Statement - For ([i = 0, i < availableStoreList.size(), (i++)]): null

2018-06-06 20:19:04 - [TEST_STEP][PASSED] - Statement - actualList.add(i, availableStoreList.get(i).getText()): null

2018-06-06 20:19:04 - [TEST_STEP][PASSED] - Statement - actualList.add(i, availableStoreList.get(i).getText()): null

2018-06-06 20:19:04 - [TEST_STEP][PASSED] - Statement - actualList.add(i, availableStoreList.get(i).getText()): null

2018-06-06 20:19:04 - [TEST_STEP][PASSED] - Statement - actualList.add(i, availableStoreList.get(i).getText()): null

2018-06-06 20:19:04 - [TEST_STEP][PASSED] - Statement - actualList.add(i, availableStoreList.get(i).getText()): null

2018-06-06 20:19:04 - [TEST_STEP][PASSED] - Statement - out.println(actualList): null

2018-06-06 20:19:04 - [TEST_STEP][PASSED] - Statement - If (actualList.containsAll(listOfStores)): null

2018-06-06 20:19:04 - [TEST_STEP][PASSED] - Statement - println("Groups & Stores are displayed in Available Groups/Stores listbox"): null

2018-06-06 20:19:04 - [TEST_STEP][PASSED] - uiaction.CommonUIActions.click: uiaction.CommonUIActions.click is PASSED

2018-06-06 20:19:04 - [MESSAGE][PASSED] - uiaction.CommonUIActions.click is PASSED

2018-06-06 20:19:04 - [TEST_STEP][PASSED] - uiaction.CommonUIActions.click: uiaction.CommonUIActions.click is PASSED

2018-06-06 20:19:04 - [MESSAGE][PASSED] - uiaction.CommonUIActions.click is PASSED

2018-06-06 20:19:04 - [TEST_STEP][PASSED] - uiaction.CommonUIActions.back: uiaction.CommonUIActions.back is PASSED

2018-06-06 20:19:04 - [MESSAGE][PASSED] - Navigate back successfully

2018-06-06 20:19:04 - [MESSAGE][PASSED] - uiaction.CommonUIActions.back is PASSED

2018-06-06 20:19:04 - [TEST_STEP][PASSED] - delay: Delayed 5 second(s)

2018-06-06 20:19:09 - [MESSAGE][PASSED] - Delayed 5 second(s)

2018-06-06 20:19:09 - [TEST_STEP][PASSED] - uiaction.CommonUIActions.back: uiaction.CommonUIActions.back is PASSED

2018-06-06 20:19:09 - [MESSAGE][PASSED] - Navigate back successfully

2018-06-06 20:19:09 - [MESSAGE][PASSED] - uiaction.CommonUIActions.back is PASSED

2018-06-06 20:19:09 - [TEST_STEP][PASSED] - delay: Delayed 5 second(s)

2018-06-06 20:19:14 - [MESSAGE][PASSED] - Delayed 5 second(s)

2018-06-06 20:19:14 - [TEST_STEP][PASSED] - uiaction.CommonUIActions.click: uiaction.CommonUIActions.click is PASSED

2018-06-06 20:19:15 - [MESSAGE][PASSED] - uiaction.CommonUIActions.click is PASSED

2018-06-06 20:19:15 - [TEST_STEP][PASSED] - uiaction.CommonUIActions.click: uiaction.CommonUIActions.click is PASSED

2018-06-06 20:19:15 - [MESSAGE][PASSED] - uiaction.CommonUIActions.click is PASSED

2018-06-06 20:19:15 - [TEST_STEP][PASSED] - uiaction.CommonUIActions.click: uiaction.CommonUIActions.click is PASSED

2018-06-06 20:19:15 - [MESSAGE][PASSED] - uiaction.CommonUIActions.click is PASSED

2018-06-06 20:19:15 - [TEST_STEP][PASSED] - uiaction.CommonUIActions.back: uiaction.CommonUIActions.back is PASSED

2018-06-06 20:19:15 - [MESSAGE][PASSED] - Navigate back successfully

2018-06-06 20:19:15 - [MESSAGE][PASSED] - uiaction.CommonUIActions.back is PASSED

2018-06-06 20:19:15 - [TEST_STEP][PASSED] - delay: Delayed 5 second(s)

2018-06-06 20:19:20 - [MESSAGE][PASSED] - Delayed 5 second(s)

2018-06-06 20:19:20 - [TEST_STEP][PASSED] - uiaction.CommonUIActions.back: uiaction.CommonUIActions.back is PASSED

2018-06-06 20:19:20 - [MESSAGE][PASSED] - Navigate back successfully

2018-06-06 20:19:20 - [MESSAGE][PASSED] - uiaction.CommonUIActions.back is PASSED

2018-06-06 20:19:20 - [TEST_STEP][PASSED] - delay: Delayed 5 second(s)

2018-06-06 20:19:25 - [MESSAGE][PASSED] - Delayed 5 second(s)

2018-06-06 20:19:25 - [TEST_STEP][PASSED] - uiaction.CommonUIActions.click: uiaction.CommonUIActions.click is PASSED

2018-06-06 20:19:25 - [MESSAGE][PASSED] - uiaction.CommonUIActions.click is PASSED

2018-06-06 20:19:25 - [TEST_STEP][PASSED] - delay: Delayed 5 second(s)

2018-06-06 20:19:30 - [MESSAGE][PASSED] - Delayed 5 second(s)

2018-06-06 20:19:30 - [TEST_STEP][PASSED] - Statement - secondStoreListBox = driver.findElements(org.openqa.selenium.By.xpath(com.kms.katalon.core.testdata.TestDataFactory.findTestData(OR_file).getValue(2, 11))): Reading excel file with source file 'C:\Users\shalinin\Katalon Studio\HME_UAT_TestScripts\Data Files\HME_OR.xlsx' and sheet name 'Sheet1'

2018-06-06 20:19:30 - [TEST_STEP][PASSED] - Statement - list = new java.util.ArrayList(): null

2018-06-06 20:19:30 - [TEST_STEP][PASSED] - Statement - For ([i = 0, i < secondStoreListBox.size(), (i++)]): null

2018-06-06 20:19:30 - [TEST_STEP][PASSED] - Statement - If (list.size() == 0): null

2018-06-06 20:19:30 - [TEST_STEP][PASSED] - Statement - println("No Groups/Stores is displayed in Groups/Stores in Group list box"): null

2018-06-06 20:19:30 - [TEST_STEP][PASSED] - uiaction.CommonUIActions.enter: uiaction.CommonUIActions.enter is PASSED

2018-06-06 20:19:30 - [MESSAGE][PASSED] - projectSpecific.Reusability.getTestData is PASSED

2018-06-06 20:19:30 - [MESSAGE][PASSED] - uiaction.CommonUIActions.enter is PASSED

2018-06-06 20:19:30 - [TEST_STEP][PASSED] - uiaction.CommonUIActions.enter: uiaction.CommonUIActions.enter is PASSED

2018-06-06 20:19:30 - [MESSAGE][PASSED] - projectSpecific.Reusability.getTestData is PASSED

2018-06-06 20:19:30 - [MESSAGE][PASSED] - uiaction.CommonUIActions.enter is PASSED

2018-06-06 20:19:30 - [TEST_STEP][PASSED] - uiaction.CommonUIActions.verifyMatch: uiaction.CommonUIActions.verifyMatch is PASSED

2018-06-06 20:19:30 - [MESSAGE][PASSED] - projectSpecific.Reusability.getTestData is PASSED

2018-06-06 20:19:30 - [MESSAGE][PASSED] - Attribute 'value' of object 'Object Repository/ReportingGroupManagement/groupNameTxt' is: 'AutomationGroup1'

2018-06-06 20:19:30 - [MESSAGE][PASSED] - Actual text 'AutomationGroup1' and expected text 'AutomationGroup1' are matched 

2018-06-06 20:19:30 - [MESSAGE][PASSED] - uiaction.CommonUIActions.verifyMatch is PASSED

2018-06-06 20:19:30 - [TEST_STEP][PASSED] - uiaction.CommonUIActions.verifyMatch: uiaction.CommonUIActions.verifyMatch is PASSED

2018-06-06 20:19:30 - [MESSAGE][PASSED] - projectSpecific.Reusability.getTestData is PASSED

2018-06-06 20:19:30 - [MESSAGE][PASSED] - Attribute 'value' of object 'Object Repository/ReportingGroupManagement/groupDescTxt' is: 'South west branch Group 1'

2018-06-06 20:19:30 - [MESSAGE][PASSED] - Actual text 'South west branch Group 1' and expected text 'South west branch Group 1' are matched 

2018-06-06 20:19:30 - [MESSAGE][PASSED] - uiaction.CommonUIActions.verifyMatch is PASSED

2018-06-06 20:19:30 - [TEST_STEP][PASSED] - delay: Delayed 5 second(s)

2018-06-06 20:19:35 - [MESSAGE][PASSED] - Delayed 5 second(s)

2018-06-06 20:19:35 - [TEST_STEP][PASSED] - Statement - StoresCBList = driver.findElements(org.openqa.selenium.By.xpath(com.kms.katalon.core.testdata.TestDataFactory.findTestData(OR_file).getValue(2, 12))): Reading excel file with source file 'C:\Users\shalinin\Katalon Studio\HME_UAT_TestScripts\Data Files\HME_OR.xlsx' and sheet name 'Sheet1'

2018-06-06 20:19:35 - [TEST_STEP][PASSED] - Statement - storesLabel = driver.findElements(org.openqa.selenium.By.xpath(com.kms.katalon.core.testdata.TestDataFactory.findTestData(OR_file).getValue(2, 10))): Reading excel file with source file 'C:\Users\shalinin\Katalon Studio\HME_UAT_TestScripts\Data Files\HME_OR.xlsx' and sheet name 'Sheet1'

2018-06-06 20:19:35 - [TEST_STEP][PASSED] - Statement - groupStoresList = new java.util.ArrayList(): null

2018-06-06 20:19:35 - [TEST_STEP][PASSED] - Statement - out.println(StoresCBList.size()): null

2018-06-06 20:19:35 - [TEST_STEP][PASSED] - Statement - size = StoresCBList.size(): null

2018-06-06 20:19:35 - [TEST_STEP][PASSED] - delay: Delayed 5 second(s)

2018-06-06 20:19:40 - [MESSAGE][PASSED] - Delayed 5 second(s)

2018-06-06 20:19:40 - [TEST_STEP][PASSED] - Statement - For ([i = 0, i < size, (i++)]): null

2018-06-06 20:19:40 - [TEST_STEP][PASSED] - Statement - groupStoresList[i] = storesLabel.get(i).getText(): null

2018-06-06 20:19:40 - [TEST_STEP][PASSED] - Statement - StoresCBList.get(i).click(): null

2018-06-06 20:19:40 - [TEST_STEP][PASSED] - Statement - groupStoresList[i] = storesLabel.get(i).getText(): null

2018-06-06 20:19:40 - [TEST_STEP][PASSED] - Statement - StoresCBList.get(i).click(): null

2018-06-06 20:19:40 - [TEST_STEP][PASSED] - Statement - groupStoresList[i] = storesLabel.get(i).getText(): null

2018-06-06 20:19:40 - [TEST_STEP][PASSED] - Statement - StoresCBList.get(i).click(): null

2018-06-06 20:19:41 - [TEST_STEP][PASSED] - Statement - groupStoresList[i] = storesLabel.get(i).getText(): null

2018-06-06 20:19:41 - [TEST_STEP][PASSED] - Statement - StoresCBList.get(i).click(): null

2018-06-06 20:19:41 - [TEST_STEP][PASSED] - Statement - out.println(groupStoresList): null

2018-06-06 20:19:41 - [TEST_STEP][PASSED] - delay: Delayed 10 second(s)

2018-06-06 20:19:51 - [MESSAGE][PASSED] - Delayed 10 second(s)

2018-06-06 20:19:51 - [TEST_STEP][PASSED] - uiaction.CommonUIActions.click: uiaction.CommonUIActions.click is PASSED

2018-06-06 20:19:51 - [MESSAGE][PASSED] - uiaction.CommonUIActions.click is PASSED

2018-06-06 20:19:51 - [TEST_STEP][PASSED] - delay: Delayed 10 second(s)

2018-06-06 20:20:01 - [MESSAGE][PASSED] - Delayed 10 second(s)

2018-06-06 20:20:01 - [TEST_STEP][PASSED] - Statement - secondStoreListBox1 = driver.findElements(org.openqa.selenium.By.xpath(com.kms.katalon.core.testdata.TestDataFactory.findTestData(OR_file).getValue(2, 11))): Reading excel file with source file 'C:\Users\shalinin\Katalon Studio\HME_UAT_TestScripts\Data Files\HME_OR.xlsx' and sheet name 'Sheet1'

2018-06-06 20:20:01 - [TEST_STEP][PASSED] - Statement - actualList1 = new java.util.ArrayList(): null

2018-06-06 20:20:01 - [TEST_STEP][PASSED] - Statement - For ([i = 0, i < secondStoreListBox1.size(), (i++)]): null

2018-06-06 20:20:01 - [TEST_STEP][PASSED] - Statement - actualList1.add(i, secondStoreListBox1.get(i).getText()): null

2018-06-06 20:20:01 - [TEST_STEP][PASSED] - Statement - actualList1.add(i, secondStoreListBox1.get(i).getText()): null

2018-06-06 20:20:01 - [TEST_STEP][PASSED] - Statement - actualList1.add(i, secondStoreListBox1.get(i).getText()): null

2018-06-06 20:20:01 - [TEST_STEP][PASSED] - Statement - actualList1.add(i, secondStoreListBox1.get(i).getText()): null

2018-06-06 20:20:01 - [TEST_STEP][PASSED] - Statement - out.println(actualList1): null

2018-06-06 20:20:01 - [TEST_STEP][PASSED] - delay: Delayed 10 second(s)

2018-06-06 20:20:11 - [MESSAGE][PASSED] - Delayed 10 second(s)

2018-06-06 20:20:11 - [TEST_STEP][PASSED] - Statement - If (actualList1.containsAll(groupStoresList)): null

2018-06-06 20:20:11 - [TEST_STEP][PASSED] - Statement - println("Selected stores are displayed in Group/Stores in Group listbox"): null

2018-06-06 20:20:11 - [TEST_STEP][PASSED] - uiaction.CommonUIActions.click: uiaction.CommonUIActions.click is PASSED

2018-06-06 20:20:11 - [MESSAGE][PASSED] - uiaction.CommonUIActions.click is PASSED

2018-06-06 20:20:11 - [TEST_STEP][PASSED] - delay: Delayed 10 second(s)

2018-06-06 20:20:21 - [MESSAGE][PASSED] - Delayed 10 second(s)

2018-06-06 20:20:21 - [TEST_STEP][PASSED] - uiaction.CommonUIActions.back: uiaction.CommonUIActions.back is PASSED

2018-06-06 20:20:21 - [MESSAGE][PASSED] - Navigate back successfully

2018-06-06 20:20:21 - [MESSAGE][PASSED] - uiaction.CommonUIActions.back is PASSED

2018-06-06 20:20:21 - [TEST_STEP][PASSED] - delay: Delayed 5 second(s)

2018-06-06 20:20:26 - [MESSAGE][PASSED] - Delayed 5 second(s)

2018-06-06 20:20:26 - [TEST_STEP][PASSED] - uiaction.CommonUIActions.back: uiaction.CommonUIActions.back is PASSED

2018-06-06 20:20:26 - [MESSAGE][PASSED] - Navigate back successfully

2018-06-06 20:20:26 - [MESSAGE][PASSED] - uiaction.CommonUIActions.back is PASSED

2018-06-06 20:20:26 - [TEST_STEP][PASSED] - delay: Delayed 5 second(s)

2018-06-06 20:20:31 - [MESSAGE][PASSED] - Delayed 5 second(s)

2018-06-06 20:20:31 - [TEST_STEP][PASSED] - uiaction.CommonUIActions.click: uiaction.CommonUIActions.click is PASSED

2018-06-06 20:20:31 - [MESSAGE][PASSED] - uiaction.CommonUIActions.click is PASSED

2018-06-06 20:20:31 - [TEST_STEP][PASSED] - uiaction.CommonUIActions.click: uiaction.CommonUIActions.click is PASSED

2018-06-06 20:20:31 - [MESSAGE][PASSED] - uiaction.CommonUIActions.click is PASSED

2018-06-06 20:20:31 - [TEST_STEP][PASSED] - uiaction.CommonUIActions.click: uiaction.CommonUIActions.click is PASSED

2018-06-06 20:20:36 - [MESSAGE][PASSED] - uiaction.CommonUIActions.click is PASSED

2018-06-06 20:20:36 - [TEST_STEP][PASSED] - Statement - storesList = driver.findElements(org.openqa.selenium.By.xpath(com.kms.katalon.core.testdata.TestDataFactory.findTestData(OR_file).getValue(2, 16))): Reading excel file with source file 'C:\Users\shalinin\Katalon Studio\HME_UAT_TestScripts\Data Files\HME_OR.xlsx' and sheet name 'Sheet1'

2018-06-06 20:20:36 - [TEST_STEP][PASSED] - Statement - For ([i = 1, i < storesList.size(), (i++)]): null

2018-06-06 20:20:36 - [TEST_STEP][PASSED] - Statement - reportgroup = "(//div[@class='ctable']/table/tbody/tr[@class='tdata clear'])[" + i + "]/td[7]": null

2018-06-06 20:20:36 - [TEST_STEP][PASSED] - Statement - reportgroupTxt = driver.findElement(org.openqa.selenium.By.xpath(reportgroup)).getText(): null

2018-06-06 20:20:36 - [TEST_STEP][PASSED] - Statement - If (reportgroupTxt == "AutomationGroup1"): null

2018-06-06 20:20:36 - [TEST_STEP][PASSED] - Statement - println("Report group has right group name"): null

2018-06-06 20:20:36 - [TEST_STEP][PASSED] - Statement - reportgroup = "(//div[@class='ctable']/table/tbody/tr[@class='tdata clear'])[" + i + "]/td[7]": null

2018-06-06 20:20:36 - [TEST_STEP][PASSED] - Statement - reportgroupTxt = driver.findElement(org.openqa.selenium.By.xpath(reportgroup)).getText(): null

2018-06-06 20:20:36 - [TEST_STEP][PASSED] - Statement - If (reportgroupTxt == "AutomationGroup1"): null

2018-06-06 20:20:36 - [TEST_STEP][PASSED] - Statement - Else: null

2018-06-06 20:20:36 - [TEST_STEP][PASSED] - Statement - If (!(TCflag)): null

2018-06-06 20:20:36 - [TEST_STEP][PASSED] - Statement - reportgroup = "(//div[@class='ctable']/table/tbody/tr[@class='tdata clear'])[" + i + "]/td[7]": null

2018-06-06 20:20:36 - [TEST_STEP][PASSED] - Statement - reportgroupTxt = driver.findElement(org.openqa.selenium.By.xpath(reportgroup)).getText(): null

2018-06-06 20:20:36 - [TEST_STEP][PASSED] - Statement - If (reportgroupTxt == "AutomationGroup1"): null

2018-06-06 20:20:36 - [TEST_STEP][PASSED] - Statement - println("Report group has right group name"): null

2018-06-06 20:20:36 - [TEST_STEP][PASSED] - Statement - reportgroup = "(//div[@class='ctable']/table/tbody/tr[@class='tdata clear'])[" + i + "]/td[7]": null

2018-06-06 20:20:36 - [TEST_STEP][PASSED] - Statement - reportgroupTxt = driver.findElement(org.openqa.selenium.By.xpath(reportgroup)).getText(): null

2018-06-06 20:20:36 - [TEST_STEP][PASSED] - Statement - If (reportgroupTxt == "AutomationGroup1"): null

2018-06-06 20:20:36 - [TEST_STEP][PASSED] - Statement - println("Report group has right group name"): null

2018-06-06 20:20:36 - [TEST_STEP][PASSED] - uiaction.CommonUIActions.click: uiaction.CommonUIActions.click is PASSED

2018-06-06 20:20:36 - [MESSAGE][PASSED] - uiaction.CommonUIActions.click is PASSED

2018-06-06 20:20:36 - [TEST_STEP][PASSED] - delay: Delayed 5 second(s)

2018-06-06 20:20:41 - [MESSAGE][PASSED] - Delayed 5 second(s)

2018-06-06 20:20:41 - [TEST_STEP][PASSED] - uiaction.CommonUIActions.click: uiaction.CommonUIActions.click is PASSED

2018-06-06 20:20:41 - [MESSAGE][PASSED] - uiaction.CommonUIActions.click is PASSED

2018-06-06 20:20:41 - [TEST_STEP][PASSED] - delay: Delayed 5 second(s)

2018-06-06 20:20:46 - [MESSAGE][PASSED] - Delayed 5 second(s)

2018-06-06 20:20:46 - [TEST_STEP][PASSED] - uiaction.CommonUIActions.click: uiaction.CommonUIActions.click is PASSED

2018-06-06 20:20:46 - [MESSAGE][PASSED] - uiaction.CommonUIActions.click is PASSED

2018-06-06 20:20:46 - [TEST_STEP][PASSED] - uiaction.CommonUIActions.click: uiaction.CommonUIActions.click is PASSED

2018-06-06 20:20:47 - [MESSAGE][PASSED] - uiaction.CommonUIActions.click is PASSED

2018-06-06 20:20:47 - [TEST_STEP][PASSED] - uiaction.CommonUIActions.click: uiaction.CommonUIActions.click is PASSED

2018-06-06 20:20:47 - [MESSAGE][PASSED] - uiaction.CommonUIActions.click is PASSED

2018-06-06 20:20:47 - [TEST_STEP][PASSED] - delay: Delayed 10 second(s)

2018-06-06 20:20:57 - [MESSAGE][PASSED] - Delayed 10 second(s)

2018-06-06 20:20:57 - [TEST_STEP][PASSED] - uiaction.CommonUIActions.back: uiaction.CommonUIActions.back is PASSED

2018-06-06 20:20:57 - [MESSAGE][PASSED] - Navigate back successfully

2018-06-06 20:20:57 - [MESSAGE][PASSED] - uiaction.CommonUIActions.back is PASSED

2018-06-06 20:20:57 - [TEST_STEP][PASSED] - delay: Delayed 5 second(s)

2018-06-06 20:21:02 - [MESSAGE][PASSED] - Delayed 5 second(s)

2018-06-06 20:21:02 - [TEST_STEP][PASSED] - uiaction.CommonUIActions.back: uiaction.CommonUIActions.back is PASSED

2018-06-06 20:21:02 - [MESSAGE][PASSED] - Navigate back successfully

2018-06-06 20:21:02 - [MESSAGE][PASSED] - uiaction.CommonUIActions.back is PASSED

2018-06-06 20:21:02 - [TEST_STEP][PASSED] - uiaction.CommonUIActions.click: uiaction.CommonUIActions.click is PASSED

2018-06-06 20:21:03 - [MESSAGE][PASSED] - uiaction.CommonUIActions.click is PASSED

2018-06-06 20:21:03 - [TEST_STEP][PASSED] - uiaction.CommonUIActions.click: uiaction.CommonUIActions.click is PASSED

2018-06-06 20:21:03 - [MESSAGE][PASSED] - uiaction.CommonUIActions.click is PASSED

2018-06-06 20:21:03 - [TEST_STEP][PASSED] - uiaction.CommonUIActions.click: uiaction.CommonUIActions.click is PASSED

2018-06-06 20:21:03 - [MESSAGE][PASSED] - uiaction.CommonUIActions.click is PASSED

2018-06-06 20:21:03 - [TEST_STEP][PASSED] - uiaction.CommonUIActions.click: uiaction.CommonUIActions.click is PASSED

2018-06-06 20:21:25 - [MESSAGE][PASSED] - uiaction.CommonUIActions.click is PASSED

2018-06-06 20:21:25 - [TEST_STEP][PASSED] - Statement - assert TCflag == true: null

2018-06-06 20:21:25 - [TEST_STEP][PASSED] - Start listener action : sampleAfterTestCase: Browser is closed

2018-06-06 20:21:25 - [TEST_STEP][PASSED] - Statement - println(testCaseContext.getTestCaseId()): null

2018-06-06 20:21:25 - [TEST_STEP][PASSED] - Statement - println(testCaseContext.getTestCaseStatus()): null

2018-06-06 20:21:25 - [TEST_STEP][PASSED] - closeBrowser: Browser is closed

2018-06-06 20:21:25 - [MESSAGE][PASSED] - Browser is closed]]></system-out>
         <system-err><![CDATA[]]></system-err>
      </testcase>
      <testcase name="Test Cases/CreateGroupTC/HME-DeleteGroup-07" classname="Test Cases/CreateGroupTC/HME-DeleteGroup-07" status="FAILED">
         <failure type="FAILED" message="Unable to set text 'swtest01@hme.com' of object 'Object Repository/LoginPage/Username' (Root cause: com.kms.katalon.core.webui.exception.WebElementNotFoundException: Web element with id: 'Object Repository/LoginPage/Username' located by 'By.xpath: //*[@id=&quot;Content&quot;]/div/div/form/table/tbody/tr[1]/td/input


' not found)"/>
         <system-out><![CDATA[2018-06-06 20:21:25 - [TEST_CASE][FAILED] - Test Cases/CreateGroupTC/HME-DeleteGroup-07: Test Cases/CreateGroupTC/HME-DeleteGroup-07 FAILED because (of) Unable to set text 'swtest01@hme.com' of object 'Object Repository/LoginPage/Username' (Root cause: com.kms.katalon.core.webui.exception.WebElementNotFoundException: Web element with id: 'Object Repository/LoginPage/Username' located by 'By.xpath: //*[@id="Content"]/div/div/form/table/tbody/tr[1]/td/input


' not found)

2018-06-06 20:21:25 - [TEST_STEP][PASSED] - Start listener action : sampleBeforeTestCase: uiaction.CommonUIActions.deleteAllCookies is PASSED

2018-06-06 20:21:25 - [TEST_STEP][PASSED] - openBrowser: Browser is opened with url: ''

2018-06-06 20:21:28 - [MESSAGE][PASSED] - Browser is opened with url: ''

2018-06-06 20:21:28 - [TEST_STEP][PASSED] - maximizeWindow: Current window maximized

2018-06-06 20:21:29 - [MESSAGE][PASSED] - Current window maximized

2018-06-06 20:21:29 - [TEST_STEP][PASSED] - uiaction.CommonUIActions.deleteAllCookies: uiaction.CommonUIActions.deleteAllCookies is PASSED

2018-06-06 20:21:29 - [MESSAGE][PASSED] - Delete all cookies successfully

2018-06-06 20:21:29 - [MESSAGE][PASSED] - uiaction.CommonUIActions.deleteAllCookies is PASSED

2018-06-06 20:21:30 - [TEST_STEP][PASSED] - Statement - TCflag = true: null

2018-06-06 20:21:30 - [TEST_STEP][FAILED] - Statement - Try: null

2018-06-06 20:21:30 - [TEST_STEP][PASSED] - navigateToUrl: Navigate to 'https://uat.hmedtcloud.com' successfully

2018-06-06 20:21:51 - [MESSAGE][PASSED] - Navigate to 'https://uat.hmedtcloud.com' successfully

2018-06-06 20:21:51 - [TEST_STEP][PASSED] - delay: Delayed 15 second(s)

2018-06-06 20:22:06 - [MESSAGE][PASSED] - Delayed 15 second(s)

2018-06-06 20:22:06 - [TEST_STEP][FAILED] - projectSpecific.Reusability.login: Unable to set text 'swtest01@hme.com' of object 'Object Repository/LoginPage/Username' (Root cause: com.kms.katalon.core.webui.exception.WebElementNotFoundException: Web element with id: 'Object Repository/LoginPage/Username' located by 'By.xpath: //*[@id="Content"]/div/div/form/table/tbody/tr[1]/td/input


' not found)

2018-06-06 20:22:06 - [MESSAGE][PASSED] - projectSpecific.Reusability.getTestData is PASSED

2018-06-06 20:22:06 - [MESSAGE][PASSED] - projectSpecific.Reusability.getTestData is PASSED

2018-06-06 20:22:37 - [MESSAGE][FAILED] - Unable to set text 'swtest01@hme.com' of object 'Object Repository/LoginPage/Username' (Root cause: com.kms.katalon.core.webui.exception.WebElementNotFoundException: Web element with id: 'Object Repository/LoginPage/Username' located by 'By.xpath: //*[@id="Content"]/div/div/form/table/tbody/tr[1]/td/input


' not found)
[[ATTACHMENT|C:\\Users\\shalinin\\Katalon Studio\\HME_UAT_TestScripts\\Reports\\TestSuiteDemo\\20180606_192256\\1528296757526.png]]

2018-06-06 20:22:46 - [MESSAGE][PASSED] - Text 'SWTest01' is set on object 'Object Repository/LoginPage/Password'

2018-06-06 20:22:46 - [MESSAGE][PASSED] - Object: 'Object Repository/LoginPage/Login' is clicked on

2018-06-06 20:22:46 - [MESSAGE][FAILED] - Unable to set text 'swtest01@hme.com' of object 'Object Repository/LoginPage/Username' (Root cause: com.kms.katalon.core.webui.exception.WebElementNotFoundException: Web element with id: 'Object Repository/LoginPage/Username' located by 'By.xpath: //*[@id="Content"]/div/div/form/table/tbody/tr[1]/td/input


' not found)

2018-06-06 20:22:46 - [TEST_STEP][PASSED] - delay: Delayed 10 second(s)

2018-06-06 20:22:56 - [MESSAGE][PASSED] - Delayed 10 second(s)

2018-06-06 20:22:56 - [TEST_STEP][PASSED] - uiaction.CommonUIActions.click: uiaction.CommonUIActions.click is PASSED

2018-06-06 20:23:17 - [MESSAGE][PASSED] - uiaction.CommonUIActions.click is PASSED

2018-06-06 20:23:17 - [TEST_STEP][PASSED] - delay: Delayed 10 second(s)

2018-06-06 20:23:27 - [MESSAGE][PASSED] - Delayed 10 second(s)

2018-06-06 20:23:27 - [TEST_STEP][PASSED] - uiaction.CommonUIActions.click: uiaction.CommonUIActions.click is PASSED

2018-06-06 20:23:47 - [MESSAGE][PASSED] - uiaction.CommonUIActions.click is PASSED

2018-06-06 20:23:47 - [TEST_STEP][PASSED] - Statement - driver = com.kms.katalon.core.webui.driver.DriverFactory.getWebDriver(): null

2018-06-06 20:23:47 - [TEST_STEP][PASSED] - uiaction.CommonUIActions.click: uiaction.CommonUIActions.click is PASSED

2018-06-06 20:24:07 - [MESSAGE][PASSED] - uiaction.CommonUIActions.click is PASSED

2018-06-06 20:24:07 - [TEST_STEP][FAILED] - verifyElementPresent: com.kms.katalon.core.webui.exception.WebElementNotFoundException: Web element with id: 'Object Repository/ReportingGroupManagement/reportingGroupDetails' located by 'By.xpath: //div//h1[text()='Reporting Group Details']' not found

2018-06-06 20:24:18 - [MESSAGE][FAILED] - com.kms.katalon.core.webui.exception.WebElementNotFoundException: Web element with id: 'Object Repository/ReportingGroupManagement/reportingGroupDetails' located by 'By.xpath: //div//h1[text()='Reporting Group Details']' not found
[[ATTACHMENT|C:\\Users\\shalinin\\Katalon Studio\\HME_UAT_TestScripts\\Reports\\TestSuiteDemo\\20180606_192256\\1528296857785.png]]

2018-06-06 20:24:18 - [TEST_STEP][PASSED] - uiaction.CommonUIActions.enter: uiaction.CommonUIActions.enter is PASSED

2018-06-06 20:24:18 - [MESSAGE][PASSED] - projectSpecific.Reusability.getTestData is PASSED

2018-06-06 20:24:18 - [MESSAGE][PASSED] - uiaction.CommonUIActions.enter is PASSED

2018-06-06 20:24:18 - [TEST_STEP][PASSED] - uiaction.CommonUIActions.enter: uiaction.CommonUIActions.enter is PASSED

2018-06-06 20:24:18 - [MESSAGE][PASSED] - projectSpecific.Reusability.getTestData is PASSED

2018-06-06 20:24:38 - [MESSAGE][PASSED] - uiaction.CommonUIActions.enter is PASSED

2018-06-06 20:24:38 - [TEST_STEP][PASSED] - delay: Delayed 5 second(s)

2018-06-06 20:24:43 - [MESSAGE][PASSED] - Delayed 5 second(s)

2018-06-06 20:24:43 - [TEST_STEP][PASSED] - Statement - StoresCBList1 = driver.findElements(org.openqa.selenium.By.xpath(com.kms.katalon.core.testdata.TestDataFactory.findTestData(OR_file).getValue(2, 12))): Reading excel file with source file 'C:\Users\shalinin\Katalon Studio\HME_UAT_TestScripts\Data Files\HME_OR.xlsx' and sheet name 'Sheet1'

2018-06-06 20:24:43 - [TEST_STEP][PASSED] - Statement - storesLabel = driver.findElements(org.openqa.selenium.By.xpath(com.kms.katalon.core.testdata.TestDataFactory.findTestData(OR_file).getValue(2, 10))): Reading excel file with source file 'C:\Users\shalinin\Katalon Studio\HME_UAT_TestScripts\Data Files\HME_OR.xlsx' and sheet name 'Sheet1'

2018-06-06 20:24:43 - [TEST_STEP][PASSED] - Statement - groupStoresList = new java.util.ArrayList(): null

2018-06-06 20:24:43 - [TEST_STEP][PASSED] - Statement - out.println(StoresCBList1.size()): null

2018-06-06 20:24:43 - [TEST_STEP][PASSED] - Statement - size = StoresCBList1.size(): null

2018-06-06 20:24:43 - [TEST_STEP][PASSED] - Statement - For ([i = 0, i < size, (i++)]): null

2018-06-06 20:24:43 - [TEST_STEP][PASSED] - Statement - out.println(groupStoresList): null

2018-06-06 20:24:43 - [TEST_STEP][PASSED] - uiaction.CommonUIActions.click: uiaction.CommonUIActions.click is PASSED

2018-06-06 20:25:04 - [MESSAGE][PASSED] - uiaction.CommonUIActions.click is PASSED

2018-06-06 20:25:04 - [TEST_STEP][PASSED] - delay: Delayed 5 second(s)

2018-06-06 20:25:09 - [MESSAGE][PASSED] - Delayed 5 second(s)

2018-06-06 20:25:09 - [TEST_STEP][PASSED] - Statement - secondStoreListBox1 = driver.findElements(org.openqa.selenium.By.xpath(com.kms.katalon.core.testdata.TestDataFactory.findTestData(OR_file).getValue(2, 11))): Reading excel file with source file 'C:\Users\shalinin\Katalon Studio\HME_UAT_TestScripts\Data Files\HME_OR.xlsx' and sheet name 'Sheet1'

2018-06-06 20:25:09 - [TEST_STEP][PASSED] - Statement - actualList1 = new java.util.ArrayList(): null

2018-06-06 20:25:09 - [TEST_STEP][PASSED] - Statement - For ([i = 0, i < secondStoreListBox1.size(), (i++)]): null

2018-06-06 20:25:09 - [TEST_STEP][PASSED] - Statement - out.println(actualList1): null

2018-06-06 20:25:09 - [TEST_STEP][PASSED] - delay: Delayed 10 second(s)

2018-06-06 20:25:19 - [MESSAGE][PASSED] - Delayed 10 second(s)

2018-06-06 20:25:19 - [TEST_STEP][PASSED] - Statement - exists = false: null

2018-06-06 20:25:19 - [TEST_STEP][PASSED] - Statement - If (actualList1.containsAll(groupStoresList)): null

2018-06-06 20:25:19 - [TEST_STEP][PASSED] - Statement - exists = true: null

2018-06-06 20:25:19 - [TEST_STEP][PASSED] - Statement - println("Selected stores are displayed in Group/Stores in Group listbox"): null

2018-06-06 20:25:19 - [TEST_STEP][PASSED] - Statement - StoresCBList1 = driver.findElements(org.openqa.selenium.By.xpath(com.kms.katalon.core.testdata.TestDataFactory.findTestData(OR_file).getValue(2, 12))): Reading excel file with source file 'C:\Users\shalinin\Katalon Studio\HME_UAT_TestScripts\Data Files\HME_OR.xlsx' and sheet name 'Sheet1'

2018-06-06 20:25:19 - [TEST_STEP][PASSED] - Statement - storesLabel = driver.findElements(org.openqa.selenium.By.xpath(com.kms.katalon.core.testdata.TestDataFactory.findTestData(OR_file).getValue(2, 10))): Reading excel file with source file 'C:\Users\shalinin\Katalon Studio\HME_UAT_TestScripts\Data Files\HME_OR.xlsx' and sheet name 'Sheet1'

2018-06-06 20:25:19 - [TEST_STEP][PASSED] - Statement - storesLabelList = new java.util.ArrayList(): null

2018-06-06 20:25:19 - [TEST_STEP][PASSED] - Statement - For ([i = 0, i < storesLabel.size(), (i++)]): null

2018-06-06 20:25:19 - [TEST_STEP][PASSED] - Statement - println("storesLabel" + storesLabelList): null

2018-06-06 20:25:19 - [TEST_STEP][PASSED] - uiaction.CommonUIActions.click: uiaction.CommonUIActions.click is PASSED

2018-06-06 20:25:39 - [MESSAGE][PASSED] - uiaction.CommonUIActions.click is PASSED

2018-06-06 20:25:39 - [TEST_STEP][PASSED] - delay: Delayed 10 second(s)

2018-06-06 20:25:49 - [MESSAGE][PASSED] - Delayed 10 second(s)

2018-06-06 20:25:49 - [TEST_STEP][PASSED] - back: Navigate back successfully

2018-06-06 20:25:49 - [MESSAGE][PASSED] - Navigate back successfully

2018-06-06 20:25:49 - [TEST_STEP][PASSED] - delay: Delayed 10 second(s)

2018-06-06 20:25:59 - [MESSAGE][PASSED] - Delayed 10 second(s)

2018-06-06 20:25:59 - [TEST_STEP][PASSED] - back: Navigate back successfully

2018-06-06 20:26:01 - [MESSAGE][PASSED] - Navigate back successfully

2018-06-06 20:26:01 - [TEST_STEP][PASSED] - delay: Delayed 10 second(s)

2018-06-06 20:26:11 - [MESSAGE][PASSED] - Delayed 10 second(s)

2018-06-06 20:26:11 - [TEST_STEP][PASSED] - Statement - groupHierarchyList = driver.findElements(org.openqa.selenium.By.xpath(com.kms.katalon.core.testdata.TestDataFactory.findTestData(OR_file).getValue(2, 13))): Reading excel file with source file 'C:\Users\shalinin\Katalon Studio\HME_UAT_TestScripts\Data Files\HME_OR.xlsx' and sheet name 'Sheet1'

2018-06-06 20:26:11 - [TEST_STEP][PASSED] - Statement - actualgroupList = new java.util.ArrayList(): null

2018-06-06 20:26:11 - [TEST_STEP][PASSED] - Statement - For ([i = 0, i < groupHierarchyList.size(), (i++)]): null

2018-06-06 20:26:11 - [TEST_STEP][PASSED] - Statement - groupXpath = "//span[text()='" + CustomKeywords.projectSpecific.Reusability.getTestData("ReportingGroupManagementPage", "groupNameTC7") + "']": projectSpecific.Reusability.getTestData is PASSED

2018-06-06 20:26:11 - [MESSAGE][PASSED] - projectSpecific.Reusability.getTestData is PASSED

2018-06-06 20:26:11 - [TEST_STEP][PASSED] - Statement - println(groupXpath): null

2018-06-06 20:26:11 - [TEST_STEP][PASSED] - Statement - driver.findElement(org.openqa.selenium.By.xpath(groupXpath)).click(): null

2018-06-06 20:26:11 - [TEST_STEP][PASSED] - Statement - Catch (Exception e): null

2018-06-06 20:26:11 - [TEST_STEP][PASSED] - Statement - e.printStackTrace(): null

2018-06-06 20:26:11 - [TEST_STEP][PASSED] - Start listener action : sampleAfterTestCase: Browser is closed

2018-06-06 20:26:11 - [TEST_STEP][PASSED] - Statement - println(testCaseContext.getTestCaseId()): null

2018-06-06 20:26:11 - [TEST_STEP][PASSED] - Statement - println(testCaseContext.getTestCaseStatus()): null

2018-06-06 20:26:11 - [TEST_STEP][PASSED] - closeBrowser: Browser is closed

2018-06-06 20:26:12 - [MESSAGE][PASSED] - Browser is closed]]></system-out>
         <system-err><![CDATA[2018-06-06 20:21:25 - [TEST_CASE][FAILED] - Test Cases/CreateGroupTC/HME-DeleteGroup-07: Test Cases/CreateGroupTC/HME-DeleteGroup-07 FAILED because (of) Unable to set text 'swtest01@hme.com' of object 'Object Repository/LoginPage/Username' (Root cause: com.kms.katalon.core.webui.exception.WebElementNotFoundException: Web element with id: 'Object Repository/LoginPage/Username' located by 'By.xpath: //*[@id="Content"]/div/div/form/table/tbody/tr[1]/td/input


' not found)]]></system-err>
      </testcase>
      <system-out><![CDATA[2018-06-06 19:22:58 - [TEST_SUITE][FAILED] - TestSuiteDemo: Test Cases/TimeZoneTC/HME-Account_Setting-Timezone-05 FAILED because (of) org.codehaus.groovy.runtime.powerassert.PowerAssertionError: assert TCflag==true
       |     |
       false false]]></system-out>
      <system-err><![CDATA[2018-06-06 19:22:58 - [TEST_SUITE][FAILED] - TestSuiteDemo: Test Cases/TimeZoneTC/HME-Account_Setting-Timezone-05 FAILED because (of) org.codehaus.groovy.runtime.powerassert.PowerAssertionError: assert TCflag==true
       |     |
       false false]]></system-err>
   </testsuite>
</testsuites>
