<?xml version="1.0" encoding="UTF-8"?>
<testsuites name="RegressionSuite" time="1354" tests="4" failures="1" errors="0">
   <testsuite name="RegressionSuite" tests="4" failures="1" errors="0" time="1354" timestamp="2018-06-05 12:01:33" hostname="shalinin - NIBC2129.nousinfo.com" id="Test Suites/RegressionSuite">
      <properties>
         <property name="deviceName" value=""/>
         <property name="devicePlatform" value=""/>
         <property name="logFolder" value="C:\\Users\\shalinin\\Katalon Studio\\HME_Scripts\\Reports\\RegressionSuite\\20180605_120130"/>
         <property name="logFiles" value="C:\\Users\\shalinin\\Katalon Studio\\HME_Scripts\\Reports\\RegressionSuite\\20180605_120130\\execution0.log"/>
         <property name="attachments" value=""/>
         <property name="hostName" value="shalinin - NIBC2129.nousinfo.com"/>
         <property name="os" value="Windows 7 64bit"/>
         <property name="katalonVersion" value="5.3.1.1"/>
         <property name="browser" value="Chrome 66.0.3359.181"/>
         <property name="hostAddress" value="10.10.50.72"/>
         <property name="sessionId" value="8f4198d420f88d5bc0e4419a47d07618"/>
         <property name="seleniumVersion" value="3.7.1"/>
         <property name="proxyInformation" value="ProxyInformation{proxyOption=NO_PROXY, proxyServerType=HTTP, password=, proxyServerAddress=, proxyServerPort=0}"/>
         <property name="platform" value="Windows 7"/>
      </properties>
      <testcase name="Test Cases/SummaryReportsTC/HME-Summary Report-02" classname="Test Cases/SummaryReportsTC/HME-Summary Report-02" status="PASSED">
         <system-out><![CDATA[2018-06-05 12:01:33 - [TEST_CASE][PASSED] - Test Cases/SummaryReportsTC/HME-Summary Report-02: Browser is closed

2018-06-05 12:01:33 - [TEST_STEP][PASSED] - Start listener action : sampleBeforeTestCase: uiaction.CommonUIActions.deleteAllCookies is PASSED

2018-06-05 12:01:33 - [TEST_STEP][PASSED] - openBrowser: Browser is opened with url: ''

2018-06-05 12:01:37 - [MESSAGE][PASSED] - Browser is opened with url: ''

2018-06-05 12:01:37 - [TEST_STEP][PASSED] - maximizeWindow: Current window maximized

2018-06-05 12:01:38 - [MESSAGE][PASSED] - Current window maximized

2018-06-05 12:01:38 - [TEST_STEP][PASSED] - uiaction.CommonUIActions.deleteAllCookies: uiaction.CommonUIActions.deleteAllCookies is PASSED

2018-06-05 12:01:39 - [MESSAGE][PASSED] - Delete all cookies successfully

2018-06-05 12:01:39 - [MESSAGE][PASSED] - uiaction.CommonUIActions.deleteAllCookies is PASSED

2018-06-05 12:01:39 - [TEST_STEP][PASSED] - Statement - TCflag = true: null

2018-06-05 12:01:39 - [TEST_STEP][PASSED] - Statement - Try: uiaction.CommonUIActions.click is PASSED

2018-06-05 12:01:39 - [TEST_STEP][PASSED] - navigateToUrl: Navigate to 'https://hme-dev-public-cloud-app.azurewebsites.net/' successfully

2018-06-05 12:02:02 - [MESSAGE][PASSED] - Navigate to 'https://hme-dev-public-cloud-app.azurewebsites.net/' successfully

2018-06-05 12:02:02 - [TEST_STEP][PASSED] - delay: Delayed 10 second(s)

2018-06-05 12:02:12 - [MESSAGE][PASSED] - Delayed 10 second(s)

2018-06-05 12:02:12 - [TEST_STEP][PASSED] - navigateToUrl: Navigate to 'https://hme-dev-public-cloud-app.azurewebsites.net/' successfully

2018-06-05 12:02:14 - [MESSAGE][PASSED] - Navigate to 'https://hme-dev-public-cloud-app.azurewebsites.net/' successfully

2018-06-05 12:02:14 - [TEST_STEP][PASSED] - projectSpecific.Reusability.login: projectSpecific.Reusability.login is PASSED

2018-06-05 12:02:14 - [MESSAGE][PASSED] - projectSpecific.Reusability.getTestData is PASSED

2018-06-05 12:02:15 - [MESSAGE][PASSED] - projectSpecific.Reusability.getTestData is PASSED

2018-06-05 12:02:15 - [MESSAGE][PASSED] - Text 'selvendrank@nousinfo.com' is set on object 'Object Repository/LoginPage/Username'

2018-06-05 12:02:15 - [MESSAGE][PASSED] - Text 'nous;123' is set on object 'Object Repository/LoginPage/Password'

2018-06-05 12:02:15 - [MESSAGE][PASSED] - Object: 'Object Repository/LoginPage/Login' is clicked on

2018-06-05 12:02:15 - [MESSAGE][PASSED] - projectSpecific.Reusability.login is PASSED

2018-06-05 12:02:15 - [TEST_STEP][PASSED] - delay: Delayed 15 second(s)

2018-06-05 12:02:30 - [MESSAGE][PASSED] - Delayed 15 second(s)

2018-06-05 12:02:30 - [TEST_STEP][PASSED] - delay: Delayed 15 second(s)

2018-06-05 12:02:45 - [MESSAGE][PASSED] - Delayed 15 second(s)

2018-06-05 12:02:45 - [TEST_STEP][PASSED] - uiaction.CommonUIActions.click: uiaction.CommonUIActions.click is PASSED

2018-06-05 12:02:47 - [MESSAGE][PASSED] - uiaction.CommonUIActions.click is PASSED

2018-06-05 12:02:47 - [TEST_STEP][PASSED] - uiaction.CommonUIActions.click: uiaction.CommonUIActions.click is PASSED

2018-06-05 12:02:47 - [MESSAGE][PASSED] - uiaction.CommonUIActions.click is PASSED

2018-06-05 12:02:47 - [TEST_STEP][PASSED] - uiaction.CommonUIActions.click: uiaction.CommonUIActions.click is PASSED

2018-06-05 12:02:47 - [MESSAGE][PASSED] - uiaction.CommonUIActions.click is PASSED

2018-06-05 12:02:47 - [TEST_STEP][PASSED] - uiaction.CommonUIActions.enter: uiaction.CommonUIActions.enter is PASSED

2018-06-05 12:02:47 - [MESSAGE][PASSED] - projectSpecific.Reusability.getTestData is PASSED

2018-06-05 12:02:47 - [MESSAGE][PASSED] - uiaction.CommonUIActions.enter is PASSED

2018-06-05 12:02:47 - [TEST_STEP][PASSED] - uiaction.CommonUIActions.enter: uiaction.CommonUIActions.enter is PASSED

2018-06-05 12:02:48 - [MESSAGE][PASSED] - projectSpecific.Reusability.getTestData is PASSED

2018-06-05 12:02:48 - [MESSAGE][PASSED] - uiaction.CommonUIActions.enter is PASSED

2018-06-05 12:02:48 - [TEST_STEP][PASSED] - delay: Delayed 10 second(s)

2018-06-05 12:02:58 - [MESSAGE][PASSED] - Delayed 10 second(s)

2018-06-05 12:02:58 - [TEST_STEP][PASSED] - Statement - driver = com.kms.katalon.core.webui.driver.DriverFactory.getWebDriver(): null

2018-06-05 12:02:58 - [TEST_STEP][PASSED] - Statement - grouplist = driver.findElements(org.openqa.selenium.By.xpath("//ul[@class='unlinked-grouplist']/li")): null

2018-06-05 12:02:58 - [TEST_STEP][PASSED] - delay: Delayed 5 second(s)

2018-06-05 12:03:03 - [MESSAGE][PASSED] - Delayed 5 second(s)

2018-06-05 12:03:03 - [TEST_STEP][PASSED] - Statement - pattern = java.util.regex.Pattern.compile("[0-9]+"): null

2018-06-05 12:03:03 - [TEST_STEP][PASSED] - Statement - store_count = 1: null

2018-06-05 12:03:03 - [TEST_STEP][PASSED] - Statement - For ([i = 0, i < 20, (i++)]): null

2018-06-05 12:03:03 - [TEST_STEP][PASSED] - Statement - println(grouplist.get(i).getText()): null

2018-06-05 12:03:03 - [TEST_STEP][PASSED] - Statement - txt = grouplist.get(i).getText(): null

2018-06-05 12:03:03 - [TEST_STEP][PASSED] - Statement - matched = pattern.matcher(txt).matches(): null

2018-06-05 12:03:03 - [TEST_STEP][PASSED] - Statement - If (matched): null

2018-06-05 12:03:03 - [TEST_STEP][PASSED] - Statement - println(grouplist.get(i).getText()): null

2018-06-05 12:03:03 - [TEST_STEP][PASSED] - Statement - txt = grouplist.get(i).getText(): null

2018-06-05 12:03:03 - [TEST_STEP][PASSED] - Statement - matched = pattern.matcher(txt).matches(): null

2018-06-05 12:03:03 - [TEST_STEP][PASSED] - Statement - If (matched): null

2018-06-05 12:03:03 - [TEST_STEP][PASSED] - Statement - println(grouplist.get(i).getText()): null

2018-06-05 12:03:03 - [TEST_STEP][PASSED] - Statement - txt = grouplist.get(i).getText(): null

2018-06-05 12:03:03 - [TEST_STEP][PASSED] - Statement - matched = pattern.matcher(txt).matches(): null

2018-06-05 12:03:03 - [TEST_STEP][PASSED] - Statement - If (matched): null

2018-06-05 12:03:03 - [TEST_STEP][PASSED] - Statement - println(grouplist.get(i).getText()): null

2018-06-05 12:03:03 - [TEST_STEP][PASSED] - Statement - txt = grouplist.get(i).getText(): null

2018-06-05 12:03:03 - [TEST_STEP][PASSED] - Statement - matched = pattern.matcher(txt).matches(): null

2018-06-05 12:03:03 - [TEST_STEP][PASSED] - Statement - If (matched): null

2018-06-05 12:03:03 - [TEST_STEP][PASSED] - Statement - println(grouplist.get(i).getText()): null

2018-06-05 12:03:03 - [TEST_STEP][PASSED] - Statement - txt = grouplist.get(i).getText(): null

2018-06-05 12:03:03 - [TEST_STEP][PASSED] - Statement - matched = pattern.matcher(txt).matches(): null

2018-06-05 12:03:03 - [TEST_STEP][PASSED] - Statement - If (matched): null

2018-06-05 12:03:03 - [TEST_STEP][PASSED] - Statement - println(grouplist.get(i).getText()): null

2018-06-05 12:03:03 - [TEST_STEP][PASSED] - Statement - txt = grouplist.get(i).getText(): null

2018-06-05 12:03:03 - [TEST_STEP][PASSED] - Statement - matched = pattern.matcher(txt).matches(): null

2018-06-05 12:03:03 - [TEST_STEP][PASSED] - Statement - If (matched): null

2018-06-05 12:03:03 - [TEST_STEP][PASSED] - Statement - println(grouplist.get(i).getText()): null

2018-06-05 12:03:03 - [TEST_STEP][PASSED] - Statement - txt = grouplist.get(i).getText(): null

2018-06-05 12:03:03 - [TEST_STEP][PASSED] - Statement - matched = pattern.matcher(txt).matches(): null

2018-06-05 12:03:03 - [TEST_STEP][PASSED] - Statement - If (matched): null

2018-06-05 12:03:03 - [TEST_STEP][PASSED] - Statement - println(grouplist.get(i).getText()): null

2018-06-05 12:03:03 - [TEST_STEP][PASSED] - Statement - txt = grouplist.get(i).getText(): null

2018-06-05 12:03:03 - [TEST_STEP][PASSED] - Statement - matched = pattern.matcher(txt).matches(): null

2018-06-05 12:03:03 - [TEST_STEP][PASSED] - Statement - If (matched): null

2018-06-05 12:03:03 - [TEST_STEP][PASSED] - Statement - println(grouplist.get(i).getText()): null

2018-06-05 12:03:03 - [TEST_STEP][PASSED] - Statement - txt = grouplist.get(i).getText(): null

2018-06-05 12:03:03 - [TEST_STEP][PASSED] - Statement - matched = pattern.matcher(txt).matches(): null

2018-06-05 12:03:03 - [TEST_STEP][PASSED] - Statement - If (matched): null

2018-06-05 12:03:03 - [TEST_STEP][PASSED] - Statement - println(grouplist.get(i).getText()): null

2018-06-05 12:03:03 - [TEST_STEP][PASSED] - Statement - txt = grouplist.get(i).getText(): null

2018-06-05 12:03:03 - [TEST_STEP][PASSED] - Statement - matched = pattern.matcher(txt).matches(): null

2018-06-05 12:03:03 - [TEST_STEP][PASSED] - Statement - If (matched): null

2018-06-05 12:03:03 - [TEST_STEP][PASSED] - Statement - println(grouplist.get(i).getText()): null

2018-06-05 12:03:03 - [TEST_STEP][PASSED] - Statement - txt = grouplist.get(i).getText(): null

2018-06-05 12:03:03 - [TEST_STEP][PASSED] - Statement - matched = pattern.matcher(txt).matches(): null

2018-06-05 12:03:03 - [TEST_STEP][PASSED] - Statement - If (matched): null

2018-06-05 12:03:03 - [TEST_STEP][PASSED] - Statement - println(grouplist.get(i).getText()): null

2018-06-05 12:03:03 - [TEST_STEP][PASSED] - Statement - txt = grouplist.get(i).getText(): null

2018-06-05 12:03:03 - [TEST_STEP][PASSED] - Statement - matched = pattern.matcher(txt).matches(): null

2018-06-05 12:03:03 - [TEST_STEP][PASSED] - Statement - If (matched): null

2018-06-05 12:03:03 - [TEST_STEP][PASSED] - Statement - println(grouplist.get(i).getText()): null

2018-06-05 12:03:03 - [TEST_STEP][PASSED] - Statement - txt = grouplist.get(i).getText(): null

2018-06-05 12:03:03 - [TEST_STEP][PASSED] - Statement - matched = pattern.matcher(txt).matches(): null

2018-06-05 12:03:03 - [TEST_STEP][PASSED] - Statement - If (matched): null

2018-06-05 12:03:03 - [TEST_STEP][PASSED] - Statement - driver.findElement(org.openqa.selenium.By.xpath("(//ul[@class='unlinked-grouplist']/li/label)[" + i + 1 + "]")).click(): null

2018-06-05 12:03:03 - [TEST_STEP][PASSED] - Statement - (store_count++): null

2018-06-05 12:03:03 - [TEST_STEP][PASSED] - Statement - println(grouplist.get(i).getText()): null

2018-06-05 12:03:03 - [TEST_STEP][PASSED] - Statement - txt = grouplist.get(i).getText(): null

2018-06-05 12:03:03 - [TEST_STEP][PASSED] - Statement - matched = pattern.matcher(txt).matches(): null

2018-06-05 12:03:03 - [TEST_STEP][PASSED] - Statement - If (matched): null

2018-06-05 12:03:03 - [TEST_STEP][PASSED] - Statement - driver.findElement(org.openqa.selenium.By.xpath("(//ul[@class='unlinked-grouplist']/li/label)[" + i + 1 + "]")).click(): null

2018-06-05 12:03:03 - [TEST_STEP][PASSED] - Statement - (store_count++): null

2018-06-05 12:03:03 - [TEST_STEP][PASSED] - Statement - println(grouplist.get(i).getText()): null

2018-06-05 12:03:03 - [TEST_STEP][PASSED] - Statement - txt = grouplist.get(i).getText(): null

2018-06-05 12:03:03 - [TEST_STEP][PASSED] - Statement - matched = pattern.matcher(txt).matches(): null

2018-06-05 12:03:03 - [TEST_STEP][PASSED] - Statement - If (matched): null

2018-06-05 12:03:03 - [TEST_STEP][PASSED] - Statement - driver.findElement(org.openqa.selenium.By.xpath("(//ul[@class='unlinked-grouplist']/li/label)[" + i + 1 + "]")).click(): null

2018-06-05 12:03:03 - [TEST_STEP][PASSED] - Statement - (store_count++): null

2018-06-05 12:03:03 - [TEST_STEP][PASSED] - Statement - println(grouplist.get(i).getText()): null

2018-06-05 12:03:03 - [TEST_STEP][PASSED] - Statement - txt = grouplist.get(i).getText(): null

2018-06-05 12:03:03 - [TEST_STEP][PASSED] - Statement - matched = pattern.matcher(txt).matches(): null

2018-06-05 12:03:03 - [TEST_STEP][PASSED] - Statement - If (matched): null

2018-06-05 12:03:03 - [TEST_STEP][PASSED] - Statement - driver.findElement(org.openqa.selenium.By.xpath("(//ul[@class='unlinked-grouplist']/li/label)[" + i + 1 + "]")).click(): null

2018-06-05 12:03:04 - [TEST_STEP][PASSED] - Statement - (store_count++): null

2018-06-05 12:03:04 - [TEST_STEP][PASSED] - Statement - println(grouplist.get(i).getText()): null

2018-06-05 12:03:04 - [TEST_STEP][PASSED] - Statement - txt = grouplist.get(i).getText(): null

2018-06-05 12:03:04 - [TEST_STEP][PASSED] - Statement - matched = pattern.matcher(txt).matches(): null

2018-06-05 12:03:04 - [TEST_STEP][PASSED] - Statement - If (matched): null

2018-06-05 12:03:04 - [TEST_STEP][PASSED] - Statement - driver.findElement(org.openqa.selenium.By.xpath("(//ul[@class='unlinked-grouplist']/li/label)[" + i + 1 + "]")).click(): null

2018-06-05 12:03:04 - [TEST_STEP][PASSED] - Statement - (store_count++): null

2018-06-05 12:03:04 - [TEST_STEP][PASSED] - Statement - println(grouplist.get(i).getText()): null

2018-06-05 12:03:04 - [TEST_STEP][PASSED] - Statement - txt = grouplist.get(i).getText(): null

2018-06-05 12:03:04 - [TEST_STEP][PASSED] - Statement - matched = pattern.matcher(txt).matches(): null

2018-06-05 12:03:04 - [TEST_STEP][PASSED] - Statement - If (matched): null

2018-06-05 12:03:04 - [TEST_STEP][PASSED] - Statement - driver.findElement(org.openqa.selenium.By.xpath("(//ul[@class='unlinked-grouplist']/li/label)[" + i + 1 + "]")).click(): null

2018-06-05 12:03:04 - [TEST_STEP][PASSED] - Statement - (store_count++): null

2018-06-05 12:03:04 - [TEST_STEP][PASSED] - Statement - println(grouplist.get(i).getText()): null

2018-06-05 12:03:04 - [TEST_STEP][PASSED] - Statement - txt = grouplist.get(i).getText(): null

2018-06-05 12:03:04 - [TEST_STEP][PASSED] - Statement - matched = pattern.matcher(txt).matches(): null

2018-06-05 12:03:04 - [TEST_STEP][PASSED] - Statement - If (matched): null

2018-06-05 12:03:04 - [TEST_STEP][PASSED] - Statement - driver.findElement(org.openqa.selenium.By.xpath("(//ul[@class='unlinked-grouplist']/li/label)[" + i + 1 + "]")).click(): null

2018-06-05 12:03:04 - [TEST_STEP][PASSED] - Statement - (store_count++): null

2018-06-05 12:03:04 - [TEST_STEP][PASSED] - Statement - println(grouplist.get(i).getText()): null

2018-06-05 12:03:04 - [TEST_STEP][PASSED] - Statement - txt = grouplist.get(i).getText(): null

2018-06-05 12:03:04 - [TEST_STEP][PASSED] - Statement - matched = pattern.matcher(txt).matches(): null

2018-06-05 12:03:04 - [TEST_STEP][PASSED] - Statement - If (matched): null

2018-06-05 12:03:04 - [TEST_STEP][PASSED] - Statement - driver.findElement(org.openqa.selenium.By.xpath("(//ul[@class='unlinked-grouplist']/li/label)[" + i + 1 + "]")).click(): null

2018-06-05 12:03:04 - [TEST_STEP][PASSED] - Statement - (store_count++): null

2018-06-05 12:03:04 - [TEST_STEP][PASSED] - Statement - driver.findElement(org.openqa.selenium.By.xpath("//button[contains(text(),'>')]")).click(): null

2018-06-05 12:03:04 - [TEST_STEP][PASSED] - uiaction.CommonUIActions.click: uiaction.CommonUIActions.click is PASSED

2018-06-05 12:03:04 - [MESSAGE][PASSED] - uiaction.CommonUIActions.click is PASSED

2018-06-05 12:03:04 - [TEST_STEP][PASSED] - delay: Delayed 5 second(s)

2018-06-05 12:03:09 - [MESSAGE][PASSED] - Delayed 5 second(s)

2018-06-05 12:03:09 - [TEST_STEP][PASSED] - uiaction.CommonUIActions.click: uiaction.CommonUIActions.click is PASSED

2018-06-05 12:03:09 - [MESSAGE][PASSED] - uiaction.CommonUIActions.click is PASSED

2018-06-05 12:03:09 - [TEST_STEP][PASSED] - delay: Delayed 10 second(s)

2018-06-05 12:03:19 - [MESSAGE][PASSED] - Delayed 10 second(s)

2018-06-05 12:03:19 - [TEST_STEP][PASSED] - Statement - groupmain = CustomKeywords.projectSpecific.Reusability.getTestData("ReportingGroupManagementPage", "dummyGroupName1"): projectSpecific.Reusability.getTestData is PASSED

2018-06-05 12:03:19 - [MESSAGE][PASSED] - projectSpecific.Reusability.getTestData is PASSED

2018-06-05 12:03:19 - [TEST_STEP][PASSED] - Statement - driver.findElement(org.openqa.selenium.By.xpath("//span[contains(text(),'" + groupmain + "')]/../../../../span[2]")).click(): null

2018-06-05 12:03:19 - [TEST_STEP][PASSED] - delay: Delayed 10 second(s)

2018-06-05 12:03:29 - [MESSAGE][PASSED] - Delayed 10 second(s)

2018-06-05 12:03:29 - [TEST_STEP][PASSED] - mouseOver: Object: 'Object Repository/ReportsPage/mouseOver' is hovered

2018-06-05 12:03:30 - [MESSAGE][PASSED] - Object: 'Object Repository/ReportsPage/mouseOver' is hovered

2018-06-05 12:03:30 - [TEST_STEP][PASSED] - Statement - criteriaStoreList = driver.findElements(org.openqa.selenium.By.xpath(com.kms.katalon.core.testdata.TestDataFactory.findTestData(OR_file).getValue(2, 15))): Reading excel file with source file 'C:\Users\shalinin\Katalon Studio\HME_Scripts\Data Files\HME_OR.xlsx' and sheet name 'Sheet1'

2018-06-05 12:03:30 - [TEST_STEP][PASSED] - Statement - criteriaSTList = new java.util.ArrayList(): null

2018-06-05 12:03:30 - [TEST_STEP][PASSED] - Statement - For ([i = 0, i < criteriaStoreList.size(), (i++)]): null

2018-06-05 12:03:30 - [TEST_STEP][PASSED] - Statement - value = criteriaStoreList[i].getText(): null

2018-06-05 12:03:30 - [TEST_STEP][PASSED] - Statement - println(value): null

2018-06-05 12:03:30 - [TEST_STEP][PASSED] - Statement - value = value.replace(",", ""): null

2018-06-05 12:03:30 - [TEST_STEP][PASSED] - Statement - value = value.trim(): null

2018-06-05 12:03:30 - [TEST_STEP][PASSED] - Statement - criteriaSTList[i] = value: null

2018-06-05 12:03:30 - [TEST_STEP][PASSED] - Statement - value = criteriaStoreList[i].getText(): null

2018-06-05 12:03:30 - [TEST_STEP][PASSED] - Statement - println(value): null

2018-06-05 12:03:30 - [TEST_STEP][PASSED] - Statement - value = value.replace(",", ""): null

2018-06-05 12:03:30 - [TEST_STEP][PASSED] - Statement - value = value.trim(): null

2018-06-05 12:03:30 - [TEST_STEP][PASSED] - Statement - criteriaSTList[i] = value: null

2018-06-05 12:03:30 - [TEST_STEP][PASSED] - Statement - value = criteriaStoreList[i].getText(): null

2018-06-05 12:03:30 - [TEST_STEP][PASSED] - Statement - println(value): null

2018-06-05 12:03:30 - [TEST_STEP][PASSED] - Statement - value = value.replace(",", ""): null

2018-06-05 12:03:30 - [TEST_STEP][PASSED] - Statement - value = value.trim(): null

2018-06-05 12:03:30 - [TEST_STEP][PASSED] - Statement - criteriaSTList[i] = value: null

2018-06-05 12:03:30 - [TEST_STEP][PASSED] - Statement - value = criteriaStoreList[i].getText(): null

2018-06-05 12:03:30 - [TEST_STEP][PASSED] - Statement - println(value): null

2018-06-05 12:03:30 - [TEST_STEP][PASSED] - Statement - value = value.replace(",", ""): null

2018-06-05 12:03:30 - [TEST_STEP][PASSED] - Statement - value = value.trim(): null

2018-06-05 12:03:30 - [TEST_STEP][PASSED] - Statement - criteriaSTList[i] = value: null

2018-06-05 12:03:30 - [TEST_STEP][PASSED] - Statement - value = criteriaStoreList[i].getText(): null

2018-06-05 12:03:30 - [TEST_STEP][PASSED] - Statement - println(value): null

2018-06-05 12:03:30 - [TEST_STEP][PASSED] - Statement - value = value.replace(",", ""): null

2018-06-05 12:03:30 - [TEST_STEP][PASSED] - Statement - value = value.trim(): null

2018-06-05 12:03:30 - [TEST_STEP][PASSED] - Statement - criteriaSTList[i] = value: null

2018-06-05 12:03:30 - [TEST_STEP][PASSED] - Statement - value = criteriaStoreList[i].getText(): null

2018-06-05 12:03:30 - [TEST_STEP][PASSED] - Statement - println(value): null

2018-06-05 12:03:30 - [TEST_STEP][PASSED] - Statement - value = value.replace(",", ""): null

2018-06-05 12:03:30 - [TEST_STEP][PASSED] - Statement - value = value.trim(): null

2018-06-05 12:03:30 - [TEST_STEP][PASSED] - Statement - criteriaSTList[i] = value: null

2018-06-05 12:03:30 - [TEST_STEP][PASSED] - Statement - value = criteriaStoreList[i].getText(): null

2018-06-05 12:03:30 - [TEST_STEP][PASSED] - Statement - println(value): null

2018-06-05 12:03:30 - [TEST_STEP][PASSED] - Statement - value = value.replace(",", ""): null

2018-06-05 12:03:30 - [TEST_STEP][PASSED] - Statement - value = value.trim(): null

2018-06-05 12:03:30 - [TEST_STEP][PASSED] - Statement - criteriaSTList[i] = value: null

2018-06-05 12:03:30 - [TEST_STEP][PASSED] - Statement - value = criteriaStoreList[i].getText(): null

2018-06-05 12:03:30 - [TEST_STEP][PASSED] - Statement - println(value): null

2018-06-05 12:03:30 - [TEST_STEP][PASSED] - Statement - value = value.replace(",", ""): null

2018-06-05 12:03:30 - [TEST_STEP][PASSED] - Statement - value = value.trim(): null

2018-06-05 12:03:30 - [TEST_STEP][PASSED] - Statement - criteriaSTList[i] = value: null

2018-06-05 12:03:30 - [TEST_STEP][PASSED] - Statement - println(criteriaSTList): null

2018-06-05 12:03:30 - [TEST_STEP][PASSED] - click: Object: 'Object Repository/ReportsPage/timeSelection' is clicked on

2018-06-05 12:03:30 - [MESSAGE][PASSED] - Object: 'Object Repository/ReportsPage/timeSelection' is clicked on

2018-06-05 12:03:30 - [TEST_STEP][PASSED] - click: Object: 'Object Repository/ReportsPage/weekTimeOption' is clicked on

2018-06-05 12:03:30 - [MESSAGE][PASSED] - Object: 'Object Repository/ReportsPage/weekTimeOption' is clicked on

2018-06-05 12:03:30 - [TEST_STEP][PASSED] - click: Object: 'Object Repository/ReportsPage/summaryReportHeading' is clicked on

2018-06-05 12:03:30 - [MESSAGE][PASSED] - Object: 'Object Repository/ReportsPage/summaryReportHeading' is clicked on

2018-06-05 12:03:30 - [TEST_STEP][PASSED] - verifyElementText: Actual text and expected text of test object 'Object Repository/ReportsPage/weekTimeOption' are matched.

2018-06-05 12:03:30 - [MESSAGE][PASSED] - projectSpecific.Reusability.getTestData is PASSED

2018-06-05 12:03:30 - [MESSAGE][PASSED] - Actual text and expected text of test object 'Object Repository/ReportsPage/weekTimeOption' are matched.

2018-06-05 12:03:30 - [TEST_STEP][PASSED] - verifyElementText: Actual text and expected text of test object 'Object Repository/ReportsPage/criteriaTimeMeasure' are matched.

2018-06-05 12:03:30 - [MESSAGE][PASSED] - projectSpecific.Reusability.getTestData is PASSED

2018-06-05 12:03:30 - [MESSAGE][PASSED] - Actual text and expected text of test object 'Object Repository/ReportsPage/criteriaTimeMeasure' are matched.

2018-06-05 12:03:30 - [TEST_STEP][PASSED] - delay: Delayed 5 second(s)

2018-06-05 12:03:35 - [MESSAGE][PASSED] - Delayed 5 second(s)

2018-06-05 12:03:35 - [TEST_STEP][PASSED] - click: Object: 'Object Repository/ReportsPage/fromDateSelector' is clicked on

2018-06-05 12:03:35 - [MESSAGE][PASSED] - Object: 'Object Repository/ReportsPage/fromDateSelector' is clicked on

2018-06-05 12:03:35 - [TEST_STEP][PASSED] - delay: Delayed 5 second(s)

2018-06-05 12:03:40 - [MESSAGE][PASSED] - Delayed 5 second(s)

2018-06-05 12:03:40 - [TEST_STEP][PASSED] - Statement - monthText = com.kms.katalon.core.webui.keyword.WebUiBuiltInKeywords.getText(com.kms.katalon.core.testobject.ObjectRepository.findTestObject(ReportsPage/monthText)): Text of object 'Object Repository/ReportsPage/monthText' is: 'June 2018'

2018-06-05 12:03:40 - [MESSAGE][PASSED] - Text of object 'Object Repository/ReportsPage/monthText' is: 'June 2018'

2018-06-05 12:03:40 - [TEST_STEP][PASSED] - Statement - monthTextArray = monthText.split(" "): null

2018-06-05 12:03:40 - [TEST_STEP][PASSED] - Statement - month = monthTextArray[0]: null

2018-06-05 12:03:40 - [TEST_STEP][PASSED] - Statement - monthTextValue = CustomKeywords.projectSpecific.Reusability.getTestData("ReportsPage", "Month"): projectSpecific.Reusability.getTestData is PASSED

2018-06-05 12:03:40 - [MESSAGE][PASSED] - projectSpecific.Reusability.getTestData is PASSED

2018-06-05 12:03:40 - [TEST_STEP][PASSED] - Statement - If (!(monthTextValue.equals(month))): null

2018-06-05 12:03:40 - [TEST_STEP][PASSED] - Statement - While (!(monthTextValue.equals(month))): null

2018-06-05 12:03:40 - [TEST_STEP][PASSED] - click: Object: 'Object Repository/ReportsPage/previousDateSelector' is clicked on

2018-06-05 12:03:40 - [MESSAGE][PASSED] - Object: 'Object Repository/ReportsPage/previousDateSelector' is clicked on

2018-06-05 12:03:40 - [TEST_STEP][PASSED] - Statement - monthText = com.kms.katalon.core.webui.keyword.WebUiBuiltInKeywords.getText(com.kms.katalon.core.testobject.ObjectRepository.findTestObject(ReportsPage/monthText)): Text of object 'Object Repository/ReportsPage/monthText' is: 'May 2018'

2018-06-05 12:03:40 - [MESSAGE][PASSED] - Text of object 'Object Repository/ReportsPage/monthText' is: 'May 2018'

2018-06-05 12:03:40 - [TEST_STEP][PASSED] - Statement - monthTextArray = monthText.split(" "): null

2018-06-05 12:03:40 - [TEST_STEP][PASSED] - Statement - month = monthTextArray[0]: null

2018-06-05 12:03:40 - [TEST_STEP][PASSED] - click: Object: 'Object Repository/ReportsPage/previousDateSelector' is clicked on

2018-06-05 12:03:41 - [MESSAGE][PASSED] - Object: 'Object Repository/ReportsPage/previousDateSelector' is clicked on

2018-06-05 12:03:41 - [TEST_STEP][PASSED] - Statement - monthText = com.kms.katalon.core.webui.keyword.WebUiBuiltInKeywords.getText(com.kms.katalon.core.testobject.ObjectRepository.findTestObject(ReportsPage/monthText)): Text of object 'Object Repository/ReportsPage/monthText' is: 'April 2018'

2018-06-05 12:03:41 - [MESSAGE][PASSED] - Text of object 'Object Repository/ReportsPage/monthText' is: 'April 2018'

2018-06-05 12:03:41 - [TEST_STEP][PASSED] - Statement - monthTextArray = monthText.split(" "): null

2018-06-05 12:03:41 - [TEST_STEP][PASSED] - Statement - month = monthTextArray[0]: null

2018-06-05 12:03:41 - [TEST_STEP][PASSED] - click: Object: 'Object Repository/ReportsPage/previousDateSelector' is clicked on

2018-06-05 12:03:41 - [MESSAGE][PASSED] - Object: 'Object Repository/ReportsPage/previousDateSelector' is clicked on

2018-06-05 12:03:41 - [TEST_STEP][PASSED] - Statement - monthText = com.kms.katalon.core.webui.keyword.WebUiBuiltInKeywords.getText(com.kms.katalon.core.testobject.ObjectRepository.findTestObject(ReportsPage/monthText)): Text of object 'Object Repository/ReportsPage/monthText' is: 'March 2018'

2018-06-05 12:03:41 - [MESSAGE][PASSED] - Text of object 'Object Repository/ReportsPage/monthText' is: 'March 2018'

2018-06-05 12:03:41 - [TEST_STEP][PASSED] - Statement - monthTextArray = monthText.split(" "): null

2018-06-05 12:03:41 - [TEST_STEP][PASSED] - Statement - month = monthTextArray[0]: null

2018-06-05 12:03:41 - [TEST_STEP][PASSED] - Statement - data = CustomKeywords.projectSpecific.Reusability.getTestData("ReportsPage", "StartDate"): projectSpecific.Reusability.getTestData is PASSED

2018-06-05 12:03:41 - [MESSAGE][PASSED] - projectSpecific.Reusability.getTestData is PASSED

2018-06-05 12:03:41 - [TEST_STEP][PASSED] - Statement - startDate = "(//td[text()='" + data + "'])[1]": null

2018-06-05 12:03:41 - [TEST_STEP][PASSED] - Statement - println(startDate): null

2018-06-05 12:03:41 - [TEST_STEP][PASSED] - Statement - startdateEle = driver.findElement(org.openqa.selenium.By.xpath(startDate)): null

2018-06-05 12:03:41 - [TEST_STEP][PASSED] - Statement - startdateEle.click(): null

2018-06-05 12:03:41 - [TEST_STEP][PASSED] - delay: Delayed 5 second(s)

2018-06-05 12:03:46 - [MESSAGE][PASSED] - Delayed 5 second(s)

2018-06-05 12:03:46 - [TEST_STEP][PASSED] - click: Object: 'Object Repository/ReportsPage/toDateSelector' is clicked on

2018-06-05 12:03:46 - [MESSAGE][PASSED] - Object: 'Object Repository/ReportsPage/toDateSelector' is clicked on

2018-06-05 12:03:46 - [TEST_STEP][PASSED] - Statement - monthText = com.kms.katalon.core.webui.keyword.WebUiBuiltInKeywords.getText(com.kms.katalon.core.testobject.ObjectRepository.findTestObject(ReportsPage/monthText2)): Text of object 'Object Repository/ReportsPage/monthText2' is: 'June 2018'

2018-06-05 12:03:46 - [MESSAGE][PASSED] - Text of object 'Object Repository/ReportsPage/monthText2' is: 'June 2018'

2018-06-05 12:03:46 - [TEST_STEP][PASSED] - Statement - monthTextArray = monthText.split(" "): null

2018-06-05 12:03:46 - [TEST_STEP][PASSED] - Statement - month = monthTextArray[0]: null

2018-06-05 12:03:46 - [TEST_STEP][PASSED] - Statement - If (!(monthTextValue.equals(month))): null

2018-06-05 12:03:46 - [TEST_STEP][PASSED] - Statement - While (!(monthTextValue.equals(month))): null

2018-06-05 12:03:46 - [TEST_STEP][PASSED] - click: Object: 'Object Repository/ReportsPage/previousDateSelector2' is clicked on

2018-06-05 12:03:46 - [MESSAGE][PASSED] - Object: 'Object Repository/ReportsPage/previousDateSelector2' is clicked on

2018-06-05 12:03:46 - [TEST_STEP][PASSED] - Statement - monthText = com.kms.katalon.core.webui.keyword.WebUiBuiltInKeywords.getText(com.kms.katalon.core.testobject.ObjectRepository.findTestObject(ReportsPage/monthText2)): Text of object 'Object Repository/ReportsPage/monthText2' is: 'May 2018'

2018-06-05 12:03:46 - [MESSAGE][PASSED] - Text of object 'Object Repository/ReportsPage/monthText2' is: 'May 2018'

2018-06-05 12:03:46 - [TEST_STEP][PASSED] - Statement - monthTextArray = monthText.split(" "): null

2018-06-05 12:03:46 - [TEST_STEP][PASSED] - Statement - month = monthTextArray[0]: null

2018-06-05 12:03:46 - [TEST_STEP][PASSED] - click: Object: 'Object Repository/ReportsPage/previousDateSelector2' is clicked on

2018-06-05 12:03:46 - [MESSAGE][PASSED] - Object: 'Object Repository/ReportsPage/previousDateSelector2' is clicked on

2018-06-05 12:03:46 - [TEST_STEP][PASSED] - Statement - monthText = com.kms.katalon.core.webui.keyword.WebUiBuiltInKeywords.getText(com.kms.katalon.core.testobject.ObjectRepository.findTestObject(ReportsPage/monthText2)): Text of object 'Object Repository/ReportsPage/monthText2' is: 'April 2018'

2018-06-05 12:03:46 - [MESSAGE][PASSED] - Text of object 'Object Repository/ReportsPage/monthText2' is: 'April 2018'

2018-06-05 12:03:46 - [TEST_STEP][PASSED] - Statement - monthTextArray = monthText.split(" "): null

2018-06-05 12:03:46 - [TEST_STEP][PASSED] - Statement - month = monthTextArray[0]: null

2018-06-05 12:03:46 - [TEST_STEP][PASSED] - click: Object: 'Object Repository/ReportsPage/previousDateSelector2' is clicked on

2018-06-05 12:03:46 - [MESSAGE][PASSED] - Object: 'Object Repository/ReportsPage/previousDateSelector2' is clicked on

2018-06-05 12:03:46 - [TEST_STEP][PASSED] - Statement - monthText = com.kms.katalon.core.webui.keyword.WebUiBuiltInKeywords.getText(com.kms.katalon.core.testobject.ObjectRepository.findTestObject(ReportsPage/monthText2)): Text of object 'Object Repository/ReportsPage/monthText2' is: 'March 2018'

2018-06-05 12:03:46 - [MESSAGE][PASSED] - Text of object 'Object Repository/ReportsPage/monthText2' is: 'March 2018'

2018-06-05 12:03:46 - [TEST_STEP][PASSED] - Statement - monthTextArray = monthText.split(" "): null

2018-06-05 12:03:46 - [TEST_STEP][PASSED] - Statement - month = monthTextArray[0]: null

2018-06-05 12:03:46 - [TEST_STEP][PASSED] - Statement - endDate = CustomKeywords.projectSpecific.Reusability.getTestData("ReportsPage", "EndDate"): projectSpecific.Reusability.getTestData is PASSED

2018-06-05 12:03:46 - [MESSAGE][PASSED] - projectSpecific.Reusability.getTestData is PASSED

2018-06-05 12:03:46 - [TEST_STEP][PASSED] - Statement - toDate = "(//td[text()='" + endDate + "'])[2]": null

2018-06-05 12:03:46 - [TEST_STEP][PASSED] - Statement - toDateEle = driver.findElement(org.openqa.selenium.By.xpath(toDate)): null

2018-06-05 12:03:46 - [TEST_STEP][PASSED] - Statement - toDateEle.click(): null

2018-06-05 12:03:46 - [TEST_STEP][PASSED] - delay: Delayed 5 second(s)

2018-06-05 12:03:51 - [MESSAGE][PASSED] - Delayed 5 second(s)

2018-06-05 12:03:51 - [TEST_STEP][PASSED] - Statement - dateAttr = com.kms.katalon.core.webui.keyword.WebUiBuiltInKeywords.getAttribute(com.kms.katalon.core.testobject.ObjectRepository.findTestObject(ReportsPage/selectedDate1), "value"): Attribute 'value' of object 'Object Repository/ReportsPage/selectedDate1' is: '03/01/2018'

2018-06-05 12:03:51 - [MESSAGE][PASSED] - Attribute 'value' of object 'Object Repository/ReportsPage/selectedDate1' is: '03/01/2018'

2018-06-05 12:03:51 - [TEST_STEP][PASSED] - Statement - fromDateValue = CustomKeywords.projectSpecific.Reusability.getTestData("ReportsPage", "fromDate"): projectSpecific.Reusability.getTestData is PASSED

2018-06-05 12:03:51 - [MESSAGE][PASSED] - projectSpecific.Reusability.getTestData is PASSED

2018-06-05 12:03:51 - [TEST_STEP][PASSED] - Statement - If (!(dateAttr.equals(fromDateValue))): null

2018-06-05 12:03:51 - [TEST_STEP][PASSED] - Statement - dateAttr = com.kms.katalon.core.webui.keyword.WebUiBuiltInKeywords.getAttribute(com.kms.katalon.core.testobject.ObjectRepository.findTestObject(ReportsPage/selectedDate2), "value"): Attribute 'value' of object 'Object Repository/ReportsPage/selectedDate2' is: '03/14/2018'

2018-06-05 12:03:52 - [MESSAGE][PASSED] - Attribute 'value' of object 'Object Repository/ReportsPage/selectedDate2' is: '03/14/2018'

2018-06-05 12:03:52 - [TEST_STEP][PASSED] - Statement - toDateValue = CustomKeywords.projectSpecific.Reusability.getTestData("ReportsPage", "toDate"): projectSpecific.Reusability.getTestData is PASSED

2018-06-05 12:03:52 - [MESSAGE][PASSED] - projectSpecific.Reusability.getTestData is PASSED

2018-06-05 12:03:52 - [TEST_STEP][PASSED] - Statement - If (!(dateAttr.equals(toDateValue))): null

2018-06-05 12:03:52 - [TEST_STEP][PASSED] - verifyElementText: Actual text and expected text of test object 'Object Repository/ReportsPage/includeText' are matched.

2018-06-05 12:03:52 - [MESSAGE][PASSED] - projectSpecific.Reusability.getTestData is PASSED

2018-06-05 12:03:52 - [MESSAGE][PASSED] - Actual text and expected text of test object 'Object Repository/ReportsPage/includeText' are matched.

2018-06-05 12:03:52 - [TEST_STEP][PASSED] - verifyElementText: Actual text and expected text of test object 'Object Repository/ReportsPage/formatText' are matched.

2018-06-05 12:03:52 - [MESSAGE][PASSED] - projectSpecific.Reusability.getTestData is PASSED

2018-06-05 12:03:52 - [MESSAGE][PASSED] - Actual text and expected text of test object 'Object Repository/ReportsPage/formatText' are matched.

2018-06-05 12:03:52 - [TEST_STEP][PASSED] - Statement - Try: null

2018-06-05 12:03:52 - [TEST_STEP][PASSED] - Statement - templateHeading = CustomKeywords.projectSpecific.Reusability.getTestData("ReportsPage", "templateHeading"): projectSpecific.Reusability.getTestData is PASSED

2018-06-05 12:03:52 - [MESSAGE][PASSED] - projectSpecific.Reusability.getTestData is PASSED

2018-06-05 12:03:52 - [TEST_STEP][PASSED] - Statement - existingTemplatexpath = "//div[text()='" + templateHeading + "']/../div[2]": null

2018-06-05 12:03:52 - [TEST_STEP][PASSED] - Statement - existingTemplatedeleteLink = driver.findElement(org.openqa.selenium.By.xpath(existingTemplatexpath)): null

2018-06-05 12:03:52 - [TEST_STEP][PASSED] - Statement - Catch (Exception e): null

2018-06-05 12:03:52 - [TEST_STEP][PASSED] - Statement - println("Template does not exists"): null

2018-06-05 12:03:52 - [TEST_STEP][PASSED] - click: Object: 'Object Repository/ReportsPage/saveTemplateChkBox' is clicked on

2018-06-05 12:03:52 - [MESSAGE][PASSED] - Object: 'Object Repository/ReportsPage/saveTemplateChkBox' is clicked on

2018-06-05 12:03:52 - [TEST_STEP][PASSED] - verifyElementChecked: Object 'Object Repository/ReportsPage/saveTemplateChkBox' is checked

2018-06-05 12:03:52 - [MESSAGE][PASSED] - Object 'Object Repository/ReportsPage/saveTemplateChkBox' is checked

2018-06-05 12:03:52 - [TEST_STEP][PASSED] - click: Object: 'Object Repository/ReportsPage/templateName' is clicked on

2018-06-05 12:03:52 - [MESSAGE][PASSED] - Object: 'Object Repository/ReportsPage/templateName' is clicked on

2018-06-05 12:03:52 - [TEST_STEP][PASSED] - uiaction.CommonUIActions.enter: uiaction.CommonUIActions.enter is PASSED

2018-06-05 12:03:52 - [MESSAGE][PASSED] - projectSpecific.Reusability.getTestData is PASSED

2018-06-05 12:03:53 - [MESSAGE][PASSED] - uiaction.CommonUIActions.enter is PASSED

2018-06-05 12:03:53 - [TEST_STEP][PASSED] - Statement - s1 = com.kms.katalon.core.webui.keyword.WebUiBuiltInKeywords.getAttribute(com.kms.katalon.core.testobject.ObjectRepository.findTestObject(ReportsPage/templateName), "value"): Attribute 'value' of object 'Object Repository/ReportsPage/templateName' is: 'March Weekly Report'

2018-06-05 12:03:53 - [MESSAGE][PASSED] - Attribute 'value' of object 'Object Repository/ReportsPage/templateName' is: 'March Weekly Report'

2018-06-05 12:03:53 - [TEST_STEP][PASSED] - Statement - execFlag = com.kms.katalon.core.webui.keyword.WebUiBuiltInKeywords.verifyMatch(s1, CustomKeywords.projectSpecific.Reusability.getTestData("ReportsPage", "templateHeading"), false): Actual text 'March Weekly Report' and expected text 'March Weekly Report' are matched 

2018-06-05 12:03:53 - [MESSAGE][PASSED] - projectSpecific.Reusability.getTestData is PASSED

2018-06-05 12:03:53 - [MESSAGE][PASSED] - Actual text 'March Weekly Report' and expected text 'March Weekly Report' are matched 

2018-06-05 12:03:53 - [TEST_STEP][PASSED] - Statement - If (!(execFlag)): null

2018-06-05 12:03:53 - [TEST_STEP][PASSED] - delay: Delayed 5 second(s)

2018-06-05 12:03:58 - [MESSAGE][PASSED] - Delayed 5 second(s)

2018-06-05 12:03:58 - [TEST_STEP][PASSED] - click: Object: 'Object Repository/ReportsPage/generateReport' is clicked on

2018-06-05 12:03:58 - [MESSAGE][PASSED] - Object: 'Object Repository/ReportsPage/generateReport' is clicked on

2018-06-05 12:03:58 - [TEST_STEP][PASSED] - delay: Delayed 15 second(s)

2018-06-05 12:04:13 - [MESSAGE][PASSED] - Delayed 15 second(s)

2018-06-05 12:04:13 - [TEST_STEP][PASSED] - Statement - summHeading = CustomKeywords.projectSpecific.Reusability.getTestData("SummarizedReportPage", "summaryHeading"): projectSpecific.Reusability.getTestData is PASSED

2018-06-05 12:04:13 - [MESSAGE][PASSED] - projectSpecific.Reusability.getTestData is PASSED

2018-06-05 12:04:13 - [TEST_STEP][PASSED] - verifyElementText: Actual text and expected text of test object 'Object Repository/SummarizedReportPage/summaryReport' are matched.

2018-06-05 12:04:13 - [MESSAGE][PASSED] - Actual text and expected text of test object 'Object Repository/SummarizedReportPage/summaryReport' are matched.

2018-06-05 12:04:13 - [TEST_STEP][PASSED] - Statement - startTime = CustomKeywords.projectSpecific.Reusability.getTestData("SummarizedReportPage", "reportstartTime"): projectSpecific.Reusability.getTestData is PASSED

2018-06-05 12:04:13 - [MESSAGE][PASSED] - projectSpecific.Reusability.getTestData is PASSED

2018-06-05 12:04:13 - [TEST_STEP][PASSED] - verifyElementText: Actual text and expected text of test object 'Object Repository/SummarizedReportPage/startDateText' are matched.

2018-06-05 12:04:13 - [MESSAGE][PASSED] - Actual text and expected text of test object 'Object Repository/SummarizedReportPage/startDateText' are matched.

2018-06-05 12:04:13 - [TEST_STEP][PASSED] - Statement - endTime = CustomKeywords.projectSpecific.Reusability.getTestData("SummarizedReportPage", "reportendTime"): projectSpecific.Reusability.getTestData is PASSED

2018-06-05 12:04:13 - [MESSAGE][PASSED] - projectSpecific.Reusability.getTestData is PASSED

2018-06-05 12:04:13 - [TEST_STEP][PASSED] - verifyElementText: Actual text and expected text of test object 'Object Repository/SummarizedReportPage/endDateText' are matched.

2018-06-05 12:04:13 - [MESSAGE][PASSED] - Actual text and expected text of test object 'Object Repository/SummarizedReportPage/endDateText' are matched.

2018-06-05 12:04:13 - [TEST_STEP][PASSED] - verifyElementPresent: Object 'Object Repository/SummarizedReportPage/printDateTextHeading' is present

2018-06-05 12:04:13 - [MESSAGE][PASSED] - Object 'Object Repository/SummarizedReportPage/printDateTextHeading' is present

2018-06-05 12:04:13 - [TEST_STEP][PASSED] - Statement - today = new java.util.Date(): null

2018-06-05 12:04:13 - [TEST_STEP][PASSED] - Statement - println(today.format("MMMMM dd yyyy")): null

2018-06-05 12:04:13 - [TEST_STEP][PASSED] - Statement - todayDate = today.format("MMMMM dd yyyy"): null

2018-06-05 12:04:13 - [TEST_STEP][PASSED] - Statement - date1 = CustomKeywords.uiaction.CommonUIActions.getText(com.kms.katalon.core.testobject.ObjectRepository.findTestObject(SummarizedReportPage/printDateText)): uiaction.CommonUIActions.getText is PASSED

2018-06-05 12:04:13 - [MESSAGE][PASSED] - uiaction.CommonUIActions.getText is PASSED

2018-06-05 12:04:13 - [TEST_STEP][PASSED] - Statement - If (date1.contains(todayDate)): null

2018-06-05 12:04:13 - [TEST_STEP][PASSED] - delay: Delayed 5 second(s)

2018-06-05 12:04:18 - [MESSAGE][PASSED] - Delayed 5 second(s)

2018-06-05 12:04:18 - [TEST_STEP][PASSED] - Statement - firstDateRange = CustomKeywords.projectSpecific.Reusability.getTestData("SummarizedReportPage", "firstDateRange"): projectSpecific.Reusability.getTestData is PASSED

2018-06-05 12:04:18 - [MESSAGE][PASSED] - projectSpecific.Reusability.getTestData is PASSED

2018-06-05 12:04:18 - [TEST_STEP][PASSED] - verifyElementText: Actual text and expected text of test object 'Object Repository/SummarizedReportPage/firstWeekDateRange' are matched.

2018-06-05 12:04:18 - [MESSAGE][PASSED] - Actual text and expected text of test object 'Object Repository/SummarizedReportPage/firstWeekDateRange' are matched.

2018-06-05 12:04:18 - [TEST_STEP][PASSED] - delay: Delayed 5 second(s)

2018-06-05 12:04:23 - [MESSAGE][PASSED] - Delayed 5 second(s)

2018-06-05 12:04:23 - [TEST_STEP][PASSED] - Statement - storeNames = driver.findElements(org.openqa.selenium.By.xpath(com.kms.katalon.core.testdata.TestDataFactory.findTestData(OR_file).getValue(2, 9))): Reading excel file with source file 'C:\Users\shalinin\Katalon Studio\HME_Scripts\Data Files\HME_OR.xlsx' and sheet name 'Sheet1'

2018-06-05 12:04:23 - [TEST_STEP][PASSED] - Statement - storeNamesList = new java.util.ArrayList(): null

2018-06-05 12:04:23 - [TEST_STEP][PASSED] - Statement - For ([i = 0, i < storeNames.size(), (i++)]): null

2018-06-05 12:04:23 - [TEST_STEP][PASSED] - Statement - storeNamesList[i] = storeNames[i].getText(): null

2018-06-05 12:04:23 - [TEST_STEP][PASSED] - Statement - storeNamesList[i] = storeNames[i].getText(): null

2018-06-05 12:04:23 - [TEST_STEP][PASSED] - Statement - storeNamesList[i] = storeNames[i].getText(): null

2018-06-05 12:04:23 - [TEST_STEP][PASSED] - Statement - storeNamesList[i] = storeNames[i].getText(): null

2018-06-05 12:04:23 - [TEST_STEP][PASSED] - Statement - storeNamesList[i] = storeNames[i].getText(): null

2018-06-05 12:04:23 - [TEST_STEP][PASSED] - Statement - storeNamesList[i] = storeNames[i].getText(): null

2018-06-05 12:04:23 - [TEST_STEP][PASSED] - Statement - storeNamesList[i] = storeNames[i].getText(): null

2018-06-05 12:04:23 - [TEST_STEP][PASSED] - Statement - storeNamesList[i] = storeNames[i].getText(): null

2018-06-05 12:04:23 - [TEST_STEP][PASSED] - Statement - storeNamesList[i] = storeNames[i].getText(): null

2018-06-05 12:04:23 - [TEST_STEP][PASSED] - Statement - storeNamesList[i] = storeNames[i].getText(): null

2018-06-05 12:04:23 - [TEST_STEP][PASSED] - Statement - storeNamesList[i] = storeNames[i].getText(): null

2018-06-05 12:04:23 - [TEST_STEP][PASSED] - Statement - storeNamesList[i] = storeNames[i].getText(): null

2018-06-05 12:04:23 - [TEST_STEP][PASSED] - Statement - storeNamesList[i] = storeNames[i].getText(): null

2018-06-05 12:04:23 - [TEST_STEP][PASSED] - Statement - storeNamesList[i] = storeNames[i].getText(): null

2018-06-05 12:04:23 - [TEST_STEP][PASSED] - Statement - storeNamesList[i] = storeNames[i].getText(): null

2018-06-05 12:04:24 - [TEST_STEP][PASSED] - Statement - storeNamesList[i] = storeNames[i].getText(): null

2018-06-05 12:04:24 - [TEST_STEP][PASSED] - Statement - storeNamesList[i] = storeNames[i].getText(): null

2018-06-05 12:04:24 - [TEST_STEP][PASSED] - Statement - storeNamesList[i] = storeNames[i].getText(): null

2018-06-05 12:04:24 - [TEST_STEP][PASSED] - Statement - storeNamesList[i] = storeNames[i].getText(): null

2018-06-05 12:04:24 - [TEST_STEP][PASSED] - Statement - hs = new java.util.HashSet(): null

2018-06-05 12:04:24 - [TEST_STEP][PASSED] - Statement - hs.addAll(storeNamesList): null

2018-06-05 12:04:24 - [TEST_STEP][PASSED] - Statement - storeNamesList = new java.util.ArrayList(): null

2018-06-05 12:04:24 - [TEST_STEP][PASSED] - Statement - iter = hs.iterator(): null

2018-06-05 12:04:24 - [TEST_STEP][PASSED] - Statement - index = 0: null

2018-06-05 12:04:24 - [TEST_STEP][PASSED] - Statement - While (iter.hasNext()): null

2018-06-05 12:04:24 - [TEST_STEP][PASSED] - Statement - val = iter.next(): null

2018-06-05 12:04:24 - [TEST_STEP][PASSED] - Statement - valArray = val.split("-"): null

2018-06-05 12:04:24 - [TEST_STEP][PASSED] - Statement - storeNamesList[index] = valArray[0].trim(): null

2018-06-05 12:04:24 - [TEST_STEP][PASSED] - Statement - (index++): null

2018-06-05 12:04:24 - [TEST_STEP][PASSED] - Statement - val = iter.next(): null

2018-06-05 12:04:24 - [TEST_STEP][PASSED] - Statement - valArray = val.split("-"): null

2018-06-05 12:04:24 - [TEST_STEP][PASSED] - Statement - storeNamesList[index] = valArray[0].trim(): null

2018-06-05 12:04:24 - [TEST_STEP][PASSED] - Statement - (index++): null

2018-06-05 12:04:24 - [TEST_STEP][PASSED] - Statement - val = iter.next(): null

2018-06-05 12:04:24 - [TEST_STEP][PASSED] - Statement - valArray = val.split("-"): null

2018-06-05 12:04:24 - [TEST_STEP][PASSED] - Statement - storeNamesList[index] = valArray[0].trim(): null

2018-06-05 12:04:24 - [TEST_STEP][PASSED] - Statement - (index++): null

2018-06-05 12:04:24 - [TEST_STEP][PASSED] - Statement - val = iter.next(): null

2018-06-05 12:04:24 - [TEST_STEP][PASSED] - Statement - valArray = val.split("-"): null

2018-06-05 12:04:24 - [TEST_STEP][PASSED] - Statement - storeNamesList[index] = valArray[0].trim(): null

2018-06-05 12:04:24 - [TEST_STEP][PASSED] - Statement - (index++): null

2018-06-05 12:04:24 - [TEST_STEP][PASSED] - Statement - val = iter.next(): null

2018-06-05 12:04:24 - [TEST_STEP][PASSED] - Statement - valArray = val.split("-"): null

2018-06-05 12:04:24 - [TEST_STEP][PASSED] - Statement - storeNamesList[index] = valArray[0].trim(): null

2018-06-05 12:04:24 - [TEST_STEP][PASSED] - Statement - (index++): null

2018-06-05 12:04:24 - [TEST_STEP][PASSED] - Statement - val = iter.next(): null

2018-06-05 12:04:24 - [TEST_STEP][PASSED] - Statement - valArray = val.split("-"): null

2018-06-05 12:04:24 - [TEST_STEP][PASSED] - Statement - storeNamesList[index] = valArray[0].trim(): null

2018-06-05 12:04:24 - [TEST_STEP][PASSED] - Statement - (index++): null

2018-06-05 12:04:24 - [TEST_STEP][PASSED] - Statement - val = iter.next(): null

2018-06-05 12:04:24 - [TEST_STEP][PASSED] - Statement - valArray = val.split("-"): null

2018-06-05 12:04:24 - [TEST_STEP][PASSED] - Statement - storeNamesList[index] = valArray[0].trim(): null

2018-06-05 12:04:24 - [TEST_STEP][PASSED] - Statement - (index++): null

2018-06-05 12:04:24 - [TEST_STEP][PASSED] - Statement - val = iter.next(): null

2018-06-05 12:04:24 - [TEST_STEP][PASSED] - Statement - valArray = val.split("-"): null

2018-06-05 12:04:24 - [TEST_STEP][PASSED] - Statement - storeNamesList[index] = valArray[0].trim(): null

2018-06-05 12:04:24 - [TEST_STEP][PASSED] - Statement - (index++): null

2018-06-05 12:04:24 - [TEST_STEP][PASSED] - Statement - val = iter.next(): null

2018-06-05 12:04:24 - [TEST_STEP][PASSED] - Statement - valArray = val.split("-"): null

2018-06-05 12:04:24 - [TEST_STEP][PASSED] - Statement - storeNamesList[index] = valArray[0].trim(): null

2018-06-05 12:04:24 - [TEST_STEP][PASSED] - Statement - (index++): null

2018-06-05 12:04:24 - [TEST_STEP][PASSED] - Statement - println(storeNamesList): null

2018-06-05 12:04:24 - [TEST_STEP][PASSED] - Statement - java.util.Collections.sort(storeNamesList): null

2018-06-05 12:04:24 - [TEST_STEP][PASSED] - Statement - storeNamesList.remove(""): null

2018-06-05 12:04:24 - [TEST_STEP][PASSED] - Statement - println(storeNamesList): null

2018-06-05 12:04:24 - [TEST_STEP][PASSED] - Statement - contains = true: null

2018-06-05 12:04:24 - [TEST_STEP][PASSED] - Statement - For ([i = 0, i < criteriaSTList.size(), (i++)]): null

2018-06-05 12:04:24 - [TEST_STEP][PASSED] - Statement - If (storeNamesList.contains(criteriaSTList[i])): null

2018-06-05 12:04:24 - [TEST_STEP][PASSED] - Statement - println("Store names are listed"): null

2018-06-05 12:04:24 - [TEST_STEP][PASSED] - Statement - If (storeNamesList.contains(criteriaSTList[i])): null

2018-06-05 12:04:24 - [TEST_STEP][PASSED] - Statement - println("Store names are listed"): null

2018-06-05 12:04:24 - [TEST_STEP][PASSED] - Statement - If (storeNamesList.contains(criteriaSTList[i])): null

2018-06-05 12:04:24 - [TEST_STEP][PASSED] - Statement - println("Store names are listed"): null

2018-06-05 12:04:24 - [TEST_STEP][PASSED] - Statement - If (storeNamesList.contains(criteriaSTList[i])): null

2018-06-05 12:04:24 - [TEST_STEP][PASSED] - Statement - println("Store names are listed"): null

2018-06-05 12:04:24 - [TEST_STEP][PASSED] - Statement - If (storeNamesList.contains(criteriaSTList[i])): null

2018-06-05 12:04:24 - [TEST_STEP][PASSED] - Statement - println("Store names are listed"): null

2018-06-05 12:04:24 - [TEST_STEP][PASSED] - Statement - If (storeNamesList.contains(criteriaSTList[i])): null

2018-06-05 12:04:24 - [TEST_STEP][PASSED] - Statement - println("Store names are listed"): null

2018-06-05 12:04:24 - [TEST_STEP][PASSED] - Statement - If (storeNamesList.contains(criteriaSTList[i])): null

2018-06-05 12:04:24 - [TEST_STEP][PASSED] - Statement - println("Store names are listed"): null

2018-06-05 12:04:24 - [TEST_STEP][PASSED] - Statement - If (storeNamesList.contains(criteriaSTList[i])): null

2018-06-05 12:04:24 - [TEST_STEP][PASSED] - Statement - println("Store names are listed"): null

2018-06-05 12:04:24 - [TEST_STEP][PASSED] - Statement - reportHeaders = CustomKeywords.projectSpecific.Reusability.getTestData("ReportsPage", "ReportsColumnHeader1"): projectSpecific.Reusability.getTestData is PASSED

2018-06-05 12:04:24 - [MESSAGE][PASSED] - projectSpecific.Reusability.getTestData is PASSED

2018-06-05 12:04:24 - [TEST_STEP][PASSED] - Statement - reportsArray = reportHeaders.split(","): null

2018-06-05 12:04:24 - [TEST_STEP][PASSED] - Statement - reportsHeaderList = new java.util.ArrayList(java.util.Arrays.asList(reportsArray)): null

2018-06-05 12:04:24 - [TEST_STEP][PASSED] - Statement - reportsHeaderList.unique(): null

2018-06-05 12:04:24 - [TEST_STEP][PASSED] - Statement - out.println(reportsHeaderList): null

2018-06-05 12:04:24 - [TEST_STEP][PASSED] - Statement - columnHeaderList = driver.findElements(org.openqa.selenium.By.xpath(com.kms.katalon.core.testdata.TestDataFactory.findTestData(OR_file).getValue(2, 5))): Reading excel file with source file 'C:\Users\shalinin\Katalon Studio\HME_Scripts\Data Files\HME_OR.xlsx' and sheet name 'Sheet1'

2018-06-05 12:04:24 - [TEST_STEP][PASSED] - Statement - actualList = new java.util.ArrayList(): null

2018-06-05 12:04:24 - [TEST_STEP][PASSED] - Statement - For ([i = 0, i < columnHeaderList.size(), (i++)]): null

2018-06-05 12:04:24 - [TEST_STEP][PASSED] - Statement - actualList.add(i, columnHeaderList.get(i).getText()): null

2018-06-05 12:04:24 - [TEST_STEP][PASSED] - Statement - actualList.add(i, columnHeaderList.get(i).getText()): null

2018-06-05 12:04:24 - [TEST_STEP][PASSED] - Statement - actualList.add(i, columnHeaderList.get(i).getText()): null

2018-06-05 12:04:24 - [TEST_STEP][PASSED] - Statement - actualList.add(i, columnHeaderList.get(i).getText()): null

2018-06-05 12:04:24 - [TEST_STEP][PASSED] - Statement - actualList.add(i, columnHeaderList.get(i).getText()): null

2018-06-05 12:04:24 - [TEST_STEP][PASSED] - Statement - actualList.add(i, columnHeaderList.get(i).getText()): null

2018-06-05 12:04:24 - [TEST_STEP][PASSED] - Statement - actualList.add(i, columnHeaderList.get(i).getText()): null

2018-06-05 12:04:24 - [TEST_STEP][PASSED] - Statement - actualList.add(i, columnHeaderList.get(i).getText()): null

2018-06-05 12:04:24 - [TEST_STEP][PASSED] - Statement - out.println(actualList): null

2018-06-05 12:04:24 - [TEST_STEP][PASSED] - Statement - execFlag1 = true: null

2018-06-05 12:04:24 - [TEST_STEP][PASSED] - Statement - For ([j = 0, j < actualList.size(), (j++)]): null

2018-06-05 12:04:24 - [TEST_STEP][PASSED] - Statement - execFlag1 = com.kms.katalon.core.webui.keyword.WebUiBuiltInKeywords.verifyMatch(reportsHeaderList.get(j).toString().trim(), actualList.get(j).toString().trim(), false): Actual text 'Groups' and expected text 'Groups' are matched 

2018-06-05 12:04:24 - [MESSAGE][PASSED] - Actual text 'Groups' and expected text 'Groups' are matched 

2018-06-05 12:04:24 - [TEST_STEP][PASSED] - Statement - If (!(execFlag1)): null

2018-06-05 12:04:24 - [TEST_STEP][PASSED] - Statement - execFlag1 = com.kms.katalon.core.webui.keyword.WebUiBuiltInKeywords.verifyMatch(reportsHeaderList.get(j).toString().trim(), actualList.get(j).toString().trim(), false): Actual text 'Stores' and expected text 'Stores' are matched 

2018-06-05 12:04:24 - [MESSAGE][PASSED] - Actual text 'Stores' and expected text 'Stores' are matched 

2018-06-05 12:04:24 - [TEST_STEP][PASSED] - Statement - If (!(execFlag1)): null

2018-06-05 12:04:24 - [TEST_STEP][PASSED] - Statement - execFlag1 = com.kms.katalon.core.webui.keyword.WebUiBuiltInKeywords.verifyMatch(reportsHeaderList.get(j).toString().trim(), actualList.get(j).toString().trim(), false): Actual text 'Menu Board' and expected text 'Menu Board' are matched 

2018-06-05 12:04:24 - [MESSAGE][PASSED] - Actual text 'Menu Board' and expected text 'Menu Board' are matched 

2018-06-05 12:04:24 - [TEST_STEP][PASSED] - Statement - If (!(execFlag1)): null

2018-06-05 12:04:24 - [TEST_STEP][PASSED] - Statement - execFlag1 = com.kms.katalon.core.webui.keyword.WebUiBuiltInKeywords.verifyMatch(reportsHeaderList.get(j).toString().trim(), actualList.get(j).toString().trim(), false): Actual text 'Greet' and expected text 'Greet' are matched 

2018-06-05 12:04:24 - [MESSAGE][PASSED] - Actual text 'Greet' and expected text 'Greet' are matched 

2018-06-05 12:04:24 - [TEST_STEP][PASSED] - Statement - If (!(execFlag1)): null

2018-06-05 12:04:24 - [TEST_STEP][PASSED] - Statement - execFlag1 = com.kms.katalon.core.webui.keyword.WebUiBuiltInKeywords.verifyMatch(reportsHeaderList.get(j).toString().trim(), actualList.get(j).toString().trim(), false): Actual text 'Service' and expected text 'Service' are matched 

2018-06-05 12:04:24 - [MESSAGE][PASSED] - Actual text 'Service' and expected text 'Service' are matched 

2018-06-05 12:04:24 - [TEST_STEP][PASSED] - Statement - If (!(execFlag1)): null

2018-06-05 12:04:24 - [TEST_STEP][PASSED] - Statement - execFlag1 = com.kms.katalon.core.webui.keyword.WebUiBuiltInKeywords.verifyMatch(reportsHeaderList.get(j).toString().trim(), actualList.get(j).toString().trim(), false): Actual text 'Lane Queue' and expected text 'Lane Queue' are matched 

2018-06-05 12:04:24 - [MESSAGE][PASSED] - Actual text 'Lane Queue' and expected text 'Lane Queue' are matched 

2018-06-05 12:04:24 - [TEST_STEP][PASSED] - Statement - If (!(execFlag1)): null

2018-06-05 12:04:24 - [TEST_STEP][PASSED] - Statement - execFlag1 = com.kms.katalon.core.webui.keyword.WebUiBuiltInKeywords.verifyMatch(reportsHeaderList.get(j).toString().trim(), actualList.get(j).toString().trim(), false): Actual text 'Lane Total' and expected text 'Lane Total' are matched 

2018-06-05 12:04:24 - [MESSAGE][PASSED] - Actual text 'Lane Total' and expected text 'Lane Total' are matched 

2018-06-05 12:04:24 - [TEST_STEP][PASSED] - Statement - If (!(execFlag1)): null

2018-06-05 12:04:24 - [TEST_STEP][PASSED] - Statement - execFlag1 = com.kms.katalon.core.webui.keyword.WebUiBuiltInKeywords.verifyMatch(reportsHeaderList.get(j).toString().trim(), actualList.get(j).toString().trim(), false): Actual text 'Total Cars' and expected text 'Total Cars' are matched 

2018-06-05 12:04:24 - [MESSAGE][PASSED] - Actual text 'Total Cars' and expected text 'Total Cars' are matched 

2018-06-05 12:04:24 - [TEST_STEP][PASSED] - Statement - If (!(execFlag1)): null

2018-06-05 12:04:24 - [TEST_STEP][PASSED] - Statement - If (execFlag1): null

2018-06-05 12:04:24 - [TEST_STEP][PASSED] - Statement - out.println("Reports Column headers are verified"): null

2018-06-05 12:04:24 - [TEST_STEP][PASSED] - Statement - reportTotalWeek = driver.findElements(org.openqa.selenium.By.xpath(com.kms.katalon.core.testdata.TestDataFactory.findTestData(OR_file).getValue(2, 6))): Reading excel file with source file 'C:\Users\shalinin\Katalon Studio\HME_Scripts\Data Files\HME_OR.xlsx' and sheet name 'Sheet1'

2018-06-05 12:04:24 - [TEST_STEP][PASSED] - Statement - totalweekrownumber = 0: null

2018-06-05 12:04:24 - [TEST_STEP][PASSED] - Statement - totalWeek = null: null

2018-06-05 12:04:24 - [TEST_STEP][PASSED] - Statement - For ([totalrows = 2, totalrows < reportTotalWeek.size(), (totalrows++)]): null

2018-06-05 12:04:24 - [TEST_STEP][PASSED] - Statement - If (reportTotalWeek.get(totalrows).getText().contains("Total Week")): null

2018-06-05 12:04:24 - [TEST_STEP][PASSED] - Statement - Else: null

2018-06-05 12:04:24 - [TEST_STEP][PASSED] - Statement - If (reportTotalWeek.get(totalrows).getText().contains("Total Week")): null

2018-06-05 12:04:24 - [TEST_STEP][PASSED] - Statement - Else: null

2018-06-05 12:04:24 - [TEST_STEP][PASSED] - Statement - If (reportTotalWeek.get(totalrows).getText().contains("Total Week")): null

2018-06-05 12:04:24 - [TEST_STEP][PASSED] - Statement - Else: null

2018-06-05 12:04:24 - [TEST_STEP][PASSED] - Statement - If (reportTotalWeek.get(totalrows).getText().contains("Total Week")): null

2018-06-05 12:04:24 - [TEST_STEP][PASSED] - Statement - Else: null

2018-06-05 12:04:24 - [TEST_STEP][PASSED] - Statement - If (reportTotalWeek.get(totalrows).getText().contains("Total Week")): null

2018-06-05 12:04:24 - [TEST_STEP][PASSED] - Statement - Else: null

2018-06-05 12:04:24 - [TEST_STEP][PASSED] - Statement - If (reportTotalWeek.get(totalrows).getText().contains("Total Week")): null

2018-06-05 12:04:24 - [TEST_STEP][PASSED] - Statement - Else: null

2018-06-05 12:04:24 - [TEST_STEP][PASSED] - Statement - If (reportTotalWeek.get(totalrows).getText().contains("Total Week")): null

2018-06-05 12:04:24 - [TEST_STEP][PASSED] - Statement - Else: null

2018-06-05 12:04:24 - [TEST_STEP][PASSED] - Statement - If (reportTotalWeek.get(totalrows).getText().contains("Total Week")): null

2018-06-05 12:04:24 - [TEST_STEP][PASSED] - Statement - Else: null

2018-06-05 12:04:24 - [TEST_STEP][PASSED] - Statement - If (reportTotalWeek.get(totalrows).getText().contains("Total Week")): null

2018-06-05 12:04:24 - [TEST_STEP][PASSED] - Statement - Else: null

2018-06-05 12:04:24 - [TEST_STEP][PASSED] - Statement - If (reportTotalWeek.get(totalrows).getText().contains("Total Week")): null

2018-06-05 12:04:24 - [TEST_STEP][PASSED] - Statement - totalWeek = driver.findElement(org.openqa.selenium.By.xpath("(//table[@class='summaryreport-table']/tbody/tr[" + totalrows + 1 + "]/td)[1]")).getText(): null

2018-06-05 12:04:24 - [TEST_STEP][PASSED] - Statement - Break: null

2018-06-05 12:04:24 - [TEST_STEP][PASSED] - Statement - totalWeekValue = CustomKeywords.projectSpecific.Reusability.getTestData("SummarizedReportPage", "TotalWeek"): projectSpecific.Reusability.getTestData is PASSED

2018-06-05 12:04:24 - [MESSAGE][PASSED] - projectSpecific.Reusability.getTestData is PASSED

2018-06-05 12:04:24 - [TEST_STEP][PASSED] - Statement - If (totalWeek.trim().equals(totalWeekValue)): null

2018-06-05 12:04:24 - [TEST_STEP][PASSED] - Statement - out.println("Total week is displayed in last row"): null

2018-06-05 12:04:24 - [TEST_STEP][PASSED] - delay: Delayed 5 second(s)

2018-06-05 12:04:29 - [MESSAGE][PASSED] - Delayed 5 second(s)

2018-06-05 12:04:29 - [TEST_STEP][PASSED] - Statement - secondDateRange = CustomKeywords.projectSpecific.Reusability.getTestData("SummarizedReportPage", "secondDateRange"): projectSpecific.Reusability.getTestData is PASSED

2018-06-05 12:04:29 - [MESSAGE][PASSED] - projectSpecific.Reusability.getTestData is PASSED

2018-06-05 12:04:29 - [TEST_STEP][PASSED] - verifyElementText: Actual text and expected text of test object 'Object Repository/SummarizedReportPage/secondWeekDateRange' are matched.

2018-06-05 12:04:29 - [MESSAGE][PASSED] - Actual text and expected text of test object 'Object Repository/SummarizedReportPage/secondWeekDateRange' are matched.

2018-06-05 12:04:29 - [TEST_STEP][PASSED] - uiaction.CommonUIActions.click: uiaction.CommonUIActions.click is PASSED

2018-06-05 12:04:29 - [MESSAGE][PASSED] - uiaction.CommonUIActions.click is PASSED

2018-06-05 12:04:29 - [TEST_STEP][PASSED] - delay: Delayed 10 second(s)

2018-06-05 12:04:39 - [MESSAGE][PASSED] - Delayed 10 second(s)

2018-06-05 12:04:39 - [TEST_STEP][PASSED] - Statement - summheadingforSingleStore = CustomKeywords.projectSpecific.Reusability.getTestData("SummarizedReportPage", "summaryHeading"): projectSpecific.Reusability.getTestData is PASSED

2018-06-05 12:04:39 - [MESSAGE][PASSED] - projectSpecific.Reusability.getTestData is PASSED

2018-06-05 12:04:39 - [TEST_STEP][PASSED] - verifyElementText: Actual text and expected text of test object 'Object Repository/SummarizedReportPage/summaryReport' are matched.

2018-06-05 12:04:39 - [MESSAGE][PASSED] - Actual text and expected text of test object 'Object Repository/SummarizedReportPage/summaryReport' are matched.

2018-06-05 12:04:39 - [TEST_STEP][PASSED] - Statement - header1 = CustomKeywords.projectSpecific.Reusability.getTestData("SummarizedReportPage", "WeekReportHeader1"): projectSpecific.Reusability.getTestData is PASSED

2018-06-05 12:04:39 - [MESSAGE][PASSED] - projectSpecific.Reusability.getTestData is PASSED

2018-06-05 12:04:39 - [TEST_STEP][PASSED] - Statement - weekReportHeader1 = header1.split(","): null

2018-06-05 12:04:39 - [TEST_STEP][PASSED] - Statement - weekReportHeaderList1 = new java.util.ArrayList(java.util.Arrays.asList(weekReportHeader1)): null

2018-06-05 12:04:39 - [TEST_STEP][PASSED] - Statement - weekReportHeaderList1.unique(): null

2018-06-05 12:04:39 - [TEST_STEP][PASSED] - Statement - out.println(weekReportHeaderList1): null

2018-06-05 12:04:39 - [TEST_STEP][PASSED] - Statement - weekHeaderList = driver.findElements(org.openqa.selenium.By.xpath(com.kms.katalon.core.testdata.TestDataFactory.findTestData(OR_file).getValue(2, 7))): Reading excel file with source file 'C:\Users\shalinin\Katalon Studio\HME_Scripts\Data Files\HME_OR.xlsx' and sheet name 'Sheet1'

2018-06-05 12:04:39 - [TEST_STEP][PASSED] - Statement - actualList1 = new java.util.ArrayList(): null

2018-06-05 12:04:39 - [TEST_STEP][PASSED] - Statement - For ([i = 0, i < weekHeaderList.size(), (i++)]): null

2018-06-05 12:04:39 - [TEST_STEP][PASSED] - Statement - actualList1.add(i, weekHeaderList.get(i).getText()): null

2018-06-05 12:04:39 - [TEST_STEP][PASSED] - Statement - actualList1.add(i, weekHeaderList.get(i).getText()): null

2018-06-05 12:04:39 - [TEST_STEP][PASSED] - Statement - actualList1.add(i, weekHeaderList.get(i).getText()): null

2018-06-05 12:04:40 - [TEST_STEP][PASSED] - Statement - actualList1.add(i, weekHeaderList.get(i).getText()): null

2018-06-05 12:04:40 - [TEST_STEP][PASSED] - Statement - actualList1.add(i, weekHeaderList.get(i).getText()): null

2018-06-05 12:04:40 - [TEST_STEP][PASSED] - Statement - actualList1.add(i, weekHeaderList.get(i).getText()): null

2018-06-05 12:04:40 - [TEST_STEP][PASSED] - Statement - out.println(actualList1): null

2018-06-05 12:04:40 - [TEST_STEP][PASSED] - Statement - execFlag2 = true: null

2018-06-05 12:04:40 - [TEST_STEP][PASSED] - Statement - For ([j = 0, j < actualList1.size(), (j++)]): null

2018-06-05 12:04:40 - [TEST_STEP][PASSED] - Statement - execFlag2 = com.kms.katalon.core.webui.keyword.WebUiBuiltInKeywords.verifyMatch(weekReportHeaderList1.get(j).toString().trim(), actualList1.get(j).toString().trim(), false): Actual text 'Store:' and expected text 'Store:' are matched 

2018-06-05 12:04:40 - [MESSAGE][PASSED] - Actual text 'Store:' and expected text 'Store:' are matched 

2018-06-05 12:04:40 - [TEST_STEP][PASSED] - Statement - If (!(execFlag2)): null

2018-06-05 12:04:40 - [TEST_STEP][PASSED] - Statement - execFlag2 = com.kms.katalon.core.webui.keyword.WebUiBuiltInKeywords.verifyMatch(weekReportHeaderList1.get(j).toString().trim(), actualList1.get(j).toString().trim(), false): Actual text 'Start Time:' and expected text 'Start Time:' are matched 

2018-06-05 12:04:40 - [MESSAGE][PASSED] - Actual text 'Start Time:' and expected text 'Start Time:' are matched 

2018-06-05 12:04:40 - [TEST_STEP][PASSED] - Statement - If (!(execFlag2)): null

2018-06-05 12:04:40 - [TEST_STEP][PASSED] - Statement - execFlag2 = com.kms.katalon.core.webui.keyword.WebUiBuiltInKeywords.verifyMatch(weekReportHeaderList1.get(j).toString().trim(), actualList1.get(j).toString().trim(), false): Actual text 'Print Date:' and expected text 'Print Date:' are matched 

2018-06-05 12:04:40 - [MESSAGE][PASSED] - Actual text 'Print Date:' and expected text 'Print Date:' are matched 

2018-06-05 12:04:40 - [TEST_STEP][PASSED] - Statement - If (!(execFlag2)): null

2018-06-05 12:04:40 - [TEST_STEP][PASSED] - Statement - execFlag2 = com.kms.katalon.core.webui.keyword.WebUiBuiltInKeywords.verifyMatch(weekReportHeaderList1.get(j).toString().trim(), actualList1.get(j).toString().trim(), false): Actual text 'Description:' and expected text 'Description:' are matched 

2018-06-05 12:04:40 - [MESSAGE][PASSED] - Actual text 'Description:' and expected text 'Description:' are matched 

2018-06-05 12:04:40 - [TEST_STEP][PASSED] - Statement - If (!(execFlag2)): null

2018-06-05 12:04:40 - [TEST_STEP][PASSED] - Statement - execFlag2 = com.kms.katalon.core.webui.keyword.WebUiBuiltInKeywords.verifyMatch(weekReportHeaderList1.get(j).toString().trim(), actualList1.get(j).toString().trim(), false): Actual text 'Stop Time:' and expected text 'Stop Time:' are matched 

2018-06-05 12:04:40 - [MESSAGE][PASSED] - Actual text 'Stop Time:' and expected text 'Stop Time:' are matched 

2018-06-05 12:04:40 - [TEST_STEP][PASSED] - Statement - If (!(execFlag2)): null

2018-06-05 12:04:40 - [TEST_STEP][PASSED] - Statement - execFlag2 = com.kms.katalon.core.webui.keyword.WebUiBuiltInKeywords.verifyMatch(weekReportHeaderList1.get(j).toString().trim(), actualList1.get(j).toString().trim(), false): Actual text 'Print Time:' and expected text 'Print Time:' are matched 

2018-06-05 12:04:40 - [MESSAGE][PASSED] - Actual text 'Print Time:' and expected text 'Print Time:' are matched 

2018-06-05 12:04:40 - [TEST_STEP][PASSED] - Statement - If (!(execFlag2)): null

2018-06-05 12:04:40 - [TEST_STEP][PASSED] - Statement - If (execFlag2): null

2018-06-05 12:04:40 - [TEST_STEP][PASSED] - Statement - out.println("Week Report headers are verified"): null

2018-06-05 12:04:40 - [TEST_STEP][PASSED] - Statement - avgTimeHeader = CustomKeywords.projectSpecific.Reusability.getTestData("SummarizedReportPage", "averageTimeHeader"): projectSpecific.Reusability.getTestData is PASSED

2018-06-05 12:04:40 - [MESSAGE][PASSED] - projectSpecific.Reusability.getTestData is PASSED

2018-06-05 12:04:40 - [TEST_STEP][PASSED] - Statement - avgTimeHeader1 = avgTimeHeader.split(","): null

2018-06-05 12:04:40 - [TEST_STEP][PASSED] - Statement - avgTimeHeaderExpectedList = new java.util.ArrayList(java.util.Arrays.asList(avgTimeHeader1)): null

2018-06-05 12:04:40 - [TEST_STEP][PASSED] - Statement - avgTimeHeaderExpectedList.unique(): null

2018-06-05 12:04:40 - [TEST_STEP][PASSED] - Statement - out.println(avgTimeHeaderExpectedList): null

2018-06-05 12:04:40 - [TEST_STEP][PASSED] - Statement - avgTimeHeaderList = driver.findElements(org.openqa.selenium.By.xpath(com.kms.katalon.core.testdata.TestDataFactory.findTestData(OR_file).getValue(2, 8))): Reading excel file with source file 'C:\Users\shalinin\Katalon Studio\HME_Scripts\Data Files\HME_OR.xlsx' and sheet name 'Sheet1'

2018-06-05 12:04:40 - [TEST_STEP][PASSED] - Statement - actualList2 = new java.util.ArrayList(): null

2018-06-05 12:04:40 - [TEST_STEP][PASSED] - Statement - For ([i = 0, i < avgTimeHeaderList.size(), (i++)]): null

2018-06-05 12:04:40 - [TEST_STEP][PASSED] - Statement - actualList2.add(i, avgTimeHeaderList.get(i).getText()): null

2018-06-05 12:04:40 - [TEST_STEP][PASSED] - Statement - actualList2.add(i, avgTimeHeaderList.get(i).getText()): null

2018-06-05 12:04:40 - [TEST_STEP][PASSED] - Statement - actualList2.add(i, avgTimeHeaderList.get(i).getText()): null

2018-06-05 12:04:40 - [TEST_STEP][PASSED] - Statement - actualList2.add(i, avgTimeHeaderList.get(i).getText()): null

2018-06-05 12:04:40 - [TEST_STEP][PASSED] - Statement - actualList2.add(i, avgTimeHeaderList.get(i).getText()): null

2018-06-05 12:04:40 - [TEST_STEP][PASSED] - Statement - actualList2.add(i, avgTimeHeaderList.get(i).getText()): null

2018-06-05 12:04:40 - [TEST_STEP][PASSED] - Statement - actualList2.add(i, avgTimeHeaderList.get(i).getText()): null

2018-06-05 12:04:40 - [TEST_STEP][PASSED] - Statement - out.println(actualList2): null

2018-06-05 12:04:40 - [TEST_STEP][PASSED] - Statement - execFlag3 = true: null

2018-06-05 12:04:40 - [TEST_STEP][PASSED] - Statement - For ([j = 0, j < actualList2.size(), (j++)]): null

2018-06-05 12:04:40 - [TEST_STEP][PASSED] - Statement - execFlag3 = com.kms.katalon.core.webui.keyword.WebUiBuiltInKeywords.verifyMatch(avgTimeHeaderExpectedList.get(j).toString().trim(), actualList2.get(j).toString().trim(), false): Actual text 'Week' and expected text 'Week' are matched 

2018-06-05 12:04:40 - [MESSAGE][PASSED] - Actual text 'Week' and expected text 'Week' are matched 

2018-06-05 12:04:40 - [TEST_STEP][PASSED] - Statement - If (!(execFlag3)): null

2018-06-05 12:04:40 - [TEST_STEP][PASSED] - Statement - execFlag3 = com.kms.katalon.core.webui.keyword.WebUiBuiltInKeywords.verifyMatch(avgTimeHeaderExpectedList.get(j).toString().trim(), actualList2.get(j).toString().trim(), false): Actual text 'Menu Board' and expected text 'Menu Board' are matched 

2018-06-05 12:04:40 - [MESSAGE][PASSED] - Actual text 'Menu Board' and expected text 'Menu Board' are matched 

2018-06-05 12:04:40 - [TEST_STEP][PASSED] - Statement - If (!(execFlag3)): null

2018-06-05 12:04:40 - [TEST_STEP][PASSED] - Statement - execFlag3 = com.kms.katalon.core.webui.keyword.WebUiBuiltInKeywords.verifyMatch(avgTimeHeaderExpectedList.get(j).toString().trim(), actualList2.get(j).toString().trim(), false): Actual text 'Greet' and expected text 'Greet' are matched 

2018-06-05 12:04:40 - [MESSAGE][PASSED] - Actual text 'Greet' and expected text 'Greet' are matched 

2018-06-05 12:04:40 - [TEST_STEP][PASSED] - Statement - If (!(execFlag3)): null

2018-06-05 12:04:40 - [TEST_STEP][PASSED] - Statement - execFlag3 = com.kms.katalon.core.webui.keyword.WebUiBuiltInKeywords.verifyMatch(avgTimeHeaderExpectedList.get(j).toString().trim(), actualList2.get(j).toString().trim(), false): Actual text 'Service' and expected text 'Service' are matched 

2018-06-05 12:04:40 - [MESSAGE][PASSED] - Actual text 'Service' and expected text 'Service' are matched 

2018-06-05 12:04:40 - [TEST_STEP][PASSED] - Statement - If (!(execFlag3)): null

2018-06-05 12:04:40 - [TEST_STEP][PASSED] - Statement - execFlag3 = com.kms.katalon.core.webui.keyword.WebUiBuiltInKeywords.verifyMatch(avgTimeHeaderExpectedList.get(j).toString().trim(), actualList2.get(j).toString().trim(), false): Actual text 'Lane Queue' and expected text 'Lane Queue' are matched 

2018-06-05 12:04:40 - [MESSAGE][PASSED] - Actual text 'Lane Queue' and expected text 'Lane Queue' are matched 

2018-06-05 12:04:40 - [TEST_STEP][PASSED] - Statement - If (!(execFlag3)): null

2018-06-05 12:04:40 - [TEST_STEP][PASSED] - Statement - execFlag3 = com.kms.katalon.core.webui.keyword.WebUiBuiltInKeywords.verifyMatch(avgTimeHeaderExpectedList.get(j).toString().trim(), actualList2.get(j).toString().trim(), false): Actual text 'Lane Total' and expected text 'Lane Total' are matched 

2018-06-05 12:04:40 - [MESSAGE][PASSED] - Actual text 'Lane Total' and expected text 'Lane Total' are matched 

2018-06-05 12:04:40 - [TEST_STEP][PASSED] - Statement - If (!(execFlag3)): null

2018-06-05 12:04:40 - [TEST_STEP][PASSED] - Statement - execFlag3 = com.kms.katalon.core.webui.keyword.WebUiBuiltInKeywords.verifyMatch(avgTimeHeaderExpectedList.get(j).toString().trim(), actualList2.get(j).toString().trim(), false): Actual text 'Total Cars' and expected text 'Total Cars' are matched 

2018-06-05 12:04:40 - [MESSAGE][PASSED] - Actual text 'Total Cars' and expected text 'Total Cars' are matched 

2018-06-05 12:04:40 - [TEST_STEP][PASSED] - Statement - If (!(execFlag3)): null

2018-06-05 12:04:40 - [TEST_STEP][PASSED] - Statement - If (execFlag3): null

2018-06-05 12:04:40 - [TEST_STEP][PASSED] - Statement - out.println("Average Time headers are verified"): null

2018-06-05 12:04:40 - [TEST_STEP][PASSED] - Statement - row1 = CustomKeywords.projectSpecific.Reusability.getTestData("SummarizedReportPage", "row1belowWeekHeader"): projectSpecific.Reusability.getTestData is PASSED

2018-06-05 12:04:40 - [MESSAGE][PASSED] - projectSpecific.Reusability.getTestData is PASSED

2018-06-05 12:04:40 - [TEST_STEP][PASSED] - verifyElementText: Actual text and expected text of test object 'Object Repository/SummarizedReportPage/row1BelowWeekHeader' are matched.

2018-06-05 12:04:40 - [MESSAGE][PASSED] - Actual text and expected text of test object 'Object Repository/SummarizedReportPage/row1BelowWeekHeader' are matched.

2018-06-05 12:04:40 - [TEST_STEP][PASSED] - Statement - row2 = CustomKeywords.projectSpecific.Reusability.getTestData("SummarizedReportPage", "row2belowWeekHeader"): projectSpecific.Reusability.getTestData is PASSED

2018-06-05 12:04:40 - [MESSAGE][PASSED] - projectSpecific.Reusability.getTestData is PASSED

2018-06-05 12:04:40 - [TEST_STEP][PASSED] - verifyElementText: Actual text and expected text of test object 'Object Repository/SummarizedReportPage/row2BelowWeekHeader' are matched.

2018-06-05 12:04:40 - [MESSAGE][PASSED] - Actual text and expected text of test object 'Object Repository/SummarizedReportPage/row2BelowWeekHeader' are matched.

2018-06-05 12:04:40 - [TEST_STEP][PASSED] - uiaction.CommonUIActions.click: uiaction.CommonUIActions.click is PASSED

2018-06-05 12:04:40 - [MESSAGE][PASSED] - uiaction.CommonUIActions.click is PASSED

2018-06-05 12:04:40 - [TEST_STEP][PASSED] - uiaction.CommonUIActions.click: uiaction.CommonUIActions.click is PASSED

2018-06-05 12:04:40 - [MESSAGE][PASSED] - uiaction.CommonUIActions.click is PASSED

2018-06-05 12:04:40 - [TEST_STEP][PASSED] - uiaction.CommonUIActions.click: uiaction.CommonUIActions.click is PASSED

2018-06-05 12:04:43 - [MESSAGE][PASSED] - uiaction.CommonUIActions.click is PASSED

2018-06-05 12:04:43 - [TEST_STEP][PASSED] - delay: Delayed 5 second(s)

2018-06-05 12:04:48 - [MESSAGE][PASSED] - Delayed 5 second(s)

2018-06-05 12:04:48 - [TEST_STEP][PASSED] - uiaction.CommonUIActions.click: uiaction.CommonUIActions.click is PASSED

2018-06-05 12:04:49 - [MESSAGE][PASSED] - uiaction.CommonUIActions.click is PASSED

2018-06-05 12:04:49 - [TEST_STEP][PASSED] - delay: Delayed 5 second(s)

2018-06-05 12:04:54 - [MESSAGE][PASSED] - Delayed 5 second(s)

2018-06-05 12:04:54 - [TEST_STEP][PASSED] - uiaction.CommonUIActions.click: uiaction.CommonUIActions.click is PASSED

2018-06-05 12:04:54 - [MESSAGE][PASSED] - uiaction.CommonUIActions.click is PASSED

2018-06-05 12:04:54 - [TEST_STEP][PASSED] - delay: Delayed 10 second(s)

2018-06-05 12:05:04 - [MESSAGE][PASSED] - Delayed 10 second(s)

2018-06-05 12:05:04 - [TEST_STEP][PASSED] - uiaction.CommonUIActions.click: uiaction.CommonUIActions.click is PASSED

2018-06-05 12:05:05 - [MESSAGE][PASSED] - uiaction.CommonUIActions.click is PASSED

2018-06-05 12:05:05 - [TEST_STEP][PASSED] - delay: Delayed 5 second(s)

2018-06-05 12:05:10 - [MESSAGE][PASSED] - Delayed 5 second(s)

2018-06-05 12:05:10 - [TEST_STEP][PASSED] - uiaction.CommonUIActions.click: uiaction.CommonUIActions.click is PASSED

2018-06-05 12:05:10 - [MESSAGE][PASSED] - uiaction.CommonUIActions.click is PASSED

2018-06-05 12:05:10 - [TEST_STEP][PASSED] - uiaction.CommonUIActions.click: uiaction.CommonUIActions.click is PASSED

2018-06-05 12:05:10 - [MESSAGE][PASSED] - uiaction.CommonUIActions.click is PASSED

2018-06-05 12:05:10 - [TEST_STEP][PASSED] - uiaction.CommonUIActions.click: uiaction.CommonUIActions.click is PASSED

2018-06-05 12:05:31 - [MESSAGE][PASSED] - uiaction.CommonUIActions.click is PASSED

2018-06-05 12:05:31 - [TEST_STEP][PASSED] - Statement - assert TCflag == true: null

2018-06-05 12:05:31 - [TEST_STEP][PASSED] - Start listener action : sampleAfterTestCase: Browser is closed

2018-06-05 12:05:31 - [TEST_STEP][PASSED] - Statement - println(testCaseContext.getTestCaseId()): null

2018-06-05 12:05:31 - [TEST_STEP][PASSED] - Statement - println(testCaseContext.getTestCaseStatus()): null

2018-06-05 12:05:31 - [TEST_STEP][PASSED] - closeBrowser: Browser is closed

2018-06-05 12:05:32 - [MESSAGE][PASSED] - Browser is closed]]></system-out>
         <system-err><![CDATA[]]></system-err>
      </testcase>
      <testcase name="Test Cases/SummaryReportsTC/HME-Summary Report-04" classname="Test Cases/SummaryReportsTC/HME-Summary Report-04" status="PASSED">
         <system-out><![CDATA[2018-06-05 12:05:32 - [TEST_CASE][PASSED] - Test Cases/SummaryReportsTC/HME-Summary Report-04: Browser is closed

2018-06-05 12:05:32 - [TEST_STEP][PASSED] - Start listener action : sampleBeforeTestCase: uiaction.CommonUIActions.deleteAllCookies is PASSED

2018-06-05 12:05:32 - [TEST_STEP][PASSED] - openBrowser: Browser is opened with url: ''

2018-06-05 12:05:34 - [MESSAGE][PASSED] - Browser is opened with url: ''

2018-06-05 12:05:34 - [TEST_STEP][PASSED] - maximizeWindow: Current window maximized

2018-06-05 12:05:36 - [MESSAGE][PASSED] - Current window maximized

2018-06-05 12:05:36 - [TEST_STEP][PASSED] - uiaction.CommonUIActions.deleteAllCookies: uiaction.CommonUIActions.deleteAllCookies is PASSED

2018-06-05 12:05:36 - [MESSAGE][PASSED] - Delete all cookies successfully

2018-06-05 12:05:36 - [MESSAGE][PASSED] - uiaction.CommonUIActions.deleteAllCookies is PASSED

2018-06-05 12:05:36 - [TEST_STEP][PASSED] - Statement - TCflag = true: null

2018-06-05 12:05:36 - [TEST_STEP][PASSED] - Statement - Try: uiaction.CommonUIActions.click is PASSED

2018-06-05 12:05:36 - [TEST_STEP][PASSED] - navigateToUrl: Navigate to 'https://hme-dev-public-cloud-app.azurewebsites.net/' successfully

2018-06-05 12:05:40 - [MESSAGE][PASSED] - Navigate to 'https://hme-dev-public-cloud-app.azurewebsites.net/' successfully

2018-06-05 12:05:40 - [TEST_STEP][PASSED] - delay: Delayed 10 second(s)

2018-06-05 12:05:50 - [MESSAGE][PASSED] - Delayed 10 second(s)

2018-06-05 12:05:50 - [TEST_STEP][PASSED] - navigateToUrl: Navigate to 'https://hme-dev-public-cloud-app.azurewebsites.net/' successfully

2018-06-05 12:05:50 - [MESSAGE][PASSED] - Navigate to 'https://hme-dev-public-cloud-app.azurewebsites.net/' successfully

2018-06-05 12:05:50 - [TEST_STEP][PASSED] - projectSpecific.Reusability.login: projectSpecific.Reusability.login is PASSED

2018-06-05 12:05:50 - [MESSAGE][PASSED] - projectSpecific.Reusability.getTestData is PASSED

2018-06-05 12:05:50 - [MESSAGE][PASSED] - projectSpecific.Reusability.getTestData is PASSED

2018-06-05 12:05:50 - [MESSAGE][PASSED] - Text 'selvendrank@nousinfo.com' is set on object 'Object Repository/LoginPage/Username'

2018-06-05 12:05:50 - [MESSAGE][PASSED] - Text 'nous;123' is set on object 'Object Repository/LoginPage/Password'

2018-06-05 12:05:50 - [MESSAGE][PASSED] - Object: 'Object Repository/LoginPage/Login' is clicked on

2018-06-05 12:05:50 - [MESSAGE][PASSED] - projectSpecific.Reusability.login is PASSED

2018-06-05 12:05:50 - [TEST_STEP][PASSED] - delay: Delayed 10 second(s)

2018-06-05 12:06:00 - [MESSAGE][PASSED] - Delayed 10 second(s)

2018-06-05 12:06:00 - [TEST_STEP][PASSED] - delay: Delayed 10 second(s)

2018-06-05 12:06:10 - [MESSAGE][PASSED] - Delayed 10 second(s)

2018-06-05 12:06:10 - [TEST_STEP][PASSED] - uiaction.CommonUIActions.click: uiaction.CommonUIActions.click is PASSED

2018-06-05 12:06:12 - [MESSAGE][PASSED] - uiaction.CommonUIActions.click is PASSED

2018-06-05 12:06:12 - [TEST_STEP][PASSED] - uiaction.CommonUIActions.click: uiaction.CommonUIActions.click is PASSED

2018-06-05 12:06:13 - [MESSAGE][PASSED] - uiaction.CommonUIActions.click is PASSED

2018-06-05 12:06:13 - [TEST_STEP][PASSED] - uiaction.CommonUIActions.click: uiaction.CommonUIActions.click is PASSED

2018-06-05 12:06:14 - [MESSAGE][PASSED] - uiaction.CommonUIActions.click is PASSED

2018-06-05 12:06:14 - [TEST_STEP][PASSED] - uiaction.CommonUIActions.click: uiaction.CommonUIActions.click is PASSED

2018-06-05 12:06:14 - [MESSAGE][PASSED] - uiaction.CommonUIActions.click is PASSED

2018-06-05 12:06:14 - [TEST_STEP][PASSED] - uiaction.CommonUIActions.enter: uiaction.CommonUIActions.enter is PASSED

2018-06-05 12:06:14 - [MESSAGE][PASSED] - projectSpecific.Reusability.getTestData is PASSED

2018-06-05 12:06:14 - [MESSAGE][PASSED] - uiaction.CommonUIActions.enter is PASSED

2018-06-05 12:06:14 - [TEST_STEP][PASSED] - uiaction.CommonUIActions.enter: uiaction.CommonUIActions.enter is PASSED

2018-06-05 12:06:14 - [MESSAGE][PASSED] - projectSpecific.Reusability.getTestData is PASSED

2018-06-05 12:06:14 - [MESSAGE][PASSED] - uiaction.CommonUIActions.enter is PASSED

2018-06-05 12:06:14 - [TEST_STEP][PASSED] - delay: Delayed 10 second(s)

2018-06-05 12:06:24 - [MESSAGE][PASSED] - Delayed 10 second(s)

2018-06-05 12:06:24 - [TEST_STEP][PASSED] - Statement - groupmain = CustomKeywords.projectSpecific.Reusability.getTestData("ReportingGroupManagementPage", "Summarygrp"): projectSpecific.Reusability.getTestData is PASSED

2018-06-05 12:06:24 - [MESSAGE][PASSED] - projectSpecific.Reusability.getTestData is PASSED

2018-06-05 12:06:24 - [TEST_STEP][PASSED] - Statement - driver = com.kms.katalon.core.webui.driver.DriverFactory.getWebDriver(): null

2018-06-05 12:06:24 - [TEST_STEP][PASSED] - Statement - grouplist = driver.findElements(org.openqa.selenium.By.xpath("//ul[@class='unlinked-grouplist']/li")): null

2018-06-05 12:06:24 - [TEST_STEP][PASSED] - delay: Delayed 10 second(s)

2018-06-05 12:06:34 - [MESSAGE][PASSED] - Delayed 10 second(s)

2018-06-05 12:06:34 - [TEST_STEP][PASSED] - Statement - For ([i = 0, i < 50, (i++)]): null

2018-06-05 12:06:34 - [TEST_STEP][PASSED] - Statement - println(grouplist.get(i).getText()): null

2018-06-05 12:06:34 - [TEST_STEP][PASSED] - Statement - If (grouplist.get(i).getText().contains("0000")): null

2018-06-05 12:06:34 - [TEST_STEP][PASSED] - Statement - println(grouplist.get(i).getText()): null

2018-06-05 12:06:34 - [TEST_STEP][PASSED] - Statement - If (grouplist.get(i).getText().contains("0000")): null

2018-06-05 12:06:34 - [TEST_STEP][PASSED] - Statement - println(grouplist.get(i).getText()): null

2018-06-05 12:06:34 - [TEST_STEP][PASSED] - Statement - If (grouplist.get(i).getText().contains("0000")): null

2018-06-05 12:06:34 - [TEST_STEP][PASSED] - Statement - println(grouplist.get(i).getText()): null

2018-06-05 12:06:34 - [TEST_STEP][PASSED] - Statement - If (grouplist.get(i).getText().contains("0000")): null

2018-06-05 12:06:34 - [TEST_STEP][PASSED] - Statement - println(grouplist.get(i).getText()): null

2018-06-05 12:06:34 - [TEST_STEP][PASSED] - Statement - If (grouplist.get(i).getText().contains("0000")): null

2018-06-05 12:06:34 - [TEST_STEP][PASSED] - Statement - println(grouplist.get(i).getText()): null

2018-06-05 12:06:34 - [TEST_STEP][PASSED] - Statement - If (grouplist.get(i).getText().contains("0000")): null

2018-06-05 12:06:34 - [TEST_STEP][PASSED] - Statement - println(grouplist.get(i).getText()): null

2018-06-05 12:06:34 - [TEST_STEP][PASSED] - Statement - If (grouplist.get(i).getText().contains("0000")): null

2018-06-05 12:06:34 - [TEST_STEP][PASSED] - Statement - println(grouplist.get(i).getText()): null

2018-06-05 12:06:34 - [TEST_STEP][PASSED] - Statement - If (grouplist.get(i).getText().contains("0000")): null

2018-06-05 12:06:34 - [TEST_STEP][PASSED] - Statement - println(grouplist.get(i).getText()): null

2018-06-05 12:06:34 - [TEST_STEP][PASSED] - Statement - If (grouplist.get(i).getText().contains("0000")): null

2018-06-05 12:06:34 - [TEST_STEP][PASSED] - Statement - println(grouplist.get(i).getText()): null

2018-06-05 12:06:34 - [TEST_STEP][PASSED] - Statement - If (grouplist.get(i).getText().contains("0000")): null

2018-06-05 12:06:34 - [TEST_STEP][PASSED] - Statement - println(grouplist.get(i).getText()): null

2018-06-05 12:06:34 - [TEST_STEP][PASSED] - Statement - If (grouplist.get(i).getText().contains("0000")): null

2018-06-05 12:06:34 - [TEST_STEP][PASSED] - Statement - println(grouplist.get(i).getText()): null

2018-06-05 12:06:34 - [TEST_STEP][PASSED] - Statement - If (grouplist.get(i).getText().contains("0000")): null

2018-06-05 12:06:34 - [TEST_STEP][PASSED] - Statement - println(grouplist.get(i).getText()): null

2018-06-05 12:06:34 - [TEST_STEP][PASSED] - Statement - If (grouplist.get(i).getText().contains("0000")): null

2018-06-05 12:06:34 - [TEST_STEP][PASSED] - Statement - driver.findElement(org.openqa.selenium.By.xpath("(//ul[@class='unlinked-grouplist']/li/label)[" + i + 1 + "]")).click(): null

2018-06-05 12:06:35 - [TEST_STEP][PASSED] - Statement - println(grouplist.get(i).getText()): null

2018-06-05 12:06:35 - [TEST_STEP][PASSED] - Statement - If (grouplist.get(i).getText().contains("0000")): null

2018-06-05 12:06:35 - [TEST_STEP][PASSED] - Statement - driver.findElement(org.openqa.selenium.By.xpath("(//ul[@class='unlinked-grouplist']/li/label)[" + i + 1 + "]")).click(): null

2018-06-05 12:06:35 - [TEST_STEP][PASSED] - Statement - println(grouplist.get(i).getText()): null

2018-06-05 12:06:35 - [TEST_STEP][PASSED] - Statement - If (grouplist.get(i).getText().contains("0000")): null

2018-06-05 12:06:35 - [TEST_STEP][PASSED] - Statement - driver.findElement(org.openqa.selenium.By.xpath("(//ul[@class='unlinked-grouplist']/li/label)[" + i + 1 + "]")).click(): null

2018-06-05 12:06:35 - [TEST_STEP][PASSED] - Statement - println(grouplist.get(i).getText()): null

2018-06-05 12:06:35 - [TEST_STEP][PASSED] - Statement - If (grouplist.get(i).getText().contains("0000")): null

2018-06-05 12:06:35 - [TEST_STEP][PASSED] - Statement - driver.findElement(org.openqa.selenium.By.xpath("(//ul[@class='unlinked-grouplist']/li/label)[" + i + 1 + "]")).click(): null

2018-06-05 12:06:35 - [TEST_STEP][PASSED] - Statement - println(grouplist.get(i).getText()): null

2018-06-05 12:06:35 - [TEST_STEP][PASSED] - Statement - If (grouplist.get(i).getText().contains("0000")): null

2018-06-05 12:06:35 - [TEST_STEP][PASSED] - Statement - driver.findElement(org.openqa.selenium.By.xpath("(//ul[@class='unlinked-grouplist']/li/label)[" + i + 1 + "]")).click(): null

2018-06-05 12:06:35 - [TEST_STEP][PASSED] - Statement - println(grouplist.get(i).getText()): null

2018-06-05 12:06:35 - [TEST_STEP][PASSED] - Statement - If (grouplist.get(i).getText().contains("0000")): null

2018-06-05 12:06:35 - [TEST_STEP][PASSED] - Statement - driver.findElement(org.openqa.selenium.By.xpath("(//ul[@class='unlinked-grouplist']/li/label)[" + i + 1 + "]")).click(): null

2018-06-05 12:06:35 - [TEST_STEP][PASSED] - Statement - println(grouplist.get(i).getText()): null

2018-06-05 12:06:35 - [TEST_STEP][PASSED] - Statement - If (grouplist.get(i).getText().contains("0000")): null

2018-06-05 12:06:35 - [TEST_STEP][PASSED] - Statement - driver.findElement(org.openqa.selenium.By.xpath("(//ul[@class='unlinked-grouplist']/li/label)[" + i + 1 + "]")).click(): null

2018-06-05 12:06:35 - [TEST_STEP][PASSED] - Statement - println(grouplist.get(i).getText()): null

2018-06-05 12:06:35 - [TEST_STEP][PASSED] - Statement - If (grouplist.get(i).getText().contains("0000")): null

2018-06-05 12:06:35 - [TEST_STEP][PASSED] - Statement - driver.findElement(org.openqa.selenium.By.xpath("(//ul[@class='unlinked-grouplist']/li/label)[" + i + 1 + "]")).click(): null

2018-06-05 12:06:35 - [TEST_STEP][PASSED] - Statement - println(grouplist.get(i).getText()): null

2018-06-05 12:06:35 - [TEST_STEP][PASSED] - Statement - If (grouplist.get(i).getText().contains("0000")): null

2018-06-05 12:06:35 - [TEST_STEP][PASSED] - Statement - driver.findElement(org.openqa.selenium.By.xpath("(//ul[@class='unlinked-grouplist']/li/label)[" + i + 1 + "]")).click(): null

2018-06-05 12:06:35 - [TEST_STEP][PASSED] - Statement - println(grouplist.get(i).getText()): null

2018-06-05 12:06:35 - [TEST_STEP][PASSED] - Statement - If (grouplist.get(i).getText().contains("0000")): null

2018-06-05 12:06:35 - [TEST_STEP][PASSED] - Statement - driver.findElement(org.openqa.selenium.By.xpath("(//ul[@class='unlinked-grouplist']/li/label)[" + i + 1 + "]")).click(): null

2018-06-05 12:06:35 - [TEST_STEP][PASSED] - Statement - println(grouplist.get(i).getText()): null

2018-06-05 12:06:35 - [TEST_STEP][PASSED] - Statement - If (grouplist.get(i).getText().contains("0000")): null

2018-06-05 12:06:35 - [TEST_STEP][PASSED] - Statement - driver.findElement(org.openqa.selenium.By.xpath("(//ul[@class='unlinked-grouplist']/li/label)[" + i + 1 + "]")).click(): null

2018-06-05 12:06:36 - [TEST_STEP][PASSED] - Statement - println(grouplist.get(i).getText()): null

2018-06-05 12:06:36 - [TEST_STEP][PASSED] - Statement - If (grouplist.get(i).getText().contains("0000")): null

2018-06-05 12:06:36 - [TEST_STEP][PASSED] - Statement - driver.findElement(org.openqa.selenium.By.xpath("(//ul[@class='unlinked-grouplist']/li/label)[" + i + 1 + "]")).click(): null

2018-06-05 12:06:36 - [TEST_STEP][PASSED] - Statement - println(grouplist.get(i).getText()): null

2018-06-05 12:06:36 - [TEST_STEP][PASSED] - Statement - If (grouplist.get(i).getText().contains("0000")): null

2018-06-05 12:06:36 - [TEST_STEP][PASSED] - Statement - driver.findElement(org.openqa.selenium.By.xpath("(//ul[@class='unlinked-grouplist']/li/label)[" + i + 1 + "]")).click(): null

2018-06-05 12:06:36 - [TEST_STEP][PASSED] - Statement - println(grouplist.get(i).getText()): null

2018-06-05 12:06:36 - [TEST_STEP][PASSED] - Statement - If (grouplist.get(i).getText().contains("0000")): null

2018-06-05 12:06:36 - [TEST_STEP][PASSED] - Statement - driver.findElement(org.openqa.selenium.By.xpath("(//ul[@class='unlinked-grouplist']/li/label)[" + i + 1 + "]")).click(): null

2018-06-05 12:06:36 - [TEST_STEP][PASSED] - Statement - println(grouplist.get(i).getText()): null

2018-06-05 12:06:36 - [TEST_STEP][PASSED] - Statement - If (grouplist.get(i).getText().contains("0000")): null

2018-06-05 12:06:36 - [TEST_STEP][PASSED] - Statement - driver.findElement(org.openqa.selenium.By.xpath("(//ul[@class='unlinked-grouplist']/li/label)[" + i + 1 + "]")).click(): null

2018-06-05 12:06:36 - [TEST_STEP][PASSED] - Statement - println(grouplist.get(i).getText()): null

2018-06-05 12:06:36 - [TEST_STEP][PASSED] - Statement - If (grouplist.get(i).getText().contains("0000")): null

2018-06-05 12:06:36 - [TEST_STEP][PASSED] - Statement - driver.findElement(org.openqa.selenium.By.xpath("(//ul[@class='unlinked-grouplist']/li/label)[" + i + 1 + "]")).click(): null

2018-06-05 12:06:36 - [TEST_STEP][PASSED] - Statement - println(grouplist.get(i).getText()): null

2018-06-05 12:06:36 - [TEST_STEP][PASSED] - Statement - If (grouplist.get(i).getText().contains("0000")): null

2018-06-05 12:06:36 - [TEST_STEP][PASSED] - Statement - driver.findElement(org.openqa.selenium.By.xpath("(//ul[@class='unlinked-grouplist']/li/label)[" + i + 1 + "]")).click(): null

2018-06-05 12:06:36 - [TEST_STEP][PASSED] - Statement - println(grouplist.get(i).getText()): null

2018-06-05 12:06:36 - [TEST_STEP][PASSED] - Statement - If (grouplist.get(i).getText().contains("0000")): null

2018-06-05 12:06:36 - [TEST_STEP][PASSED] - Statement - driver.findElement(org.openqa.selenium.By.xpath("(//ul[@class='unlinked-grouplist']/li/label)[" + i + 1 + "]")).click(): null

2018-06-05 12:06:36 - [TEST_STEP][PASSED] - Statement - println(grouplist.get(i).getText()): null

2018-06-05 12:06:36 - [TEST_STEP][PASSED] - Statement - If (grouplist.get(i).getText().contains("0000")): null

2018-06-05 12:06:36 - [TEST_STEP][PASSED] - Statement - driver.findElement(org.openqa.selenium.By.xpath("(//ul[@class='unlinked-grouplist']/li/label)[" + i + 1 + "]")).click(): null

2018-06-05 12:06:36 - [TEST_STEP][PASSED] - Statement - println(grouplist.get(i).getText()): null

2018-06-05 12:06:36 - [TEST_STEP][PASSED] - Statement - If (grouplist.get(i).getText().contains("0000")): null

2018-06-05 12:06:36 - [TEST_STEP][PASSED] - Statement - driver.findElement(org.openqa.selenium.By.xpath("(//ul[@class='unlinked-grouplist']/li/label)[" + i + 1 + "]")).click(): null

2018-06-05 12:06:36 - [TEST_STEP][PASSED] - Statement - println(grouplist.get(i).getText()): null

2018-06-05 12:06:36 - [TEST_STEP][PASSED] - Statement - If (grouplist.get(i).getText().contains("0000")): null

2018-06-05 12:06:36 - [TEST_STEP][PASSED] - Statement - driver.findElement(org.openqa.selenium.By.xpath("(//ul[@class='unlinked-grouplist']/li/label)[" + i + 1 + "]")).click(): null

2018-06-05 12:06:36 - [TEST_STEP][PASSED] - Statement - println(grouplist.get(i).getText()): null

2018-06-05 12:06:36 - [TEST_STEP][PASSED] - Statement - If (grouplist.get(i).getText().contains("0000")): null

2018-06-05 12:06:36 - [TEST_STEP][PASSED] - Statement - driver.findElement(org.openqa.selenium.By.xpath("(//ul[@class='unlinked-grouplist']/li/label)[" + i + 1 + "]")).click(): null

2018-06-05 12:06:37 - [TEST_STEP][PASSED] - Statement - println(grouplist.get(i).getText()): null

2018-06-05 12:06:37 - [TEST_STEP][PASSED] - Statement - If (grouplist.get(i).getText().contains("0000")): null

2018-06-05 12:06:37 - [TEST_STEP][PASSED] - Statement - driver.findElement(org.openqa.selenium.By.xpath("(//ul[@class='unlinked-grouplist']/li/label)[" + i + 1 + "]")).click(): null

2018-06-05 12:06:37 - [TEST_STEP][PASSED] - Statement - println(grouplist.get(i).getText()): null

2018-06-05 12:06:37 - [TEST_STEP][PASSED] - Statement - If (grouplist.get(i).getText().contains("0000")): null

2018-06-05 12:06:37 - [TEST_STEP][PASSED] - Statement - driver.findElement(org.openqa.selenium.By.xpath("(//ul[@class='unlinked-grouplist']/li/label)[" + i + 1 + "]")).click(): null

2018-06-05 12:06:37 - [TEST_STEP][PASSED] - Statement - println(grouplist.get(i).getText()): null

2018-06-05 12:06:37 - [TEST_STEP][PASSED] - Statement - If (grouplist.get(i).getText().contains("0000")): null

2018-06-05 12:06:37 - [TEST_STEP][PASSED] - Statement - driver.findElement(org.openqa.selenium.By.xpath("(//ul[@class='unlinked-grouplist']/li/label)[" + i + 1 + "]")).click(): null

2018-06-05 12:06:37 - [TEST_STEP][PASSED] - Statement - println(grouplist.get(i).getText()): null

2018-06-05 12:06:37 - [TEST_STEP][PASSED] - Statement - If (grouplist.get(i).getText().contains("0000")): null

2018-06-05 12:06:37 - [TEST_STEP][PASSED] - Statement - driver.findElement(org.openqa.selenium.By.xpath("(//ul[@class='unlinked-grouplist']/li/label)[" + i + 1 + "]")).click(): null

2018-06-05 12:06:37 - [TEST_STEP][PASSED] - Statement - println(grouplist.get(i).getText()): null

2018-06-05 12:06:37 - [TEST_STEP][PASSED] - Statement - If (grouplist.get(i).getText().contains("0000")): null

2018-06-05 12:06:37 - [TEST_STEP][PASSED] - Statement - driver.findElement(org.openqa.selenium.By.xpath("(//ul[@class='unlinked-grouplist']/li/label)[" + i + 1 + "]")).click(): null

2018-06-05 12:06:37 - [TEST_STEP][PASSED] - Statement - println(grouplist.get(i).getText()): null

2018-06-05 12:06:37 - [TEST_STEP][PASSED] - Statement - If (grouplist.get(i).getText().contains("0000")): null

2018-06-05 12:06:37 - [TEST_STEP][PASSED] - Statement - driver.findElement(org.openqa.selenium.By.xpath("(//ul[@class='unlinked-grouplist']/li/label)[" + i + 1 + "]")).click(): null

2018-06-05 12:06:37 - [TEST_STEP][PASSED] - Statement - println(grouplist.get(i).getText()): null

2018-06-05 12:06:37 - [TEST_STEP][PASSED] - Statement - If (grouplist.get(i).getText().contains("0000")): null

2018-06-05 12:06:37 - [TEST_STEP][PASSED] - Statement - driver.findElement(org.openqa.selenium.By.xpath("(//ul[@class='unlinked-grouplist']/li/label)[" + i + 1 + "]")).click(): null

2018-06-05 12:06:37 - [TEST_STEP][PASSED] - Statement - println(grouplist.get(i).getText()): null

2018-06-05 12:06:37 - [TEST_STEP][PASSED] - Statement - If (grouplist.get(i).getText().contains("0000")): null

2018-06-05 12:06:37 - [TEST_STEP][PASSED] - Statement - driver.findElement(org.openqa.selenium.By.xpath("(//ul[@class='unlinked-grouplist']/li/label)[" + i + 1 + "]")).click(): null

2018-06-05 12:06:37 - [TEST_STEP][PASSED] - Statement - println(grouplist.get(i).getText()): null

2018-06-05 12:06:37 - [TEST_STEP][PASSED] - Statement - If (grouplist.get(i).getText().contains("0000")): null

2018-06-05 12:06:37 - [TEST_STEP][PASSED] - Statement - driver.findElement(org.openqa.selenium.By.xpath("(//ul[@class='unlinked-grouplist']/li/label)[" + i + 1 + "]")).click(): null

2018-06-05 12:06:37 - [TEST_STEP][PASSED] - Statement - println(grouplist.get(i).getText()): null

2018-06-05 12:06:37 - [TEST_STEP][PASSED] - Statement - If (grouplist.get(i).getText().contains("0000")): null

2018-06-05 12:06:37 - [TEST_STEP][PASSED] - Statement - driver.findElement(org.openqa.selenium.By.xpath("(//ul[@class='unlinked-grouplist']/li/label)[" + i + 1 + "]")).click(): null

2018-06-05 12:06:37 - [TEST_STEP][PASSED] - Statement - println(grouplist.get(i).getText()): null

2018-06-05 12:06:37 - [TEST_STEP][PASSED] - Statement - If (grouplist.get(i).getText().contains("0000")): null

2018-06-05 12:06:37 - [TEST_STEP][PASSED] - Statement - driver.findElement(org.openqa.selenium.By.xpath("(//ul[@class='unlinked-grouplist']/li/label)[" + i + 1 + "]")).click(): null

2018-06-05 12:06:37 - [TEST_STEP][PASSED] - Statement - println(grouplist.get(i).getText()): null

2018-06-05 12:06:38 - [TEST_STEP][PASSED] - Statement - If (grouplist.get(i).getText().contains("0000")): null

2018-06-05 12:06:38 - [TEST_STEP][PASSED] - Statement - driver.findElement(org.openqa.selenium.By.xpath("(//ul[@class='unlinked-grouplist']/li/label)[" + i + 1 + "]")).click(): null

2018-06-05 12:06:38 - [TEST_STEP][PASSED] - Statement - println(grouplist.get(i).getText()): null

2018-06-05 12:06:38 - [TEST_STEP][PASSED] - Statement - If (grouplist.get(i).getText().contains("0000")): null

2018-06-05 12:06:38 - [TEST_STEP][PASSED] - Statement - driver.findElement(org.openqa.selenium.By.xpath("(//ul[@class='unlinked-grouplist']/li/label)[" + i + 1 + "]")).click(): null

2018-06-05 12:06:38 - [TEST_STEP][PASSED] - Statement - println(grouplist.get(i).getText()): null

2018-06-05 12:06:38 - [TEST_STEP][PASSED] - Statement - If (grouplist.get(i).getText().contains("0000")): null

2018-06-05 12:06:38 - [TEST_STEP][PASSED] - Statement - driver.findElement(org.openqa.selenium.By.xpath("(//ul[@class='unlinked-grouplist']/li/label)[" + i + 1 + "]")).click(): null

2018-06-05 12:06:38 - [TEST_STEP][PASSED] - Statement - println(grouplist.get(i).getText()): null

2018-06-05 12:06:38 - [TEST_STEP][PASSED] - Statement - If (grouplist.get(i).getText().contains("0000")): null

2018-06-05 12:06:38 - [TEST_STEP][PASSED] - Statement - driver.findElement(org.openqa.selenium.By.xpath("(//ul[@class='unlinked-grouplist']/li/label)[" + i + 1 + "]")).click(): null

2018-06-05 12:06:38 - [TEST_STEP][PASSED] - Statement - println(grouplist.get(i).getText()): null

2018-06-05 12:06:38 - [TEST_STEP][PASSED] - Statement - If (grouplist.get(i).getText().contains("0000")): null

2018-06-05 12:06:38 - [TEST_STEP][PASSED] - Statement - driver.findElement(org.openqa.selenium.By.xpath("(//ul[@class='unlinked-grouplist']/li/label)[" + i + 1 + "]")).click(): null

2018-06-05 12:06:38 - [TEST_STEP][PASSED] - Statement - driver.findElement(org.openqa.selenium.By.xpath("//button[contains(text(),'>')]")).click(): null

2018-06-05 12:06:38 - [TEST_STEP][PASSED] - delay: Delayed 10 second(s)

2018-06-05 12:06:48 - [MESSAGE][PASSED] - Delayed 10 second(s)

2018-06-05 12:06:48 - [TEST_STEP][PASSED] - uiaction.CommonUIActions.click: uiaction.CommonUIActions.click is PASSED

2018-06-05 12:06:48 - [MESSAGE][PASSED] - uiaction.CommonUIActions.click is PASSED

2018-06-05 12:06:48 - [TEST_STEP][PASSED] - uiaction.CommonUIActions.click: uiaction.CommonUIActions.click is PASSED

2018-06-05 12:06:48 - [MESSAGE][PASSED] - uiaction.CommonUIActions.click is PASSED

2018-06-05 12:06:48 - [TEST_STEP][PASSED] - delay: Delayed 10 second(s)

2018-06-05 12:06:58 - [MESSAGE][PASSED] - Delayed 10 second(s)

2018-06-05 12:06:58 - [TEST_STEP][PASSED] - uiaction.CommonUIActions.click: uiaction.CommonUIActions.click is PASSED

2018-06-05 12:06:58 - [MESSAGE][PASSED] - uiaction.CommonUIActions.click is PASSED

2018-06-05 12:06:58 - [TEST_STEP][PASSED] - delay: Delayed 10 second(s)

2018-06-05 12:07:08 - [MESSAGE][PASSED] - Delayed 10 second(s)

2018-06-05 12:07:08 - [TEST_STEP][PASSED] - Statement - driver.findElement(org.openqa.selenium.By.xpath("//span[contains(text(),'" + groupmain + "')]/../../../../span[2]")).click(): null

2018-06-05 12:07:08 - [TEST_STEP][PASSED] - Statement - timemeasureoptions = driver.findElements(org.openqa.selenium.By.xpath("//select[@class='time-measures']/option")): null

2018-06-05 12:07:08 - [TEST_STEP][PASSED] - Statement - count = 0: null

2018-06-05 12:07:08 - [TEST_STEP][PASSED] - Statement - For ([i = 0, i < timemeasureoptions.size(), (i++)]): null

2018-06-05 12:07:08 - [TEST_STEP][PASSED] - Statement - println(timemeasureoptions.get(i).getText()): null

2018-06-05 12:07:08 - [TEST_STEP][PASSED] - Statement - If (timemeasureoptions.get(i).getText() == "Daypart"): null

2018-06-05 12:07:08 - [TEST_STEP][PASSED] - Statement - println(timemeasureoptions.get(i).getText()): null

2018-06-05 12:07:08 - [TEST_STEP][PASSED] - Statement - If (timemeasureoptions.get(i).getText() == "Daypart"): null

2018-06-05 12:07:09 - [TEST_STEP][PASSED] - Statement - timemeasureoptions[i].click(): null

2018-06-05 12:07:09 - [TEST_STEP][PASSED] - Statement - (count++): null

2018-06-05 12:07:09 - [TEST_STEP][PASSED] - Statement - Break: null

2018-06-05 12:07:09 - [TEST_STEP][PASSED] - Statement - If (count < 4): null

2018-06-05 12:07:09 - [TEST_STEP][PASSED] - Statement - out.println("Daypart option is selected"): null

2018-06-05 12:07:09 - [TEST_STEP][PASSED] - delay: Delayed 5 second(s)

2018-06-05 12:07:14 - [MESSAGE][PASSED] - Delayed 5 second(s)

2018-06-05 12:07:14 - [TEST_STEP][PASSED] - click: Object: 'Object Repository/ReportsPage/fromDateSelector' is clicked on

2018-06-05 12:07:14 - [MESSAGE][PASSED] - Object: 'Object Repository/ReportsPage/fromDateSelector' is clicked on

2018-06-05 12:07:14 - [TEST_STEP][PASSED] - delay: Delayed 5 second(s)

2018-06-05 12:07:19 - [MESSAGE][PASSED] - Delayed 5 second(s)

2018-06-05 12:07:19 - [TEST_STEP][PASSED] - Statement - monthText = com.kms.katalon.core.webui.keyword.WebUiBuiltInKeywords.getText(com.kms.katalon.core.testobject.ObjectRepository.findTestObject(ReportsPage/monthText)): Text of object 'Object Repository/ReportsPage/monthText' is: 'June 2018'

2018-06-05 12:07:19 - [MESSAGE][PASSED] - Text of object 'Object Repository/ReportsPage/monthText' is: 'June 2018'

2018-06-05 12:07:19 - [TEST_STEP][PASSED] - Statement - monthTextArray = monthText.split(" "): null

2018-06-05 12:07:19 - [TEST_STEP][PASSED] - Statement - month = monthTextArray[0]: null

2018-06-05 12:07:19 - [TEST_STEP][PASSED] - Statement - monthTextValue = CustomKeywords.projectSpecific.Reusability.getTestData("ReportsPage", "Month"): projectSpecific.Reusability.getTestData is PASSED

2018-06-05 12:07:19 - [MESSAGE][PASSED] - projectSpecific.Reusability.getTestData is PASSED

2018-06-05 12:07:19 - [TEST_STEP][PASSED] - Statement - If (!(monthTextValue.equals(month))): null

2018-06-05 12:07:19 - [TEST_STEP][PASSED] - Statement - While (!(monthTextValue.equals(month))): null

2018-06-05 12:07:19 - [TEST_STEP][PASSED] - click: Object: 'Object Repository/ReportsPage/previousDateSelector' is clicked on

2018-06-05 12:07:19 - [MESSAGE][PASSED] - Object: 'Object Repository/ReportsPage/previousDateSelector' is clicked on

2018-06-05 12:07:19 - [TEST_STEP][PASSED] - Statement - monthText = com.kms.katalon.core.webui.keyword.WebUiBuiltInKeywords.getText(com.kms.katalon.core.testobject.ObjectRepository.findTestObject(ReportsPage/monthText)): Text of object 'Object Repository/ReportsPage/monthText' is: 'May 2018'

2018-06-05 12:07:19 - [MESSAGE][PASSED] - Text of object 'Object Repository/ReportsPage/monthText' is: 'May 2018'

2018-06-05 12:07:19 - [TEST_STEP][PASSED] - Statement - monthTextArray = monthText.split(" "): null

2018-06-05 12:07:19 - [TEST_STEP][PASSED] - Statement - month = monthTextArray[0]: null

2018-06-05 12:07:19 - [TEST_STEP][PASSED] - click: Object: 'Object Repository/ReportsPage/previousDateSelector' is clicked on

2018-06-05 12:07:19 - [MESSAGE][PASSED] - Object: 'Object Repository/ReportsPage/previousDateSelector' is clicked on

2018-06-05 12:07:19 - [TEST_STEP][PASSED] - Statement - monthText = com.kms.katalon.core.webui.keyword.WebUiBuiltInKeywords.getText(com.kms.katalon.core.testobject.ObjectRepository.findTestObject(ReportsPage/monthText)): Text of object 'Object Repository/ReportsPage/monthText' is: 'April 2018'

2018-06-05 12:07:19 - [MESSAGE][PASSED] - Text of object 'Object Repository/ReportsPage/monthText' is: 'April 2018'

2018-06-05 12:07:19 - [TEST_STEP][PASSED] - Statement - monthTextArray = monthText.split(" "): null

2018-06-05 12:07:19 - [TEST_STEP][PASSED] - Statement - month = monthTextArray[0]: null

2018-06-05 12:07:19 - [TEST_STEP][PASSED] - click: Object: 'Object Repository/ReportsPage/previousDateSelector' is clicked on

2018-06-05 12:07:19 - [MESSAGE][PASSED] - Object: 'Object Repository/ReportsPage/previousDateSelector' is clicked on

2018-06-05 12:07:19 - [TEST_STEP][PASSED] - Statement - monthText = com.kms.katalon.core.webui.keyword.WebUiBuiltInKeywords.getText(com.kms.katalon.core.testobject.ObjectRepository.findTestObject(ReportsPage/monthText)): Text of object 'Object Repository/ReportsPage/monthText' is: 'March 2018'

2018-06-05 12:07:19 - [MESSAGE][PASSED] - Text of object 'Object Repository/ReportsPage/monthText' is: 'March 2018'

2018-06-05 12:07:19 - [TEST_STEP][PASSED] - Statement - monthTextArray = monthText.split(" "): null

2018-06-05 12:07:19 - [TEST_STEP][PASSED] - Statement - month = monthTextArray[0]: null

2018-06-05 12:07:19 - [TEST_STEP][PASSED] - Statement - data = CustomKeywords.projectSpecific.Reusability.getTestData("ReportsPage", "StartDate"): projectSpecific.Reusability.getTestData is PASSED

2018-06-05 12:07:19 - [MESSAGE][PASSED] - projectSpecific.Reusability.getTestData is PASSED

2018-06-05 12:07:19 - [TEST_STEP][PASSED] - Statement - startDate = "(//td[text()='" + data + "'])[1]": null

2018-06-05 12:07:19 - [TEST_STEP][PASSED] - Statement - println(startDate): null

2018-06-05 12:07:19 - [TEST_STEP][PASSED] - Statement - startdateEle = driver.findElement(org.openqa.selenium.By.xpath(startDate)): null

2018-06-05 12:07:19 - [TEST_STEP][PASSED] - Statement - startdateEle.click(): null

2018-06-05 12:07:19 - [TEST_STEP][PASSED] - delay: Delayed 5 second(s)

2018-06-05 12:07:24 - [MESSAGE][PASSED] - Delayed 5 second(s)

2018-06-05 12:07:24 - [TEST_STEP][PASSED] - click: Object: 'Object Repository/ReportsPage/toDateSelector' is clicked on

2018-06-05 12:07:24 - [MESSAGE][PASSED] - Object: 'Object Repository/ReportsPage/toDateSelector' is clicked on

2018-06-05 12:07:24 - [TEST_STEP][PASSED] - Statement - monthText = com.kms.katalon.core.webui.keyword.WebUiBuiltInKeywords.getText(com.kms.katalon.core.testobject.ObjectRepository.findTestObject(ReportsPage/monthText2)): Text of object 'Object Repository/ReportsPage/monthText2' is: 'June 2018'

2018-06-05 12:07:24 - [MESSAGE][PASSED] - Text of object 'Object Repository/ReportsPage/monthText2' is: 'June 2018'

2018-06-05 12:07:24 - [TEST_STEP][PASSED] - Statement - monthTextArray = monthText.split(" "): null

2018-06-05 12:07:24 - [TEST_STEP][PASSED] - Statement - month = monthTextArray[0]: null

2018-06-05 12:07:24 - [TEST_STEP][PASSED] - Statement - If (!(monthTextValue.equals(month))): null

2018-06-05 12:07:24 - [TEST_STEP][PASSED] - Statement - While (!(monthTextValue.equals(month))): null

2018-06-05 12:07:24 - [TEST_STEP][PASSED] - click: Object: 'Object Repository/ReportsPage/previousDateSelector2' is clicked on

2018-06-05 12:07:24 - [MESSAGE][PASSED] - Object: 'Object Repository/ReportsPage/previousDateSelector2' is clicked on

2018-06-05 12:07:24 - [TEST_STEP][PASSED] - Statement - monthText = com.kms.katalon.core.webui.keyword.WebUiBuiltInKeywords.getText(com.kms.katalon.core.testobject.ObjectRepository.findTestObject(ReportsPage/monthText2)): Text of object 'Object Repository/ReportsPage/monthText2' is: 'May 2018'

2018-06-05 12:07:24 - [MESSAGE][PASSED] - Text of object 'Object Repository/ReportsPage/monthText2' is: 'May 2018'

2018-06-05 12:07:24 - [TEST_STEP][PASSED] - Statement - monthTextArray = monthText.split(" "): null

2018-06-05 12:07:24 - [TEST_STEP][PASSED] - Statement - month = monthTextArray[0]: null

2018-06-05 12:07:24 - [TEST_STEP][PASSED] - click: Object: 'Object Repository/ReportsPage/previousDateSelector2' is clicked on

2018-06-05 12:07:24 - [MESSAGE][PASSED] - Object: 'Object Repository/ReportsPage/previousDateSelector2' is clicked on

2018-06-05 12:07:24 - [TEST_STEP][PASSED] - Statement - monthText = com.kms.katalon.core.webui.keyword.WebUiBuiltInKeywords.getText(com.kms.katalon.core.testobject.ObjectRepository.findTestObject(ReportsPage/monthText2)): Text of object 'Object Repository/ReportsPage/monthText2' is: 'April 2018'

2018-06-05 12:07:24 - [MESSAGE][PASSED] - Text of object 'Object Repository/ReportsPage/monthText2' is: 'April 2018'

2018-06-05 12:07:24 - [TEST_STEP][PASSED] - Statement - monthTextArray = monthText.split(" "): null

2018-06-05 12:07:24 - [TEST_STEP][PASSED] - Statement - month = monthTextArray[0]: null

2018-06-05 12:07:24 - [TEST_STEP][PASSED] - click: Object: 'Object Repository/ReportsPage/previousDateSelector2' is clicked on

2018-06-05 12:07:24 - [MESSAGE][PASSED] - Object: 'Object Repository/ReportsPage/previousDateSelector2' is clicked on

2018-06-05 12:07:24 - [TEST_STEP][PASSED] - Statement - monthText = com.kms.katalon.core.webui.keyword.WebUiBuiltInKeywords.getText(com.kms.katalon.core.testobject.ObjectRepository.findTestObject(ReportsPage/monthText2)): Text of object 'Object Repository/ReportsPage/monthText2' is: 'March 2018'

2018-06-05 12:07:24 - [MESSAGE][PASSED] - Text of object 'Object Repository/ReportsPage/monthText2' is: 'March 2018'

2018-06-05 12:07:24 - [TEST_STEP][PASSED] - Statement - monthTextArray = monthText.split(" "): null

2018-06-05 12:07:24 - [TEST_STEP][PASSED] - Statement - month = monthTextArray[0]: null

2018-06-05 12:07:24 - [TEST_STEP][PASSED] - Statement - endDate = CustomKeywords.projectSpecific.Reusability.getTestData("ReportsPage", "StartDate"): projectSpecific.Reusability.getTestData is PASSED

2018-06-05 12:07:24 - [MESSAGE][PASSED] - projectSpecific.Reusability.getTestData is PASSED

2018-06-05 12:07:24 - [TEST_STEP][PASSED] - Statement - toDate = "(//div[@class='rdtPicker']/div/table/tbody/tr/td[text()='" + endDate + "'])[3]": null

2018-06-05 12:07:24 - [TEST_STEP][PASSED] - Statement - toDateEle = driver.findElement(org.openqa.selenium.By.xpath(toDate)): null

2018-06-05 12:07:24 - [TEST_STEP][PASSED] - Statement - toDateEle.click(): null

2018-06-05 12:07:25 - [TEST_STEP][PASSED] - delay: Delayed 5 second(s)

2018-06-05 12:07:30 - [MESSAGE][PASSED] - Delayed 5 second(s)

2018-06-05 12:07:30 - [TEST_STEP][PASSED] - Statement - dateAttr = com.kms.katalon.core.webui.keyword.WebUiBuiltInKeywords.getAttribute(com.kms.katalon.core.testobject.ObjectRepository.findTestObject(ReportsPage/selectedDate1), "value"): Attribute 'value' of object 'Object Repository/ReportsPage/selectedDate1' is: '03/01/2018'

2018-06-05 12:07:30 - [MESSAGE][PASSED] - Attribute 'value' of object 'Object Repository/ReportsPage/selectedDate1' is: '03/01/2018'

2018-06-05 12:07:30 - [TEST_STEP][PASSED] - Statement - fromDateValue = CustomKeywords.projectSpecific.Reusability.getTestData("ReportsPage", "fromDate"): projectSpecific.Reusability.getTestData is PASSED

2018-06-05 12:07:30 - [MESSAGE][PASSED] - projectSpecific.Reusability.getTestData is PASSED

2018-06-05 12:07:30 - [TEST_STEP][PASSED] - Statement - If (!(dateAttr.equals(fromDateValue))): null

2018-06-05 12:07:30 - [TEST_STEP][PASSED] - Statement - dateAttr = com.kms.katalon.core.webui.keyword.WebUiBuiltInKeywords.getAttribute(com.kms.katalon.core.testobject.ObjectRepository.findTestObject(ReportsPage/selectedDate2), "value"): Attribute 'value' of object 'Object Repository/ReportsPage/selectedDate2' is: '03/01/2018'

2018-06-05 12:07:30 - [MESSAGE][PASSED] - Attribute 'value' of object 'Object Repository/ReportsPage/selectedDate2' is: '03/01/2018'

2018-06-05 12:07:30 - [TEST_STEP][PASSED] - Statement - toDateValue = CustomKeywords.projectSpecific.Reusability.getTestData("ReportsPage", "fromDate"): projectSpecific.Reusability.getTestData is PASSED

2018-06-05 12:07:30 - [MESSAGE][PASSED] - projectSpecific.Reusability.getTestData is PASSED

2018-06-05 12:07:30 - [TEST_STEP][PASSED] - Statement - If (!(dateAttr.equals(toDateValue))): null

2018-06-05 12:07:30 - [TEST_STEP][PASSED] - click: Object: 'Object Repository/ReportsPage/generateReport' is clicked on

2018-06-05 12:07:30 - [MESSAGE][PASSED] - Object: 'Object Repository/ReportsPage/generateReport' is clicked on

2018-06-05 12:07:30 - [TEST_STEP][PASSED] - delay: Delayed 10 second(s)

2018-06-05 12:07:40 - [MESSAGE][PASSED] - Delayed 10 second(s)

2018-06-05 12:07:40 - [TEST_STEP][PASSED] - verifyElementPresent: Object 'Object Repository/SummarizedReportPage/summaryReport' is present

2018-06-05 12:07:40 - [MESSAGE][PASSED] - Object 'Object Repository/SummarizedReportPage/summaryReport' is present

2018-06-05 12:07:40 - [TEST_STEP][PASSED] - Statement - startTime = CustomKeywords.projectSpecific.Reusability.getTestData("SummarizedReportPage", "reportstartTime"): projectSpecific.Reusability.getTestData is PASSED

2018-06-05 12:07:40 - [MESSAGE][PASSED] - projectSpecific.Reusability.getTestData is PASSED

2018-06-05 12:07:40 - [TEST_STEP][PASSED] - verifyElementText: Actual text and expected text of test object 'Object Repository/SummarizedReportPage/report_starttime' are matched.

2018-06-05 12:07:40 - [MESSAGE][PASSED] - Actual text and expected text of test object 'Object Repository/SummarizedReportPage/report_starttime' are matched.

2018-06-05 12:07:40 - [TEST_STEP][PASSED] - Statement - dateFormat = new java.text.SimpleDateFormat(dd): null

2018-06-05 12:07:40 - [TEST_STEP][PASSED] - Statement - date = new java.util.Date(): null

2018-06-05 12:07:40 - [TEST_STEP][PASSED] - Statement - dateapp = dateFormat.format(date): null

2018-06-05 12:07:40 - [TEST_STEP][PASSED] - delay: Delayed 10 second(s)

2018-06-05 12:07:50 - [MESSAGE][PASSED] - Delayed 10 second(s)

2018-06-05 12:07:50 - [TEST_STEP][PASSED] - Statement - printtimefromreport = driver.findElement(org.openqa.selenium.By.xpath("//span[@class='report-print-time-value']")).getText(): null

2018-06-05 12:07:50 - [TEST_STEP][PASSED] - Statement - s1 = printtimefromreport.split(","): null

2018-06-05 12:07:50 - [TEST_STEP][PASSED] - Statement - s2 = s1[0].split(" "): null

2018-06-05 12:07:50 - [TEST_STEP][PASSED] - Statement - If (dateapp.contains(s2[1])): null

2018-06-05 12:07:50 - [TEST_STEP][PASSED] - Statement - println("Print time is displayed"): null

2018-06-05 12:07:50 - [TEST_STEP][PASSED] - verifyElementPresent: Object 'Object Repository/SummarizedReportPage/summary_avaragetimemin_sec' is present

2018-06-05 12:07:50 - [MESSAGE][PASSED] - Object 'Object Repository/SummarizedReportPage/summary_avaragetimemin_sec' is present

2018-06-05 12:07:50 - [TEST_STEP][PASSED] - uiaction.CommonUIActions.click: uiaction.CommonUIActions.click is PASSED

2018-06-05 12:07:50 - [MESSAGE][PASSED] - uiaction.CommonUIActions.click is PASSED

2018-06-05 12:07:50 - [TEST_STEP][PASSED] - delay: Delayed 15 second(s)

2018-06-05 12:08:05 - [MESSAGE][PASSED] - Delayed 15 second(s)

2018-06-05 12:08:05 - [TEST_STEP][PASSED] - Statement - daypart = CustomKeywords.projectSpecific.Reusability.getTestData("SummarizedReportPage", "daypart"): projectSpecific.Reusability.getTestData is PASSED

2018-06-05 12:08:05 - [MESSAGE][PASSED] - projectSpecific.Reusability.getTestData is PASSED

2018-06-05 12:08:05 - [TEST_STEP][PASSED] - Statement - daypart_report = driver.findElement(org.openqa.selenium.By.xpath("//span[@class='timeSpan show']")).getText(): null

2018-06-05 12:08:05 - [TEST_STEP][PASSED] - Statement - If (daypart_report.equals(daypart)): null

2018-06-05 12:08:05 - [TEST_STEP][PASSED] - Statement - println("Daypart is Column is displayed"): null

2018-06-05 12:08:05 - [TEST_STEP][PASSED] - Statement - daypartdispay = driver.findElement(org.openqa.selenium.By.xpath("(//table[@class='summaryreport-table']//tr[2]/th/span)[1]")).getText(): null

2018-06-05 12:08:05 - [TEST_STEP][PASSED] - Statement - If (daypartdispay.equals("Daypart")): null

2018-06-05 12:08:05 - [TEST_STEP][PASSED] - Statement - println("Daypart Report is displayed"): null

2018-06-05 12:08:05 - [TEST_STEP][PASSED] - uiaction.CommonUIActions.click: uiaction.CommonUIActions.click is PASSED

2018-06-05 12:08:05 - [MESSAGE][PASSED] - uiaction.CommonUIActions.click is PASSED

2018-06-05 12:08:05 - [TEST_STEP][PASSED] - delay: Delayed 15 second(s)

2018-06-05 12:08:20 - [MESSAGE][PASSED] - Delayed 15 second(s)

2018-06-05 12:08:20 - [TEST_STEP][PASSED] - verifyElementPresent: Object 'Object Repository/SummarizedReportPage/rawCarDataHeading' is present

2018-06-05 12:08:20 - [MESSAGE][PASSED] - Object 'Object Repository/SummarizedReportPage/rawCarDataHeading' is present

2018-06-05 12:08:20 - [TEST_STEP][PASSED] - delay: Delayed 5 second(s)

2018-06-05 12:08:25 - [MESSAGE][PASSED] - Delayed 5 second(s)

2018-06-05 12:08:25 - [TEST_STEP][PASSED] - uiaction.CommonUIActions.click: uiaction.CommonUIActions.click is PASSED

2018-06-05 12:08:42 - [MESSAGE][PASSED] - uiaction.CommonUIActions.click is PASSED

2018-06-05 12:08:42 - [TEST_STEP][PASSED] - delay: Delayed 5 second(s)

2018-06-05 12:08:47 - [MESSAGE][PASSED] - Delayed 5 second(s)

2018-06-05 12:08:47 - [TEST_STEP][PASSED] - uiaction.CommonUIActions.click: uiaction.CommonUIActions.click is PASSED

2018-06-05 12:08:48 - [MESSAGE][PASSED] - uiaction.CommonUIActions.click is PASSED

2018-06-05 12:08:48 - [TEST_STEP][PASSED] - delay: Delayed 5 second(s)

2018-06-05 12:08:53 - [MESSAGE][PASSED] - Delayed 5 second(s)

2018-06-05 12:08:53 - [TEST_STEP][PASSED] - uiaction.CommonUIActions.click: uiaction.CommonUIActions.click is PASSED

2018-06-05 12:08:53 - [MESSAGE][PASSED] - uiaction.CommonUIActions.click is PASSED

2018-06-05 12:08:53 - [TEST_STEP][PASSED] - delay: Delayed 10 second(s)

2018-06-05 12:09:03 - [MESSAGE][PASSED] - Delayed 10 second(s)

2018-06-05 12:09:03 - [TEST_STEP][PASSED] - uiaction.CommonUIActions.click: uiaction.CommonUIActions.click is PASSED

2018-06-05 12:09:03 - [MESSAGE][PASSED] - uiaction.CommonUIActions.click is PASSED

2018-06-05 12:09:03 - [TEST_STEP][PASSED] - delay: Delayed 10 second(s)

2018-06-05 12:09:13 - [MESSAGE][PASSED] - Delayed 10 second(s)

2018-06-05 12:09:13 - [TEST_STEP][PASSED] - uiaction.CommonUIActions.click: uiaction.CommonUIActions.click is PASSED

2018-06-05 12:09:13 - [MESSAGE][PASSED] - uiaction.CommonUIActions.click is PASSED

2018-06-05 12:09:13 - [TEST_STEP][PASSED] - delay: Delayed 10 second(s)

2018-06-05 12:09:23 - [MESSAGE][PASSED] - Delayed 10 second(s)

2018-06-05 12:09:23 - [TEST_STEP][PASSED] - uiaction.CommonUIActions.click: uiaction.CommonUIActions.click is PASSED

2018-06-05 12:09:23 - [MESSAGE][PASSED] - uiaction.CommonUIActions.click is PASSED

2018-06-05 12:09:23 - [TEST_STEP][PASSED] - delay: Delayed 10 second(s)

2018-06-05 12:09:33 - [MESSAGE][PASSED] - Delayed 10 second(s)

2018-06-05 12:09:33 - [TEST_STEP][PASSED] - uiaction.CommonUIActions.click: uiaction.CommonUIActions.click is PASSED

2018-06-05 12:09:54 - [MESSAGE][PASSED] - uiaction.CommonUIActions.click is PASSED

2018-06-05 12:09:54 - [TEST_STEP][PASSED] - Statement - assert TCflag == true: null

2018-06-05 12:09:54 - [TEST_STEP][PASSED] - Start listener action : sampleAfterTestCase: Browser is closed

2018-06-05 12:09:54 - [TEST_STEP][PASSED] - Statement - println(testCaseContext.getTestCaseId()): null

2018-06-05 12:09:54 - [TEST_STEP][PASSED] - Statement - println(testCaseContext.getTestCaseStatus()): null

2018-06-05 12:09:54 - [TEST_STEP][PASSED] - closeBrowser: Browser is closed

2018-06-05 12:09:55 - [MESSAGE][PASSED] - Browser is closed]]></system-out>
         <system-err><![CDATA[]]></system-err>
      </testcase>
      <testcase name="Test Cases/SummaryReportsTC/HME-Summary Report-05" classname="Test Cases/SummaryReportsTC/HME-Summary Report-05" status="PASSED">
         <system-out><![CDATA[2018-06-05 12:09:55 - [TEST_CASE][PASSED] - Test Cases/SummaryReportsTC/HME-Summary Report-05: Browser is closed

2018-06-05 12:09:55 - [TEST_STEP][PASSED] - Start listener action : sampleBeforeTestCase: uiaction.CommonUIActions.deleteAllCookies is PASSED

2018-06-05 12:09:55 - [TEST_STEP][PASSED] - openBrowser: Browser is opened with url: ''

2018-06-05 12:09:57 - [MESSAGE][PASSED] - Browser is opened with url: ''

2018-06-05 12:09:57 - [TEST_STEP][PASSED] - maximizeWindow: Current window maximized

2018-06-05 12:09:58 - [MESSAGE][PASSED] - Current window maximized

2018-06-05 12:09:58 - [TEST_STEP][PASSED] - uiaction.CommonUIActions.deleteAllCookies: uiaction.CommonUIActions.deleteAllCookies is PASSED

2018-06-05 12:09:58 - [MESSAGE][PASSED] - Delete all cookies successfully

2018-06-05 12:09:58 - [MESSAGE][PASSED] - uiaction.CommonUIActions.deleteAllCookies is PASSED

2018-06-05 12:09:59 - [TEST_STEP][PASSED] - Statement - TCflag = true: null

2018-06-05 12:09:59 - [TEST_STEP][PASSED] - Statement - Try: uiaction.CommonUIActions.click is PASSED

2018-06-05 12:09:59 - [TEST_STEP][PASSED] - navigateToUrl: Navigate to 'https://hme-dev-public-cloud-app.azurewebsites.net/' successfully

2018-06-05 12:10:16 - [MESSAGE][PASSED] - Navigate to 'https://hme-dev-public-cloud-app.azurewebsites.net/' successfully

2018-06-05 12:10:16 - [TEST_STEP][PASSED] - delay: Delayed 10 second(s)

2018-06-05 12:10:26 - [MESSAGE][PASSED] - Delayed 10 second(s)

2018-06-05 12:10:26 - [TEST_STEP][PASSED] - navigateToUrl: Navigate to 'https://hme-dev-public-cloud-app.azurewebsites.net/' successfully

2018-06-05 12:10:26 - [MESSAGE][PASSED] - Navigate to 'https://hme-dev-public-cloud-app.azurewebsites.net/' successfully

2018-06-05 12:10:26 - [TEST_STEP][PASSED] - projectSpecific.Reusability.login: projectSpecific.Reusability.login is PASSED

2018-06-05 12:10:26 - [MESSAGE][PASSED] - projectSpecific.Reusability.getTestData is PASSED

2018-06-05 12:10:26 - [MESSAGE][PASSED] - projectSpecific.Reusability.getTestData is PASSED

2018-06-05 12:10:26 - [MESSAGE][PASSED] - Text 'selvendrank@nousinfo.com' is set on object 'Object Repository/LoginPage/Username'

2018-06-05 12:10:26 - [MESSAGE][PASSED] - Text 'nous;123' is set on object 'Object Repository/LoginPage/Password'

2018-06-05 12:10:26 - [MESSAGE][PASSED] - Object: 'Object Repository/LoginPage/Login' is clicked on

2018-06-05 12:10:26 - [MESSAGE][PASSED] - projectSpecific.Reusability.login is PASSED

2018-06-05 12:10:26 - [TEST_STEP][PASSED] - delay: Delayed 15 second(s)

2018-06-05 12:10:41 - [MESSAGE][PASSED] - Delayed 15 second(s)

2018-06-05 12:10:41 - [TEST_STEP][PASSED] - uiaction.CommonUIActions.click: uiaction.CommonUIActions.click is PASSED

2018-06-05 12:10:48 - [MESSAGE][PASSED] - uiaction.CommonUIActions.click is PASSED

2018-06-05 12:10:48 - [TEST_STEP][PASSED] - delay: Delayed 10 second(s)

2018-06-05 12:10:58 - [MESSAGE][PASSED] - Delayed 10 second(s)

2018-06-05 12:10:58 - [TEST_STEP][PASSED] - uiaction.CommonUIActions.click: uiaction.CommonUIActions.click is PASSED

2018-06-05 12:10:59 - [MESSAGE][PASSED] - uiaction.CommonUIActions.click is PASSED

2018-06-05 12:10:59 - [TEST_STEP][PASSED] - delay: Delayed 15 second(s)

2018-06-05 12:11:14 - [MESSAGE][PASSED] - Delayed 15 second(s)

2018-06-05 12:11:14 - [TEST_STEP][PASSED] - Statement - driver = com.kms.katalon.core.webui.driver.DriverFactory.getWebDriver(): null

2018-06-05 12:11:14 - [TEST_STEP][PASSED] - Statement - storeGrpList = driver.findElements(org.openqa.selenium.By.xpath(com.kms.katalon.core.testdata.TestDataFactory.findTestData(OR_file).getValue(2, 26))): Reading excel file with source file 'C:\Users\shalinin\Katalon Studio\HME_Scripts\Data Files\HME_OR.xlsx' and sheet name 'Sheet1'

2018-06-05 12:11:14 - [TEST_STEP][PASSED] - Statement - size = storeGrpList.size(): null

2018-06-05 12:11:14 - [TEST_STEP][PASSED] - Statement - index = 0: null

2018-06-05 12:11:14 - [TEST_STEP][PASSED] - Statement - pattern = java.util.regex.Pattern.compile("[0-9]+"): null

2018-06-05 12:11:14 - [TEST_STEP][PASSED] - Statement - For ([i = 0, i < size, (i++)]): null

2018-06-05 12:11:14 - [TEST_STEP][PASSED] - Statement - txt = storeGrpList.get(i).getText(): null

2018-06-05 12:11:14 - [TEST_STEP][PASSED] - Statement - index = i + 1: null

2018-06-05 12:11:14 - [TEST_STEP][PASSED] - Statement - matched = pattern.matcher(txt).matches(): null

2018-06-05 12:11:14 - [TEST_STEP][PASSED] - Statement - If (matched): null

2018-06-05 12:11:14 - [TEST_STEP][PASSED] - Statement - txt = storeGrpList.get(i).getText(): null

2018-06-05 12:11:14 - [TEST_STEP][PASSED] - Statement - index = i + 1: null

2018-06-05 12:11:14 - [TEST_STEP][PASSED] - Statement - matched = pattern.matcher(txt).matches(): null

2018-06-05 12:11:14 - [TEST_STEP][PASSED] - Statement - If (matched): null

2018-06-05 12:11:14 - [TEST_STEP][PASSED] - Statement - txt = storeGrpList.get(i).getText(): null

2018-06-05 12:11:14 - [TEST_STEP][PASSED] - Statement - index = i + 1: null

2018-06-05 12:11:14 - [TEST_STEP][PASSED] - Statement - matched = pattern.matcher(txt).matches(): null

2018-06-05 12:11:14 - [TEST_STEP][PASSED] - Statement - If (matched): null

2018-06-05 12:11:14 - [TEST_STEP][PASSED] - Statement - txt = storeGrpList.get(i).getText(): null

2018-06-05 12:11:14 - [TEST_STEP][PASSED] - Statement - index = i + 1: null

2018-06-05 12:11:14 - [TEST_STEP][PASSED] - Statement - matched = pattern.matcher(txt).matches(): null

2018-06-05 12:11:14 - [TEST_STEP][PASSED] - Statement - If (matched): null

2018-06-05 12:11:14 - [TEST_STEP][PASSED] - Statement - txt = storeGrpList.get(i).getText(): null

2018-06-05 12:11:14 - [TEST_STEP][PASSED] - Statement - index = i + 1: null

2018-06-05 12:11:14 - [TEST_STEP][PASSED] - Statement - matched = pattern.matcher(txt).matches(): null

2018-06-05 12:11:14 - [TEST_STEP][PASSED] - Statement - If (matched): null

2018-06-05 12:11:14 - [TEST_STEP][PASSED] - Statement - txt = storeGrpList.get(i).getText(): null

2018-06-05 12:11:14 - [TEST_STEP][PASSED] - Statement - index = i + 1: null

2018-06-05 12:11:14 - [TEST_STEP][PASSED] - Statement - matched = pattern.matcher(txt).matches(): null

2018-06-05 12:11:14 - [TEST_STEP][PASSED] - Statement - If (matched): null

2018-06-05 12:11:14 - [TEST_STEP][PASSED] - Statement - txt = storeGrpList.get(i).getText(): null

2018-06-05 12:11:14 - [TEST_STEP][PASSED] - Statement - index = i + 1: null

2018-06-05 12:11:14 - [TEST_STEP][PASSED] - Statement - matched = pattern.matcher(txt).matches(): null

2018-06-05 12:11:14 - [TEST_STEP][PASSED] - Statement - If (matched): null

2018-06-05 12:11:14 - [TEST_STEP][PASSED] - Statement - txt = storeGrpList.get(i).getText(): null

2018-06-05 12:11:14 - [TEST_STEP][PASSED] - Statement - index = i + 1: null

2018-06-05 12:11:14 - [TEST_STEP][PASSED] - Statement - matched = pattern.matcher(txt).matches(): null

2018-06-05 12:11:14 - [TEST_STEP][PASSED] - Statement - If (matched): null

2018-06-05 12:11:14 - [TEST_STEP][PASSED] - Statement - txt = storeGrpList.get(i).getText(): null

2018-06-05 12:11:14 - [TEST_STEP][PASSED] - Statement - index = i + 1: null

2018-06-05 12:11:14 - [TEST_STEP][PASSED] - Statement - matched = pattern.matcher(txt).matches(): null

2018-06-05 12:11:14 - [TEST_STEP][PASSED] - Statement - If (matched): null

2018-06-05 12:11:14 - [TEST_STEP][PASSED] - Statement - driver.findElement(org.openqa.selenium.By.xpath("//ul[@role='tree-node']/li[" + index + "]/span[2]")).click(): null

2018-06-05 12:11:14 - [TEST_STEP][PASSED] - Statement - Break: null

2018-06-05 12:11:14 - [TEST_STEP][PASSED] - delay: Delayed 5 second(s)

2018-06-05 12:11:19 - [MESSAGE][PASSED] - Delayed 5 second(s)

2018-06-05 12:11:19 - [TEST_STEP][PASSED] - click: Object: 'Object Repository/ReportsPage/timeSelection' is clicked on

2018-06-05 12:11:19 - [MESSAGE][PASSED] - Object: 'Object Repository/ReportsPage/timeSelection' is clicked on

2018-06-05 12:11:19 - [TEST_STEP][PASSED] - click: Object: 'Object Repository/ReportsPage/dayTimeOption' is clicked on

2018-06-05 12:11:20 - [MESSAGE][PASSED] - Object: 'Object Repository/ReportsPage/dayTimeOption' is clicked on

2018-06-05 12:11:20 - [TEST_STEP][PASSED] - verifyElementText: Actual text and expected text of test object 'Object Repository/ReportsPage/dayTimeOption' are matched.

2018-06-05 12:11:20 - [MESSAGE][PASSED] - projectSpecific.Reusability.getTestData is PASSED

2018-06-05 12:11:20 - [MESSAGE][PASSED] - Actual text and expected text of test object 'Object Repository/ReportsPage/dayTimeOption' are matched.

2018-06-05 12:11:20 - [TEST_STEP][PASSED] - delay: Delayed 5 second(s)

2018-06-05 12:11:25 - [MESSAGE][PASSED] - Delayed 5 second(s)

2018-06-05 12:11:25 - [TEST_STEP][PASSED] - click: Object: 'Object Repository/ReportsPage/fromDateSelector' is clicked on

2018-06-05 12:11:25 - [MESSAGE][PASSED] - Object: 'Object Repository/ReportsPage/fromDateSelector' is clicked on

2018-06-05 12:11:25 - [TEST_STEP][PASSED] - delay: Delayed 5 second(s)

2018-06-05 12:11:30 - [MESSAGE][PASSED] - Delayed 5 second(s)

2018-06-05 12:11:30 - [TEST_STEP][PASSED] - Statement - monthText = com.kms.katalon.core.webui.keyword.WebUiBuiltInKeywords.getText(com.kms.katalon.core.testobject.ObjectRepository.findTestObject(ReportsPage/monthText)): Text of object 'Object Repository/ReportsPage/monthText' is: 'June 2018'

2018-06-05 12:11:30 - [MESSAGE][PASSED] - Text of object 'Object Repository/ReportsPage/monthText' is: 'June 2018'

2018-06-05 12:11:30 - [TEST_STEP][PASSED] - Statement - monthTextArray = monthText.split(" "): null

2018-06-05 12:11:30 - [TEST_STEP][PASSED] - Statement - month = monthTextArray[0]: null

2018-06-05 12:11:30 - [TEST_STEP][PASSED] - Statement - monthTextValue = CustomKeywords.projectSpecific.Reusability.getTestData("ReportsPage", "Month"): projectSpecific.Reusability.getTestData is PASSED

2018-06-05 12:11:30 - [MESSAGE][PASSED] - projectSpecific.Reusability.getTestData is PASSED

2018-06-05 12:11:30 - [TEST_STEP][PASSED] - Statement - If (!(monthTextValue.equals(month))): null

2018-06-05 12:11:30 - [TEST_STEP][PASSED] - Statement - While (!(monthTextValue.equals(month))): null

2018-06-05 12:11:30 - [TEST_STEP][PASSED] - click: Object: 'Object Repository/ReportsPage/previousDateSelector' is clicked on

2018-06-05 12:11:30 - [MESSAGE][PASSED] - Object: 'Object Repository/ReportsPage/previousDateSelector' is clicked on

2018-06-05 12:11:30 - [TEST_STEP][PASSED] - Statement - monthText = com.kms.katalon.core.webui.keyword.WebUiBuiltInKeywords.getText(com.kms.katalon.core.testobject.ObjectRepository.findTestObject(ReportsPage/monthText)): Text of object 'Object Repository/ReportsPage/monthText' is: 'May 2018'

2018-06-05 12:11:30 - [MESSAGE][PASSED] - Text of object 'Object Repository/ReportsPage/monthText' is: 'May 2018'

2018-06-05 12:11:30 - [TEST_STEP][PASSED] - Statement - monthTextArray = monthText.split(" "): null

2018-06-05 12:11:30 - [TEST_STEP][PASSED] - Statement - month = monthTextArray[0]: null

2018-06-05 12:11:30 - [TEST_STEP][PASSED] - click: Object: 'Object Repository/ReportsPage/previousDateSelector' is clicked on

2018-06-05 12:11:30 - [MESSAGE][PASSED] - Object: 'Object Repository/ReportsPage/previousDateSelector' is clicked on

2018-06-05 12:11:30 - [TEST_STEP][PASSED] - Statement - monthText = com.kms.katalon.core.webui.keyword.WebUiBuiltInKeywords.getText(com.kms.katalon.core.testobject.ObjectRepository.findTestObject(ReportsPage/monthText)): Text of object 'Object Repository/ReportsPage/monthText' is: 'April 2018'

2018-06-05 12:11:30 - [MESSAGE][PASSED] - Text of object 'Object Repository/ReportsPage/monthText' is: 'April 2018'

2018-06-05 12:11:30 - [TEST_STEP][PASSED] - Statement - monthTextArray = monthText.split(" "): null

2018-06-05 12:11:30 - [TEST_STEP][PASSED] - Statement - month = monthTextArray[0]: null

2018-06-05 12:11:30 - [TEST_STEP][PASSED] - click: Object: 'Object Repository/ReportsPage/previousDateSelector' is clicked on

2018-06-05 12:11:30 - [MESSAGE][PASSED] - Object: 'Object Repository/ReportsPage/previousDateSelector' is clicked on

2018-06-05 12:11:30 - [TEST_STEP][PASSED] - Statement - monthText = com.kms.katalon.core.webui.keyword.WebUiBuiltInKeywords.getText(com.kms.katalon.core.testobject.ObjectRepository.findTestObject(ReportsPage/monthText)): Text of object 'Object Repository/ReportsPage/monthText' is: 'March 2018'

2018-06-05 12:11:30 - [MESSAGE][PASSED] - Text of object 'Object Repository/ReportsPage/monthText' is: 'March 2018'

2018-06-05 12:11:30 - [TEST_STEP][PASSED] - Statement - monthTextArray = monthText.split(" "): null

2018-06-05 12:11:30 - [TEST_STEP][PASSED] - Statement - month = monthTextArray[0]: null

2018-06-05 12:11:30 - [TEST_STEP][PASSED] - Statement - data = CustomKeywords.projectSpecific.Reusability.getTestData("ReportsPage", "StartDate"): projectSpecific.Reusability.getTestData is PASSED

2018-06-05 12:11:30 - [MESSAGE][PASSED] - projectSpecific.Reusability.getTestData is PASSED

2018-06-05 12:11:30 - [TEST_STEP][PASSED] - Statement - startDate = "(//td[text()='" + data + "'])[1]": null

2018-06-05 12:11:30 - [TEST_STEP][PASSED] - Statement - println(startDate): null

2018-06-05 12:11:30 - [TEST_STEP][PASSED] - Statement - startdateEle = driver.findElement(org.openqa.selenium.By.xpath(startDate)): null

2018-06-05 12:11:30 - [TEST_STEP][PASSED] - Statement - startdateEle.click(): null

2018-06-05 12:11:30 - [TEST_STEP][PASSED] - delay: Delayed 10 second(s)

2018-06-05 12:11:40 - [MESSAGE][PASSED] - Delayed 10 second(s)

2018-06-05 12:11:40 - [TEST_STEP][PASSED] - click: Object: 'Object Repository/ReportsPage/toDateSelector' is clicked on

2018-06-05 12:11:40 - [MESSAGE][PASSED] - Object: 'Object Repository/ReportsPage/toDateSelector' is clicked on

2018-06-05 12:11:40 - [TEST_STEP][PASSED] - Statement - monthText = com.kms.katalon.core.webui.keyword.WebUiBuiltInKeywords.getText(com.kms.katalon.core.testobject.ObjectRepository.findTestObject(ReportsPage/monthText2)): Text of object 'Object Repository/ReportsPage/monthText2' is: 'June 2018'

2018-06-05 12:11:40 - [MESSAGE][PASSED] - Text of object 'Object Repository/ReportsPage/monthText2' is: 'June 2018'

2018-06-05 12:11:40 - [TEST_STEP][PASSED] - Statement - monthTextArray = monthText.split(" "): null

2018-06-05 12:11:40 - [TEST_STEP][PASSED] - Statement - month = monthTextArray[0]: null

2018-06-05 12:11:40 - [TEST_STEP][PASSED] - Statement - monthTextValue1 = CustomKeywords.projectSpecific.Reusability.getTestData("ReportsPage", "Month"): projectSpecific.Reusability.getTestData is PASSED

2018-06-05 12:11:40 - [MESSAGE][PASSED] - projectSpecific.Reusability.getTestData is PASSED

2018-06-05 12:11:40 - [TEST_STEP][PASSED] - Statement - If (!(monthTextValue1.equals(month))): null

2018-06-05 12:11:40 - [TEST_STEP][PASSED] - Statement - While (!(monthTextValue1.equals(month))): null

2018-06-05 12:11:40 - [TEST_STEP][PASSED] - click: Object: 'Object Repository/ReportsPage/previousDateSelector2' is clicked on

2018-06-05 12:11:40 - [MESSAGE][PASSED] - Object: 'Object Repository/ReportsPage/previousDateSelector2' is clicked on

2018-06-05 12:11:40 - [TEST_STEP][PASSED] - Statement - monthText = com.kms.katalon.core.webui.keyword.WebUiBuiltInKeywords.getText(com.kms.katalon.core.testobject.ObjectRepository.findTestObject(ReportsPage/monthText2)): Text of object 'Object Repository/ReportsPage/monthText2' is: 'May 2018'

2018-06-05 12:11:40 - [MESSAGE][PASSED] - Text of object 'Object Repository/ReportsPage/monthText2' is: 'May 2018'

2018-06-05 12:11:40 - [TEST_STEP][PASSED] - Statement - monthTextArray = monthText.split(" "): null

2018-06-05 12:11:40 - [TEST_STEP][PASSED] - Statement - month = monthTextArray[0]: null

2018-06-05 12:11:40 - [TEST_STEP][PASSED] - click: Object: 'Object Repository/ReportsPage/previousDateSelector2' is clicked on

2018-06-05 12:11:40 - [MESSAGE][PASSED] - Object: 'Object Repository/ReportsPage/previousDateSelector2' is clicked on

2018-06-05 12:11:40 - [TEST_STEP][PASSED] - Statement - monthText = com.kms.katalon.core.webui.keyword.WebUiBuiltInKeywords.getText(com.kms.katalon.core.testobject.ObjectRepository.findTestObject(ReportsPage/monthText2)): Text of object 'Object Repository/ReportsPage/monthText2' is: 'April 2018'

2018-06-05 12:11:40 - [MESSAGE][PASSED] - Text of object 'Object Repository/ReportsPage/monthText2' is: 'April 2018'

2018-06-05 12:11:40 - [TEST_STEP][PASSED] - Statement - monthTextArray = monthText.split(" "): null

2018-06-05 12:11:40 - [TEST_STEP][PASSED] - Statement - month = monthTextArray[0]: null

2018-06-05 12:11:40 - [TEST_STEP][PASSED] - click: Object: 'Object Repository/ReportsPage/previousDateSelector2' is clicked on

2018-06-05 12:11:40 - [MESSAGE][PASSED] - Object: 'Object Repository/ReportsPage/previousDateSelector2' is clicked on

2018-06-05 12:11:40 - [TEST_STEP][PASSED] - Statement - monthText = com.kms.katalon.core.webui.keyword.WebUiBuiltInKeywords.getText(com.kms.katalon.core.testobject.ObjectRepository.findTestObject(ReportsPage/monthText2)): Text of object 'Object Repository/ReportsPage/monthText2' is: 'March 2018'

2018-06-05 12:11:40 - [MESSAGE][PASSED] - Text of object 'Object Repository/ReportsPage/monthText2' is: 'March 2018'

2018-06-05 12:11:40 - [TEST_STEP][PASSED] - Statement - monthTextArray = monthText.split(" "): null

2018-06-05 12:11:40 - [TEST_STEP][PASSED] - Statement - month = monthTextArray[0]: null

2018-06-05 12:11:40 - [TEST_STEP][PASSED] - Statement - endDate = CustomKeywords.projectSpecific.Reusability.getTestData("ReportsPage", "StartDate"): projectSpecific.Reusability.getTestData is PASSED

2018-06-05 12:11:41 - [MESSAGE][PASSED] - projectSpecific.Reusability.getTestData is PASSED

2018-06-05 12:11:41 - [TEST_STEP][PASSED] - Statement - toDate = "(//div[@class='rdt date-time rdtOpen']/div[@class='rdtPicker']/div/table/tbody/tr/td[text()='" + endDate + "'])[1]": null

2018-06-05 12:11:41 - [TEST_STEP][PASSED] - Statement - println(toDate): null

2018-06-05 12:11:41 - [TEST_STEP][PASSED] - Statement - toDateEle = driver.findElement(org.openqa.selenium.By.xpath(toDate)): null

2018-06-05 12:11:41 - [TEST_STEP][PASSED] - Statement - toDateEle.click(): null

2018-06-05 12:11:41 - [TEST_STEP][PASSED] - delay: Delayed 5 second(s)

2018-06-05 12:11:46 - [MESSAGE][PASSED] - Delayed 5 second(s)

2018-06-05 12:11:46 - [TEST_STEP][PASSED] - Statement - dateAttr = com.kms.katalon.core.webui.keyword.WebUiBuiltInKeywords.getAttribute(com.kms.katalon.core.testobject.ObjectRepository.findTestObject(ReportsPage/selectedDate1), "value"): Attribute 'value' of object 'Object Repository/ReportsPage/selectedDate1' is: '03/01/2018'

2018-06-05 12:11:46 - [MESSAGE][PASSED] - Attribute 'value' of object 'Object Repository/ReportsPage/selectedDate1' is: '03/01/2018'

2018-06-05 12:11:46 - [TEST_STEP][PASSED] - Statement - fromDateValue = CustomKeywords.projectSpecific.Reusability.getTestData("ReportsPage", "fromDate_march"): projectSpecific.Reusability.getTestData is PASSED

2018-06-05 12:11:46 - [MESSAGE][PASSED] - projectSpecific.Reusability.getTestData is PASSED

2018-06-05 12:11:46 - [TEST_STEP][PASSED] - Statement - If (!(dateAttr.equals(fromDateValue))): null

2018-06-05 12:11:46 - [TEST_STEP][PASSED] - Statement - dateAttr = com.kms.katalon.core.webui.keyword.WebUiBuiltInKeywords.getAttribute(com.kms.katalon.core.testobject.ObjectRepository.findTestObject(ReportsPage/selectedDate2), "value"): Attribute 'value' of object 'Object Repository/ReportsPage/selectedDate2' is: '03/01/2018'

2018-06-05 12:11:46 - [MESSAGE][PASSED] - Attribute 'value' of object 'Object Repository/ReportsPage/selectedDate2' is: '03/01/2018'

2018-06-05 12:11:46 - [TEST_STEP][PASSED] - Statement - toDateValue = CustomKeywords.projectSpecific.Reusability.getTestData("ReportsPage", "fromDate_march"): projectSpecific.Reusability.getTestData is PASSED

2018-06-05 12:11:46 - [MESSAGE][PASSED] - projectSpecific.Reusability.getTestData is PASSED

2018-06-05 12:11:46 - [TEST_STEP][PASSED] - Statement - If (!(dateAttr.equals(toDateValue))): null

2018-06-05 12:11:46 - [TEST_STEP][PASSED] - verifyElementText: Actual text and expected text of test object 'Object Repository/ReportsPage/includeText' are matched.

2018-06-05 12:11:46 - [MESSAGE][PASSED] - projectSpecific.Reusability.getTestData is PASSED

2018-06-05 12:11:46 - [MESSAGE][PASSED] - Actual text and expected text of test object 'Object Repository/ReportsPage/includeText' are matched.

2018-06-05 12:11:46 - [TEST_STEP][PASSED] - verifyElementText: Actual text and expected text of test object 'Object Repository/ReportsPage/formatText' are matched.

2018-06-05 12:11:46 - [MESSAGE][PASSED] - projectSpecific.Reusability.getTestData is PASSED

2018-06-05 12:11:46 - [MESSAGE][PASSED] - Actual text and expected text of test object 'Object Repository/ReportsPage/formatText' are matched.

2018-06-05 12:11:46 - [TEST_STEP][PASSED] - click: Object: 'Object Repository/ReportsPage/generateReport' is clicked on

2018-06-05 12:11:46 - [MESSAGE][PASSED] - Object: 'Object Repository/ReportsPage/generateReport' is clicked on

2018-06-05 12:11:46 - [TEST_STEP][PASSED] - delay: Delayed 15 second(s)

2018-06-05 12:12:01 - [MESSAGE][PASSED] - Delayed 15 second(s)

2018-06-05 12:12:01 - [TEST_STEP][PASSED] - delay: Delayed 15 second(s)

2018-06-05 12:12:16 - [MESSAGE][PASSED] - Delayed 15 second(s)

2018-06-05 12:12:16 - [TEST_STEP][PASSED] - Statement - startTime = CustomKeywords.projectSpecific.Reusability.getTestData("SummarizedReportPage", "reportstartTime1"): projectSpecific.Reusability.getTestData is PASSED

2018-06-05 12:12:16 - [MESSAGE][PASSED] - projectSpecific.Reusability.getTestData is PASSED

2018-06-05 12:12:16 - [TEST_STEP][PASSED] - Statement - startTimeText = CustomKeywords.uiaction.CommonUIActions.getText(com.kms.katalon.core.testobject.ObjectRepository.findTestObject(SummarizedReportPage/startTimeText)): uiaction.CommonUIActions.getText is PASSED

2018-06-05 12:12:16 - [MESSAGE][PASSED] - uiaction.CommonUIActions.getText is PASSED

2018-06-05 12:12:16 - [TEST_STEP][PASSED] - Statement - startTime = startTime.trim(): null

2018-06-05 12:12:16 - [TEST_STEP][PASSED] - Statement - startTimeText = startTimeText.trim(): null

2018-06-05 12:12:16 - [TEST_STEP][PASSED] - verifyMatch: Actual text 'Mar 1, 2018 OPEN' and expected text 'Mar 1, 2018 OPEN' are matched 

2018-06-05 12:12:16 - [MESSAGE][PASSED] - Actual text 'Mar 1, 2018 OPEN' and expected text 'Mar 1, 2018 OPEN' are matched 

2018-06-05 12:12:16 - [TEST_STEP][PASSED] - Statement - endTime = CustomKeywords.projectSpecific.Reusability.getTestData("SummarizedReportPage", "reportendTime1"): projectSpecific.Reusability.getTestData is PASSED

2018-06-05 12:12:16 - [MESSAGE][PASSED] - projectSpecific.Reusability.getTestData is PASSED

2018-06-05 12:12:16 - [TEST_STEP][PASSED] - Statement - endTimeText = CustomKeywords.uiaction.CommonUIActions.getText(com.kms.katalon.core.testobject.ObjectRepository.findTestObject(SummarizedReportPage/stopTimeText)): uiaction.CommonUIActions.getText is PASSED

2018-06-05 12:12:16 - [MESSAGE][PASSED] - uiaction.CommonUIActions.getText is PASSED

2018-06-05 12:12:16 - [TEST_STEP][PASSED] - Statement - endTime = endTime.trim(): null

2018-06-05 12:12:16 - [TEST_STEP][PASSED] - Statement - endTimeText = endTimeText.trim(): null

2018-06-05 12:12:16 - [TEST_STEP][PASSED] - verifyMatch: Actual text 'Mar 1, 2018 CLOSE' and expected text 'Mar 1, 2018 CLOSE' are matched 

2018-06-05 12:12:16 - [MESSAGE][PASSED] - Actual text 'Mar 1, 2018 CLOSE' and expected text 'Mar 1, 2018 CLOSE' are matched 

2018-06-05 12:12:16 - [TEST_STEP][PASSED] - verifyElementPresent: Object 'Object Repository/SummarizedReportPage/printDateHeading' is present

2018-06-05 12:12:16 - [MESSAGE][PASSED] - Object 'Object Repository/SummarizedReportPage/printDateHeading' is present

2018-06-05 12:12:16 - [TEST_STEP][PASSED] - Statement - today = new java.util.Date(): null

2018-06-05 12:12:16 - [TEST_STEP][PASSED] - Statement - todayDate = today.format("MMMMM dd yyyy"): null

2018-06-05 12:12:16 - [TEST_STEP][PASSED] - Statement - date1 = CustomKeywords.uiaction.CommonUIActions.getText(com.kms.katalon.core.testobject.ObjectRepository.findTestObject(SummarizedReportPage/printDateText)): uiaction.CommonUIActions.getText is PASSED

2018-06-05 12:12:36 - [MESSAGE][PASSED] - uiaction.CommonUIActions.getText is PASSED

2018-06-05 12:12:36 - [TEST_STEP][PASSED] - Statement - If (date1.contains(todayDate)): null

2018-06-05 12:12:36 - [TEST_STEP][PASSED] - Statement - reportHeaders = CustomKeywords.projectSpecific.Reusability.getTestData("SummarizedReportPage", "summaryReportHeader"): projectSpecific.Reusability.getTestData is PASSED

2018-06-05 12:12:36 - [MESSAGE][PASSED] - projectSpecific.Reusability.getTestData is PASSED

2018-06-05 12:12:36 - [TEST_STEP][PASSED] - delay: Delayed 10 second(s)

2018-06-05 12:12:46 - [MESSAGE][PASSED] - Delayed 10 second(s)

2018-06-05 12:12:46 - [TEST_STEP][PASSED] - Statement - reportsArray = reportHeaders.split(","): null

2018-06-05 12:12:46 - [TEST_STEP][PASSED] - Statement - reportsHeaderList = new java.util.ArrayList(java.util.Arrays.asList(reportsArray)): null

2018-06-05 12:12:46 - [TEST_STEP][PASSED] - Statement - reportsHeaderList.unique(): null

2018-06-05 12:12:46 - [TEST_STEP][PASSED] - Statement - out.println(reportsHeaderList): null

2018-06-05 12:12:46 - [TEST_STEP][PASSED] - Statement - columnHeaderList = driver.findElements(org.openqa.selenium.By.xpath(com.kms.katalon.core.testdata.TestDataFactory.findTestData(OR_file).getValue(2, 5))): Reading excel file with source file 'C:\Users\shalinin\Katalon Studio\HME_Scripts\Data Files\HME_OR.xlsx' and sheet name 'Sheet1'

2018-06-05 12:12:46 - [TEST_STEP][PASSED] - Statement - actualList = new java.util.ArrayList(): null

2018-06-05 12:12:46 - [TEST_STEP][PASSED] - Statement - For ([i = 0, i < columnHeaderList.size(), (i++)]): null

2018-06-05 12:12:46 - [TEST_STEP][PASSED] - Statement - actualList.add(i, columnHeaderList.get(i).getText()): null

2018-06-05 12:12:46 - [TEST_STEP][PASSED] - Statement - actualList.add(i, columnHeaderList.get(i).getText()): null

2018-06-05 12:12:46 - [TEST_STEP][PASSED] - Statement - actualList.add(i, columnHeaderList.get(i).getText()): null

2018-06-05 12:12:46 - [TEST_STEP][PASSED] - Statement - actualList.add(i, columnHeaderList.get(i).getText()): null

2018-06-05 12:12:46 - [TEST_STEP][PASSED] - Statement - actualList.add(i, columnHeaderList.get(i).getText()): null

2018-06-05 12:12:46 - [TEST_STEP][PASSED] - Statement - actualList.add(i, columnHeaderList.get(i).getText()): null

2018-06-05 12:12:46 - [TEST_STEP][PASSED] - Statement - actualList.add(i, columnHeaderList.get(i).getText()): null

2018-06-05 12:12:47 - [TEST_STEP][PASSED] - Statement - out.println(actualList): null

2018-06-05 12:12:47 - [TEST_STEP][PASSED] - Statement - execFlag1 = true: null

2018-06-05 12:12:47 - [TEST_STEP][PASSED] - Statement - For ([j = 0, j < actualList.size(), (j++)]): null

2018-06-05 12:12:47 - [TEST_STEP][PASSED] - Statement - execFlag1 = com.kms.katalon.core.webui.keyword.WebUiBuiltInKeywords.verifyMatch(reportsHeaderList.get(j).toString().trim(), actualList.get(j).toString().trim(), false): Actual text 'Day' and expected text 'Day' are matched 

2018-06-05 12:12:47 - [MESSAGE][PASSED] - Actual text 'Day' and expected text 'Day' are matched 

2018-06-05 12:12:47 - [TEST_STEP][PASSED] - Statement - If (!(execFlag1)): null

2018-06-05 12:12:47 - [TEST_STEP][PASSED] - Statement - execFlag1 = com.kms.katalon.core.webui.keyword.WebUiBuiltInKeywords.verifyMatch(reportsHeaderList.get(j).toString().trim(), actualList.get(j).toString().trim(), false): Actual text 'Menu Board' and expected text 'Menu Board' are matched 

2018-06-05 12:12:47 - [MESSAGE][PASSED] - Actual text 'Menu Board' and expected text 'Menu Board' are matched 

2018-06-05 12:12:47 - [TEST_STEP][PASSED] - Statement - If (!(execFlag1)): null

2018-06-05 12:12:47 - [TEST_STEP][PASSED] - Statement - execFlag1 = com.kms.katalon.core.webui.keyword.WebUiBuiltInKeywords.verifyMatch(reportsHeaderList.get(j).toString().trim(), actualList.get(j).toString().trim(), false): Actual text 'Greet' and expected text 'Greet' are matched 

2018-06-05 12:12:47 - [MESSAGE][PASSED] - Actual text 'Greet' and expected text 'Greet' are matched 

2018-06-05 12:12:47 - [TEST_STEP][PASSED] - Statement - If (!(execFlag1)): null

2018-06-05 12:12:47 - [TEST_STEP][PASSED] - Statement - execFlag1 = com.kms.katalon.core.webui.keyword.WebUiBuiltInKeywords.verifyMatch(reportsHeaderList.get(j).toString().trim(), actualList.get(j).toString().trim(), false): Actual text 'Service' and expected text 'Service' are matched 

2018-06-05 12:12:47 - [MESSAGE][PASSED] - Actual text 'Service' and expected text 'Service' are matched 

2018-06-05 12:12:47 - [TEST_STEP][PASSED] - Statement - If (!(execFlag1)): null

2018-06-05 12:12:47 - [TEST_STEP][PASSED] - Statement - execFlag1 = com.kms.katalon.core.webui.keyword.WebUiBuiltInKeywords.verifyMatch(reportsHeaderList.get(j).toString().trim(), actualList.get(j).toString().trim(), false): Actual text 'Lane Queue' and expected text 'Lane Queue' are matched 

2018-06-05 12:12:47 - [MESSAGE][PASSED] - Actual text 'Lane Queue' and expected text 'Lane Queue' are matched 

2018-06-05 12:12:47 - [TEST_STEP][PASSED] - Statement - If (!(execFlag1)): null

2018-06-05 12:12:47 - [TEST_STEP][PASSED] - Statement - execFlag1 = com.kms.katalon.core.webui.keyword.WebUiBuiltInKeywords.verifyMatch(reportsHeaderList.get(j).toString().trim(), actualList.get(j).toString().trim(), false): Actual text 'Lane Total' and expected text 'Lane Total' are matched 

2018-06-05 12:12:47 - [MESSAGE][PASSED] - Actual text 'Lane Total' and expected text 'Lane Total' are matched 

2018-06-05 12:12:47 - [TEST_STEP][PASSED] - Statement - If (!(execFlag1)): null

2018-06-05 12:12:47 - [TEST_STEP][PASSED] - Statement - execFlag1 = com.kms.katalon.core.webui.keyword.WebUiBuiltInKeywords.verifyMatch(reportsHeaderList.get(j).toString().trim(), actualList.get(j).toString().trim(), false): Actual text 'Total Cars' and expected text 'Total Cars' are matched 

2018-06-05 12:12:47 - [MESSAGE][PASSED] - Actual text 'Total Cars' and expected text 'Total Cars' are matched 

2018-06-05 12:12:47 - [TEST_STEP][PASSED] - Statement - If (!(execFlag1)): null

2018-06-05 12:12:47 - [TEST_STEP][PASSED] - Statement - If (execFlag1): null

2018-06-05 12:12:47 - [TEST_STEP][PASSED] - Statement - out.println("Reports Column headers are verified"): null

2018-06-05 12:12:47 - [TEST_STEP][PASSED] - uiaction.CommonUIActions.click: uiaction.CommonUIActions.click is PASSED

2018-06-05 12:12:47 - [MESSAGE][PASSED] - uiaction.CommonUIActions.click is PASSED

2018-06-05 12:12:47 - [TEST_STEP][PASSED] - uiaction.CommonUIActions.click: uiaction.CommonUIActions.click is PASSED

2018-06-05 12:12:47 - [MESSAGE][PASSED] - uiaction.CommonUIActions.click is PASSED

2018-06-05 12:12:47 - [TEST_STEP][PASSED] - delay: Delayed 10 second(s)

2018-06-05 12:12:57 - [MESSAGE][PASSED] - Delayed 10 second(s)

2018-06-05 12:12:57 - [TEST_STEP][PASSED] - Statement - confirmationText = CustomKeywords.projectSpecific.Reusability.getTestData("SummarizedReportPage", "confirmationText1"): projectSpecific.Reusability.getTestData is PASSED

2018-06-05 12:12:57 - [MESSAGE][PASSED] - projectSpecific.Reusability.getTestData is PASSED

2018-06-05 12:12:57 - [TEST_STEP][PASSED] - Statement - actualconfirmationText = CustomKeywords.uiaction.CommonUIActions.getText(com.kms.katalon.core.testobject.ObjectRepository.findTestObject(SummarizedReportPage/emailConfirmation)): uiaction.CommonUIActions.getText is PASSED

2018-06-05 12:13:01 - [MESSAGE][PASSED] - uiaction.CommonUIActions.getText is PASSED

2018-06-05 12:13:01 - [TEST_STEP][PASSED] - Statement - confirm = com.kms.katalon.core.webui.keyword.WebUiBuiltInKeywords.verifyMatch(confirmationText, actualconfirmationText, false): Actual text 'Please check your email. Your Report has been sent to selvendrank@nousinfo.com.' and expected text 'Please check your email. Your Report has been sent to selvendrank@nousinfo.com.' are matched 

2018-06-05 12:13:01 - [MESSAGE][PASSED] - Actual text 'Please check your email. Your Report has been sent to selvendrank@nousinfo.com.' and expected text 'Please check your email. Your Report has been sent to selvendrank@nousinfo.com.' are matched 

2018-06-05 12:13:01 - [TEST_STEP][PASSED] - Statement - If (confirm): null

2018-06-05 12:13:01 - [TEST_STEP][PASSED] - Statement - out.println("Email Verification received"): null

2018-06-05 12:13:01 - [TEST_STEP][PASSED] - back: Navigate back successfully

2018-06-05 12:13:01 - [MESSAGE][PASSED] - Navigate back successfully

2018-06-05 12:13:01 - [TEST_STEP][PASSED] - delay: Delayed 10 second(s)

2018-06-05 12:13:11 - [MESSAGE][PASSED] - Delayed 10 second(s)

2018-06-05 12:13:11 - [TEST_STEP][PASSED] - uiaction.CommonUIActions.click: uiaction.CommonUIActions.click is PASSED

2018-06-05 12:13:32 - [MESSAGE][PASSED] - uiaction.CommonUIActions.click is PASSED

2018-06-05 12:13:32 - [TEST_STEP][PASSED] - Start listener action : sampleAfterTestCase: Browser is closed

2018-06-05 12:13:32 - [TEST_STEP][PASSED] - Statement - println(testCaseContext.getTestCaseId()): null

2018-06-05 12:13:32 - [TEST_STEP][PASSED] - Statement - println(testCaseContext.getTestCaseStatus()): null

2018-06-05 12:13:32 - [TEST_STEP][PASSED] - closeBrowser: Browser is closed

2018-06-05 12:13:33 - [MESSAGE][PASSED] - Browser is closed]]></system-out>
         <system-err><![CDATA[]]></system-err>
      </testcase>
      <testcase name="Test Cases/SummaryReportsTC/HME-Summary Report-06" classname="Test Cases/SummaryReportsTC/HME-Summary Report-06" status="PASSED">
         <system-out><![CDATA[2018-06-05 12:13:33 - [TEST_CASE][PASSED] - Test Cases/SummaryReportsTC/HME-Summary Report-06: Browser is closed

2018-06-05 12:13:33 - [TEST_STEP][PASSED] - Start listener action : sampleBeforeTestCase: uiaction.CommonUIActions.deleteAllCookies is PASSED

2018-06-05 12:13:33 - [TEST_STEP][PASSED] - openBrowser: Browser is opened with url: ''

2018-06-05 12:13:35 - [MESSAGE][PASSED] - Browser is opened with url: ''

2018-06-05 12:13:35 - [TEST_STEP][PASSED] - maximizeWindow: Current window maximized

2018-06-05 12:13:36 - [MESSAGE][PASSED] - Current window maximized

2018-06-05 12:13:36 - [TEST_STEP][PASSED] - uiaction.CommonUIActions.deleteAllCookies: uiaction.CommonUIActions.deleteAllCookies is PASSED

2018-06-05 12:13:36 - [MESSAGE][PASSED] - Delete all cookies successfully

2018-06-05 12:13:36 - [MESSAGE][PASSED] - uiaction.CommonUIActions.deleteAllCookies is PASSED

2018-06-05 12:13:36 - [TEST_STEP][PASSED] - Statement - TCflag = true: null

2018-06-05 12:13:36 - [TEST_STEP][PASSED] - Statement - Try: uiaction.CommonUIActions.click is PASSED

2018-06-05 12:13:36 - [TEST_STEP][PASSED] - navigateToUrl: Navigate to 'https://hme-dev-public-cloud-app.azurewebsites.net/' successfully

2018-06-05 12:13:57 - [MESSAGE][PASSED] - Navigate to 'https://hme-dev-public-cloud-app.azurewebsites.net/' successfully

2018-06-05 12:13:57 - [TEST_STEP][PASSED] - delay: Delayed 10 second(s)

2018-06-05 12:14:07 - [MESSAGE][PASSED] - Delayed 10 second(s)

2018-06-05 12:14:07 - [TEST_STEP][PASSED] - navigateToUrl: Navigate to 'https://hme-dev-public-cloud-app.azurewebsites.net/' successfully

2018-06-05 12:14:07 - [MESSAGE][PASSED] - Navigate to 'https://hme-dev-public-cloud-app.azurewebsites.net/' successfully

2018-06-05 12:14:07 - [TEST_STEP][PASSED] - projectSpecific.Reusability.login: projectSpecific.Reusability.login is PASSED

2018-06-05 12:14:07 - [MESSAGE][PASSED] - projectSpecific.Reusability.getTestData is PASSED

2018-06-05 12:14:07 - [MESSAGE][PASSED] - projectSpecific.Reusability.getTestData is PASSED

2018-06-05 12:14:07 - [MESSAGE][PASSED] - Text 'selvendrank@nousinfo.com' is set on object 'Object Repository/LoginPage/Username'

2018-06-05 12:14:07 - [MESSAGE][PASSED] - Text 'nous;123' is set on object 'Object Repository/LoginPage/Password'

2018-06-05 12:14:07 - [MESSAGE][PASSED] - Object: 'Object Repository/LoginPage/Login' is clicked on

2018-06-05 12:14:07 - [MESSAGE][PASSED] - projectSpecific.Reusability.login is PASSED

2018-06-05 12:14:07 - [TEST_STEP][PASSED] - delay: Delayed 10 second(s)

2018-06-05 12:14:17 - [MESSAGE][PASSED] - Delayed 10 second(s)

2018-06-05 12:14:17 - [TEST_STEP][PASSED] - uiaction.CommonUIActions.click: uiaction.CommonUIActions.click is PASSED

2018-06-05 12:14:29 - [MESSAGE][PASSED] - uiaction.CommonUIActions.click is PASSED

2018-06-05 12:14:29 - [TEST_STEP][PASSED] - Statement - storenumber = CustomKeywords.uiaction.CommonUIActions.getText(com.kms.katalon.core.testobject.ObjectRepository.findTestObject(StorePage/storepage_storenumber)): uiaction.CommonUIActions.getText is PASSED

2018-06-05 12:14:30 - [MESSAGE][PASSED] - uiaction.CommonUIActions.getText is PASSED

2018-06-05 12:14:30 - [TEST_STEP][PASSED] - Statement - out.println(" the store number is--" + storenumber.trim()): null

2018-06-05 12:14:30 - [TEST_STEP][PASSED] - uiaction.CommonUIActions.click: uiaction.CommonUIActions.click is PASSED

2018-06-05 12:14:33 - [MESSAGE][PASSED] - uiaction.CommonUIActions.click is PASSED

2018-06-05 12:14:33 - [TEST_STEP][PASSED] - uiaction.CommonUIActions.click: uiaction.CommonUIActions.click is PASSED

2018-06-05 12:14:34 - [MESSAGE][PASSED] - uiaction.CommonUIActions.click is PASSED

2018-06-05 12:14:34 - [TEST_STEP][PASSED] - uiaction.CommonUIActions.click: uiaction.CommonUIActions.click is PASSED

2018-06-05 12:14:34 - [MESSAGE][PASSED] - uiaction.CommonUIActions.click is PASSED

2018-06-05 12:14:34 - [TEST_STEP][PASSED] - delay: Delayed 10 second(s)

2018-06-05 12:14:44 - [MESSAGE][PASSED] - Delayed 10 second(s)

2018-06-05 12:14:44 - [TEST_STEP][PASSED] - uiaction.CommonUIActions.click: uiaction.CommonUIActions.click is PASSED

2018-06-05 12:14:44 - [MESSAGE][PASSED] - uiaction.CommonUIActions.click is PASSED

2018-06-05 12:14:44 - [TEST_STEP][PASSED] - uiaction.CommonUIActions.enter: uiaction.CommonUIActions.enter is PASSED

2018-06-05 12:14:44 - [MESSAGE][PASSED] - projectSpecific.Reusability.getTestData is PASSED

2018-06-05 12:14:44 - [MESSAGE][PASSED] - uiaction.CommonUIActions.enter is PASSED

2018-06-05 12:14:44 - [TEST_STEP][PASSED] - uiaction.CommonUIActions.enter: uiaction.CommonUIActions.enter is PASSED

2018-06-05 12:14:44 - [MESSAGE][PASSED] - projectSpecific.Reusability.getTestData is PASSED

2018-06-05 12:14:44 - [MESSAGE][PASSED] - uiaction.CommonUIActions.enter is PASSED

2018-06-05 12:14:44 - [TEST_STEP][PASSED] - delay: Delayed 10 second(s)

2018-06-05 12:14:54 - [MESSAGE][PASSED] - Delayed 10 second(s)

2018-06-05 12:14:54 - [TEST_STEP][PASSED] - Statement - groupmain = CustomKeywords.projectSpecific.Reusability.getTestData("ReportingGroupManagementPage", "Summarygrp"): projectSpecific.Reusability.getTestData is PASSED

2018-06-05 12:14:54 - [MESSAGE][PASSED] - projectSpecific.Reusability.getTestData is PASSED

2018-06-05 12:14:54 - [TEST_STEP][PASSED] - Statement - driver = com.kms.katalon.core.webui.driver.DriverFactory.getWebDriver(): null

2018-06-05 12:14:54 - [TEST_STEP][PASSED] - Statement - grouplist = driver.findElements(org.openqa.selenium.By.xpath("//ul[@class='unlinked-grouplist']/li")): null

2018-06-05 12:14:54 - [TEST_STEP][PASSED] - delay: Delayed 10 second(s)

2018-06-05 12:15:04 - [MESSAGE][PASSED] - Delayed 10 second(s)

2018-06-05 12:15:04 - [TEST_STEP][PASSED] - Statement - For ([i = 0, i < grouplist.size(), (i++)]): null

2018-06-05 12:15:04 - [TEST_STEP][PASSED] - Statement - println(grouplist.get(i).getText()): null

2018-06-05 12:15:05 - [TEST_STEP][PASSED] - Statement - If (grouplist.get(i).getText().contains(storenumber.trim())): null

2018-06-05 12:15:05 - [TEST_STEP][PASSED] - Statement - println(grouplist.get(i).getText()): null

2018-06-05 12:15:05 - [TEST_STEP][PASSED] - Statement - If (grouplist.get(i).getText().contains(storenumber.trim())): null

2018-06-05 12:15:05 - [TEST_STEP][PASSED] - Statement - println(grouplist.get(i).getText()): null

2018-06-05 12:15:05 - [TEST_STEP][PASSED] - Statement - If (grouplist.get(i).getText().contains(storenumber.trim())): null

2018-06-05 12:15:05 - [TEST_STEP][PASSED] - Statement - println(grouplist.get(i).getText()): null

2018-06-05 12:15:05 - [TEST_STEP][PASSED] - Statement - If (grouplist.get(i).getText().contains(storenumber.trim())): null

2018-06-05 12:15:05 - [TEST_STEP][PASSED] - Statement - println(grouplist.get(i).getText()): null

2018-06-05 12:15:05 - [TEST_STEP][PASSED] - Statement - If (grouplist.get(i).getText().contains(storenumber.trim())): null

2018-06-05 12:15:05 - [TEST_STEP][PASSED] - Statement - println(grouplist.get(i).getText()): null

2018-06-05 12:15:05 - [TEST_STEP][PASSED] - Statement - If (grouplist.get(i).getText().contains(storenumber.trim())): null

2018-06-05 12:15:05 - [TEST_STEP][PASSED] - Statement - println(grouplist.get(i).getText()): null

2018-06-05 12:15:05 - [TEST_STEP][PASSED] - Statement - If (grouplist.get(i).getText().contains(storenumber.trim())): null

2018-06-05 12:15:05 - [TEST_STEP][PASSED] - Statement - println(grouplist.get(i).getText()): null

2018-06-05 12:15:05 - [TEST_STEP][PASSED] - Statement - If (grouplist.get(i).getText().contains(storenumber.trim())): null

2018-06-05 12:15:05 - [TEST_STEP][PASSED] - Statement - println(grouplist.get(i).getText()): null

2018-06-05 12:15:05 - [TEST_STEP][PASSED] - Statement - If (grouplist.get(i).getText().contains(storenumber.trim())): null

2018-06-05 12:15:05 - [TEST_STEP][PASSED] - Statement - println(grouplist.get(i).getText()): null

2018-06-05 12:15:05 - [TEST_STEP][PASSED] - Statement - If (grouplist.get(i).getText().contains(storenumber.trim())): null

2018-06-05 12:15:05 - [TEST_STEP][PASSED] - Statement - println(grouplist.get(i).getText()): null

2018-06-05 12:15:05 - [TEST_STEP][PASSED] - Statement - If (grouplist.get(i).getText().contains(storenumber.trim())): null

2018-06-05 12:15:05 - [TEST_STEP][PASSED] - Statement - println(grouplist.get(i).getText()): null

2018-06-05 12:15:05 - [TEST_STEP][PASSED] - Statement - If (grouplist.get(i).getText().contains(storenumber.trim())): null

2018-06-05 12:15:05 - [TEST_STEP][PASSED] - Statement - println(grouplist.get(i).getText()): null

2018-06-05 12:15:05 - [TEST_STEP][PASSED] - Statement - If (grouplist.get(i).getText().contains(storenumber.trim())): null

2018-06-05 12:15:05 - [TEST_STEP][PASSED] - Statement - driver.findElement(org.openqa.selenium.By.xpath("(//ul[@class='unlinked-grouplist']/li/label)[" + i + 1 + "]")).click(): null

2018-06-05 12:15:05 - [TEST_STEP][PASSED] - Statement - driver.findElement(org.openqa.selenium.By.xpath("//button[contains(text(),'>')]")).click(): null

2018-06-05 12:15:05 - [TEST_STEP][PASSED] - Statement - Break: null

2018-06-05 12:15:05 - [TEST_STEP][PASSED] - delay: Delayed 10 second(s)

2018-06-05 12:15:15 - [MESSAGE][PASSED] - Delayed 10 second(s)

2018-06-05 12:15:15 - [TEST_STEP][PASSED] - uiaction.CommonUIActions.click: uiaction.CommonUIActions.click is PASSED

2018-06-05 12:15:15 - [MESSAGE][PASSED] - uiaction.CommonUIActions.click is PASSED

2018-06-05 12:15:15 - [TEST_STEP][PASSED] - uiaction.CommonUIActions.click: uiaction.CommonUIActions.click is PASSED

2018-06-05 12:15:15 - [MESSAGE][PASSED] - uiaction.CommonUIActions.click is PASSED

2018-06-05 12:15:15 - [TEST_STEP][PASSED] - delay: Delayed 10 second(s)

2018-06-05 12:15:25 - [MESSAGE][PASSED] - Delayed 10 second(s)

2018-06-05 12:15:25 - [TEST_STEP][PASSED] - uiaction.CommonUIActions.click: uiaction.CommonUIActions.click is PASSED

2018-06-05 12:15:25 - [MESSAGE][PASSED] - uiaction.CommonUIActions.click is PASSED

2018-06-05 12:15:25 - [TEST_STEP][PASSED] - delay: Delayed 10 second(s)

2018-06-05 12:15:35 - [MESSAGE][PASSED] - Delayed 10 second(s)

2018-06-05 12:15:35 - [TEST_STEP][PASSED] - Statement - driver.findElement(org.openqa.selenium.By.xpath("//span[contains(text(),'" + groupmain + "')]/../../../../span[1]")).click(): null

2018-06-05 12:15:35 - [TEST_STEP][PASSED] - Statement - driver.findElement(org.openqa.selenium.By.xpath("//span[contains(text(),'" + storenumber.trim() + "')]")).isDisplayed(): null

2018-06-05 12:15:35 - [TEST_STEP][PASSED] - Statement - driver.findElement(org.openqa.selenium.By.xpath("//span[contains(text(),'" + groupmain + "')]/../../../../span[2]")).click(): null

2018-06-05 12:15:36 - [TEST_STEP][PASSED] - Statement - cretiria_store = CustomKeywords.uiaction.CommonUIActions.getText(com.kms.katalon.core.testobject.ObjectRepository.findTestObject(ReportsPage/cretiria_store)): uiaction.CommonUIActions.getText is PASSED

2018-06-05 12:15:36 - [MESSAGE][PASSED] - uiaction.CommonUIActions.getText is PASSED

2018-06-05 12:15:36 - [TEST_STEP][PASSED] - Statement - If (cretiria_store.contains(storenumber.trim())): null

2018-06-05 12:15:36 - [TEST_STEP][PASSED] - Statement - out.println("Store is displayed in Criteria free text box"): null

2018-06-05 12:15:36 - [TEST_STEP][PASSED] - delay: Delayed 5 second(s)

2018-06-05 12:15:41 - [MESSAGE][PASSED] - Delayed 5 second(s)

2018-06-05 12:15:41 - [TEST_STEP][PASSED] - click: Object: 'Object Repository/ReportsPage/fromDateSelector' is clicked on

2018-06-05 12:15:41 - [MESSAGE][PASSED] - Object: 'Object Repository/ReportsPage/fromDateSelector' is clicked on

2018-06-05 12:15:41 - [TEST_STEP][PASSED] - delay: Delayed 5 second(s)

2018-06-05 12:15:46 - [MESSAGE][PASSED] - Delayed 5 second(s)

2018-06-05 12:15:46 - [TEST_STEP][PASSED] - Statement - monthText = com.kms.katalon.core.webui.keyword.WebUiBuiltInKeywords.getText(com.kms.katalon.core.testobject.ObjectRepository.findTestObject(ReportsPage/monthText)): Text of object 'Object Repository/ReportsPage/monthText' is: 'June 2018'

2018-06-05 12:15:46 - [MESSAGE][PASSED] - Text of object 'Object Repository/ReportsPage/monthText' is: 'June 2018'

2018-06-05 12:15:46 - [TEST_STEP][PASSED] - Statement - monthTextArray = monthText.split(" "): null

2018-06-05 12:15:46 - [TEST_STEP][PASSED] - Statement - month = monthTextArray[0]: null

2018-06-05 12:15:46 - [TEST_STEP][PASSED] - Statement - monthTextValue = CustomKeywords.projectSpecific.Reusability.getTestData("ReportsPage", "Month"): projectSpecific.Reusability.getTestData is PASSED

2018-06-05 12:15:46 - [MESSAGE][PASSED] - projectSpecific.Reusability.getTestData is PASSED

2018-06-05 12:15:46 - [TEST_STEP][PASSED] - Statement - If (!(monthTextValue.equals(month))): null

2018-06-05 12:15:46 - [TEST_STEP][PASSED] - Statement - While (!(monthTextValue.equals(month))): null

2018-06-05 12:15:46 - [TEST_STEP][PASSED] - click: Object: 'Object Repository/ReportsPage/previousDateSelector' is clicked on

2018-06-05 12:15:46 - [MESSAGE][PASSED] - Object: 'Object Repository/ReportsPage/previousDateSelector' is clicked on

2018-06-05 12:15:46 - [TEST_STEP][PASSED] - Statement - monthText = com.kms.katalon.core.webui.keyword.WebUiBuiltInKeywords.getText(com.kms.katalon.core.testobject.ObjectRepository.findTestObject(ReportsPage/monthText)): Text of object 'Object Repository/ReportsPage/monthText' is: 'May 2018'

2018-06-05 12:15:46 - [MESSAGE][PASSED] - Text of object 'Object Repository/ReportsPage/monthText' is: 'May 2018'

2018-06-05 12:15:46 - [TEST_STEP][PASSED] - Statement - monthTextArray = monthText.split(" "): null

2018-06-05 12:15:46 - [TEST_STEP][PASSED] - Statement - month = monthTextArray[0]: null

2018-06-05 12:15:46 - [TEST_STEP][PASSED] - click: Object: 'Object Repository/ReportsPage/previousDateSelector' is clicked on

2018-06-05 12:15:46 - [MESSAGE][PASSED] - Object: 'Object Repository/ReportsPage/previousDateSelector' is clicked on

2018-06-05 12:15:46 - [TEST_STEP][PASSED] - Statement - monthText = com.kms.katalon.core.webui.keyword.WebUiBuiltInKeywords.getText(com.kms.katalon.core.testobject.ObjectRepository.findTestObject(ReportsPage/monthText)): Text of object 'Object Repository/ReportsPage/monthText' is: 'April 2018'

2018-06-05 12:15:46 - [MESSAGE][PASSED] - Text of object 'Object Repository/ReportsPage/monthText' is: 'April 2018'

2018-06-05 12:15:46 - [TEST_STEP][PASSED] - Statement - monthTextArray = monthText.split(" "): null

2018-06-05 12:15:46 - [TEST_STEP][PASSED] - Statement - month = monthTextArray[0]: null

2018-06-05 12:15:46 - [TEST_STEP][PASSED] - click: Object: 'Object Repository/ReportsPage/previousDateSelector' is clicked on

2018-06-05 12:15:46 - [MESSAGE][PASSED] - Object: 'Object Repository/ReportsPage/previousDateSelector' is clicked on

2018-06-05 12:15:46 - [TEST_STEP][PASSED] - Statement - monthText = com.kms.katalon.core.webui.keyword.WebUiBuiltInKeywords.getText(com.kms.katalon.core.testobject.ObjectRepository.findTestObject(ReportsPage/monthText)): Text of object 'Object Repository/ReportsPage/monthText' is: 'March 2018'

2018-06-05 12:15:46 - [MESSAGE][PASSED] - Text of object 'Object Repository/ReportsPage/monthText' is: 'March 2018'

2018-06-05 12:15:46 - [TEST_STEP][PASSED] - Statement - monthTextArray = monthText.split(" "): null

2018-06-05 12:15:46 - [TEST_STEP][PASSED] - Statement - month = monthTextArray[0]: null

2018-06-05 12:15:46 - [TEST_STEP][PASSED] - Statement - data = CustomKeywords.projectSpecific.Reusability.getTestData("ReportsPage", "StartDate"): projectSpecific.Reusability.getTestData is PASSED

2018-06-05 12:15:46 - [MESSAGE][PASSED] - projectSpecific.Reusability.getTestData is PASSED

2018-06-05 12:15:46 - [TEST_STEP][PASSED] - Statement - startDate = "(//td[text()='" + data + "'])[1]": null

2018-06-05 12:15:46 - [TEST_STEP][PASSED] - Statement - println(startDate): null

2018-06-05 12:15:46 - [TEST_STEP][PASSED] - Statement - startdateEle = driver.findElement(org.openqa.selenium.By.xpath(startDate)): null

2018-06-05 12:15:46 - [TEST_STEP][PASSED] - Statement - startdateEle.click(): null

2018-06-05 12:15:46 - [TEST_STEP][PASSED] - delay: Delayed 5 second(s)

2018-06-05 12:15:51 - [MESSAGE][PASSED] - Delayed 5 second(s)

2018-06-05 12:15:51 - [TEST_STEP][PASSED] - click: Object: 'Object Repository/ReportsPage/toDateSelector' is clicked on

2018-06-05 12:15:51 - [MESSAGE][PASSED] - Object: 'Object Repository/ReportsPage/toDateSelector' is clicked on

2018-06-05 12:15:51 - [TEST_STEP][PASSED] - Statement - monthText = com.kms.katalon.core.webui.keyword.WebUiBuiltInKeywords.getText(com.kms.katalon.core.testobject.ObjectRepository.findTestObject(ReportsPage/monthText2)): Text of object 'Object Repository/ReportsPage/monthText2' is: 'June 2018'

2018-06-05 12:15:51 - [MESSAGE][PASSED] - Text of object 'Object Repository/ReportsPage/monthText2' is: 'June 2018'

2018-06-05 12:15:51 - [TEST_STEP][PASSED] - Statement - monthTextArray = monthText.split(" "): null

2018-06-05 12:15:51 - [TEST_STEP][PASSED] - Statement - month = monthTextArray[0]: null

2018-06-05 12:15:51 - [TEST_STEP][PASSED] - Statement - If (!(monthTextValue.equals(month))): null

2018-06-05 12:15:51 - [TEST_STEP][PASSED] - Statement - While (!(monthTextValue.equals(month))): null

2018-06-05 12:15:51 - [TEST_STEP][PASSED] - click: Object: 'Object Repository/ReportsPage/previousDateSelector2' is clicked on

2018-06-05 12:15:51 - [MESSAGE][PASSED] - Object: 'Object Repository/ReportsPage/previousDateSelector2' is clicked on

2018-06-05 12:15:51 - [TEST_STEP][PASSED] - Statement - monthText = com.kms.katalon.core.webui.keyword.WebUiBuiltInKeywords.getText(com.kms.katalon.core.testobject.ObjectRepository.findTestObject(ReportsPage/monthText2)): Text of object 'Object Repository/ReportsPage/monthText2' is: 'May 2018'

2018-06-05 12:15:51 - [MESSAGE][PASSED] - Text of object 'Object Repository/ReportsPage/monthText2' is: 'May 2018'

2018-06-05 12:15:51 - [TEST_STEP][PASSED] - Statement - monthTextArray = monthText.split(" "): null

2018-06-05 12:15:51 - [TEST_STEP][PASSED] - Statement - month = monthTextArray[0]: null

2018-06-05 12:15:51 - [TEST_STEP][PASSED] - click: Object: 'Object Repository/ReportsPage/previousDateSelector2' is clicked on

2018-06-05 12:15:51 - [MESSAGE][PASSED] - Object: 'Object Repository/ReportsPage/previousDateSelector2' is clicked on

2018-06-05 12:15:51 - [TEST_STEP][PASSED] - Statement - monthText = com.kms.katalon.core.webui.keyword.WebUiBuiltInKeywords.getText(com.kms.katalon.core.testobject.ObjectRepository.findTestObject(ReportsPage/monthText2)): Text of object 'Object Repository/ReportsPage/monthText2' is: 'April 2018'

2018-06-05 12:15:51 - [MESSAGE][PASSED] - Text of object 'Object Repository/ReportsPage/monthText2' is: 'April 2018'

2018-06-05 12:15:51 - [TEST_STEP][PASSED] - Statement - monthTextArray = monthText.split(" "): null

2018-06-05 12:15:51 - [TEST_STEP][PASSED] - Statement - month = monthTextArray[0]: null

2018-06-05 12:15:51 - [TEST_STEP][PASSED] - click: Object: 'Object Repository/ReportsPage/previousDateSelector2' is clicked on

2018-06-05 12:15:51 - [MESSAGE][PASSED] - Object: 'Object Repository/ReportsPage/previousDateSelector2' is clicked on

2018-06-05 12:15:51 - [TEST_STEP][PASSED] - Statement - monthText = com.kms.katalon.core.webui.keyword.WebUiBuiltInKeywords.getText(com.kms.katalon.core.testobject.ObjectRepository.findTestObject(ReportsPage/monthText2)): Text of object 'Object Repository/ReportsPage/monthText2' is: 'March 2018'

2018-06-05 12:15:51 - [MESSAGE][PASSED] - Text of object 'Object Repository/ReportsPage/monthText2' is: 'March 2018'

2018-06-05 12:15:51 - [TEST_STEP][PASSED] - Statement - monthTextArray = monthText.split(" "): null

2018-06-05 12:15:51 - [TEST_STEP][PASSED] - Statement - month = monthTextArray[0]: null

2018-06-05 12:15:51 - [TEST_STEP][PASSED] - Statement - endDate = CustomKeywords.projectSpecific.Reusability.getTestData("ReportsPage", "StartDate"): projectSpecific.Reusability.getTestData is PASSED

2018-06-05 12:15:51 - [MESSAGE][PASSED] - projectSpecific.Reusability.getTestData is PASSED

2018-06-05 12:15:51 - [TEST_STEP][PASSED] - Statement - toDate = "(//div[@class='rdtPicker']/div/table/tbody/tr/td[text()='" + endDate + "'])[3]": null

2018-06-05 12:15:51 - [TEST_STEP][PASSED] - Statement - toDateEle = driver.findElement(org.openqa.selenium.By.xpath(toDate)): null

2018-06-05 12:15:51 - [TEST_STEP][PASSED] - Statement - toDateEle.click(): null

2018-06-05 12:15:52 - [TEST_STEP][PASSED] - delay: Delayed 5 second(s)

2018-06-05 12:15:57 - [MESSAGE][PASSED] - Delayed 5 second(s)

2018-06-05 12:15:57 - [TEST_STEP][PASSED] - Statement - dateAttr = com.kms.katalon.core.webui.keyword.WebUiBuiltInKeywords.getAttribute(com.kms.katalon.core.testobject.ObjectRepository.findTestObject(ReportsPage/selectedDate1), "value"): Attribute 'value' of object 'Object Repository/ReportsPage/selectedDate1' is: '03/01/2018'

2018-06-05 12:15:57 - [MESSAGE][PASSED] - Attribute 'value' of object 'Object Repository/ReportsPage/selectedDate1' is: '03/01/2018'

2018-06-05 12:15:57 - [TEST_STEP][PASSED] - Statement - fromDateValue = CustomKeywords.projectSpecific.Reusability.getTestData("ReportsPage", "fromDate"): projectSpecific.Reusability.getTestData is PASSED

2018-06-05 12:15:57 - [MESSAGE][PASSED] - projectSpecific.Reusability.getTestData is PASSED

2018-06-05 12:15:57 - [TEST_STEP][PASSED] - Statement - If (!(dateAttr.equals(fromDateValue))): null

2018-06-05 12:15:57 - [TEST_STEP][PASSED] - Statement - dateAttr = com.kms.katalon.core.webui.keyword.WebUiBuiltInKeywords.getAttribute(com.kms.katalon.core.testobject.ObjectRepository.findTestObject(ReportsPage/selectedDate2), "value"): Attribute 'value' of object 'Object Repository/ReportsPage/selectedDate2' is: '03/01/2018'

2018-06-05 12:15:57 - [MESSAGE][PASSED] - Attribute 'value' of object 'Object Repository/ReportsPage/selectedDate2' is: '03/01/2018'

2018-06-05 12:15:57 - [TEST_STEP][PASSED] - Statement - toDateValue = CustomKeywords.projectSpecific.Reusability.getTestData("ReportsPage", "fromDate"): projectSpecific.Reusability.getTestData is PASSED

2018-06-05 12:15:57 - [MESSAGE][PASSED] - projectSpecific.Reusability.getTestData is PASSED

2018-06-05 12:15:57 - [TEST_STEP][PASSED] - Statement - If (!(dateAttr.equals(toDateValue))): null

2018-06-05 12:15:57 - [TEST_STEP][PASSED] - uiaction.CommonUIActions.click: uiaction.CommonUIActions.click is PASSED

2018-06-05 12:15:57 - [MESSAGE][PASSED] - uiaction.CommonUIActions.click is PASSED

2018-06-05 12:15:57 - [TEST_STEP][PASSED] - Statement - opencheckbox = CustomKeywords.uiaction.CommonUIActions.isEnabled(com.kms.katalon.core.testobject.ObjectRepository.findTestObject(ReportsPage/Report_opencheckbox)): uiaction.CommonUIActions.isEnabled is PASSED

2018-06-05 12:15:57 - [MESSAGE][PASSED] - uiaction.CommonUIActions.isEnabled is PASSED

2018-06-05 12:15:57 - [TEST_STEP][PASSED] - Statement - If (!(opencheckbox)): null

2018-06-05 12:15:57 - [TEST_STEP][PASSED] - Statement - out.println("Open checkbox is checked bydefault"): null

2018-06-05 12:15:57 - [TEST_STEP][PASSED] - Statement - closecheckbox = CustomKeywords.uiaction.CommonUIActions.isEnabled(com.kms.katalon.core.testobject.ObjectRepository.findTestObject(ReportsPage/Report_closecheckbox)): uiaction.CommonUIActions.isEnabled is PASSED

2018-06-05 12:15:57 - [MESSAGE][PASSED] - uiaction.CommonUIActions.isEnabled is PASSED

2018-06-05 12:15:57 - [TEST_STEP][PASSED] - Statement - If (!(closecheckbox)): null

2018-06-05 12:15:57 - [TEST_STEP][PASSED] - Statement - out.println("Close checkbox is checked bydefault"): null

2018-06-05 12:15:57 - [TEST_STEP][PASSED] - uiaction.CommonUIActions.click: uiaction.CommonUIActions.click is PASSED

2018-06-05 12:15:57 - [MESSAGE][PASSED] - uiaction.CommonUIActions.click is PASSED

2018-06-05 12:15:57 - [TEST_STEP][PASSED] - uiaction.CommonUIActions.click: uiaction.CommonUIActions.click is PASSED

2018-06-05 12:15:57 - [MESSAGE][PASSED] - uiaction.CommonUIActions.click is PASSED

2018-06-05 12:15:57 - [TEST_STEP][PASSED] - verifyElementPresent: Object 'Object Repository/ReportsPage/advancedoption_am' is present

2018-06-05 12:15:57 - [MESSAGE][PASSED] - Object 'Object Repository/ReportsPage/advancedoption_am' is present

2018-06-05 12:15:57 - [TEST_STEP][PASSED] - verifyElementPresent: Object 'Object Repository/ReportsPage/advanceoptions_pm' is present

2018-06-05 12:15:57 - [MESSAGE][PASSED] - Object 'Object Repository/ReportsPage/advanceoptions_pm' is present

2018-06-05 12:15:57 - [TEST_STEP][PASSED] - Statement - open_am = CustomKeywords.uiaction.CommonUIActions.isEnabled(com.kms.katalon.core.testobject.ObjectRepository.findTestObject(ReportsPage/advancedoption_am)): uiaction.CommonUIActions.isEnabled is PASSED

2018-06-05 12:15:57 - [MESSAGE][PASSED] - uiaction.CommonUIActions.isEnabled is PASSED

2018-06-05 12:15:57 - [TEST_STEP][PASSED] - Statement - If (open_am): null

2018-06-05 12:15:57 - [TEST_STEP][PASSED] - Statement - out.println("AM Drop down boxes  enabled"): null

2018-06-05 12:15:57 - [TEST_STEP][PASSED] - Statement - open_pm = CustomKeywords.uiaction.CommonUIActions.isEnabled(com.kms.katalon.core.testobject.ObjectRepository.findTestObject(ReportsPage/advanceoptions_pm)): uiaction.CommonUIActions.isEnabled is PASSED

2018-06-05 12:15:57 - [MESSAGE][PASSED] - uiaction.CommonUIActions.isEnabled is PASSED

2018-06-05 12:15:57 - [TEST_STEP][PASSED] - Statement - If (open_pm): null

2018-06-05 12:15:57 - [TEST_STEP][PASSED] - Statement - out.println("PM Drop down boxes  enabled"): null

2018-06-05 12:15:57 - [TEST_STEP][PASSED] - uiaction.CommonUIActions.click: uiaction.CommonUIActions.click is PASSED

2018-06-05 12:15:57 - [MESSAGE][PASSED] - uiaction.CommonUIActions.click is PASSED

2018-06-05 12:15:57 - [TEST_STEP][PASSED] - uiaction.CommonUIActions.enter: uiaction.CommonUIActions.enter is PASSED

2018-06-05 12:15:57 - [MESSAGE][PASSED] - uiaction.CommonUIActions.enter is PASSED

2018-06-05 12:15:57 - [TEST_STEP][PASSED] - uiaction.CommonUIActions.click: uiaction.CommonUIActions.click is PASSED

2018-06-05 12:15:57 - [MESSAGE][PASSED] - uiaction.CommonUIActions.click is PASSED

2018-06-05 12:15:57 - [TEST_STEP][PASSED] - delay: Delayed 10 second(s)

2018-06-05 12:16:07 - [MESSAGE][PASSED] - Delayed 10 second(s)

2018-06-05 12:16:07 - [TEST_STEP][PASSED] - uiaction.CommonUIActions.click: uiaction.CommonUIActions.click is PASSED

2018-06-05 12:16:07 - [MESSAGE][PASSED] - uiaction.CommonUIActions.click is PASSED

2018-06-05 12:16:07 - [TEST_STEP][PASSED] - uiaction.CommonUIActions.click: uiaction.CommonUIActions.click is PASSED

2018-06-05 12:16:08 - [MESSAGE][PASSED] - uiaction.CommonUIActions.click is PASSED

2018-06-05 12:16:08 - [TEST_STEP][PASSED] - verifyElementPresent: Object 'Object Repository/ReportsPage/advancedoption_am' is present

2018-06-05 12:16:08 - [MESSAGE][PASSED] - Object 'Object Repository/ReportsPage/advancedoption_am' is present

2018-06-05 12:16:08 - [TEST_STEP][PASSED] - verifyElementPresent: Object 'Object Repository/ReportsPage/advanceoptions_pm' is present

2018-06-05 12:16:08 - [MESSAGE][PASSED] - Object 'Object Repository/ReportsPage/advanceoptions_pm' is present

2018-06-05 12:16:08 - [TEST_STEP][PASSED] - Statement - close_am = CustomKeywords.uiaction.CommonUIActions.isEnabled(com.kms.katalon.core.testobject.ObjectRepository.findTestObject(ReportsPage/advancedoption_am)): uiaction.CommonUIActions.isEnabled is PASSED

2018-06-05 12:16:08 - [MESSAGE][PASSED] - uiaction.CommonUIActions.isEnabled is PASSED

2018-06-05 12:16:08 - [TEST_STEP][PASSED] - Statement - If (close_am): null

2018-06-05 12:16:08 - [TEST_STEP][PASSED] - Statement - out.println("AM Drop down boxes  enabled"): null

2018-06-05 12:16:08 - [TEST_STEP][PASSED] - Statement - close_pm = CustomKeywords.uiaction.CommonUIActions.isEnabled(com.kms.katalon.core.testobject.ObjectRepository.findTestObject(ReportsPage/advanceoptions_pm)): uiaction.CommonUIActions.isEnabled is PASSED

2018-06-05 12:16:08 - [MESSAGE][PASSED] - uiaction.CommonUIActions.isEnabled is PASSED

2018-06-05 12:16:08 - [TEST_STEP][PASSED] - Statement - If (close_pm): null

2018-06-05 12:16:08 - [TEST_STEP][PASSED] - Statement - out.println("PM Drop down boxes  enabled"): null

2018-06-05 12:16:08 - [TEST_STEP][PASSED] - uiaction.CommonUIActions.click: uiaction.CommonUIActions.click is PASSED

2018-06-05 12:16:08 - [MESSAGE][PASSED] - uiaction.CommonUIActions.click is PASSED

2018-06-05 12:16:08 - [TEST_STEP][PASSED] - uiaction.CommonUIActions.enter: uiaction.CommonUIActions.enter is PASSED

2018-06-05 12:16:08 - [MESSAGE][PASSED] - uiaction.CommonUIActions.enter is PASSED

2018-06-05 12:16:08 - [TEST_STEP][PASSED] - uiaction.CommonUIActions.click: uiaction.CommonUIActions.click is PASSED

2018-06-05 12:16:08 - [MESSAGE][PASSED] - uiaction.CommonUIActions.click is PASSED

2018-06-05 12:16:08 - [TEST_STEP][PASSED] - delay: Delayed 5 second(s)

2018-06-05 12:16:13 - [MESSAGE][PASSED] - Delayed 5 second(s)

2018-06-05 12:16:13 - [TEST_STEP][PASSED] - click: Object: 'Object Repository/ReportsPage/generateReport' is clicked on

2018-06-05 12:16:13 - [MESSAGE][PASSED] - Object: 'Object Repository/ReportsPage/generateReport' is clicked on

2018-06-05 12:16:13 - [TEST_STEP][PASSED] - delay: Delayed 10 second(s)

2018-06-05 12:16:23 - [MESSAGE][PASSED] - Delayed 10 second(s)

2018-06-05 12:16:23 - [TEST_STEP][PASSED] - delay: Delayed 10 second(s)

2018-06-05 12:16:33 - [MESSAGE][PASSED] - Delayed 10 second(s)

2018-06-05 12:16:33 - [TEST_STEP][PASSED] - Statement - confirmationText = CustomKeywords.projectSpecific.Reusability.getTestData("SummarizedReportPage", "confirmationText1"): projectSpecific.Reusability.getTestData is PASSED

2018-06-05 12:16:33 - [MESSAGE][PASSED] - projectSpecific.Reusability.getTestData is PASSED

2018-06-05 12:16:33 - [TEST_STEP][PASSED] - Statement - actualconfirmationText = CustomKeywords.uiaction.CommonUIActions.getText(com.kms.katalon.core.testobject.ObjectRepository.findTestObject(SummarizedReportPage/emailConfirmation)): uiaction.CommonUIActions.getText is PASSED

2018-06-05 12:16:36 - [MESSAGE][PASSED] - uiaction.CommonUIActions.getText is PASSED

2018-06-05 12:16:36 - [TEST_STEP][PASSED] - Statement - confirm = com.kms.katalon.core.webui.keyword.WebUiBuiltInKeywords.verifyMatch(confirmationText, actualconfirmationText, false): Actual text 'Please check your email. Your Report has been sent to selvendrank@nousinfo.com.' and expected text 'Please check your email. Your Report has been sent to selvendrank@nousinfo.com.' are matched 

2018-06-05 12:16:36 - [MESSAGE][PASSED] - Actual text 'Please check your email. Your Report has been sent to selvendrank@nousinfo.com.' and expected text 'Please check your email. Your Report has been sent to selvendrank@nousinfo.com.' are matched 

2018-06-05 12:16:36 - [TEST_STEP][PASSED] - Statement - If (confirm): null

2018-06-05 12:16:36 - [TEST_STEP][PASSED] - Statement - out.println("Email Verification received"): null

2018-06-05 12:16:36 - [TEST_STEP][PASSED] - delay: Delayed 5 second(s)

2018-06-05 12:16:41 - [MESSAGE][PASSED] - Delayed 5 second(s)

2018-06-05 12:16:41 - [TEST_STEP][PASSED] - uiaction.CommonUIActions.click: uiaction.CommonUIActions.click is PASSED

2018-06-05 12:17:15 - [MESSAGE][PASSED] - uiaction.CommonUIActions.click is PASSED

2018-06-05 12:17:15 - [TEST_STEP][PASSED] - delay: Delayed 5 second(s)

2018-06-05 12:17:20 - [MESSAGE][PASSED] - Delayed 5 second(s)

2018-06-05 12:17:20 - [TEST_STEP][PASSED] - uiaction.CommonUIActions.click: uiaction.CommonUIActions.click is PASSED

2018-06-05 12:17:21 - [MESSAGE][PASSED] - uiaction.CommonUIActions.click is PASSED

2018-06-05 12:17:21 - [TEST_STEP][PASSED] - delay: Delayed 5 second(s)

2018-06-05 12:17:26 - [MESSAGE][PASSED] - Delayed 5 second(s)

2018-06-05 12:17:26 - [TEST_STEP][PASSED] - uiaction.CommonUIActions.click: uiaction.CommonUIActions.click is PASSED

2018-06-05 12:17:26 - [MESSAGE][PASSED] - uiaction.CommonUIActions.click is PASSED

2018-06-05 12:17:26 - [TEST_STEP][PASSED] - delay: Delayed 10 second(s)

2018-06-05 12:17:36 - [MESSAGE][PASSED] - Delayed 10 second(s)

2018-06-05 12:17:36 - [TEST_STEP][PASSED] - uiaction.CommonUIActions.click: uiaction.CommonUIActions.click is PASSED

2018-06-05 12:17:36 - [MESSAGE][PASSED] - uiaction.CommonUIActions.click is PASSED

2018-06-05 12:17:36 - [TEST_STEP][PASSED] - delay: Delayed 10 second(s)

2018-06-05 12:17:46 - [MESSAGE][PASSED] - Delayed 10 second(s)

2018-06-05 12:17:46 - [TEST_STEP][PASSED] - uiaction.CommonUIActions.click: uiaction.CommonUIActions.click is PASSED

2018-06-05 12:17:46 - [MESSAGE][PASSED] - uiaction.CommonUIActions.click is PASSED

2018-06-05 12:17:46 - [TEST_STEP][PASSED] - delay: Delayed 10 second(s)

2018-06-05 12:17:56 - [MESSAGE][PASSED] - Delayed 10 second(s)

2018-06-05 12:17:56 - [TEST_STEP][PASSED] - uiaction.CommonUIActions.click: uiaction.CommonUIActions.click is PASSED

2018-06-05 12:17:56 - [MESSAGE][PASSED] - uiaction.CommonUIActions.click is PASSED

2018-06-05 12:17:56 - [TEST_STEP][PASSED] - delay: Delayed 10 second(s)

2018-06-05 12:18:06 - [MESSAGE][PASSED] - Delayed 10 second(s)

2018-06-05 12:18:06 - [TEST_STEP][PASSED] - uiaction.CommonUIActions.click: uiaction.CommonUIActions.click is PASSED

2018-06-05 12:18:10 - [MESSAGE][PASSED] - uiaction.CommonUIActions.click is PASSED

2018-06-05 12:18:10 - [TEST_STEP][PASSED] - Statement - assert TCflag == true: null

2018-06-05 12:18:10 - [TEST_STEP][PASSED] - Start listener action : sampleAfterTestCase: Browser is closed

2018-06-05 12:18:10 - [TEST_STEP][PASSED] - Statement - println(testCaseContext.getTestCaseId()): null

2018-06-05 12:18:10 - [TEST_STEP][PASSED] - Statement - println(testCaseContext.getTestCaseStatus()): null

2018-06-05 12:18:10 - [TEST_STEP][PASSED] - closeBrowser: Browser is closed

2018-06-05 12:18:10 - [MESSAGE][PASSED] - Browser is closed]]></system-out>
         <system-err><![CDATA[]]></system-err>
      </testcase>
      <testcase name="Test Cases/SummaryReportsTC/HME-Summary Report-16" classname="Test Cases/SummaryReportsTC/HME-Summary Report-16" status="FAILED">
         <failure type="FAILED" message="Unable to verify match between actual text 'Web element with id: 'Object Repository/ReportsPage/report_failure_alertmsg' located by 'By.xpath: //div//ul//li[contains(text(),'Date range invalid')]' not found' and expected text 'Date range invalid. For Week Reports select any 2 month period.' (Root cause: Actual text 'Web element with id: 'Object Repository/ReportsPage/report_failure_alertmsg' located by 'By.xpath: //div//ul//li[contains(text(),'Date range invalid')]' not found' and expected text 'Date range invalid. For Week Reports select any 2 month period.' are not matched)"/>
         <system-out><![CDATA[2018-06-05 12:18:10 - [TEST_CASE][FAILED] - Test Cases/SummaryReportsTC/HME-Summary Report-16: Test Cases/SummaryReportsTC/HME-Summary Report-16 FAILED because (of) Unable to verify match between actual text 'Web element with id: 'Object Repository/ReportsPage/report_failure_alertmsg' located by 'By.xpath: //div//ul//li[contains(text(),'Date range invalid')]' not found' and expected text 'Date range invalid. For Week Reports select any 2 month period.' (Root cause: Actual text 'Web element with id: 'Object Repository/ReportsPage/report_failure_alertmsg' located by 'By.xpath: //div//ul//li[contains(text(),'Date range invalid')]' not found' and expected text 'Date range invalid. For Week Reports select any 2 month period.' are not matched)

2018-06-05 12:18:11 - [TEST_STEP][PASSED] - Start listener action : sampleBeforeTestCase: uiaction.CommonUIActions.deleteAllCookies is PASSED

2018-06-05 12:18:11 - [TEST_STEP][PASSED] - openBrowser: Browser is opened with url: ''

2018-06-05 12:18:13 - [MESSAGE][PASSED] - Browser is opened with url: ''

2018-06-05 12:18:13 - [TEST_STEP][PASSED] - maximizeWindow: Current window maximized

2018-06-05 12:18:14 - [MESSAGE][PASSED] - Current window maximized

2018-06-05 12:18:14 - [TEST_STEP][PASSED] - uiaction.CommonUIActions.deleteAllCookies: uiaction.CommonUIActions.deleteAllCookies is PASSED

2018-06-05 12:18:14 - [MESSAGE][PASSED] - Delete all cookies successfully

2018-06-05 12:18:14 - [MESSAGE][PASSED] - uiaction.CommonUIActions.deleteAllCookies is PASSED

2018-06-05 12:18:14 - [TEST_STEP][PASSED] - Statement - TCflag = true: null

2018-06-05 12:18:14 - [TEST_STEP][FAILED] - Statement - Try: uiaction.CommonUIActions.click is PASSED

2018-06-05 12:18:14 - [TEST_STEP][PASSED] - navigateToUrl: Navigate to 'https://hme-dev-public-cloud-app.azurewebsites.net/' successfully

2018-06-05 12:18:30 - [MESSAGE][PASSED] - Navigate to 'https://hme-dev-public-cloud-app.azurewebsites.net/' successfully

2018-06-05 12:18:30 - [TEST_STEP][PASSED] - delay: Delayed 15 second(s)

2018-06-05 12:18:45 - [MESSAGE][PASSED] - Delayed 15 second(s)

2018-06-05 12:18:45 - [TEST_STEP][PASSED] - projectSpecific.Reusability.login: projectSpecific.Reusability.login is PASSED

2018-06-05 12:18:45 - [MESSAGE][PASSED] - projectSpecific.Reusability.getTestData is PASSED

2018-06-05 12:18:45 - [MESSAGE][PASSED] - projectSpecific.Reusability.getTestData is PASSED

2018-06-05 12:18:45 - [MESSAGE][PASSED] - Text 'selvendrank@nousinfo.com' is set on object 'Object Repository/LoginPage/Username'

2018-06-05 12:18:45 - [MESSAGE][PASSED] - Text 'nous;123' is set on object 'Object Repository/LoginPage/Password'

2018-06-05 12:18:45 - [MESSAGE][PASSED] - Object: 'Object Repository/LoginPage/Login' is clicked on

2018-06-05 12:18:45 - [MESSAGE][PASSED] - projectSpecific.Reusability.login is PASSED

2018-06-05 12:18:45 - [TEST_STEP][PASSED] - delay: Delayed 10 second(s)

2018-06-05 12:18:55 - [MESSAGE][PASSED] - Delayed 10 second(s)

2018-06-05 12:18:55 - [TEST_STEP][PASSED] - Statement - driver = com.kms.katalon.core.webui.driver.DriverFactory.getWebDriver(): null

2018-06-05 12:18:55 - [TEST_STEP][PASSED] - delay: Delayed 10 second(s)

2018-06-05 12:19:05 - [MESSAGE][PASSED] - Delayed 10 second(s)

2018-06-05 12:19:05 - [TEST_STEP][PASSED] - uiaction.CommonUIActions.click: uiaction.CommonUIActions.click is PASSED

2018-06-05 12:19:07 - [MESSAGE][PASSED] - uiaction.CommonUIActions.click is PASSED

2018-06-05 12:19:07 - [TEST_STEP][PASSED] - uiaction.CommonUIActions.click: uiaction.CommonUIActions.click is PASSED

2018-06-05 12:19:09 - [MESSAGE][PASSED] - uiaction.CommonUIActions.click is PASSED

2018-06-05 12:19:09 - [TEST_STEP][PASSED] - delay: Delayed 10 second(s)

2018-06-05 12:19:19 - [MESSAGE][PASSED] - Delayed 10 second(s)

2018-06-05 12:19:19 - [TEST_STEP][PASSED] - uiaction.CommonUIActions.click: uiaction.CommonUIActions.click is PASSED

2018-06-05 12:19:21 - [MESSAGE][PASSED] - uiaction.CommonUIActions.click is PASSED

2018-06-05 12:19:21 - [TEST_STEP][PASSED] - delay: Delayed 5 second(s)

2018-06-05 12:19:26 - [MESSAGE][PASSED] - Delayed 5 second(s)

2018-06-05 12:19:26 - [TEST_STEP][PASSED] - uiaction.CommonUIActions.click: uiaction.CommonUIActions.click is PASSED

2018-06-05 12:19:26 - [MESSAGE][PASSED] - uiaction.CommonUIActions.click is PASSED

2018-06-05 12:19:26 - [TEST_STEP][PASSED] - delay: Delayed 5 second(s)

2018-06-05 12:19:31 - [MESSAGE][PASSED] - Delayed 5 second(s)

2018-06-05 12:19:31 - [TEST_STEP][PASSED] - Statement - grpName = "Grp250_TC16": null

2018-06-05 12:19:31 - [TEST_STEP][PASSED] - uiaction.CommonUIActions.enter: uiaction.CommonUIActions.enter is PASSED

2018-06-05 12:19:31 - [MESSAGE][PASSED] - uiaction.CommonUIActions.enter is PASSED

2018-06-05 12:19:31 - [TEST_STEP][PASSED] - uiaction.CommonUIActions.enter: uiaction.CommonUIActions.enter is PASSED

2018-06-05 12:19:31 - [MESSAGE][PASSED] - projectSpecific.Reusability.getTestData is PASSED

2018-06-05 12:19:31 - [MESSAGE][PASSED] - uiaction.CommonUIActions.enter is PASSED

2018-06-05 12:19:31 - [TEST_STEP][PASSED] - delay: Delayed 10 second(s)

2018-06-05 12:19:41 - [MESSAGE][PASSED] - Delayed 10 second(s)

2018-06-05 12:19:41 - [TEST_STEP][PASSED] - Statement - storesLabel = driver.findElements(org.openqa.selenium.By.xpath(com.kms.katalon.core.testdata.TestDataFactory.findTestData(OR_file).getValue(2, 10))): Reading excel file with source file 'C:\Users\shalinin\Katalon Studio\HME_Scripts\Data Files\HME_OR.xlsx' and sheet name 'Sheet1'

2018-06-05 12:19:41 - [TEST_STEP][PASSED] - Statement - groupStoresList = new java.util.ArrayList(): null

2018-06-05 12:19:41 - [TEST_STEP][PASSED] - Statement - out.println(storesLabel.size()): null

2018-06-05 12:19:41 - [TEST_STEP][PASSED] - Statement - size = storesLabel.size(): null

2018-06-05 12:19:41 - [TEST_STEP][PASSED] - Statement - index = 0: null

2018-06-05 12:19:41 - [TEST_STEP][PASSED] - Statement - pattern = java.util.regex.Pattern.compile("[0-9]+"): null

2018-06-05 12:19:41 - [TEST_STEP][PASSED] - Statement - count = 0: null

2018-06-05 12:19:41 - [TEST_STEP][PASSED] - Statement - For ([i = 0, i < storesLabel.size(), (i++)]): null

2018-06-05 12:19:41 - [TEST_STEP][PASSED] - Statement - driver.findElement(org.openqa.selenium.By.xpath("//button[contains(text(),'>')]")).click(): null

2018-06-05 12:19:41 - [TEST_STEP][PASSED] - delay: Delayed 5 second(s)

2018-06-05 12:19:46 - [MESSAGE][PASSED] - Delayed 5 second(s)

2018-06-05 12:19:46 - [TEST_STEP][PASSED] - uiaction.CommonUIActions.click: uiaction.CommonUIActions.click is PASSED

2018-06-05 12:19:46 - [MESSAGE][PASSED] - uiaction.CommonUIActions.click is PASSED

2018-06-05 12:19:46 - [TEST_STEP][PASSED] - uiaction.CommonUIActions.click: uiaction.CommonUIActions.click is PASSED

2018-06-05 12:19:46 - [MESSAGE][PASSED] - uiaction.CommonUIActions.click is PASSED

2018-06-05 12:19:46 - [TEST_STEP][PASSED] - delay: Delayed 10 second(s)

2018-06-05 12:19:56 - [MESSAGE][PASSED] - Delayed 10 second(s)

2018-06-05 12:19:56 - [TEST_STEP][PASSED] - uiaction.CommonUIActions.back: uiaction.CommonUIActions.back is PASSED

2018-06-05 12:19:56 - [MESSAGE][PASSED] - Navigate back successfully

2018-06-05 12:19:56 - [MESSAGE][PASSED] - uiaction.CommonUIActions.back is PASSED

2018-06-05 12:19:56 - [TEST_STEP][PASSED] - delay: Delayed 5 second(s)

2018-06-05 12:20:01 - [MESSAGE][PASSED] - Delayed 5 second(s)

2018-06-05 12:20:01 - [TEST_STEP][PASSED] - uiaction.CommonUIActions.back: uiaction.CommonUIActions.back is PASSED

2018-06-05 12:20:01 - [MESSAGE][PASSED] - Navigate back successfully

2018-06-05 12:20:01 - [MESSAGE][PASSED] - uiaction.CommonUIActions.back is PASSED

2018-06-05 12:20:01 - [TEST_STEP][PASSED] - delay: Delayed 5 second(s)

2018-06-05 12:20:06 - [MESSAGE][PASSED] - Delayed 5 second(s)

2018-06-05 12:20:06 - [TEST_STEP][PASSED] - uiaction.CommonUIActions.click: uiaction.CommonUIActions.click is PASSED

2018-06-05 12:20:06 - [MESSAGE][PASSED] - uiaction.CommonUIActions.click is PASSED

2018-06-05 12:20:06 - [TEST_STEP][PASSED] - delay: Delayed 15 second(s)

2018-06-05 12:20:22 - [MESSAGE][PASSED] - Delayed 15 second(s)

2018-06-05 12:20:22 - [TEST_STEP][PASSED] - Statement - driver.findElement(org.openqa.selenium.By.xpath("//span[contains(text(),'" + grpName + "')]/../../../../span[1]")).click(): null

2018-06-05 12:20:22 - [TEST_STEP][PASSED] - delay: Delayed 10 second(s)

2018-06-05 12:20:32 - [MESSAGE][PASSED] - Delayed 10 second(s)

2018-06-05 12:20:32 - [TEST_STEP][PASSED] - Statement - driver.findElement(org.openqa.selenium.By.xpath("//span[contains(text(),'" + grpName + "')]/../../../../span[2]")).click(): null

2018-06-05 12:20:32 - [TEST_STEP][PASSED] - delay: Delayed 5 second(s)

2018-06-05 12:20:37 - [MESSAGE][PASSED] - Delayed 5 second(s)

2018-06-05 12:20:37 - [TEST_STEP][PASSED] - click: Object: 'Object Repository/ReportsPage/fromDateSelector' is clicked on

2018-06-05 12:20:37 - [MESSAGE][PASSED] - Object: 'Object Repository/ReportsPage/fromDateSelector' is clicked on

2018-06-05 12:20:37 - [TEST_STEP][PASSED] - delay: Delayed 5 second(s)

2018-06-05 12:20:42 - [MESSAGE][PASSED] - Delayed 5 second(s)

2018-06-05 12:20:42 - [TEST_STEP][PASSED] - Statement - monthText = com.kms.katalon.core.webui.keyword.WebUiBuiltInKeywords.getText(com.kms.katalon.core.testobject.ObjectRepository.findTestObject(ReportsPage/monthText)): Text of object 'Object Repository/ReportsPage/monthText' is: 'June 2018'

2018-06-05 12:20:42 - [MESSAGE][PASSED] - Text of object 'Object Repository/ReportsPage/monthText' is: 'June 2018'

2018-06-05 12:20:42 - [TEST_STEP][PASSED] - Statement - monthTextArray = monthText.split(" "): null

2018-06-05 12:20:42 - [TEST_STEP][PASSED] - Statement - month = monthTextArray[0]: null

2018-06-05 12:20:42 - [TEST_STEP][PASSED] - Statement - monthTextValue = CustomKeywords.projectSpecific.Reusability.getTestData("ReportsPage", "JanMonth"): projectSpecific.Reusability.getTestData is PASSED

2018-06-05 12:20:42 - [MESSAGE][PASSED] - projectSpecific.Reusability.getTestData is PASSED

2018-06-05 12:20:42 - [TEST_STEP][PASSED] - Statement - If (!(monthTextValue.equals(month))): null

2018-06-05 12:20:42 - [TEST_STEP][PASSED] - Statement - While (!(monthTextValue.equals(month))): null

2018-06-05 12:20:42 - [TEST_STEP][PASSED] - click: Object: 'Object Repository/ReportsPage/previousDateSelector' is clicked on

2018-06-05 12:20:42 - [MESSAGE][PASSED] - Object: 'Object Repository/ReportsPage/previousDateSelector' is clicked on

2018-06-05 12:20:42 - [TEST_STEP][PASSED] - Statement - monthText = com.kms.katalon.core.webui.keyword.WebUiBuiltInKeywords.getText(com.kms.katalon.core.testobject.ObjectRepository.findTestObject(ReportsPage/monthText)): Text of object 'Object Repository/ReportsPage/monthText' is: 'May 2018'

2018-06-05 12:20:42 - [MESSAGE][PASSED] - Text of object 'Object Repository/ReportsPage/monthText' is: 'May 2018'

2018-06-05 12:20:42 - [TEST_STEP][PASSED] - Statement - monthTextArray = monthText.split(" "): null

2018-06-05 12:20:42 - [TEST_STEP][PASSED] - Statement - month = monthTextArray[0]: null

2018-06-05 12:20:42 - [TEST_STEP][PASSED] - click: Object: 'Object Repository/ReportsPage/previousDateSelector' is clicked on

2018-06-05 12:20:42 - [MESSAGE][PASSED] - Object: 'Object Repository/ReportsPage/previousDateSelector' is clicked on

2018-06-05 12:20:42 - [TEST_STEP][PASSED] - Statement - monthText = com.kms.katalon.core.webui.keyword.WebUiBuiltInKeywords.getText(com.kms.katalon.core.testobject.ObjectRepository.findTestObject(ReportsPage/monthText)): Text of object 'Object Repository/ReportsPage/monthText' is: 'April 2018'

2018-06-05 12:20:42 - [MESSAGE][PASSED] - Text of object 'Object Repository/ReportsPage/monthText' is: 'April 2018'

2018-06-05 12:20:42 - [TEST_STEP][PASSED] - Statement - monthTextArray = monthText.split(" "): null

2018-06-05 12:20:42 - [TEST_STEP][PASSED] - Statement - month = monthTextArray[0]: null

2018-06-05 12:20:42 - [TEST_STEP][PASSED] - click: Object: 'Object Repository/ReportsPage/previousDateSelector' is clicked on

2018-06-05 12:20:42 - [MESSAGE][PASSED] - Object: 'Object Repository/ReportsPage/previousDateSelector' is clicked on

2018-06-05 12:20:42 - [TEST_STEP][PASSED] - Statement - monthText = com.kms.katalon.core.webui.keyword.WebUiBuiltInKeywords.getText(com.kms.katalon.core.testobject.ObjectRepository.findTestObject(ReportsPage/monthText)): Text of object 'Object Repository/ReportsPage/monthText' is: 'March 2018'

2018-06-05 12:20:42 - [MESSAGE][PASSED] - Text of object 'Object Repository/ReportsPage/monthText' is: 'March 2018'

2018-06-05 12:20:42 - [TEST_STEP][PASSED] - Statement - monthTextArray = monthText.split(" "): null

2018-06-05 12:20:42 - [TEST_STEP][PASSED] - Statement - month = monthTextArray[0]: null

2018-06-05 12:20:42 - [TEST_STEP][PASSED] - click: Object: 'Object Repository/ReportsPage/previousDateSelector' is clicked on

2018-06-05 12:20:42 - [MESSAGE][PASSED] - Object: 'Object Repository/ReportsPage/previousDateSelector' is clicked on

2018-06-05 12:20:42 - [TEST_STEP][PASSED] - Statement - monthText = com.kms.katalon.core.webui.keyword.WebUiBuiltInKeywords.getText(com.kms.katalon.core.testobject.ObjectRepository.findTestObject(ReportsPage/monthText)): Text of object 'Object Repository/ReportsPage/monthText' is: 'February 2018'

2018-06-05 12:20:42 - [MESSAGE][PASSED] - Text of object 'Object Repository/ReportsPage/monthText' is: 'February 2018'

2018-06-05 12:20:42 - [TEST_STEP][PASSED] - Statement - monthTextArray = monthText.split(" "): null

2018-06-05 12:20:42 - [TEST_STEP][PASSED] - Statement - month = monthTextArray[0]: null

2018-06-05 12:20:42 - [TEST_STEP][PASSED] - click: Object: 'Object Repository/ReportsPage/previousDateSelector' is clicked on

2018-06-05 12:20:42 - [MESSAGE][PASSED] - Object: 'Object Repository/ReportsPage/previousDateSelector' is clicked on

2018-06-05 12:20:42 - [TEST_STEP][PASSED] - Statement - monthText = com.kms.katalon.core.webui.keyword.WebUiBuiltInKeywords.getText(com.kms.katalon.core.testobject.ObjectRepository.findTestObject(ReportsPage/monthText)): Text of object 'Object Repository/ReportsPage/monthText' is: 'January 2018'

2018-06-05 12:20:42 - [MESSAGE][PASSED] - Text of object 'Object Repository/ReportsPage/monthText' is: 'January 2018'

2018-06-05 12:20:42 - [TEST_STEP][PASSED] - Statement - monthTextArray = monthText.split(" "): null

2018-06-05 12:20:42 - [TEST_STEP][PASSED] - Statement - month = monthTextArray[0]: null

2018-06-05 12:20:42 - [TEST_STEP][PASSED] - Statement - data = CustomKeywords.projectSpecific.Reusability.getTestData("ReportsPage", "StartDate"): projectSpecific.Reusability.getTestData is PASSED

2018-06-05 12:20:42 - [MESSAGE][PASSED] - projectSpecific.Reusability.getTestData is PASSED

2018-06-05 12:20:42 - [TEST_STEP][PASSED] - Statement - startDate = "(//td[text()='" + data + "'])[1]": null

2018-06-05 12:20:42 - [TEST_STEP][PASSED] - Statement - println(startDate): null

2018-06-05 12:20:42 - [TEST_STEP][PASSED] - Statement - startdateEle = driver.findElement(org.openqa.selenium.By.xpath(startDate)): null

2018-06-05 12:20:42 - [TEST_STEP][PASSED] - Statement - startdateEle.click(): null

2018-06-05 12:20:42 - [TEST_STEP][PASSED] - delay: Delayed 10 second(s)

2018-06-05 12:20:52 - [MESSAGE][PASSED] - Delayed 10 second(s)

2018-06-05 12:20:52 - [TEST_STEP][PASSED] - click: Object: 'Object Repository/ReportsPage/toDateSelector' is clicked on

2018-06-05 12:20:52 - [MESSAGE][PASSED] - Object: 'Object Repository/ReportsPage/toDateSelector' is clicked on

2018-06-05 12:20:52 - [TEST_STEP][PASSED] - Statement - monthText = com.kms.katalon.core.webui.keyword.WebUiBuiltInKeywords.getText(com.kms.katalon.core.testobject.ObjectRepository.findTestObject(ReportsPage/monthText2)): Text of object 'Object Repository/ReportsPage/monthText2' is: 'June 2018'

2018-06-05 12:20:52 - [MESSAGE][PASSED] - Text of object 'Object Repository/ReportsPage/monthText2' is: 'June 2018'

2018-06-05 12:20:52 - [TEST_STEP][PASSED] - Statement - monthTextArray = monthText.split(" "): null

2018-06-05 12:20:52 - [TEST_STEP][PASSED] - Statement - month = monthTextArray[0]: null

2018-06-05 12:20:52 - [TEST_STEP][PASSED] - Statement - monthTextValue1 = CustomKeywords.projectSpecific.Reusability.getTestData("ReportsPage", "Month_april"): projectSpecific.Reusability.getTestData is PASSED

2018-06-05 12:20:52 - [MESSAGE][PASSED] - projectSpecific.Reusability.getTestData is PASSED

2018-06-05 12:20:52 - [TEST_STEP][PASSED] - Statement - If (!(monthTextValue1.equals(month))): null

2018-06-05 12:20:52 - [TEST_STEP][PASSED] - Statement - While (!(monthTextValue1.equals(month))): null

2018-06-05 12:20:52 - [TEST_STEP][PASSED] - click: Object: 'Object Repository/ReportsPage/previousDateSelector2' is clicked on

2018-06-05 12:20:52 - [MESSAGE][PASSED] - Object: 'Object Repository/ReportsPage/previousDateSelector2' is clicked on

2018-06-05 12:20:52 - [TEST_STEP][PASSED] - Statement - monthText = com.kms.katalon.core.webui.keyword.WebUiBuiltInKeywords.getText(com.kms.katalon.core.testobject.ObjectRepository.findTestObject(ReportsPage/monthText2)): Text of object 'Object Repository/ReportsPage/monthText2' is: 'May 2018'

2018-06-05 12:20:53 - [MESSAGE][PASSED] - Text of object 'Object Repository/ReportsPage/monthText2' is: 'May 2018'

2018-06-05 12:20:53 - [TEST_STEP][PASSED] - Statement - monthTextArray = monthText.split(" "): null

2018-06-05 12:20:53 - [TEST_STEP][PASSED] - Statement - month = monthTextArray[0]: null

2018-06-05 12:20:53 - [TEST_STEP][PASSED] - click: Object: 'Object Repository/ReportsPage/previousDateSelector2' is clicked on

2018-06-05 12:20:53 - [MESSAGE][PASSED] - Object: 'Object Repository/ReportsPage/previousDateSelector2' is clicked on

2018-06-05 12:20:53 - [TEST_STEP][PASSED] - Statement - monthText = com.kms.katalon.core.webui.keyword.WebUiBuiltInKeywords.getText(com.kms.katalon.core.testobject.ObjectRepository.findTestObject(ReportsPage/monthText2)): Text of object 'Object Repository/ReportsPage/monthText2' is: 'April 2018'

2018-06-05 12:20:53 - [MESSAGE][PASSED] - Text of object 'Object Repository/ReportsPage/monthText2' is: 'April 2018'

2018-06-05 12:20:53 - [TEST_STEP][PASSED] - Statement - monthTextArray = monthText.split(" "): null

2018-06-05 12:20:53 - [TEST_STEP][PASSED] - Statement - month = monthTextArray[0]: null

2018-06-05 12:20:53 - [TEST_STEP][PASSED] - Statement - endDate = CustomKeywords.projectSpecific.Reusability.getTestData("ReportsPage", "EndDate7"): projectSpecific.Reusability.getTestData is PASSED

2018-06-05 12:20:53 - [MESSAGE][PASSED] - projectSpecific.Reusability.getTestData is PASSED

2018-06-05 12:20:53 - [TEST_STEP][PASSED] - Statement - toDate = "(//div[@class='rdt date-time rdtOpen']/div[@class='rdtPicker']/div/table/tbody/tr/td[text()='" + endDate + "'])[1]": null

2018-06-05 12:20:53 - [TEST_STEP][PASSED] - Statement - println(toDate): null

2018-06-05 12:20:53 - [TEST_STEP][PASSED] - Statement - toDateEle = driver.findElement(org.openqa.selenium.By.xpath(toDate)): null

2018-06-05 12:20:53 - [TEST_STEP][PASSED] - Statement - toDateEle.click(): null

2018-06-05 12:20:53 - [TEST_STEP][PASSED] - delay: Delayed 5 second(s)

2018-06-05 12:20:58 - [MESSAGE][PASSED] - Delayed 5 second(s)

2018-06-05 12:20:58 - [TEST_STEP][PASSED] - Statement - dateAttr = com.kms.katalon.core.webui.keyword.WebUiBuiltInKeywords.getAttribute(com.kms.katalon.core.testobject.ObjectRepository.findTestObject(ReportsPage/selectedDate1), "value"): Attribute 'value' of object 'Object Repository/ReportsPage/selectedDate1' is: '01/01/2018'

2018-06-05 12:20:58 - [MESSAGE][PASSED] - Attribute 'value' of object 'Object Repository/ReportsPage/selectedDate1' is: '01/01/2018'

2018-06-05 12:20:58 - [TEST_STEP][PASSED] - Statement - fromDateValue = CustomKeywords.projectSpecific.Reusability.getTestData("ReportsPage", "fromDate_January1"): projectSpecific.Reusability.getTestData is PASSED

2018-06-05 12:20:58 - [MESSAGE][PASSED] - projectSpecific.Reusability.getTestData is PASSED

2018-06-05 12:20:58 - [TEST_STEP][PASSED] - Statement - If (!(dateAttr.equals(fromDateValue))): null

2018-06-05 12:20:58 - [TEST_STEP][PASSED] - Statement - dateAttr = com.kms.katalon.core.webui.keyword.WebUiBuiltInKeywords.getAttribute(com.kms.katalon.core.testobject.ObjectRepository.findTestObject(ReportsPage/selectedDate2), "value"): Attribute 'value' of object 'Object Repository/ReportsPage/selectedDate2' is: '04/02/2018'

2018-06-05 12:20:58 - [MESSAGE][PASSED] - Attribute 'value' of object 'Object Repository/ReportsPage/selectedDate2' is: '04/02/2018'

2018-06-05 12:20:58 - [TEST_STEP][PASSED] - Statement - toDateValue = CustomKeywords.projectSpecific.Reusability.getTestData("ReportsPage", "toDate8"): projectSpecific.Reusability.getTestData is PASSED

2018-06-05 12:20:58 - [MESSAGE][PASSED] - projectSpecific.Reusability.getTestData is PASSED

2018-06-05 12:20:58 - [TEST_STEP][PASSED] - Statement - If (!(dateAttr.equals(toDateValue))): null

2018-06-05 12:20:58 - [TEST_STEP][PASSED] - verifyElementText: Actual text and expected text of test object 'Object Repository/ReportsPage/includeText' are matched.

2018-06-05 12:20:58 - [MESSAGE][PASSED] - projectSpecific.Reusability.getTestData is PASSED

2018-06-05 12:20:58 - [MESSAGE][PASSED] - Actual text and expected text of test object 'Object Repository/ReportsPage/includeText' are matched.

2018-06-05 12:20:58 - [TEST_STEP][PASSED] - verifyElementText: Actual text and expected text of test object 'Object Repository/ReportsPage/formatText' are matched.

2018-06-05 12:20:58 - [MESSAGE][PASSED] - projectSpecific.Reusability.getTestData is PASSED

2018-06-05 12:20:58 - [MESSAGE][PASSED] - Actual text and expected text of test object 'Object Repository/ReportsPage/formatText' are matched.

2018-06-05 12:20:58 - [TEST_STEP][PASSED] - uiaction.CommonUIActions.click: uiaction.CommonUIActions.click is PASSED

2018-06-05 12:20:58 - [MESSAGE][PASSED] - uiaction.CommonUIActions.click is PASSED

2018-06-05 12:20:58 - [TEST_STEP][PASSED] - uiaction.CommonUIActions.click: uiaction.CommonUIActions.click is PASSED

2018-06-05 12:20:58 - [MESSAGE][PASSED] - uiaction.CommonUIActions.click is PASSED

2018-06-05 12:20:58 - [TEST_STEP][PASSED] - delay: Delayed 5 second(s)

2018-06-05 12:21:03 - [MESSAGE][PASSED] - Delayed 5 second(s)

2018-06-05 12:21:03 - [TEST_STEP][PASSED] - uiaction.CommonUIActions.click: uiaction.CommonUIActions.click is PASSED

2018-06-05 12:21:03 - [MESSAGE][PASSED] - uiaction.CommonUIActions.click is PASSED

2018-06-05 12:21:03 - [TEST_STEP][PASSED] - Statement - opencheckbox = CustomKeywords.uiaction.CommonUIActions.isEnabled(com.kms.katalon.core.testobject.ObjectRepository.findTestObject(ReportsPage/Report_opencheckbox)): uiaction.CommonUIActions.isEnabled is PASSED

2018-06-05 12:21:03 - [MESSAGE][PASSED] - uiaction.CommonUIActions.isEnabled is PASSED

2018-06-05 12:21:03 - [TEST_STEP][PASSED] - Statement - If (!(opencheckbox)): null

2018-06-05 12:21:03 - [TEST_STEP][PASSED] - Statement - out.println("Open checkbox is checked by default"): null

2018-06-05 12:21:03 - [TEST_STEP][PASSED] - Statement - closecheckbox = CustomKeywords.uiaction.CommonUIActions.isEnabled(com.kms.katalon.core.testobject.ObjectRepository.findTestObject(ReportsPage/Report_closecheckbox)): uiaction.CommonUIActions.isEnabled is PASSED

2018-06-05 12:21:03 - [MESSAGE][PASSED] - uiaction.CommonUIActions.isEnabled is PASSED

2018-06-05 12:21:03 - [TEST_STEP][PASSED] - Statement - If (!(closecheckbox)): null

2018-06-05 12:21:03 - [TEST_STEP][PASSED] - Statement - out.println("Close checkbox is checked by default"): null

2018-06-05 12:21:03 - [TEST_STEP][PASSED] - uiaction.CommonUIActions.click: uiaction.CommonUIActions.click is PASSED

2018-06-05 12:21:03 - [MESSAGE][PASSED] - uiaction.CommonUIActions.click is PASSED

2018-06-05 12:21:03 - [TEST_STEP][PASSED] - uiaction.CommonUIActions.click: uiaction.CommonUIActions.click is PASSED

2018-06-05 12:21:03 - [MESSAGE][PASSED] - uiaction.CommonUIActions.click is PASSED

2018-06-05 12:21:03 - [TEST_STEP][PASSED] - verifyElementPresent: Object 'Object Repository/ReportsPage/advancedoption_am' is present

2018-06-05 12:21:03 - [MESSAGE][PASSED] - Object 'Object Repository/ReportsPage/advancedoption_am' is present

2018-06-05 12:21:03 - [TEST_STEP][PASSED] - verifyElementPresent: Object 'Object Repository/ReportsPage/advanceoptions_pm' is present

2018-06-05 12:21:03 - [MESSAGE][PASSED] - Object 'Object Repository/ReportsPage/advanceoptions_pm' is present

2018-06-05 12:21:03 - [TEST_STEP][PASSED] - Statement - open_am = CustomKeywords.uiaction.CommonUIActions.isEnabled(com.kms.katalon.core.testobject.ObjectRepository.findTestObject(ReportsPage/advancedoption_am)): uiaction.CommonUIActions.isEnabled is PASSED

2018-06-05 12:21:03 - [MESSAGE][PASSED] - uiaction.CommonUIActions.isEnabled is PASSED

2018-06-05 12:21:03 - [TEST_STEP][PASSED] - Statement - If (open_am): null

2018-06-05 12:21:03 - [TEST_STEP][PASSED] - Statement - out.println("AM Drop down boxes  enabled"): null

2018-06-05 12:21:03 - [TEST_STEP][PASSED] - Statement - open_pm = CustomKeywords.uiaction.CommonUIActions.isEnabled(com.kms.katalon.core.testobject.ObjectRepository.findTestObject(ReportsPage/advanceoptions_pm)): uiaction.CommonUIActions.isEnabled is PASSED

2018-06-05 12:21:03 - [MESSAGE][PASSED] - uiaction.CommonUIActions.isEnabled is PASSED

2018-06-05 12:21:03 - [TEST_STEP][PASSED] - Statement - If (open_pm): null

2018-06-05 12:21:03 - [TEST_STEP][PASSED] - Statement - out.println("PM Drop down boxes  enabled"): null

2018-06-05 12:21:03 - [TEST_STEP][PASSED] - delay: Delayed 10 second(s)

2018-06-05 12:21:13 - [MESSAGE][PASSED] - Delayed 10 second(s)

2018-06-05 12:21:13 - [TEST_STEP][PASSED] - uiaction.CommonUIActions.click: uiaction.CommonUIActions.click is PASSED

2018-06-05 12:21:14 - [MESSAGE][PASSED] - uiaction.CommonUIActions.click is PASSED

2018-06-05 12:21:14 - [TEST_STEP][PASSED] - uiaction.CommonUIActions.enter: uiaction.CommonUIActions.enter is PASSED

2018-06-05 12:21:14 - [MESSAGE][PASSED] - uiaction.CommonUIActions.enter is PASSED

2018-06-05 12:21:14 - [TEST_STEP][PASSED] - uiaction.CommonUIActions.click: uiaction.CommonUIActions.click is PASSED

2018-06-05 12:21:14 - [MESSAGE][PASSED] - uiaction.CommonUIActions.click is PASSED

2018-06-05 12:21:14 - [TEST_STEP][PASSED] - delay: Delayed 10 second(s)

2018-06-05 12:21:24 - [MESSAGE][PASSED] - Delayed 10 second(s)

2018-06-05 12:21:24 - [TEST_STEP][PASSED] - uiaction.CommonUIActions.click: uiaction.CommonUIActions.click is PASSED

2018-06-05 12:21:24 - [MESSAGE][PASSED] - uiaction.CommonUIActions.click is PASSED

2018-06-05 12:21:24 - [TEST_STEP][PASSED] - uiaction.CommonUIActions.click: uiaction.CommonUIActions.click is PASSED

2018-06-05 12:21:24 - [MESSAGE][PASSED] - uiaction.CommonUIActions.click is PASSED

2018-06-05 12:21:24 - [TEST_STEP][PASSED] - verifyElementPresent: Object 'Object Repository/ReportsPage/advancedoption_am' is present

2018-06-05 12:21:24 - [MESSAGE][PASSED] - Object 'Object Repository/ReportsPage/advancedoption_am' is present

2018-06-05 12:21:24 - [TEST_STEP][PASSED] - verifyElementPresent: Object 'Object Repository/ReportsPage/advanceoptions_pm' is present

2018-06-05 12:21:24 - [MESSAGE][PASSED] - Object 'Object Repository/ReportsPage/advanceoptions_pm' is present

2018-06-05 12:21:24 - [TEST_STEP][PASSED] - Statement - close_am = CustomKeywords.uiaction.CommonUIActions.isEnabled(com.kms.katalon.core.testobject.ObjectRepository.findTestObject(ReportsPage/advancedoption_am)): uiaction.CommonUIActions.isEnabled is PASSED

2018-06-05 12:21:24 - [MESSAGE][PASSED] - uiaction.CommonUIActions.isEnabled is PASSED

2018-06-05 12:21:24 - [TEST_STEP][PASSED] - Statement - If (close_am): null

2018-06-05 12:21:24 - [TEST_STEP][PASSED] - Statement - out.println("AM Drop down boxes  enabled"): null

2018-06-05 12:21:24 - [TEST_STEP][PASSED] - Statement - close_pm = CustomKeywords.uiaction.CommonUIActions.isEnabled(com.kms.katalon.core.testobject.ObjectRepository.findTestObject(ReportsPage/advanceoptions_pm)): uiaction.CommonUIActions.isEnabled is PASSED

2018-06-05 12:21:24 - [MESSAGE][PASSED] - uiaction.CommonUIActions.isEnabled is PASSED

2018-06-05 12:21:24 - [TEST_STEP][PASSED] - Statement - If (close_pm): null

2018-06-05 12:21:24 - [TEST_STEP][PASSED] - Statement - out.println("PM Drop down boxes  enabled"): null

2018-06-05 12:21:24 - [TEST_STEP][PASSED] - delay: Delayed 10 second(s)

2018-06-05 12:21:34 - [MESSAGE][PASSED] - Delayed 10 second(s)

2018-06-05 12:21:34 - [TEST_STEP][PASSED] - uiaction.CommonUIActions.click: uiaction.CommonUIActions.click is PASSED

2018-06-05 12:21:34 - [MESSAGE][PASSED] - uiaction.CommonUIActions.click is PASSED

2018-06-05 12:21:34 - [TEST_STEP][PASSED] - uiaction.CommonUIActions.enter: uiaction.CommonUIActions.enter is PASSED

2018-06-05 12:21:34 - [MESSAGE][PASSED] - uiaction.CommonUIActions.enter is PASSED

2018-06-05 12:21:34 - [TEST_STEP][PASSED] - uiaction.CommonUIActions.click: uiaction.CommonUIActions.click is PASSED

2018-06-05 12:21:34 - [MESSAGE][PASSED] - uiaction.CommonUIActions.click is PASSED

2018-06-05 12:21:34 - [TEST_STEP][PASSED] - delay: Delayed 10 second(s)

2018-06-05 12:21:44 - [MESSAGE][PASSED] - Delayed 10 second(s)

2018-06-05 12:21:44 - [TEST_STEP][PASSED] - uiaction.CommonUIActions.click: uiaction.CommonUIActions.click is PASSED

2018-06-05 12:21:44 - [MESSAGE][PASSED] - uiaction.CommonUIActions.click is PASSED

2018-06-05 12:21:44 - [TEST_STEP][PASSED] - uiaction.CommonUIActions.click: uiaction.CommonUIActions.click is PASSED

2018-06-05 12:21:44 - [MESSAGE][PASSED] - uiaction.CommonUIActions.click is PASSED

2018-06-05 12:21:44 - [TEST_STEP][PASSED] - click: Object: 'Object Repository/ReportsPage/generateReport' is clicked on

2018-06-05 12:21:45 - [MESSAGE][PASSED] - Object: 'Object Repository/ReportsPage/generateReport' is clicked on

2018-06-05 12:21:45 - [TEST_STEP][PASSED] - delay: Delayed 15 second(s)

2018-06-05 12:22:00 - [MESSAGE][PASSED] - Delayed 15 second(s)

2018-06-05 12:22:00 - [TEST_STEP][PASSED] - Statement - errMessage = CustomKeywords.uiaction.CommonUIActions.getText(com.kms.katalon.core.testobject.ObjectRepository.findTestObject(ReportsPage/report_failure_alertmsg)): uiaction.CommonUIActions.getText is PASSED

2018-06-05 12:22:20 - [MESSAGE][PASSED] - uiaction.CommonUIActions.getText is PASSED

2018-06-05 12:22:20 - [TEST_STEP][PASSED] - Statement - errMsgText = CustomKeywords.projectSpecific.Reusability.getTestData("ReportsPage", "DateErrorMsg"): projectSpecific.Reusability.getTestData is PASSED

2018-06-05 12:22:20 - [MESSAGE][PASSED] - projectSpecific.Reusability.getTestData is PASSED

2018-06-05 12:22:20 - [TEST_STEP][FAILED] - verifyMatch: Unable to verify match between actual text 'Web element with id: 'Object Repository/ReportsPage/report_failure_alertmsg' located by 'By.xpath: //div//ul//li[contains(text(),'Date range invalid')]' not found' and expected text 'Date range invalid. For Week Reports select any 2 month period.' (Root cause: Actual text 'Web element with id: 'Object Repository/ReportsPage/report_failure_alertmsg' located by 'By.xpath: //div//ul//li[contains(text(),'Date range invalid')]' not found' and expected text 'Date range invalid. For Week Reports select any 2 month period.' are not matched)

2018-06-05 12:22:20 - [MESSAGE][FAILED] - Unable to verify match between actual text 'Web element with id: 'Object Repository/ReportsPage/report_failure_alertmsg' located by 'By.xpath: //div//ul//li[contains(text(),'Date range invalid')]' not found' and expected text 'Date range invalid. For Week Reports select any 2 month period.' (Root cause: Actual text 'Web element with id: 'Object Repository/ReportsPage/report_failure_alertmsg' located by 'By.xpath: //div//ul//li[contains(text(),'Date range invalid')]' not found' and expected text 'Date range invalid. For Week Reports select any 2 month period.' are not matched)

2018-06-05 12:22:20 - [TEST_STEP][PASSED] - Statement - If (errMessage == errMsgText): null

2018-06-05 12:22:20 - [TEST_STEP][PASSED] - Statement - Else: null

2018-06-05 12:22:20 - [TEST_STEP][PASSED] - Statement - If (TCflag): null

2018-06-05 12:22:20 - [TEST_STEP][PASSED] - Statement - out.println("Error Msg is not verified"): null

2018-06-05 12:22:20 - [TEST_STEP][PASSED] - delay: Delayed 10 second(s)

2018-06-05 12:22:30 - [MESSAGE][PASSED] - Delayed 10 second(s)

2018-06-05 12:22:30 - [TEST_STEP][PASSED] - uiaction.CommonUIActions.click: uiaction.CommonUIActions.click is PASSED

2018-06-05 12:22:54 - [MESSAGE][PASSED] - uiaction.CommonUIActions.click is PASSED

2018-06-05 12:22:54 - [TEST_STEP][PASSED] - delay: Delayed 10 second(s)

2018-06-05 12:23:04 - [MESSAGE][PASSED] - Delayed 10 second(s)

2018-06-05 12:23:04 - [TEST_STEP][PASSED] - uiaction.CommonUIActions.click: uiaction.CommonUIActions.click is PASSED

2018-06-05 12:23:05 - [MESSAGE][PASSED] - uiaction.CommonUIActions.click is PASSED

2018-06-05 12:23:05 - [TEST_STEP][PASSED] - delay: Delayed 10 second(s)

2018-06-05 12:23:15 - [MESSAGE][PASSED] - Delayed 10 second(s)

2018-06-05 12:23:15 - [TEST_STEP][PASSED] - uiaction.CommonUIActions.click: uiaction.CommonUIActions.click is PASSED

2018-06-05 12:23:15 - [MESSAGE][PASSED] - uiaction.CommonUIActions.click is PASSED

2018-06-05 12:23:15 - [TEST_STEP][PASSED] - delay: Delayed 10 second(s)

2018-06-05 12:23:25 - [MESSAGE][PASSED] - Delayed 10 second(s)

2018-06-05 12:23:25 - [TEST_STEP][PASSED] - Statement - groupLink = "//span[text()='" + grpName + "']": null

2018-06-05 12:23:25 - [TEST_STEP][PASSED] - Statement - driver.findElement(org.openqa.selenium.By.xpath(groupLink)).click(): null

2018-06-05 12:23:25 - [TEST_STEP][PASSED] - delay: Delayed 10 second(s)

2018-06-05 12:23:35 - [MESSAGE][PASSED] - Delayed 10 second(s)

2018-06-05 12:23:35 - [TEST_STEP][PASSED] - uiaction.CommonUIActions.click: uiaction.CommonUIActions.click is PASSED

2018-06-05 12:23:35 - [MESSAGE][PASSED] - uiaction.CommonUIActions.click is PASSED

2018-06-05 12:23:35 - [TEST_STEP][PASSED] - delay: Delayed 10 second(s)

2018-06-05 12:23:45 - [MESSAGE][PASSED] - Delayed 10 second(s)

2018-06-05 12:23:45 - [TEST_STEP][PASSED] - uiaction.CommonUIActions.click: uiaction.CommonUIActions.click is PASSED

2018-06-05 12:23:45 - [MESSAGE][PASSED] - uiaction.CommonUIActions.click is PASSED

2018-06-05 12:23:45 - [TEST_STEP][PASSED] - delay: Delayed 10 second(s)

2018-06-05 12:23:55 - [MESSAGE][PASSED] - Delayed 10 second(s)

2018-06-05 12:23:55 - [TEST_STEP][PASSED] - uiaction.CommonUIActions.click: uiaction.CommonUIActions.click is PASSED

2018-06-05 12:24:07 - [MESSAGE][PASSED] - uiaction.CommonUIActions.click is PASSED

2018-06-05 12:24:07 - [TEST_STEP][PASSED] - Statement - assert TCflag == true: null

2018-06-05 12:24:07 - [TEST_STEP][PASSED] - Start listener action : sampleAfterTestCase: Browser is closed

2018-06-05 12:24:07 - [TEST_STEP][PASSED] - Statement - println(testCaseContext.getTestCaseId()): null

2018-06-05 12:24:07 - [TEST_STEP][PASSED] - Statement - println(testCaseContext.getTestCaseStatus()): null

2018-06-05 12:24:07 - [TEST_STEP][PASSED] - closeBrowser: Browser is closed

2018-06-05 12:24:07 - [MESSAGE][PASSED] - Browser is closed]]></system-out>
         <system-err><![CDATA[2018-06-05 12:18:10 - [TEST_CASE][FAILED] - Test Cases/SummaryReportsTC/HME-Summary Report-16: Test Cases/SummaryReportsTC/HME-Summary Report-16 FAILED because (of) Unable to verify match between actual text 'Web element with id: 'Object Repository/ReportsPage/report_failure_alertmsg' located by 'By.xpath: //div//ul//li[contains(text(),'Date range invalid')]' not found' and expected text 'Date range invalid. For Week Reports select any 2 month period.' (Root cause: Actual text 'Web element with id: 'Object Repository/ReportsPage/report_failure_alertmsg' located by 'By.xpath: //div//ul//li[contains(text(),'Date range invalid')]' not found' and expected text 'Date range invalid. For Week Reports select any 2 month period.' are not matched)]]></system-err>
      </testcase>
      <system-out><![CDATA[2018-06-05 12:01:33 - [TEST_SUITE][FAILED] - RegressionSuite: Test Cases/SummaryReportsTC/HME-Summary Report-16 FAILED because (of) Unable to verify match between actual text 'Web element with id: 'Object Repository/ReportsPage/report_failure_alertmsg' located by 'By.xpath: //div//ul//li[contains(text(),'Date range invalid')]' not found' and expected text 'Date range invalid. For Week Reports select any 2 month period.' (Root cause: Actual text 'Web element with id: 'Object Repository/ReportsPage/report_failure_alertmsg' located by 'By.xpath: //div//ul//li[contains(text(),'Date range invalid')]' not found' and expected text 'Date range invalid. For Week Reports select any 2 month period.' are not matched)]]></system-out>
      <system-err><![CDATA[2018-06-05 12:01:33 - [TEST_SUITE][FAILED] - RegressionSuite: Test Cases/SummaryReportsTC/HME-Summary Report-16 FAILED because (of) Unable to verify match between actual text 'Web element with id: 'Object Repository/ReportsPage/report_failure_alertmsg' located by 'By.xpath: //div//ul//li[contains(text(),'Date range invalid')]' not found' and expected text 'Date range invalid. For Week Reports select any 2 month period.' (Root cause: Actual text 'Web element with id: 'Object Repository/ReportsPage/report_failure_alertmsg' located by 'By.xpath: //div//ul//li[contains(text(),'Date range invalid')]' not found' and expected text 'Date range invalid. For Week Reports select any 2 month period.' are not matched)]]></system-err>
   </testsuite>
</testsuites>
